[0.024s] Invoking command in '/home/fra/ros2_master_ws/build/custom_robot_moveit_config': CMAKE_PREFIX_PATH=/home/fra/ros2_master_ws/install/cobot_description:/home/fra/ros2_master_ws/install/ind_environment:/home/fra/ros2_master_ws/install/cobot_gazebo:/home/fra/ros2_master_ws/install/cobot_camera_moveit_config:/opt/ros/humble /usr/bin/cmake /home/fra/ros2_master_ws/src/custom_robot_moveit_config -DCMAKE_INSTALL_PREFIX=/home/fra/ros2_master_ws/install/custom_robot_moveit_config
[0.092s] -- The C compiler identification is GNU 11.4.0
[0.159s] -- The CXX compiler identification is GNU 11.4.0
[0.165s] -- Detecting C compiler ABI info
[0.222s] -- Detecting C compiler ABI info - done
[0.229s] -- Check for working C compiler: /usr/bin/cc - skipped
[0.229s] -- Detecting C compile features
[0.230s] -- Detecting C compile features - done
[0.233s] -- Detecting CXX compiler ABI info
[0.297s] -- Detecting CXX compiler ABI info - done
[0.305s] -- Check for working CXX compiler: /usr/bin/c++ - skipped
[0.305s] -- Detecting CXX compile features
[0.305s] -- Detecting CXX compile features - done
[0.308s] -- Found ament_cmake: 1.3.11 (/opt/ros/humble/share/ament_cmake/cmake)
[0.625s] -- Found Python3: /usr/bin/python3 (found version "3.10.12") found components: Interpreter 
[0.788s] -- Configuring done
[0.790s] -- Generating done
[0.792s] -- Build files have been written to: /home/fra/ros2_master_ws/build/custom_robot_moveit_config
[0.795s] Invoked command in '/home/fra/ros2_master_ws/build/custom_robot_moveit_config' returned '0': CMAKE_PREFIX_PATH=/home/fra/ros2_master_ws/install/cobot_description:/home/fra/ros2_master_ws/install/ind_environment:/home/fra/ros2_master_ws/install/cobot_gazebo:/home/fra/ros2_master_ws/install/cobot_camera_moveit_config:/opt/ros/humble /usr/bin/cmake /home/fra/ros2_master_ws/src/custom_robot_moveit_config -DCMAKE_INSTALL_PREFIX=/home/fra/ros2_master_ws/install/custom_robot_moveit_config
[0.796s] Invoking command in '/home/fra/ros2_master_ws/build/custom_robot_moveit_config': CMAKE_PREFIX_PATH=/home/fra/ros2_master_ws/install/cobot_description:/home/fra/ros2_master_ws/install/ind_environment:/home/fra/ros2_master_ws/install/cobot_gazebo:/home/fra/ros2_master_ws/install/cobot_camera_moveit_config:/opt/ros/humble /usr/bin/cmake --build /home/fra/ros2_master_ws/build/custom_robot_moveit_config -- -j12 -l12
[0.824s] Invoked command in '/home/fra/ros2_master_ws/build/custom_robot_moveit_config' returned '0': CMAKE_PREFIX_PATH=/home/fra/ros2_master_ws/install/cobot_description:/home/fra/ros2_master_ws/install/ind_environment:/home/fra/ros2_master_ws/install/cobot_gazebo:/home/fra/ros2_master_ws/install/cobot_camera_moveit_config:/opt/ros/humble /usr/bin/cmake --build /home/fra/ros2_master_ws/build/custom_robot_moveit_config -- -j12 -l12
[0.825s] Invoking command in '/home/fra/ros2_master_ws/build/custom_robot_moveit_config': CMAKE_PREFIX_PATH=/home/fra/ros2_master_ws/install/cobot_description:/home/fra/ros2_master_ws/install/ind_environment:/home/fra/ros2_master_ws/install/cobot_gazebo:/home/fra/ros2_master_ws/install/cobot_camera_moveit_config:/opt/ros/humble /usr/bin/cmake --install /home/fra/ros2_master_ws/build/custom_robot_moveit_config
[0.831s] -- Install configuration: ""
[0.831s] -- Installing: /home/fra/ros2_master_ws/install/custom_robot_moveit_config/share/ament_index/resource_index/package_run_dependencies/custom_robot_moveit_config
[0.832s] -- Installing: /home/fra/ros2_master_ws/install/custom_robot_moveit_config/share/ament_index/resource_index/parent_prefix_path/custom_robot_moveit_config
[0.832s] -- Installing: /home/fra/ros2_master_ws/install/custom_robot_moveit_config/share/custom_robot_moveit_config/environment/ament_prefix_path.sh
[0.832s] -- Installing: /home/fra/ros2_master_ws/install/custom_robot_moveit_config/share/custom_robot_moveit_config/environment/ament_prefix_path.dsv
[0.832s] -- Installing: /home/fra/ros2_master_ws/install/custom_robot_moveit_config/share/custom_robot_moveit_config/environment/path.sh
[0.832s] -- Installing: /home/fra/ros2_master_ws/install/custom_robot_moveit_config/share/custom_robot_moveit_config/environment/path.dsv
[0.832s] -- Installing: /home/fra/ros2_master_ws/install/custom_robot_moveit_config/share/custom_robot_moveit_config/local_setup.bash
[0.832s] -- Installing: /home/fra/ros2_master_ws/install/custom_robot_moveit_config/share/custom_robot_moveit_config/local_setup.sh
[0.832s] -- Installing: /home/fra/ros2_master_ws/install/custom_robot_moveit_config/share/custom_robot_moveit_config/local_setup.zsh
[0.832s] -- Installing: /home/fra/ros2_master_ws/install/custom_robot_moveit_config/share/custom_robot_moveit_config/local_setup.dsv
[0.832s] -- Installing: /home/fra/ros2_master_ws/install/custom_robot_moveit_config/share/custom_robot_moveit_config/package.dsv
[0.832s] -- Installing: /home/fra/ros2_master_ws/install/custom_robot_moveit_config/share/ament_index/resource_index/packages/custom_robot_moveit_config
[0.833s] -- Installing: /home/fra/ros2_master_ws/install/custom_robot_moveit_config/share/custom_robot_moveit_config/cmake/custom_robot_moveit_configConfig.cmake
[0.833s] -- Installing: /home/fra/ros2_master_ws/install/custom_robot_moveit_config/share/custom_robot_moveit_config/cmake/custom_robot_moveit_configConfig-version.cmake
[0.833s] -- Installing: /home/fra/ros2_master_ws/install/custom_robot_moveit_config/share/custom_robot_moveit_config/package.xml
[0.833s] -- Installing: /home/fra/ros2_master_ws/install/custom_robot_moveit_config/share/custom_robot_moveit_config/launch
[0.833s] -- Installing: /home/fra/ros2_master_ws/install/custom_robot_moveit_config/share/custom_robot_moveit_config/launch/demo.launch.py
[0.833s] -- Installing: /home/fra/ros2_master_ws/install/custom_robot_moveit_config/share/custom_robot_moveit_config/launch/warehouse_db.launch.py
[0.833s] -- Installing: /home/fra/ros2_master_ws/install/custom_robot_moveit_config/share/custom_robot_moveit_config/launch/rsp.launch.py
[0.833s] -- Installing: /home/fra/ros2_master_ws/install/custom_robot_moveit_config/share/custom_robot_moveit_config/launch/spawn_controllers.launch.py
[0.833s] -- Installing: /home/fra/ros2_master_ws/install/custom_robot_moveit_config/share/custom_robot_moveit_config/launch/setup_assistant.launch.py
[0.833s] -- Installing: /home/fra/ros2_master_ws/install/custom_robot_moveit_config/share/custom_robot_moveit_config/launch/moveit_rviz.launch.py
[0.833s] -- Installing: /home/fra/ros2_master_ws/install/custom_robot_moveit_config/share/custom_robot_moveit_config/launch/move_group.launch.py
[0.833s] -- Installing: /home/fra/ros2_master_ws/install/custom_robot_moveit_config/share/custom_robot_moveit_config/launch/static_virtual_joint_tfs.launch.py
[0.833s] -- Installing: /home/fra/ros2_master_ws/install/custom_robot_moveit_config/share/custom_robot_moveit_config/config
[0.834s] -- Installing: /home/fra/ros2_master_ws/install/custom_robot_moveit_config/share/custom_robot_moveit_config/config/initial_positions.yaml
[0.834s] -- Installing: /home/fra/ros2_master_ws/install/custom_robot_moveit_config/share/custom_robot_moveit_config/config/kinematics.yaml
[0.834s] -- Installing: /home/fra/ros2_master_ws/install/custom_robot_moveit_config/share/custom_robot_moveit_config/config/joint_limits.yaml
[0.834s] -- Installing: /home/fra/ros2_master_ws/install/custom_robot_moveit_config/share/custom_robot_moveit_config/config/custom_robot.urdf.xacro
[0.834s] -- Installing: /home/fra/ros2_master_ws/install/custom_robot_moveit_config/share/custom_robot_moveit_config/config/moveit_controllers.yaml
[0.834s] -- Installing: /home/fra/ros2_master_ws/install/custom_robot_moveit_config/share/custom_robot_moveit_config/config/pilz_cartesian_limits.yaml
[0.834s] -- Installing: /home/fra/ros2_master_ws/install/custom_robot_moveit_config/share/custom_robot_moveit_config/config/moveit.rviz
[0.834s] -- Installing: /home/fra/ros2_master_ws/install/custom_robot_moveit_config/share/custom_robot_moveit_config/config/custom_robot.ros2_control.xacro
[0.834s] -- Installing: /home/fra/ros2_master_ws/install/custom_robot_moveit_config/share/custom_robot_moveit_config/config/ros2_controllers.yaml
[0.834s] -- Installing: /home/fra/ros2_master_ws/install/custom_robot_moveit_config/share/custom_robot_moveit_config/config/custom_robot.srdf
[0.834s] -- Installing: /home/fra/ros2_master_ws/install/custom_robot_moveit_config/share/custom_robot_moveit_config/.setup_assistant
[0.836s] Invoked command in '/home/fra/ros2_master_ws/build/custom_robot_moveit_config' returned '0': CMAKE_PREFIX_PATH=/home/fra/ros2_master_ws/install/cobot_description:/home/fra/ros2_master_ws/install/ind_environment:/home/fra/ros2_master_ws/install/cobot_gazebo:/home/fra/ros2_master_ws/install/cobot_camera_moveit_config:/opt/ros/humble /usr/bin/cmake --install /home/fra/ros2_master_ws/build/custom_robot_moveit_config
