[0.010s] Invoking command in '/home/fra/ros2_master_ws/build/ros2_linkattacher': CMAKE_PREFIX_PATH=/home/fra/ros2_master_ws/install/linkattacher_msgs:/home/fra/ros2_master_ws/install/custom_robot_ik:/home/fra/ros2_master_ws/install/ros2_linkattacher:/home/fra/ros2_master_ws/install/ind_environment:/home/fra/ros2_master_ws/install/custom_robot_moveit_config:/home/fra/ros2_master_ws/install/cobot_gazebo:/home/fra/ros2_master_ws/install/cobot_description:/opt/ros/humble LD_LIBRARY_PATH=/home/fra/ros2_master_ws/install/linkattacher_msgs/lib:/home/fra/ros2_master_ws/install/ros2_linkattacher/lib:/usr/lib/x86_64-linux-gnu/gazebo-11/plugins:/opt/ros/humble/opt/rviz_ogre_vendor/lib:/opt/ros/humble/lib/x86_64-linux-gnu:/opt/ros/humble/lib /usr/bin/cmake --build /home/fra/ros2_master_ws/build/ros2_linkattacher -- -j12 -l12
[0.073s] [100%] Built target gazebo_link_attacher
[0.084s] Invoked command in '/home/fra/ros2_master_ws/build/ros2_linkattacher' returned '0': CMAKE_PREFIX_PATH=/home/fra/ros2_master_ws/install/linkattacher_msgs:/home/fra/ros2_master_ws/install/custom_robot_ik:/home/fra/ros2_master_ws/install/ros2_linkattacher:/home/fra/ros2_master_ws/install/ind_environment:/home/fra/ros2_master_ws/install/custom_robot_moveit_config:/home/fra/ros2_master_ws/install/cobot_gazebo:/home/fra/ros2_master_ws/install/cobot_description:/opt/ros/humble LD_LIBRARY_PATH=/home/fra/ros2_master_ws/install/linkattacher_msgs/lib:/home/fra/ros2_master_ws/install/ros2_linkattacher/lib:/usr/lib/x86_64-linux-gnu/gazebo-11/plugins:/opt/ros/humble/opt/rviz_ogre_vendor/lib:/opt/ros/humble/lib/x86_64-linux-gnu:/opt/ros/humble/lib /usr/bin/cmake --build /home/fra/ros2_master_ws/build/ros2_linkattacher -- -j12 -l12
[0.085s] Invoking command in '/home/fra/ros2_master_ws/build/ros2_linkattacher': CMAKE_PREFIX_PATH=/home/fra/ros2_master_ws/install/linkattacher_msgs:/home/fra/ros2_master_ws/install/custom_robot_ik:/home/fra/ros2_master_ws/install/ros2_linkattacher:/home/fra/ros2_master_ws/install/ind_environment:/home/fra/ros2_master_ws/install/custom_robot_moveit_config:/home/fra/ros2_master_ws/install/cobot_gazebo:/home/fra/ros2_master_ws/install/cobot_description:/opt/ros/humble LD_LIBRARY_PATH=/home/fra/ros2_master_ws/install/linkattacher_msgs/lib:/home/fra/ros2_master_ws/install/ros2_linkattacher/lib:/usr/lib/x86_64-linux-gnu/gazebo-11/plugins:/opt/ros/humble/opt/rviz_ogre_vendor/lib:/opt/ros/humble/lib/x86_64-linux-gnu:/opt/ros/humble/lib /usr/bin/cmake --install /home/fra/ros2_master_ws/build/ros2_linkattacher
[0.093s] -- Install configuration: ""
[0.093s] -- Up-to-date: /home/fra/ros2_master_ws/install/ros2_linkattacher/share/ros2_linkattacher/environment/library_path.sh
[0.093s] -- Up-to-date: /home/fra/ros2_master_ws/install/ros2_linkattacher/share/ros2_linkattacher/environment/library_path.dsv
[0.093s] -- Up-to-date: /home/fra/ros2_master_ws/install/ros2_linkattacher/lib/libgazebo_link_attacher.so
[0.093s] -- Up-to-date: /home/fra/ros2_master_ws/install/ros2_linkattacher/share/ament_index/resource_index/package_run_dependencies/ros2_linkattacher
[0.093s] -- Up-to-date: /home/fra/ros2_master_ws/install/ros2_linkattacher/share/ament_index/resource_index/parent_prefix_path/ros2_linkattacher
[0.093s] -- Up-to-date: /home/fra/ros2_master_ws/install/ros2_linkattacher/share/ros2_linkattacher/environment/ament_prefix_path.sh
[0.093s] -- Up-to-date: /home/fra/ros2_master_ws/install/ros2_linkattacher/share/ros2_linkattacher/environment/ament_prefix_path.dsv
[0.093s] -- Up-to-date: /home/fra/ros2_master_ws/install/ros2_linkattacher/share/ros2_linkattacher/environment/path.sh
[0.094s] -- Up-to-date: /home/fra/ros2_master_ws/install/ros2_linkattacher/share/ros2_linkattacher/environment/path.dsv
[0.094s] -- Up-to-date: /home/fra/ros2_master_ws/install/ros2_linkattacher/share/ros2_linkattacher/local_setup.bash
[0.094s] -- Up-to-date: /home/fra/ros2_master_ws/install/ros2_linkattacher/share/ros2_linkattacher/local_setup.sh
[0.094s] -- Up-to-date: /home/fra/ros2_master_ws/install/ros2_linkattacher/share/ros2_linkattacher/local_setup.zsh
[0.094s] -- Up-to-date: /home/fra/ros2_master_ws/install/ros2_linkattacher/share/ros2_linkattacher/local_setup.dsv
[0.094s] -- Installing: /home/fra/ros2_master_ws/install/ros2_linkattacher/share/ros2_linkattacher/package.dsv
[0.094s] -- Up-to-date: /home/fra/ros2_master_ws/install/ros2_linkattacher/share/ament_index/resource_index/packages/ros2_linkattacher
[0.094s] -- Up-to-date: /home/fra/ros2_master_ws/install/ros2_linkattacher/share/ros2_linkattacher/cmake/ament_cmake_export_libraries-extras.cmake
[0.094s] -- Up-to-date: /home/fra/ros2_master_ws/install/ros2_linkattacher/share/ros2_linkattacher/cmake/ros2_linkattacherConfig.cmake
[0.094s] -- Up-to-date: /home/fra/ros2_master_ws/install/ros2_linkattacher/share/ros2_linkattacher/cmake/ros2_linkattacherConfig-version.cmake
[0.094s] -- Up-to-date: /home/fra/ros2_master_ws/install/ros2_linkattacher/share/ros2_linkattacher/package.xml
[0.096s] Invoked command in '/home/fra/ros2_master_ws/build/ros2_linkattacher' returned '0': CMAKE_PREFIX_PATH=/home/fra/ros2_master_ws/install/linkattacher_msgs:/home/fra/ros2_master_ws/install/custom_robot_ik:/home/fra/ros2_master_ws/install/ros2_linkattacher:/home/fra/ros2_master_ws/install/ind_environment:/home/fra/ros2_master_ws/install/custom_robot_moveit_config:/home/fra/ros2_master_ws/install/cobot_gazebo:/home/fra/ros2_master_ws/install/cobot_description:/opt/ros/humble LD_LIBRARY_PATH=/home/fra/ros2_master_ws/install/linkattacher_msgs/lib:/home/fra/ros2_master_ws/install/ros2_linkattacher/lib:/usr/lib/x86_64-linux-gnu/gazebo-11/plugins:/opt/ros/humble/opt/rviz_ogre_vendor/lib:/opt/ros/humble/lib/x86_64-linux-gnu:/opt/ros/humble/lib /usr/bin/cmake --install /home/fra/ros2_master_ws/build/ros2_linkattacher
