[0.000000] (-) TimerEvent: {}
[0.000357] (cobot_description) JobQueued: {'identifier': 'cobot_description', 'dependencies': OrderedDict()}
[0.000385] (cobot_description) JobStarted: {'identifier': 'cobot_description'}
[0.007062] (cobot_description) JobProgress: {'identifier': 'cobot_description', 'progress': 'cmake'}
[0.008497] (cobot_description) JobProgress: {'identifier': 'cobot_description', 'progress': 'build'}
[0.008534] (cobot_description) Command: {'cmd': ['/usr/bin/cmake', '--build', '/home/fra/ros2_master_ws/build/cobot_description', '--', '-j12', '-l12'], 'cwd': '/home/fra/ros2_master_ws/build/cobot_description', 'env': OrderedDict([('LESSOPEN', '| /usr/bin/lesspipe %s'), ('USER', 'fra'), ('LC_TIME', 'de_CH.UTF-8'), ('XDG_SESSION_TYPE', 'x11'), ('SHLVL', '1'), ('LD_LIBRARY_PATH', '/usr/lib/x86_64-linux-gnu/gazebo-11/plugins:/opt/ros/humble/opt/rviz_ogre_vendor/lib:/opt/ros/humble/lib/x86_64-linux-gnu:/opt/ros/humble/lib'), ('HOME', '/home/fra'), ('OLDPWD', '/home/fra'), ('DESKTOP_SESSION', 'ubuntu'), ('ROS_PYTHON_VERSION', '3'), ('GNOME_SHELL_SESSION_MODE', 'ubuntu'), ('GTK_MODULES', 'gail:atk-bridge'), ('LC_MONETARY', 'de_CH.UTF-8'), ('SYSTEMD_EXEC_PID', '2082'), ('DBUS_SESSION_BUS_ADDRESS', 'unix:path=/run/user/1000/bus'), ('COLORTERM', 'truecolor'), ('COLCON_PREFIX_PATH', '/home/fra/ros2_master_ws/install'), ('ROS_DISTRO', 'humble'), ('GTK_IM_MODULE', 'ibus'), ('LOGNAME', 'fra'), ('_', '/usr/bin/colcon'), ('ROS_VERSION', '2'), ('XDG_SESSION_CLASS', 'user'), ('USERNAME', 'fra'), ('TERM', 'xterm-256color'), ('GNOME_DESKTOP_SESSION_ID', 'this-is-deprecated'), ('ROS_LOCALHOST_ONLY', '0'), ('WINDOWPATH', '2'), ('PATH', '/opt/ros/humble/bin:/home/fra/.local/bin:/usr/local/sbin:/usr/local/bin:/usr/sbin:/usr/bin:/sbin:/bin:/usr/games:/usr/local/games:/snap/bin:/snap/bin'), ('SESSION_MANAGER', 'local/fra-Aspire-A715-75G:@/tmp/.ICE-unix/2028,unix/fra-Aspire-A715-75G:/tmp/.ICE-unix/2028'), ('XDG_MENU_PREFIX', 'gnome-'), ('LC_ADDRESS', 'de_CH.UTF-8'), ('GNOME_TERMINAL_SCREEN', '/org/gnome/Terminal/screen/c7c159df_24f9_476b_92ed_4464fb41cc20'), ('XDG_RUNTIME_DIR', '/run/user/1000'), ('DISPLAY', ':1'), ('LANG', 'en_US.UTF-8'), ('XDG_CURRENT_DESKTOP', 'ubuntu:GNOME'), ('LC_TELEPHONE', 'de_CH.UTF-8'), ('XMODIFIERS', '@im=ibus'), ('XDG_SESSION_DESKTOP', 'ubuntu'), ('XAUTHORITY', '/run/user/1000/gdm/Xauthority'), ('GNOME_TERMINAL_SERVICE', ':1.604'), ('SSH_AGENT_LAUNCHER', 'gnome-keyring'), ('SSH_AUTH_SOCK', '/run/user/1000/keyring/ssh'), ('AMENT_PREFIX_PATH', '/home/fra/ros2_master_ws/install/cobot_description:/opt/ros/humble'), ('SHELL', '/bin/bash'), ('LC_NAME', 'de_CH.UTF-8'), ('QT_ACCESSIBILITY', '1'), ('GDMSESSION', 'ubuntu'), ('LESSCLOSE', '/usr/bin/lesspipe %s %s'), ('LC_MEASUREMENT', 'de_CH.UTF-8'), ('GPG_AGENT_INFO', '/run/user/1000/gnupg/S.gpg-agent:0:1'), ('LC_IDENTIFICATION', 'de_CH.UTF-8'), ('QT_IM_MODULE', 'ibus'), ('PWD', '/home/fra/ros2_master_ws/build/cobot_description'), ('LC_ALL', 'en_US.UTF-8'), ('XDG_CONFIG_DIRS', '/etc/xdg/xdg-ubuntu:/etc/xdg'), ('XDG_DATA_DIRS', '/usr/share/ubuntu:/usr/share/gnome:/usr/local/share/:/usr/share/:/var/lib/snapd/desktop'), ('PYTHONPATH', '/opt/ros/humble/lib/python3.10/site-packages:/opt/ros/humble/local/lib/python3.10/dist-packages'), ('LC_NUMERIC', 'de_CH.UTF-8'), ('LC_PAPER', 'de_CH.UTF-8'), ('COLCON', '1'), ('VTE_VERSION', '6800'), ('CMAKE_PREFIX_PATH', '/home/fra/ros2_master_ws/install/cobot_description:/opt/ros/humble')]), 'shell': False}
[0.042288] (cobot_description) CommandEnded: {'returncode': 0}
[0.043485] (cobot_description) JobProgress: {'identifier': 'cobot_description', 'progress': 'install'}
[0.050147] (cobot_description) Command: {'cmd': ['/usr/bin/cmake', '--install', '/home/fra/ros2_master_ws/build/cobot_description'], 'cwd': '/home/fra/ros2_master_ws/build/cobot_description', 'env': OrderedDict([('LESSOPEN', '| /usr/bin/lesspipe %s'), ('USER', 'fra'), ('LC_TIME', 'de_CH.UTF-8'), ('XDG_SESSION_TYPE', 'x11'), ('SHLVL', '1'), ('LD_LIBRARY_PATH', '/usr/lib/x86_64-linux-gnu/gazebo-11/plugins:/opt/ros/humble/opt/rviz_ogre_vendor/lib:/opt/ros/humble/lib/x86_64-linux-gnu:/opt/ros/humble/lib'), ('HOME', '/home/fra'), ('OLDPWD', '/home/fra'), ('DESKTOP_SESSION', 'ubuntu'), ('ROS_PYTHON_VERSION', '3'), ('GNOME_SHELL_SESSION_MODE', 'ubuntu'), ('GTK_MODULES', 'gail:atk-bridge'), ('LC_MONETARY', 'de_CH.UTF-8'), ('SYSTEMD_EXEC_PID', '2082'), ('DBUS_SESSION_BUS_ADDRESS', 'unix:path=/run/user/1000/bus'), ('COLORTERM', 'truecolor'), ('COLCON_PREFIX_PATH', '/home/fra/ros2_master_ws/install'), ('ROS_DISTRO', 'humble'), ('GTK_IM_MODULE', 'ibus'), ('LOGNAME', 'fra'), ('_', '/usr/bin/colcon'), ('ROS_VERSION', '2'), ('XDG_SESSION_CLASS', 'user'), ('USERNAME', 'fra'), ('TERM', 'xterm-256color'), ('GNOME_DESKTOP_SESSION_ID', 'this-is-deprecated'), ('ROS_LOCALHOST_ONLY', '0'), ('WINDOWPATH', '2'), ('PATH', '/opt/ros/humble/bin:/home/fra/.local/bin:/usr/local/sbin:/usr/local/bin:/usr/sbin:/usr/bin:/sbin:/bin:/usr/games:/usr/local/games:/snap/bin:/snap/bin'), ('SESSION_MANAGER', 'local/fra-Aspire-A715-75G:@/tmp/.ICE-unix/2028,unix/fra-Aspire-A715-75G:/tmp/.ICE-unix/2028'), ('XDG_MENU_PREFIX', 'gnome-'), ('LC_ADDRESS', 'de_CH.UTF-8'), ('GNOME_TERMINAL_SCREEN', '/org/gnome/Terminal/screen/c7c159df_24f9_476b_92ed_4464fb41cc20'), ('XDG_RUNTIME_DIR', '/run/user/1000'), ('DISPLAY', ':1'), ('LANG', 'en_US.UTF-8'), ('XDG_CURRENT_DESKTOP', 'ubuntu:GNOME'), ('LC_TELEPHONE', 'de_CH.UTF-8'), ('XMODIFIERS', '@im=ibus'), ('XDG_SESSION_DESKTOP', 'ubuntu'), ('XAUTHORITY', '/run/user/1000/gdm/Xauthority'), ('GNOME_TERMINAL_SERVICE', ':1.604'), ('SSH_AGENT_LAUNCHER', 'gnome-keyring'), ('SSH_AUTH_SOCK', '/run/user/1000/keyring/ssh'), ('AMENT_PREFIX_PATH', '/home/fra/ros2_master_ws/install/cobot_description:/opt/ros/humble'), ('SHELL', '/bin/bash'), ('LC_NAME', 'de_CH.UTF-8'), ('QT_ACCESSIBILITY', '1'), ('GDMSESSION', 'ubuntu'), ('LESSCLOSE', '/usr/bin/lesspipe %s %s'), ('LC_MEASUREMENT', 'de_CH.UTF-8'), ('GPG_AGENT_INFO', '/run/user/1000/gnupg/S.gpg-agent:0:1'), ('LC_IDENTIFICATION', 'de_CH.UTF-8'), ('QT_IM_MODULE', 'ibus'), ('PWD', '/home/fra/ros2_master_ws/build/cobot_description'), ('LC_ALL', 'en_US.UTF-8'), ('XDG_CONFIG_DIRS', '/etc/xdg/xdg-ubuntu:/etc/xdg'), ('XDG_DATA_DIRS', '/usr/share/ubuntu:/usr/share/gnome:/usr/local/share/:/usr/share/:/var/lib/snapd/desktop'), ('PYTHONPATH', '/opt/ros/humble/lib/python3.10/site-packages:/opt/ros/humble/local/lib/python3.10/dist-packages'), ('LC_NUMERIC', 'de_CH.UTF-8'), ('LC_PAPER', 'de_CH.UTF-8'), ('COLCON', '1'), ('VTE_VERSION', '6800'), ('CMAKE_PREFIX_PATH', '/home/fra/ros2_master_ws/install/cobot_description:/opt/ros/humble')]), 'shell': False}
[0.056987] (cobot_description) StdoutLine: {'line': b'-- Install configuration: ""\n'}
[0.057243] (cobot_description) StdoutLine: {'line': b'-- Up-to-date: /home/fra/ros2_master_ws/install/cobot_description/share/cobot_description/urdf\n'}
[0.057330] (cobot_description) StdoutLine: {'line': b'-- Up-to-date: /home/fra/ros2_master_ws/install/cobot_description/share/cobot_description/urdf/cobot_description.urdf.xacro\n'}
[0.057436] (cobot_description) StdoutLine: {'line': b'-- Up-to-date: /home/fra/ros2_master_ws/install/cobot_description/share/cobot_description/urdf/custom_cobot_gazebo.xacro\n'}
[0.057546] (cobot_description) StdoutLine: {'line': b'-- Up-to-date: /home/fra/ros2_master_ws/install/cobot_description/share/cobot_description/urdf/custom_gripper.xacro\n'}
[0.057678] (cobot_description) StdoutLine: {'line': b'-- Up-to-date: /home/fra/ros2_master_ws/install/cobot_description/share/cobot_description/urdf/link_joint.xacro\n'}
[0.057737] (cobot_description) StdoutLine: {'line': b'-- Up-to-date: /home/fra/ros2_master_ws/install/cobot_description/share/cobot_description/launch\n'}
[0.057793] (cobot_description) StdoutLine: {'line': b'-- Up-to-date: /home/fra/ros2_master_ws/install/cobot_description/share/cobot_description/launch/rviz.launch.py\n'}
[0.057848] (cobot_description) StdoutLine: {'line': b'-- Up-to-date: /home/fra/ros2_master_ws/install/cobot_description/share/cobot_description/config\n'}
[0.057904] (cobot_description) StdoutLine: {'line': b'-- Up-to-date: /home/fra/ros2_master_ws/install/cobot_description/share/cobot_description/config/config.rviz\n'}
[0.057978] (cobot_description) StdoutLine: {'line': b'-- Up-to-date: /home/fra/ros2_master_ws/install/cobot_description/share/ament_index/resource_index/package_run_dependencies/cobot_description\n'}
[0.058032] (cobot_description) StdoutLine: {'line': b'-- Up-to-date: /home/fra/ros2_master_ws/install/cobot_description/share/ament_index/resource_index/parent_prefix_path/cobot_description\n'}
[0.058086] (cobot_description) StdoutLine: {'line': b'-- Up-to-date: /home/fra/ros2_master_ws/install/cobot_description/share/cobot_description/environment/ament_prefix_path.sh\n'}
[0.058141] (cobot_description) StdoutLine: {'line': b'-- Up-to-date: /home/fra/ros2_master_ws/install/cobot_description/share/cobot_description/environment/ament_prefix_path.dsv\n'}
[0.058195] (cobot_description) StdoutLine: {'line': b'-- Up-to-date: /home/fra/ros2_master_ws/install/cobot_description/share/cobot_description/environment/path.sh\n'}
[0.058249] (cobot_description) StdoutLine: {'line': b'-- Up-to-date: /home/fra/ros2_master_ws/install/cobot_description/share/cobot_description/environment/path.dsv\n'}
[0.058303] (cobot_description) StdoutLine: {'line': b'-- Up-to-date: /home/fra/ros2_master_ws/install/cobot_description/share/cobot_description/local_setup.bash\n'}
[0.058358] (cobot_description) StdoutLine: {'line': b'-- Up-to-date: /home/fra/ros2_master_ws/install/cobot_description/share/cobot_description/local_setup.sh\n'}
[0.058412] (cobot_description) StdoutLine: {'line': b'-- Up-to-date: /home/fra/ros2_master_ws/install/cobot_description/share/cobot_description/local_setup.zsh\n'}
[0.058466] (cobot_description) StdoutLine: {'line': b'-- Up-to-date: /home/fra/ros2_master_ws/install/cobot_description/share/cobot_description/local_setup.dsv\n'}
[0.058531] (cobot_description) StdoutLine: {'line': b'-- Installing: /home/fra/ros2_master_ws/install/cobot_description/share/cobot_description/package.dsv\n'}
[0.058608] (cobot_description) StdoutLine: {'line': b'-- Up-to-date: /home/fra/ros2_master_ws/install/cobot_description/share/ament_index/resource_index/packages/cobot_description\n'}
[0.058692] (cobot_description) StdoutLine: {'line': b'-- Up-to-date: /home/fra/ros2_master_ws/install/cobot_description/share/cobot_description/cmake/cobot_descriptionConfig.cmake\n'}
[0.058747] (cobot_description) StdoutLine: {'line': b'-- Up-to-date: /home/fra/ros2_master_ws/install/cobot_description/share/cobot_description/cmake/cobot_descriptionConfig-version.cmake\n'}
[0.058799] (cobot_description) StdoutLine: {'line': b'-- Up-to-date: /home/fra/ros2_master_ws/install/cobot_description/share/cobot_description/package.xml\n'}
[0.059288] (cobot_description) CommandEnded: {'returncode': 0}
[0.073738] (cobot_description) JobEnded: {'identifier': 'cobot_description', 'rc': 0}
[0.074283] (-) EventReactorShutdown: {}
