[0.035s] Invoking command in '/home/fra/ros2_master_ws/build/ind_environment': CMAKE_PREFIX_PATH=${CMAKE_PREFIX_PATH}:/opt/ros/humble /usr/bin/cmake --build /home/fra/ros2_master_ws/build/ind_environment -- -j12 -l12
[0.128s] Invoked command in '/home/fra/ros2_master_ws/build/ind_environment' returned '0': CMAKE_PREFIX_PATH=${CMAKE_PREFIX_PATH}:/opt/ros/humble /usr/bin/cmake --build /home/fra/ros2_master_ws/build/ind_environment -- -j12 -l12
[0.129s] Invoking command in '/home/fra/ros2_master_ws/build/ind_environment': CMAKE_PREFIX_PATH=${CMAKE_PREFIX_PATH}:/opt/ros/humble /usr/bin/cmake --install /home/fra/ros2_master_ws/build/ind_environment
[0.148s] -- Install configuration: ""
[0.148s] -- Up-to-date: /home/fra/ros2_master_ws/install/ind_environment/share/ind_environment/models
[0.148s] -- Up-to-date: /home/fra/ros2_master_ws/install/ind_environment/share/ind_environment/models/object
[0.148s] -- Up-to-date: /home/fra/ros2_master_ws/install/ind_environment/share/ind_environment/models/object/model.sdf
[0.148s] -- Up-to-date: /home/fra/ros2_master_ws/install/ind_environment/share/ind_environment/models/object/model.config
[0.148s] -- Up-to-date: /home/fra/ros2_master_ws/install/ind_environment/share/ind_environment/models/support
[0.148s] -- Up-to-date: /home/fra/ros2_master_ws/install/ind_environment/share/ind_environment/models/support/model.sdf
[0.148s] -- Up-to-date: /home/fra/ros2_master_ws/install/ind_environment/share/ind_environment/models/support/model.config
[0.148s] -- Up-to-date: /home/fra/ros2_master_ws/install/ind_environment/share/ind_environment/models/red_cube
[0.148s] -- Up-to-date: /home/fra/ros2_master_ws/install/ind_environment/share/ind_environment/models/red_cube/model.sdf
[0.148s] -- Up-to-date: /home/fra/ros2_master_ws/install/ind_environment/share/ind_environment/models/red_cube/model.config
[0.149s] -- Up-to-date: /home/fra/ros2_master_ws/install/ind_environment/share/ind_environment/models/conveyor
[0.149s] -- Up-to-date: /home/fra/ros2_master_ws/install/ind_environment/share/ind_environment/models/conveyor/model.sdf
[0.149s] -- Up-to-date: /home/fra/ros2_master_ws/install/ind_environment/share/ind_environment/models/conveyor/model.config
[0.149s] -- Up-to-date: /home/fra/ros2_master_ws/install/ind_environment/share/ind_environment/worlds
[0.149s] -- Up-to-date: /home/fra/ros2_master_ws/install/ind_environment/share/ind_environment/worlds/pick_and_place_workplace.world
[0.149s] -- Up-to-date: /home/fra/ros2_master_ws/install/ind_environment/share/ind_environment/worlds/pick_and_place_workplace_red_cube.world
[0.149s] -- Up-to-date: /home/fra/ros2_master_ws/install/ind_environment/share/ament_index/resource_index/package_run_dependencies/ind_environment
[0.149s] -- Up-to-date: /home/fra/ros2_master_ws/install/ind_environment/share/ament_index/resource_index/parent_prefix_path/ind_environment
[0.149s] -- Up-to-date: /home/fra/ros2_master_ws/install/ind_environment/share/ind_environment/environment/ament_prefix_path.sh
[0.149s] -- Up-to-date: /home/fra/ros2_master_ws/install/ind_environment/share/ind_environment/environment/ament_prefix_path.dsv
[0.151s] -- Up-to-date: /home/fra/ros2_master_ws/install/ind_environment/share/ind_environment/environment/path.sh
[0.151s] -- Up-to-date: /home/fra/ros2_master_ws/install/ind_environment/share/ind_environment/environment/path.dsv
[0.151s] -- Up-to-date: /home/fra/ros2_master_ws/install/ind_environment/share/ind_environment/local_setup.bash
[0.151s] -- Up-to-date: /home/fra/ros2_master_ws/install/ind_environment/share/ind_environment/local_setup.sh
[0.151s] -- Up-to-date: /home/fra/ros2_master_ws/install/ind_environment/share/ind_environment/local_setup.zsh
[0.152s] -- Up-to-date: /home/fra/ros2_master_ws/install/ind_environment/share/ind_environment/local_setup.dsv
[0.152s] -- Installing: /home/fra/ros2_master_ws/install/ind_environment/share/ind_environment/package.dsv
[0.152s] -- Up-to-date: /home/fra/ros2_master_ws/install/ind_environment/share/ament_index/resource_index/packages/ind_environment
[0.152s] -- Up-to-date: /home/fra/ros2_master_ws/install/ind_environment/share/ind_environment/cmake/ind_environmentConfig.cmake
[0.152s] -- Up-to-date: /home/fra/ros2_master_ws/install/ind_environment/share/ind_environment/cmake/ind_environmentConfig-version.cmake
[0.152s] -- Up-to-date: /home/fra/ros2_master_ws/install/ind_environment/share/ind_environment/package.xml
[0.153s] Invoked command in '/home/fra/ros2_master_ws/build/ind_environment' returned '0': CMAKE_PREFIX_PATH=${CMAKE_PREFIX_PATH}:/opt/ros/humble /usr/bin/cmake --install /home/fra/ros2_master_ws/build/ind_environment
