[0.015s] Invoking command in '/home/fra/ros2_master_ws/build/cobot_gazebo': CMAKE_PREFIX_PATH=${CMAKE_PREFIX_PATH}:/opt/ros/humble /usr/bin/cmake --build /home/fra/ros2_master_ws/build/cobot_gazebo -- -j12 -l12
[0.040s] -- Found ament_cmake: 1.3.11 (/opt/ros/humble/share/ament_cmake/cmake)
[0.169s] -- Found ament_lint_auto: 0.12.11 (/opt/ros/humble/share/ament_lint_auto/cmake)
[0.254s] -- Added test 'flake8' to check Python code syntax and style conventions
[0.257s] -- Added test 'lint_cmake' to check CMake code style
[0.257s] -- Added test 'pep257' to check Python code against some of the docstring style conventions in PEP 257
[0.257s] -- Added test 'xmllint' to check XML markup files
[0.257s] -- Configuring done
[0.259s] -- Generating done
[0.260s] -- Build files have been written to: /home/fra/ros2_master_ws/build/cobot_gazebo
[0.281s] Invoked command in '/home/fra/ros2_master_ws/build/cobot_gazebo' returned '0': CMAKE_PREFIX_PATH=${CMAKE_PREFIX_PATH}:/opt/ros/humble /usr/bin/cmake --build /home/fra/ros2_master_ws/build/cobot_gazebo -- -j12 -l12
[0.282s] Invoking command in '/home/fra/ros2_master_ws/build/cobot_gazebo': CMAKE_PREFIX_PATH=${CMAKE_PREFIX_PATH}:/opt/ros/humble /usr/bin/cmake --install /home/fra/ros2_master_ws/build/cobot_gazebo
[0.287s] -- Install configuration: ""
[0.287s] -- Installing: /home/fra/ros2_master_ws/install/cobot_gazebo/share/cobot_gazebo/launch
[0.287s] -- Installing: /home/fra/ros2_master_ws/install/cobot_gazebo/share/cobot_gazebo/launch/spawn_robot_controllers.launch.py
[0.287s] -- Installing: /home/fra/ros2_master_ws/install/cobot_gazebo/share/cobot_gazebo/config
[0.287s] -- Installing: /home/fra/ros2_master_ws/install/cobot_gazebo/share/cobot_gazebo/config/controllers.yaml
[0.287s] -- Up-to-date: /home/fra/ros2_master_ws/install/cobot_gazebo/share/ament_index/resource_index/package_run_dependencies/cobot_gazebo
[0.287s] -- Up-to-date: /home/fra/ros2_master_ws/install/cobot_gazebo/share/ament_index/resource_index/parent_prefix_path/cobot_gazebo
[0.287s] -- Up-to-date: /home/fra/ros2_master_ws/install/cobot_gazebo/share/cobot_gazebo/environment/ament_prefix_path.sh
[0.287s] -- Installing: /home/fra/ros2_master_ws/install/cobot_gazebo/share/cobot_gazebo/environment/ament_prefix_path.dsv
[0.287s] -- Up-to-date: /home/fra/ros2_master_ws/install/cobot_gazebo/share/cobot_gazebo/environment/path.sh
[0.287s] -- Installing: /home/fra/ros2_master_ws/install/cobot_gazebo/share/cobot_gazebo/environment/path.dsv
[0.288s] -- Up-to-date: /home/fra/ros2_master_ws/install/cobot_gazebo/share/cobot_gazebo/local_setup.bash
[0.288s] -- Up-to-date: /home/fra/ros2_master_ws/install/cobot_gazebo/share/cobot_gazebo/local_setup.sh
[0.288s] -- Up-to-date: /home/fra/ros2_master_ws/install/cobot_gazebo/share/cobot_gazebo/local_setup.zsh
[0.288s] -- Installing: /home/fra/ros2_master_ws/install/cobot_gazebo/share/cobot_gazebo/local_setup.dsv
[0.288s] -- Installing: /home/fra/ros2_master_ws/install/cobot_gazebo/share/cobot_gazebo/package.dsv
[0.288s] -- Up-to-date: /home/fra/ros2_master_ws/install/cobot_gazebo/share/ament_index/resource_index/packages/cobot_gazebo
[0.288s] -- Up-to-date: /home/fra/ros2_master_ws/install/cobot_gazebo/share/cobot_gazebo/cmake/cobot_gazeboConfig.cmake
[0.288s] -- Up-to-date: /home/fra/ros2_master_ws/install/cobot_gazebo/share/cobot_gazebo/cmake/cobot_gazeboConfig-version.cmake
[0.288s] -- Installing: /home/fra/ros2_master_ws/install/cobot_gazebo/share/cobot_gazebo/package.xml
[0.293s] Invoked command in '/home/fra/ros2_master_ws/build/cobot_gazebo' returned '0': CMAKE_PREFIX_PATH=${CMAKE_PREFIX_PATH}:/opt/ros/humble /usr/bin/cmake --install /home/fra/ros2_master_ws/build/cobot_gazebo
