-- Install configuration: ""
-- Up-to-date: /home/fra/ros2_master_ws/install/ind_environment/share/ind_environment/models
-- Up-to-date: /home/fra/ros2_master_ws/install/ind_environment/share/ind_environment/models/support
-- Up-to-date: /home/fra/ros2_master_ws/install/ind_environment/share/ind_environment/models/support/model.sdf
-- Up-to-date: /home/fra/ros2_master_ws/install/ind_environment/share/ind_environment/models/support/model.config
-- Up-to-date: /home/fra/ros2_master_ws/install/ind_environment/share/ind_environment/models/conveyor
-- Up-to-date: /home/fra/ros2_master_ws/install/ind_environment/share/ind_environment/models/conveyor/model.sdf
-- Up-to-date: /home/fra/ros2_master_ws/install/ind_environment/share/ind_environment/models/conveyor/model.config
-- Up-to-date: /home/fra/ros2_master_ws/install/ind_environment/share/ind_environment/worlds
-- Up-to-date: /home/fra/ros2_master_ws/install/ind_environment/share/ind_environment/worlds/pick_and_place_workplace.world
-- Up-to-date: /home/fra/ros2_master_ws/install/ind_environment/share/ament_index/resource_index/package_run_dependencies/ind_environment
-- Up-to-date: /home/fra/ros2_master_ws/install/ind_environment/share/ament_index/resource_index/parent_prefix_path/ind_environment
-- Up-to-date: /home/fra/ros2_master_ws/install/ind_environment/share/ind_environment/environment/ament_prefix_path.sh
-- Up-to-date: /home/fra/ros2_master_ws/install/ind_environment/share/ind_environment/environment/ament_prefix_path.dsv
-- Up-to-date: /home/fra/ros2_master_ws/install/ind_environment/share/ind_environment/environment/path.sh
-- Up-to-date: /home/fra/ros2_master_ws/install/ind_environment/share/ind_environment/environment/path.dsv
-- Up-to-date: /home/fra/ros2_master_ws/install/ind_environment/share/ind_environment/local_setup.bash
-- Up-to-date: /home/fra/ros2_master_ws/install/ind_environment/share/ind_environment/local_setup.sh
-- Up-to-date: /home/fra/ros2_master_ws/install/ind_environment/share/ind_environment/local_setup.zsh
-- Up-to-date: /home/fra/ros2_master_ws/install/ind_environment/share/ind_environment/local_setup.dsv
-- Installing: /home/fra/ros2_master_ws/install/ind_environment/share/ind_environment/package.dsv
-- Up-to-date: /home/fra/ros2_master_ws/install/ind_environment/share/ament_index/resource_index/packages/ind_environment
-- Up-to-date: /home/fra/ros2_master_ws/install/ind_environment/share/ind_environment/cmake/ind_environmentConfig.cmake
-- Up-to-date: /home/fra/ros2_master_ws/install/ind_environment/share/ind_environment/cmake/ind_environmentConfig-version.cmake
-- Up-to-date: /home/fra/ros2_master_ws/install/ind_environment/share/ind_environment/package.xml
