[0.018s] Invoking command in '/home/fra/ros2_master_ws/build/cobot_description': CMAKE_PREFIX_PATH=${CMAKE_PREFIX_PATH}:/opt/ros/humble /usr/bin/cmake /home/fra/ros2_master_ws/src/cobot_description -DAMENT_CMAKE_SYMLINK_INSTALL=1 -DCMAKE_INSTALL_PREFIX=/home/fra/ros2_master_ws/install/cobot_description
[0.089s] -- The C compiler identification is GNU 11.4.0
[0.154s] -- The CXX compiler identification is GNU 11.4.0
[0.163s] -- Detecting C compiler ABI info
[0.218s] -- Detecting C compiler ABI info - done
[0.226s] -- Check for working C compiler: /usr/bin/cc - skipped
[0.226s] -- Detecting C compile features
[0.227s] -- Detecting C compile features - done
[0.230s] -- Detecting CXX compiler ABI info
[0.297s] -- Detecting CXX compiler ABI info - done
[0.304s] -- Check for working CXX compiler: /usr/bin/c++ - skipped
[0.304s] -- Detecting CXX compile features
[0.305s] -- Detecting CXX compile features - done
[0.308s] -- Found ament_cmake: 1.3.11 (/opt/ros/humble/share/ament_cmake/cmake)
[0.663s] -- Found Python3: /usr/bin/python3 (found version "3.10.12") found components: Interpreter 
[0.732s] -- Override CMake install command with custom implementation using symlinks instead of copying resources
[0.781s] -- Found std_msgs: 4.2.4 (/opt/ros/humble/share/std_msgs/cmake)
[0.826s] -- Found rosidl_generator_c: 3.1.6 (/opt/ros/humble/share/rosidl_generator_c/cmake)
[0.832s] -- Found rosidl_adapter: 3.1.6 (/opt/ros/humble/share/rosidl_adapter/cmake)
[0.841s] -- Found rosidl_generator_cpp: 3.1.6 (/opt/ros/humble/share/rosidl_generator_cpp/cmake)
[0.856s] -- Using all available rosidl_typesupport_c: rosidl_typesupport_fastrtps_c;rosidl_typesupport_introspection_c
[0.875s] -- Using all available rosidl_typesupport_cpp: rosidl_typesupport_fastrtps_cpp;rosidl_typesupport_introspection_cpp
[0.919s] -- Found urdf: 2.6.1 (/opt/ros/humble/share/urdf/cmake)
[0.972s] -- Found ament_lint_auto: 0.12.11 (/opt/ros/humble/share/ament_lint_auto/cmake)
[1.066s] -- Added test 'flake8' to check Python code syntax and style conventions
[1.066s] -- Added test 'lint_cmake' to check CMake code style
[1.067s] -- Added test 'pep257' to check Python code against some of the docstring style conventions in PEP 257
[1.068s] -- Added test 'xmllint' to check XML markup files
[1.070s] -- Configuring done
[1.073s] -- Generating done
[1.074s] -- Build files have been written to: /home/fra/ros2_master_ws/build/cobot_description
[1.080s] Invoked command in '/home/fra/ros2_master_ws/build/cobot_description' returned '0': CMAKE_PREFIX_PATH=${CMAKE_PREFIX_PATH}:/opt/ros/humble /usr/bin/cmake /home/fra/ros2_master_ws/src/cobot_description -DAMENT_CMAKE_SYMLINK_INSTALL=1 -DCMAKE_INSTALL_PREFIX=/home/fra/ros2_master_ws/install/cobot_description
[1.081s] Invoking command in '/home/fra/ros2_master_ws/build/cobot_description': CMAKE_PREFIX_PATH=${CMAKE_PREFIX_PATH}:/opt/ros/humble /usr/bin/cmake --build /home/fra/ros2_master_ws/build/cobot_description -- -j12 -l12
[1.116s] Invoked command in '/home/fra/ros2_master_ws/build/cobot_description' returned '0': CMAKE_PREFIX_PATH=${CMAKE_PREFIX_PATH}:/opt/ros/humble /usr/bin/cmake --build /home/fra/ros2_master_ws/build/cobot_description -- -j12 -l12
[1.117s] Invoking command in '/home/fra/ros2_master_ws/build/cobot_description': CMAKE_PREFIX_PATH=${CMAKE_PREFIX_PATH}:/opt/ros/humble /usr/bin/cmake --install /home/fra/ros2_master_ws/build/cobot_description
[1.123s] -- Install configuration: ""
[1.123s] -- Execute custom install script
[1.124s] -- Symlinking: /home/fra/ros2_master_ws/install/cobot_description/share/cobot_description/urdf/camera.xacro
[1.131s] -- Symlinking: /home/fra/ros2_master_ws/install/cobot_description/share/cobot_description/urdf/cobot_camera.urdf.xacro
[1.138s] -- Symlinking: /home/fra/ros2_master_ws/install/cobot_description/share/cobot_description/urdf/cobot_description.urdf.xacro
[1.144s] -- Symlinking: /home/fra/ros2_master_ws/install/cobot_description/share/cobot_description/urdf/cobot_gripper_controller.urdf.xacro
[1.151s] -- Symlinking: /home/fra/ros2_master_ws/install/cobot_description/share/cobot_description/urdf/cobot_traj_controller.urdf.xacro
[1.158s] -- Symlinking: /home/fra/ros2_master_ws/install/cobot_description/share/cobot_description/urdf/custom_cobot_gazebo.xacro
[1.165s] -- Symlinking: /home/fra/ros2_master_ws/install/cobot_description/share/cobot_description/urdf/custom_gripper.xacro
[1.172s] -- Symlinking: /home/fra/ros2_master_ws/install/cobot_description/share/cobot_description/urdf/link_joint.xacro
[1.179s] -- Symlinking: /home/fra/ros2_master_ws/install/cobot_description/share/cobot_description/launch/rviz.launch.py
[1.186s] -- Symlinking: /home/fra/ros2_master_ws/install/cobot_description/share/cobot_description/config/config.rviz
[1.193s] -- Symlinking: /home/fra/ros2_master_ws/install/cobot_description/share/cobot_description/meshes/sensors/camera/kinetic.dae
[1.199s] -- Symlinking: /home/fra/ros2_master_ws/install/cobot_description/share/cobot_description/meshes/sensors/camera/kinetic.png
[1.206s] -- Symlinking: /home/fra/ros2_master_ws/install/cobot_description/share/cobot_description/meshes/sensors/camera/kinetic.stl
[1.213s] -- Symlinking: /home/fra/ros2_master_ws/install/cobot_description/share/ament_index/resource_index/package_run_dependencies/cobot_description
[1.220s] -- Symlinking: /home/fra/ros2_master_ws/install/cobot_description/share/ament_index/resource_index/parent_prefix_path/cobot_description
[1.227s] -- Symlinking: /home/fra/ros2_master_ws/install/cobot_description/share/cobot_description/environment/ament_prefix_path.sh
[1.234s] -- Symlinking: /home/fra/ros2_master_ws/install/cobot_description/share/cobot_description/environment/ament_prefix_path.dsv
[1.241s] -- Symlinking: /home/fra/ros2_master_ws/install/cobot_description/share/cobot_description/environment/path.sh
[1.248s] -- Symlinking: /home/fra/ros2_master_ws/install/cobot_description/share/cobot_description/environment/path.dsv
[1.255s] -- Symlinking: /home/fra/ros2_master_ws/install/cobot_description/share/cobot_description/local_setup.bash
[1.261s] -- Symlinking: /home/fra/ros2_master_ws/install/cobot_description/share/cobot_description/local_setup.sh
[1.268s] -- Symlinking: /home/fra/ros2_master_ws/install/cobot_description/share/cobot_description/local_setup.zsh
[1.274s] -- Symlinking: /home/fra/ros2_master_ws/install/cobot_description/share/cobot_description/local_setup.dsv
[1.281s] -- Symlinking: /home/fra/ros2_master_ws/install/cobot_description/share/cobot_description/package.dsv
[1.288s] -- Symlinking: /home/fra/ros2_master_ws/install/cobot_description/share/ament_index/resource_index/packages/cobot_description
[1.294s] -- Symlinking: /home/fra/ros2_master_ws/install/cobot_description/share/cobot_description/cmake/cobot_descriptionConfig.cmake
[1.301s] -- Symlinking: /home/fra/ros2_master_ws/install/cobot_description/share/cobot_description/cmake/cobot_descriptionConfig-version.cmake
[1.307s] -- Symlinking: /home/fra/ros2_master_ws/install/cobot_description/share/cobot_description/package.xml
[1.315s] Invoked command in '/home/fra/ros2_master_ws/build/cobot_description' returned '0': CMAKE_PREFIX_PATH=${CMAKE_PREFIX_PATH}:/opt/ros/humble /usr/bin/cmake --install /home/fra/ros2_master_ws/build/cobot_description
