[0.022s] Invoking command in '/home/fra/ros2_master_ws/build/cobot_gazebo': CMAKE_PREFIX_PATH=${CMAKE_PREFIX_PATH}:/opt/ros/humble /usr/bin/cmake --build /home/fra/ros2_master_ws/build/cobot_gazebo -- -j12 -l12
[0.092s] [100%] Built target joint_publisher
[0.109s] Invoked command in '/home/fra/ros2_master_ws/build/cobot_gazebo' returned '0': CMAKE_PREFIX_PATH=${CMAKE_PREFIX_PATH}:/opt/ros/humble /usr/bin/cmake --build /home/fra/ros2_master_ws/build/cobot_gazebo -- -j12 -l12
[0.112s] Invoking command in '/home/fra/ros2_master_ws/build/cobot_gazebo': CMAKE_PREFIX_PATH=${CMAKE_PREFIX_PATH}:/opt/ros/humble /usr/bin/cmake --install /home/fra/ros2_master_ws/build/cobot_gazebo
[0.119s] -- Install configuration: ""
[0.120s] -- Execute custom install script
[0.121s] -- Up-to-date symlink: /home/fra/ros2_master_ws/install/cobot_gazebo/lib/cobot_gazebo//joint_publisher
[0.121s] -- Up-to-date symlink: /home/fra/ros2_master_ws/install/cobot_gazebo/share/cobot_gazebo/launch/spawn_robot_camera.launch.py
[0.121s] -- Up-to-date symlink: /home/fra/ros2_master_ws/install/cobot_gazebo/share/cobot_gazebo/launch/spawn_robot_camera_moveit.launch.py
[0.122s] -- Up-to-date symlink: /home/fra/ros2_master_ws/install/cobot_gazebo/share/cobot_gazebo/launch/spawn_robot_controllers.launch.py
[0.122s] -- Up-to-date symlink: /home/fra/ros2_master_ws/install/cobot_gazebo/share/cobot_gazebo/launch/spawn_robot_gripper_controllers.launch.py
[0.122s] -- Up-to-date symlink: /home/fra/ros2_master_ws/install/cobot_gazebo/share/cobot_gazebo/launch/spawn_robot_traj_controllers.launch.py
[0.122s] -- Up-to-date symlink: /home/fra/ros2_master_ws/install/cobot_gazebo/share/cobot_gazebo/config/config.rviz
[0.122s] -- Up-to-date symlink: /home/fra/ros2_master_ws/install/cobot_gazebo/share/cobot_gazebo/config/controllers.yaml
[0.123s] -- Up-to-date symlink: /home/fra/ros2_master_ws/install/cobot_gazebo/share/cobot_gazebo/config/controllers_gripper.yaml
[0.123s] -- Up-to-date symlink: /home/fra/ros2_master_ws/install/cobot_gazebo/share/cobot_gazebo/config/controllers_trajectory.yaml
[0.123s] -- Up-to-date symlink: /home/fra/ros2_master_ws/install/cobot_gazebo/share/ament_index/resource_index/package_run_dependencies/cobot_gazebo
[0.123s] -- Up-to-date symlink: /home/fra/ros2_master_ws/install/cobot_gazebo/share/ament_index/resource_index/parent_prefix_path/cobot_gazebo
[0.124s] -- Up-to-date symlink: /home/fra/ros2_master_ws/install/cobot_gazebo/share/cobot_gazebo/environment/ament_prefix_path.sh
[0.124s] -- Up-to-date symlink: /home/fra/ros2_master_ws/install/cobot_gazebo/share/cobot_gazebo/environment/ament_prefix_path.dsv
[0.124s] -- Up-to-date symlink: /home/fra/ros2_master_ws/install/cobot_gazebo/share/cobot_gazebo/environment/path.sh
[0.124s] -- Up-to-date symlink: /home/fra/ros2_master_ws/install/cobot_gazebo/share/cobot_gazebo/environment/path.dsv
[0.124s] -- Up-to-date symlink: /home/fra/ros2_master_ws/install/cobot_gazebo/share/cobot_gazebo/local_setup.bash
[0.125s] -- Up-to-date symlink: /home/fra/ros2_master_ws/install/cobot_gazebo/share/cobot_gazebo/local_setup.sh
[0.126s] -- Up-to-date symlink: /home/fra/ros2_master_ws/install/cobot_gazebo/share/cobot_gazebo/local_setup.zsh
[0.126s] -- Up-to-date symlink: /home/fra/ros2_master_ws/install/cobot_gazebo/share/cobot_gazebo/local_setup.dsv
[0.126s] -- Symlinking: /home/fra/ros2_master_ws/install/cobot_gazebo/share/cobot_gazebo/package.dsv
[0.134s] -- Up-to-date symlink: /home/fra/ros2_master_ws/install/cobot_gazebo/share/ament_index/resource_index/packages/cobot_gazebo
[0.135s] -- Up-to-date symlink: /home/fra/ros2_master_ws/install/cobot_gazebo/share/cobot_gazebo/cmake/cobot_gazeboConfig.cmake
[0.135s] -- Up-to-date symlink: /home/fra/ros2_master_ws/install/cobot_gazebo/share/cobot_gazebo/cmake/cobot_gazeboConfig-version.cmake
[0.135s] -- Up-to-date symlink: /home/fra/ros2_master_ws/install/cobot_gazebo/share/cobot_gazebo/package.xml
[0.156s] Invoked command in '/home/fra/ros2_master_ws/build/cobot_gazebo' returned '0': CMAKE_PREFIX_PATH=${CMAKE_PREFIX_PATH}:/opt/ros/humble /usr/bin/cmake --install /home/fra/ros2_master_ws/build/cobot_gazebo
