[0.034s] Invoking command in '/home/fra/ros2_master_ws/build/cobot_description': CMAKE_PREFIX_PATH=${CMAKE_PREFIX_PATH}:/home/fra/ros2_ws/install/python_pkg:/opt/ros/humble /usr/bin/cmake /home/fra/ros2_master_ws/src/cobot_description -DCMAKE_INSTALL_PREFIX=/home/fra/ros2_master_ws/install/cobot_description
[0.101s] -- The C compiler identification is GNU 11.4.0
[0.179s] -- The CXX compiler identification is GNU 11.4.0
[0.194s] -- Detecting C compiler ABI info
[0.271s] -- Detecting C compiler ABI info - done
[0.282s] -- Check for working C compiler: /usr/bin/cc - skipped
[0.282s] -- Detecting C compile features
[0.283s] -- Detecting C compile features - done
[0.287s] -- Detecting CXX compiler ABI info
[0.383s] -- Detecting CXX compiler ABI info - done
[0.399s] -- Check for working CXX compiler: /usr/bin/c++ - skipped
[0.399s] -- Detecting CXX compile features
[0.399s] -- Detecting CXX compile features - done
[0.399s] -- Found ament_cmake: 1.3.11 (/opt/ros/humble/share/ament_cmake/cmake)
[0.908s] -- Found Python3: /usr/bin/python3 (found version "3.10.12") found components: Interpreter 
[1.032s] -- Found std_msgs: 4.2.4 (/opt/ros/humble/share/std_msgs/cmake)
[1.085s] -- Found rosidl_generator_c: 3.1.6 (/opt/ros/humble/share/rosidl_generator_c/cmake)
[1.089s] -- Found rosidl_adapter: 3.1.6 (/opt/ros/humble/share/rosidl_adapter/cmake)
[1.100s] -- Found rosidl_generator_cpp: 3.1.6 (/opt/ros/humble/share/rosidl_generator_cpp/cmake)
[1.113s] -- Using all available rosidl_typesupport_c: rosidl_typesupport_fastrtps_c;rosidl_typesupport_introspection_c
[1.136s] -- Using all available rosidl_typesupport_cpp: rosidl_typesupport_fastrtps_cpp;rosidl_typesupport_introspection_cpp
[1.171s] -- Found urdf: 2.6.1 (/opt/ros/humble/share/urdf/cmake)
[1.216s] -- Found ament_lint_auto: 0.12.11 (/opt/ros/humble/share/ament_lint_auto/cmake)
[1.358s] -- Added test 'flake8' to check Python code syntax and style conventions
[1.359s] -- Added test 'lint_cmake' to check CMake code style
[1.359s] -- Added test 'pep257' to check Python code against some of the docstring style conventions in PEP 257
[1.361s] -- Added test 'xmllint' to check XML markup files
[1.362s] -- Configuring done
[1.365s] -- Generating done
[1.367s] -- Build files have been written to: /home/fra/ros2_master_ws/build/cobot_description
[1.378s] Invoked command in '/home/fra/ros2_master_ws/build/cobot_description' returned '0': CMAKE_PREFIX_PATH=${CMAKE_PREFIX_PATH}:/home/fra/ros2_ws/install/python_pkg:/opt/ros/humble /usr/bin/cmake /home/fra/ros2_master_ws/src/cobot_description -DCMAKE_INSTALL_PREFIX=/home/fra/ros2_master_ws/install/cobot_description
[1.378s] Invoking command in '/home/fra/ros2_master_ws/build/cobot_description': CMAKE_PREFIX_PATH=${CMAKE_PREFIX_PATH}:/home/fra/ros2_ws/install/python_pkg:/opt/ros/humble /usr/bin/cmake --build /home/fra/ros2_master_ws/build/cobot_description -- -j12 -l12
[1.425s] Invoked command in '/home/fra/ros2_master_ws/build/cobot_description' returned '0': CMAKE_PREFIX_PATH=${CMAKE_PREFIX_PATH}:/home/fra/ros2_ws/install/python_pkg:/opt/ros/humble /usr/bin/cmake --build /home/fra/ros2_master_ws/build/cobot_description -- -j12 -l12
[1.431s] Invoking command in '/home/fra/ros2_master_ws/build/cobot_description': CMAKE_PREFIX_PATH=${CMAKE_PREFIX_PATH}:/home/fra/ros2_ws/install/python_pkg:/opt/ros/humble /usr/bin/cmake --install /home/fra/ros2_master_ws/build/cobot_description
[1.448s] -- Install configuration: ""
[1.448s] -- Installing: /home/fra/ros2_master_ws/install/cobot_description/share/cobot_description/urdf
[1.448s] -- Installing: /home/fra/ros2_master_ws/install/cobot_description/share/cobot_description/urdf/cobot_description.urdf.xacro
[1.448s] -- Installing: /home/fra/ros2_master_ws/install/cobot_description/share/cobot_description/urdf/custom_cobot_gazebo.xacro
[1.448s] -- Installing: /home/fra/ros2_master_ws/install/cobot_description/share/cobot_description/urdf/custom_gripper.xacro
[1.449s] -- Installing: /home/fra/ros2_master_ws/install/cobot_description/share/cobot_description/urdf/link_joint.xacro
[1.449s] -- Installing: /home/fra/ros2_master_ws/install/cobot_description/share/cobot_description/launch
[1.449s] -- Installing: /home/fra/ros2_master_ws/install/cobot_description/share/cobot_description/launch/rviz.launch.py
[1.449s] -- Installing: /home/fra/ros2_master_ws/install/cobot_description/share/cobot_description/config
[1.449s] -- Installing: /home/fra/ros2_master_ws/install/cobot_description/share/ament_index/resource_index/package_run_dependencies/cobot_description
[1.449s] -- Installing: /home/fra/ros2_master_ws/install/cobot_description/share/ament_index/resource_index/parent_prefix_path/cobot_description
[1.449s] -- Installing: /home/fra/ros2_master_ws/install/cobot_description/share/cobot_description/environment/ament_prefix_path.sh
[1.449s] -- Installing: /home/fra/ros2_master_ws/install/cobot_description/share/cobot_description/environment/ament_prefix_path.dsv
[1.449s] -- Installing: /home/fra/ros2_master_ws/install/cobot_description/share/cobot_description/environment/path.sh
[1.450s] -- Installing: /home/fra/ros2_master_ws/install/cobot_description/share/cobot_description/environment/path.dsv
[1.450s] -- Installing: /home/fra/ros2_master_ws/install/cobot_description/share/cobot_description/local_setup.bash
[1.450s] -- Installing: /home/fra/ros2_master_ws/install/cobot_description/share/cobot_description/local_setup.sh
[1.450s] -- Installing: /home/fra/ros2_master_ws/install/cobot_description/share/cobot_description/local_setup.zsh
[1.450s] -- Installing: /home/fra/ros2_master_ws/install/cobot_description/share/cobot_description/local_setup.dsv
[1.450s] -- Installing: /home/fra/ros2_master_ws/install/cobot_description/share/cobot_description/package.dsv
[1.450s] -- Installing: /home/fra/ros2_master_ws/install/cobot_description/share/ament_index/resource_index/packages/cobot_description
[1.450s] -- Installing: /home/fra/ros2_master_ws/install/cobot_description/share/cobot_description/cmake/cobot_descriptionConfig.cmake
[1.450s] -- Installing: /home/fra/ros2_master_ws/install/cobot_description/share/cobot_description/cmake/cobot_descriptionConfig-version.cmake
[1.451s] -- Installing: /home/fra/ros2_master_ws/install/cobot_description/share/cobot_description/package.xml
[1.451s] Invoked command in '/home/fra/ros2_master_ws/build/cobot_description' returned '0': CMAKE_PREFIX_PATH=${CMAKE_PREFIX_PATH}:/home/fra/ros2_ws/install/python_pkg:/opt/ros/humble /usr/bin/cmake --install /home/fra/ros2_master_ws/build/cobot_description
