[0.012s] Invoking command in '/home/fra/ros2_master_ws/build/ind_environment': CMAKE_PREFIX_PATH=${CMAKE_PREFIX_PATH}:/opt/ros/humble /usr/bin/cmake /home/fra/ros2_master_ws/src/ind_environment -DAMENT_CMAKE_SYMLINK_INSTALL=1 -DCMAKE_INSTALL_PREFIX=/home/fra/ros2_master_ws/install/ind_environment
[0.078s] -- The C compiler identification is GNU 11.4.0
[0.142s] -- The CXX compiler identification is GNU 11.4.0
[0.150s] -- Detecting C compiler ABI info
[0.207s] -- Detecting C compiler ABI info - done
[0.214s] -- Check for working C compiler: /usr/bin/cc - skipped
[0.214s] -- Detecting C compile features
[0.215s] -- Detecting C compile features - done
[0.218s] -- Detecting CXX compiler ABI info
[0.285s] -- Detecting CXX compiler ABI info - done
[0.292s] -- Check for working CXX compiler: /usr/bin/c++ - skipped
[0.293s] -- Detecting CXX compile features
[0.293s] -- Detecting CXX compile features - done
[0.297s] -- Found ament_cmake: 1.3.11 (/opt/ros/humble/share/ament_cmake/cmake)
[0.644s] -- Found Python3: /usr/bin/python3 (found version "3.10.12") found components: Interpreter 
[0.720s] -- Override CMake install command with custom implementation using symlinks instead of copying resources
[0.768s] -- Found ament_lint_auto: 0.12.11 (/opt/ros/humble/share/ament_lint_auto/cmake)
[0.862s] -- Added test 'lint_cmake' to check CMake code style
[0.864s] -- Added test 'xmllint' to check XML markup files
[0.866s] -- Configuring done
[0.868s] -- Generating done
[0.869s] -- Build files have been written to: /home/fra/ros2_master_ws/build/ind_environment
[0.872s] Invoked command in '/home/fra/ros2_master_ws/build/ind_environment' returned '0': CMAKE_PREFIX_PATH=${CMAKE_PREFIX_PATH}:/opt/ros/humble /usr/bin/cmake /home/fra/ros2_master_ws/src/ind_environment -DAMENT_CMAKE_SYMLINK_INSTALL=1 -DCMAKE_INSTALL_PREFIX=/home/fra/ros2_master_ws/install/ind_environment
[0.874s] Invoking command in '/home/fra/ros2_master_ws/build/ind_environment': CMAKE_PREFIX_PATH=${CMAKE_PREFIX_PATH}:/opt/ros/humble /usr/bin/cmake --build /home/fra/ros2_master_ws/build/ind_environment -- -j12 -l12
[0.902s] Invoked command in '/home/fra/ros2_master_ws/build/ind_environment' returned '0': CMAKE_PREFIX_PATH=${CMAKE_PREFIX_PATH}:/opt/ros/humble /usr/bin/cmake --build /home/fra/ros2_master_ws/build/ind_environment -- -j12 -l12
[0.910s] Invoking command in '/home/fra/ros2_master_ws/build/ind_environment': CMAKE_PREFIX_PATH=${CMAKE_PREFIX_PATH}:/opt/ros/humble /usr/bin/cmake --install /home/fra/ros2_master_ws/build/ind_environment
[0.915s] -- Install configuration: ""
[0.916s] -- Execute custom install script
[0.916s] -- Symlinking: /home/fra/ros2_master_ws/install/ind_environment/share/ind_environment/models/conveyor/model.config
[0.923s] -- Symlinking: /home/fra/ros2_master_ws/install/ind_environment/share/ind_environment/models/conveyor/model.sdf
[0.930s] -- Symlinking: /home/fra/ros2_master_ws/install/ind_environment/share/ind_environment/models/object/model.config
[0.936s] -- Symlinking: /home/fra/ros2_master_ws/install/ind_environment/share/ind_environment/models/object/model.sdf
[0.943s] -- Symlinking: /home/fra/ros2_master_ws/install/ind_environment/share/ind_environment/models/red_cube/model.config
[0.950s] -- Symlinking: /home/fra/ros2_master_ws/install/ind_environment/share/ind_environment/models/red_cube/model.sdf
[0.957s] -- Symlinking: /home/fra/ros2_master_ws/install/ind_environment/share/ind_environment/models/support/model.config
[0.963s] -- Symlinking: /home/fra/ros2_master_ws/install/ind_environment/share/ind_environment/models/support/model.sdf
[0.970s] -- Symlinking: /home/fra/ros2_master_ws/install/ind_environment/share/ind_environment/worlds/pick_and_place_workplace.world
[0.977s] -- Symlinking: /home/fra/ros2_master_ws/install/ind_environment/share/ind_environment/worlds/pick_and_place_workplace_red_cube.world
[0.984s] -- Symlinking: /home/fra/ros2_master_ws/install/ind_environment/share/ament_index/resource_index/package_run_dependencies/ind_environment
[0.991s] -- Symlinking: /home/fra/ros2_master_ws/install/ind_environment/share/ament_index/resource_index/parent_prefix_path/ind_environment
[0.998s] -- Symlinking: /home/fra/ros2_master_ws/install/ind_environment/share/ind_environment/environment/ament_prefix_path.sh
[1.005s] -- Symlinking: /home/fra/ros2_master_ws/install/ind_environment/share/ind_environment/environment/ament_prefix_path.dsv
[1.012s] -- Symlinking: /home/fra/ros2_master_ws/install/ind_environment/share/ind_environment/environment/path.sh
[1.019s] -- Symlinking: /home/fra/ros2_master_ws/install/ind_environment/share/ind_environment/environment/path.dsv
[1.026s] -- Symlinking: /home/fra/ros2_master_ws/install/ind_environment/share/ind_environment/local_setup.bash
[1.033s] -- Symlinking: /home/fra/ros2_master_ws/install/ind_environment/share/ind_environment/local_setup.sh
[1.039s] -- Symlinking: /home/fra/ros2_master_ws/install/ind_environment/share/ind_environment/local_setup.zsh
[1.046s] -- Symlinking: /home/fra/ros2_master_ws/install/ind_environment/share/ind_environment/local_setup.dsv
[1.053s] -- Symlinking: /home/fra/ros2_master_ws/install/ind_environment/share/ind_environment/package.dsv
[1.060s] -- Symlinking: /home/fra/ros2_master_ws/install/ind_environment/share/ament_index/resource_index/packages/ind_environment
[1.067s] -- Symlinking: /home/fra/ros2_master_ws/install/ind_environment/share/ind_environment/cmake/ind_environmentConfig.cmake
[1.074s] -- Symlinking: /home/fra/ros2_master_ws/install/ind_environment/share/ind_environment/cmake/ind_environmentConfig-version.cmake
[1.080s] -- Symlinking: /home/fra/ros2_master_ws/install/ind_environment/share/ind_environment/package.xml
[1.089s] Invoked command in '/home/fra/ros2_master_ws/build/ind_environment' returned '0': CMAKE_PREFIX_PATH=${CMAKE_PREFIX_PATH}:/opt/ros/humble /usr/bin/cmake --install /home/fra/ros2_master_ws/build/ind_environment
