-- Found ament_cmake: 1.3.11 (/opt/ros/humble/share/ament_cmake/cmake)
-- Found ament_lint_auto: 0.12.12 (/opt/ros/humble/share/ament_lint_auto/cmake)
-- Found rosidl_default_generators: 1.2.0 (/opt/ros/humble/share/rosidl_default_generators/cmake)
-- Using all available rosidl_typesupport_c: rosidl_typesupport_fastrtps_c;rosidl_typesupport_introspection_c
-- Found rosidl_adapter: 3.1.6 (/opt/ros/humble/share/rosidl_adapter/cmake)
-- Using all available rosidl_typesupport_cpp: rosidl_typesupport_fastrtps_cpp;rosidl_typesupport_introspection_cpp
-- Found ament_cmake_ros: 0.10.0 (/opt/ros/humble/share/ament_cmake_ros/cmake)
-- Using all available rosidl_typesupport_c: rosidl_typesupport_fastrtps_c;rosidl_typesupport_introspection_c
-- Using all available rosidl_typesupport_cpp: rosidl_typesupport_fastrtps_cpp;rosidl_typesupport_introspection_cpp
-- Found python_cmake_module: 0.10.0 (/opt/ros/humble/share/python_cmake_module/cmake)
-- Using PYTHON_EXECUTABLE: /usr/bin/python3
-- Using PYTHON_INCLUDE_DIRS: /usr/include/python3.10
-- Using PYTHON_LIBRARIES: /usr/lib/x86_64-linux-gnu/libpython3.10.so
-- Added test 'copyright' to check source files copyright and LICENSE
-- Added test 'lint_cmake' to check CMake code style
-- Added test 'xmllint' to check XML markup files
-- Configuring done
-- Generating done
-- Build files have been written to: /home/fra/ros2_master_ws/build/linkattacher_msgs
[35m[1mConsolidate compiler generated dependencies of target linkattacher_msgs__rosidl_generator_c[0m
[  2%] Built target linkattacher_msgs__cpp
[  5%] [32mBuilding C object CMakeFiles/linkattacher_msgs__rosidl_generator_c.dir/rosidl_generator_c/linkattacher_msgs/srv/detail/detach_link__functions.c.o[0m
[  7%] [32mBuilding C object CMakeFiles/linkattacher_msgs__rosidl_generator_c.dir/rosidl_generator_c/linkattacher_msgs/srv/detail/attach_link__functions.c.o[0m
[  7%] Built target ament_cmake_python_copy_linkattacher_msgs
[35m[1mConsolidate compiler generated dependencies of target linkattacher_msgs__rosidl_typesupport_cpp[0m
[35m[1mConsolidate compiler generated dependencies of target linkattacher_msgs__rosidl_typesupport_introspection_cpp[0m
[35m[1mConsolidate compiler generated dependencies of target linkattacher_msgs__rosidl_typesupport_fastrtps_cpp[0m
[ 20%] [32mBuilding CXX object CMakeFiles/linkattacher_msgs__rosidl_typesupport_cpp.dir/rosidl_typesupport_cpp/linkattacher_msgs/srv/attach_link__type_support.cpp.o[0m
[ 20%] [32mBuilding CXX object CMakeFiles/linkattacher_msgs__rosidl_typesupport_introspection_cpp.dir/rosidl_typesupport_introspection_cpp/linkattacher_msgs/srv/detail/attach_link__type_support.cpp.o[0m
[ 20%] [32mBuilding CXX object CMakeFiles/linkattacher_msgs__rosidl_typesupport_introspection_cpp.dir/rosidl_typesupport_introspection_cpp/linkattacher_msgs/srv/detail/detach_link__type_support.cpp.o[0m
[ 20%] [32mBuilding CXX object CMakeFiles/linkattacher_msgs__rosidl_typesupport_cpp.dir/rosidl_typesupport_cpp/linkattacher_msgs/srv/detach_link__type_support.cpp.o[0m
[ 20%] [32mBuilding CXX object CMakeFiles/linkattacher_msgs__rosidl_typesupport_fastrtps_cpp.dir/rosidl_typesupport_fastrtps_cpp/linkattacher_msgs/srv/detail/dds_fastrtps/attach_link__type_support.cpp.o[0m
[ 23%] [32mBuilding CXX object CMakeFiles/linkattacher_msgs__rosidl_typesupport_fastrtps_cpp.dir/rosidl_typesupport_fastrtps_cpp/linkattacher_msgs/srv/detail/dds_fastrtps/detach_link__type_support.cpp.o[0m
[ 25%] [32m[1mLinking C shared library liblinkattacher_msgs__rosidl_generator_c.so[0m
[ 28%] Built target linkattacher_msgs__rosidl_generator_c
[35m[1mConsolidate compiler generated dependencies of target linkattacher_msgs__rosidl_typesupport_fastrtps_c[0m
[35m[1mConsolidate compiler generated dependencies of target linkattacher_msgs__rosidl_typesupport_c[0m
[35m[1mConsolidate compiler generated dependencies of target linkattacher_msgs__rosidl_typesupport_introspection_c[0m
[ 30%] [32mBuilding CXX object CMakeFiles/linkattacher_msgs__rosidl_typesupport_fastrtps_c.dir/rosidl_typesupport_fastrtps_c/linkattacher_msgs/srv/detail/attach_link__type_support_c.cpp.o[0m
[ 38%] [32mBuilding CXX object CMakeFiles/linkattacher_msgs__rosidl_typesupport_fastrtps_c.dir/rosidl_typesupport_fastrtps_c/linkattacher_msgs/srv/detail/detach_link__type_support_c.cpp.o[0m
[ 38%] [32mBuilding CXX object CMakeFiles/linkattacher_msgs__rosidl_typesupport_c.dir/rosidl_typesupport_c/linkattacher_msgs/srv/attach_link__type_support.cpp.o[0m
[ 38%] [32mBuilding C object CMakeFiles/linkattacher_msgs__rosidl_typesupport_introspection_c.dir/rosidl_typesupport_introspection_c/linkattacher_msgs/srv/detail/attach_link__type_support.c.o[0m
[ 41%] [32mBuilding CXX object CMakeFiles/linkattacher_msgs__rosidl_typesupport_c.dir/rosidl_typesupport_c/linkattacher_msgs/srv/detach_link__type_support.cpp.o[0m
[ 43%] [32mBuilding C object CMakeFiles/linkattacher_msgs__rosidl_typesupport_introspection_c.dir/rosidl_typesupport_introspection_c/linkattacher_msgs/srv/detail/detach_link__type_support.c.o[0m
[ 46%] [32m[1mLinking C shared library liblinkattacher_msgs__rosidl_typesupport_introspection_c.so[0m
[ 48%] [32m[1mLinking CXX shared library liblinkattacher_msgs__rosidl_typesupport_c.so[0m
running egg_info
[ 51%] Built target linkattacher_msgs__rosidl_typesupport_introspection_c
writing linkattacher_msgs.egg-info/PKG-INFO
writing dependency_links to linkattacher_msgs.egg-info/dependency_links.txt
writing top-level names to linkattacher_msgs.egg-info/top_level.txt
reading manifest file 'linkattacher_msgs.egg-info/SOURCES.txt'
writing manifest file 'linkattacher_msgs.egg-info/SOURCES.txt'
[ 53%] Built target linkattacher_msgs__rosidl_typesupport_c
[ 53%] Built target ament_cmake_python_build_linkattacher_msgs_egg
[ 56%] [32m[1mLinking CXX shared library liblinkattacher_msgs__rosidl_typesupport_cpp.so[0m
[ 58%] Built target linkattacher_msgs__rosidl_typesupport_cpp
[ 64%] [32m[1mLinking CXX shared library liblinkattacher_msgs__rosidl_typesupport_fastrtps_cpp.so[0m
[ 64%] [32m[1mLinking CXX shared library liblinkattacher_msgs__rosidl_typesupport_introspection_cpp.so[0m
[ 66%] Built target linkattacher_msgs__rosidl_typesupport_introspection_cpp
[ 69%] Built target linkattacher_msgs__rosidl_typesupport_fastrtps_cpp
[ 71%] [32m[1mLinking CXX shared library liblinkattacher_msgs__rosidl_typesupport_fastrtps_c.so[0m
[ 74%] Built target linkattacher_msgs__rosidl_typesupport_fastrtps_c
[ 74%] Built target linkattacher_msgs
[ 76%] Built target linkattacher_msgs__py
[35m[1mConsolidate compiler generated dependencies of target linkattacher_msgs__rosidl_generator_py[0m
[ 82%] [32mBuilding C object CMakeFiles/linkattacher_msgs__rosidl_generator_py.dir/rosidl_generator_py/linkattacher_msgs/srv/_attach_link_s.c.o[0m
[ 82%] [32mBuilding C object CMakeFiles/linkattacher_msgs__rosidl_generator_py.dir/rosidl_generator_py/linkattacher_msgs/srv/_detach_link_s.c.o[0m
[ 84%] [32m[1mLinking C shared library rosidl_generator_py/linkattacher_msgs/liblinkattacher_msgs__rosidl_generator_py.so[0m
[ 84%] Built target linkattacher_msgs__rosidl_generator_py
[35m[1mConsolidate compiler generated dependencies of target linkattacher_msgs__rosidl_typesupport_fastrtps_c__pyext[0m
[35m[1mConsolidate compiler generated dependencies of target linkattacher_msgs__rosidl_typesupport_introspection_c__pyext[0m
[35m[1mConsolidate compiler generated dependencies of target linkattacher_msgs__rosidl_typesupport_c__pyext[0m
[ 92%] [32mBuilding C object CMakeFiles/linkattacher_msgs__rosidl_typesupport_introspection_c__pyext.dir/rosidl_generator_py/linkattacher_msgs/_linkattacher_msgs_s.ep.rosidl_typesupport_introspection_c.c.o[0m
[ 92%] [32mBuilding C object CMakeFiles/linkattacher_msgs__rosidl_typesupport_c__pyext.dir/rosidl_generator_py/linkattacher_msgs/_linkattacher_msgs_s.ep.rosidl_typesupport_c.c.o[0m
[ 92%] [32mBuilding C object CMakeFiles/linkattacher_msgs__rosidl_typesupport_fastrtps_c__pyext.dir/rosidl_generator_py/linkattacher_msgs/_linkattacher_msgs_s.ep.rosidl_typesupport_fastrtps_c.c.o[0m
[100%] [32m[1mLinking C shared library rosidl_generator_py/linkattacher_msgs/linkattacher_msgs_s__rosidl_typesupport_c.cpython-310-x86_64-linux-gnu.so[0m
[100%] [32m[1mLinking C shared library rosidl_generator_py/linkattacher_msgs/linkattacher_msgs_s__rosidl_typesupport_fastrtps_c.cpython-310-x86_64-linux-gnu.so[0m
[100%] [32m[1mLinking C shared library rosidl_generator_py/linkattacher_msgs/linkattacher_msgs_s__rosidl_typesupport_introspection_c.cpython-310-x86_64-linux-gnu.so[0m
[100%] Built target linkattacher_msgs__rosidl_typesupport_c__pyext
[100%] Built target linkattacher_msgs__rosidl_typesupport_fastrtps_c__pyext
[100%] Built target linkattacher_msgs__rosidl_typesupport_introspection_c__pyext
-- Install configuration: ""
-- Up-to-date: /home/fra/ros2_master_ws/install/linkattacher_msgs/share/linkattacher_msgs/srv
-- Installing: /home/fra/ros2_master_ws/install/linkattacher_msgs/share/linkattacher_msgs/srv/AttachLink.srv
-- Installing: /home/fra/ros2_master_ws/install/linkattacher_msgs/share/linkattacher_msgs/srv/DetachLink.srv
-- Up-to-date: /home/fra/ros2_master_ws/install/linkattacher_msgs/share/ament_index/resource_index/rosidl_interfaces/linkattacher_msgs
-- Up-to-date: /home/fra/ros2_master_ws/install/linkattacher_msgs/include/linkattacher_msgs/linkattacher_msgs
-- Up-to-date: /home/fra/ros2_master_ws/install/linkattacher_msgs/include/linkattacher_msgs/linkattacher_msgs/srv
-- Up-to-date: /home/fra/ros2_master_ws/install/linkattacher_msgs/include/linkattacher_msgs/linkattacher_msgs/srv/attach_link.h
-- Up-to-date: /home/fra/ros2_master_ws/install/linkattacher_msgs/include/linkattacher_msgs/linkattacher_msgs/srv/detach_link.h
-- Up-to-date: /home/fra/ros2_master_ws/install/linkattacher_msgs/include/linkattacher_msgs/linkattacher_msgs/srv/detail
-- Up-to-date: /home/fra/ros2_master_ws/install/linkattacher_msgs/include/linkattacher_msgs/linkattacher_msgs/srv/detail/attach_link__functions.c
-- Up-to-date: /home/fra/ros2_master_ws/install/linkattacher_msgs/include/linkattacher_msgs/linkattacher_msgs/srv/detail/attach_link__functions.h
-- Up-to-date: /home/fra/ros2_master_ws/install/linkattacher_msgs/include/linkattacher_msgs/linkattacher_msgs/srv/detail/detach_link__type_support.h
-- Up-to-date: /home/fra/ros2_master_ws/install/linkattacher_msgs/include/linkattacher_msgs/linkattacher_msgs/srv/detail/attach_link__struct.h
-- Up-to-date: /home/fra/ros2_master_ws/install/linkattacher_msgs/include/linkattacher_msgs/linkattacher_msgs/srv/detail/detach_link__struct.h
-- Up-to-date: /home/fra/ros2_master_ws/install/linkattacher_msgs/include/linkattacher_msgs/linkattacher_msgs/srv/detail/detach_link__functions.h
-- Up-to-date: /home/fra/ros2_master_ws/install/linkattacher_msgs/include/linkattacher_msgs/linkattacher_msgs/srv/detail/detach_link__functions.c
-- Up-to-date: /home/fra/ros2_master_ws/install/linkattacher_msgs/include/linkattacher_msgs/linkattacher_msgs/srv/detail/attach_link__type_support.h
-- Up-to-date: /home/fra/ros2_master_ws/install/linkattacher_msgs/include/linkattacher_msgs/linkattacher_msgs/msg
-- Up-to-date: /home/fra/ros2_master_ws/install/linkattacher_msgs/include/linkattacher_msgs/linkattacher_msgs/msg/rosidl_generator_c__visibility_control.h
-- Installing: /home/fra/ros2_master_ws/install/linkattacher_msgs/share/linkattacher_msgs/environment/library_path.sh
-- Installing: /home/fra/ros2_master_ws/install/linkattacher_msgs/share/linkattacher_msgs/environment/library_path.dsv
-- Installing: /home/fra/ros2_master_ws/install/linkattacher_msgs/lib/liblinkattacher_msgs__rosidl_generator_c.so
-- Set runtime path of "/home/fra/ros2_master_ws/install/linkattacher_msgs/lib/liblinkattacher_msgs__rosidl_generator_c.so" to ""
-- Up-to-date: /home/fra/ros2_master_ws/install/linkattacher_msgs/include/linkattacher_msgs/linkattacher_msgs
-- Up-to-date: /home/fra/ros2_master_ws/install/linkattacher_msgs/include/linkattacher_msgs/linkattacher_msgs/srv
-- Up-to-date: /home/fra/ros2_master_ws/install/linkattacher_msgs/include/linkattacher_msgs/linkattacher_msgs/srv/detail
-- Up-to-date: /home/fra/ros2_master_ws/install/linkattacher_msgs/include/linkattacher_msgs/linkattacher_msgs/srv/detail/detach_link__rosidl_typesupport_fastrtps_c.h
-- Up-to-date: /home/fra/ros2_master_ws/install/linkattacher_msgs/include/linkattacher_msgs/linkattacher_msgs/srv/detail/attach_link__rosidl_typesupport_fastrtps_c.h
-- Up-to-date: /home/fra/ros2_master_ws/install/linkattacher_msgs/include/linkattacher_msgs/linkattacher_msgs/msg
-- Up-to-date: /home/fra/ros2_master_ws/install/linkattacher_msgs/include/linkattacher_msgs/linkattacher_msgs/msg/rosidl_typesupport_fastrtps_c__visibility_control.h
-- Installing: /home/fra/ros2_master_ws/install/linkattacher_msgs/lib/liblinkattacher_msgs__rosidl_typesupport_fastrtps_c.so
-- Set runtime path of "/home/fra/ros2_master_ws/install/linkattacher_msgs/lib/liblinkattacher_msgs__rosidl_typesupport_fastrtps_c.so" to ""
-- Up-to-date: /home/fra/ros2_master_ws/install/linkattacher_msgs/include/linkattacher_msgs/linkattacher_msgs
-- Up-to-date: /home/fra/ros2_master_ws/install/linkattacher_msgs/include/linkattacher_msgs/linkattacher_msgs/srv
-- Up-to-date: /home/fra/ros2_master_ws/install/linkattacher_msgs/include/linkattacher_msgs/linkattacher_msgs/srv/detail
-- Up-to-date: /home/fra/ros2_master_ws/install/linkattacher_msgs/include/linkattacher_msgs/linkattacher_msgs/srv/detail/attach_link__type_support.c
-- Up-to-date: /home/fra/ros2_master_ws/install/linkattacher_msgs/include/linkattacher_msgs/linkattacher_msgs/srv/detail/detach_link__type_support.c
-- Up-to-date: /home/fra/ros2_master_ws/install/linkattacher_msgs/include/linkattacher_msgs/linkattacher_msgs/srv/detail/detach_link__rosidl_typesupport_introspection_c.h
-- Up-to-date: /home/fra/ros2_master_ws/install/linkattacher_msgs/include/linkattacher_msgs/linkattacher_msgs/srv/detail/attach_link__rosidl_typesupport_introspection_c.h
-- Up-to-date: /home/fra/ros2_master_ws/install/linkattacher_msgs/include/linkattacher_msgs/linkattacher_msgs/msg
-- Up-to-date: /home/fra/ros2_master_ws/install/linkattacher_msgs/include/linkattacher_msgs/linkattacher_msgs/msg/rosidl_typesupport_introspection_c__visibility_control.h
-- Installing: /home/fra/ros2_master_ws/install/linkattacher_msgs/lib/liblinkattacher_msgs__rosidl_typesupport_introspection_c.so
-- Set runtime path of "/home/fra/ros2_master_ws/install/linkattacher_msgs/lib/liblinkattacher_msgs__rosidl_typesupport_introspection_c.so" to ""
-- Installing: /home/fra/ros2_master_ws/install/linkattacher_msgs/lib/liblinkattacher_msgs__rosidl_typesupport_c.so
-- Set runtime path of "/home/fra/ros2_master_ws/install/linkattacher_msgs/lib/liblinkattacher_msgs__rosidl_typesupport_c.so" to ""
-- Up-to-date: /home/fra/ros2_master_ws/install/linkattacher_msgs/include/linkattacher_msgs/linkattacher_msgs
-- Up-to-date: /home/fra/ros2_master_ws/install/linkattacher_msgs/include/linkattacher_msgs/linkattacher_msgs/srv
-- Up-to-date: /home/fra/ros2_master_ws/install/linkattacher_msgs/include/linkattacher_msgs/linkattacher_msgs/srv/detach_link.hpp
-- Up-to-date: /home/fra/ros2_master_ws/install/linkattacher_msgs/include/linkattacher_msgs/linkattacher_msgs/srv/attach_link.hpp
-- Up-to-date: /home/fra/ros2_master_ws/install/linkattacher_msgs/include/linkattacher_msgs/linkattacher_msgs/srv/detail
-- Up-to-date: /home/fra/ros2_master_ws/install/linkattacher_msgs/include/linkattacher_msgs/linkattacher_msgs/srv/detail/attach_link__builder.hpp
-- Up-to-date: /home/fra/ros2_master_ws/install/linkattacher_msgs/include/linkattacher_msgs/linkattacher_msgs/srv/detail/attach_link__type_support.hpp
-- Up-to-date: /home/fra/ros2_master_ws/install/linkattacher_msgs/include/linkattacher_msgs/linkattacher_msgs/srv/detail/detach_link__builder.hpp
-- Up-to-date: /home/fra/ros2_master_ws/install/linkattacher_msgs/include/linkattacher_msgs/linkattacher_msgs/srv/detail/detach_link__traits.hpp
-- Up-to-date: /home/fra/ros2_master_ws/install/linkattacher_msgs/include/linkattacher_msgs/linkattacher_msgs/srv/detail/attach_link__traits.hpp
-- Up-to-date: /home/fra/ros2_master_ws/install/linkattacher_msgs/include/linkattacher_msgs/linkattacher_msgs/srv/detail/detach_link__struct.hpp
-- Up-to-date: /home/fra/ros2_master_ws/install/linkattacher_msgs/include/linkattacher_msgs/linkattacher_msgs/srv/detail/attach_link__struct.hpp
-- Up-to-date: /home/fra/ros2_master_ws/install/linkattacher_msgs/include/linkattacher_msgs/linkattacher_msgs/srv/detail/detach_link__type_support.hpp
-- Up-to-date: /home/fra/ros2_master_ws/install/linkattacher_msgs/include/linkattacher_msgs/linkattacher_msgs/msg
-- Up-to-date: /home/fra/ros2_master_ws/install/linkattacher_msgs/include/linkattacher_msgs/linkattacher_msgs/msg/rosidl_generator_cpp__visibility_control.hpp
-- Up-to-date: /home/fra/ros2_master_ws/install/linkattacher_msgs/include/linkattacher_msgs/linkattacher_msgs
-- Up-to-date: /home/fra/ros2_master_ws/install/linkattacher_msgs/include/linkattacher_msgs/linkattacher_msgs/srv
-- Up-to-date: /home/fra/ros2_master_ws/install/linkattacher_msgs/include/linkattacher_msgs/linkattacher_msgs/srv/detail
-- Up-to-date: /home/fra/ros2_master_ws/install/linkattacher_msgs/include/linkattacher_msgs/linkattacher_msgs/srv/detail/detach_link__rosidl_typesupport_fastrtps_cpp.hpp
-- Installing: /home/fra/ros2_master_ws/install/linkattacher_msgs/include/linkattacher_msgs/linkattacher_msgs/srv/detail/dds_fastrtps
-- Up-to-date: /home/fra/ros2_master_ws/install/linkattacher_msgs/include/linkattacher_msgs/linkattacher_msgs/srv/detail/attach_link__rosidl_typesupport_fastrtps_cpp.hpp
-- Up-to-date: /home/fra/ros2_master_ws/install/linkattacher_msgs/include/linkattacher_msgs/linkattacher_msgs/msg
-- Up-to-date: /home/fra/ros2_master_ws/install/linkattacher_msgs/include/linkattacher_msgs/linkattacher_msgs/msg/rosidl_typesupport_fastrtps_cpp__visibility_control.h
-- Installing: /home/fra/ros2_master_ws/install/linkattacher_msgs/lib/liblinkattacher_msgs__rosidl_typesupport_fastrtps_cpp.so
-- Set runtime path of "/home/fra/ros2_master_ws/install/linkattacher_msgs/lib/liblinkattacher_msgs__rosidl_typesupport_fastrtps_cpp.so" to ""
-- Up-to-date: /home/fra/ros2_master_ws/install/linkattacher_msgs/include/linkattacher_msgs/linkattacher_msgs
-- Up-to-date: /home/fra/ros2_master_ws/install/linkattacher_msgs/include/linkattacher_msgs/linkattacher_msgs/srv
-- Up-to-date: /home/fra/ros2_master_ws/install/linkattacher_msgs/include/linkattacher_msgs/linkattacher_msgs/srv/detail
-- Up-to-date: /home/fra/ros2_master_ws/install/linkattacher_msgs/include/linkattacher_msgs/linkattacher_msgs/srv/detail/attach_link__type_support.cpp
-- Up-to-date: /home/fra/ros2_master_ws/install/linkattacher_msgs/include/linkattacher_msgs/linkattacher_msgs/srv/detail/attach_link__rosidl_typesupport_introspection_cpp.hpp
-- Up-to-date: /home/fra/ros2_master_ws/install/linkattacher_msgs/include/linkattacher_msgs/linkattacher_msgs/srv/detail/detach_link__type_support.cpp
-- Up-to-date: /home/fra/ros2_master_ws/install/linkattacher_msgs/include/linkattacher_msgs/linkattacher_msgs/srv/detail/detach_link__rosidl_typesupport_introspection_cpp.hpp
-- Installing: /home/fra/ros2_master_ws/install/linkattacher_msgs/lib/liblinkattacher_msgs__rosidl_typesupport_introspection_cpp.so
-- Set runtime path of "/home/fra/ros2_master_ws/install/linkattacher_msgs/lib/liblinkattacher_msgs__rosidl_typesupport_introspection_cpp.so" to ""
-- Installing: /home/fra/ros2_master_ws/install/linkattacher_msgs/lib/liblinkattacher_msgs__rosidl_typesupport_cpp.so
-- Set runtime path of "/home/fra/ros2_master_ws/install/linkattacher_msgs/lib/liblinkattacher_msgs__rosidl_typesupport_cpp.so" to ""
-- Up-to-date: /home/fra/ros2_master_ws/install/linkattacher_msgs/share/linkattacher_msgs/environment/pythonpath.sh
-- Installing: /home/fra/ros2_master_ws/install/linkattacher_msgs/share/linkattacher_msgs/environment/pythonpath.dsv
-- Up-to-date: /home/fra/ros2_master_ws/install/linkattacher_msgs/local/lib/python3.10/dist-packages/linkattacher_msgs-0.0.0-py3.10.egg-info
-- Installing: /home/fra/ros2_master_ws/install/linkattacher_msgs/local/lib/python3.10/dist-packages/linkattacher_msgs-0.0.0-py3.10.egg-info/SOURCES.txt
-- Installing: /home/fra/ros2_master_ws/install/linkattacher_msgs/local/lib/python3.10/dist-packages/linkattacher_msgs-0.0.0-py3.10.egg-info/PKG-INFO
-- Installing: /home/fra/ros2_master_ws/install/linkattacher_msgs/local/lib/python3.10/dist-packages/linkattacher_msgs-0.0.0-py3.10.egg-info/top_level.txt
-- Installing: /home/fra/ros2_master_ws/install/linkattacher_msgs/local/lib/python3.10/dist-packages/linkattacher_msgs-0.0.0-py3.10.egg-info/dependency_links.txt
-- Up-to-date: /home/fra/ros2_master_ws/install/linkattacher_msgs/local/lib/python3.10/dist-packages/linkattacher_msgs
-- Up-to-date: /home/fra/ros2_master_ws/install/linkattacher_msgs/local/lib/python3.10/dist-packages/linkattacher_msgs/_linkattacher_msgs_s.ep.rosidl_typesupport_fastrtps_c.c
-- Up-to-date: /home/fra/ros2_master_ws/install/linkattacher_msgs/local/lib/python3.10/dist-packages/linkattacher_msgs/_linkattacher_msgs_s.ep.rosidl_typesupport_c.c
-- Installing: /home/fra/ros2_master_ws/install/linkattacher_msgs/local/lib/python3.10/dist-packages/linkattacher_msgs/linkattacher_msgs_s__rosidl_typesupport_fastrtps_c.cpython-310-x86_64-linux-gnu.so
-- Up-to-date: /home/fra/ros2_master_ws/install/linkattacher_msgs/local/lib/python3.10/dist-packages/linkattacher_msgs/srv
-- Up-to-date: /home/fra/ros2_master_ws/install/linkattacher_msgs/local/lib/python3.10/dist-packages/linkattacher_msgs/srv/_attach_link.py
-- Up-to-date: /home/fra/ros2_master_ws/install/linkattacher_msgs/local/lib/python3.10/dist-packages/linkattacher_msgs/srv/_detach_link.py
-- Up-to-date: /home/fra/ros2_master_ws/install/linkattacher_msgs/local/lib/python3.10/dist-packages/linkattacher_msgs/srv/_detach_link_s.c
-- Up-to-date: /home/fra/ros2_master_ws/install/linkattacher_msgs/local/lib/python3.10/dist-packages/linkattacher_msgs/srv/_attach_link_s.c
-- Up-to-date: /home/fra/ros2_master_ws/install/linkattacher_msgs/local/lib/python3.10/dist-packages/linkattacher_msgs/srv/__init__.py
-- Up-to-date: /home/fra/ros2_master_ws/install/linkattacher_msgs/local/lib/python3.10/dist-packages/linkattacher_msgs/_linkattacher_msgs_s.ep.rosidl_typesupport_introspection_c.c
-- Installing: /home/fra/ros2_master_ws/install/linkattacher_msgs/local/lib/python3.10/dist-packages/linkattacher_msgs/liblinkattacher_msgs__rosidl_generator_py.so
-- Installing: /home/fra/ros2_master_ws/install/linkattacher_msgs/local/lib/python3.10/dist-packages/linkattacher_msgs/linkattacher_msgs_s__rosidl_typesupport_introspection_c.cpython-310-x86_64-linux-gnu.so
-- Installing: /home/fra/ros2_master_ws/install/linkattacher_msgs/local/lib/python3.10/dist-packages/linkattacher_msgs/__init__.py
-- Installing: /home/fra/ros2_master_ws/install/linkattacher_msgs/local/lib/python3.10/dist-packages/linkattacher_msgs/linkattacher_msgs_s__rosidl_typesupport_c.cpython-310-x86_64-linux-gnu.so
Listing '/home/fra/ros2_master_ws/install/linkattacher_msgs/local/lib/python3.10/dist-packages/linkattacher_msgs'...
Compiling '/home/fra/ros2_master_ws/install/linkattacher_msgs/local/lib/python3.10/dist-packages/linkattacher_msgs/__init__.py'...
Listing '/home/fra/ros2_master_ws/install/linkattacher_msgs/local/lib/python3.10/dist-packages/linkattacher_msgs/srv'...
Compiling '/home/fra/ros2_master_ws/install/linkattacher_msgs/local/lib/python3.10/dist-packages/linkattacher_msgs/srv/__init__.py'...
Compiling '/home/fra/ros2_master_ws/install/linkattacher_msgs/local/lib/python3.10/dist-packages/linkattacher_msgs/srv/_attach_link.py'...
Compiling '/home/fra/ros2_master_ws/install/linkattacher_msgs/local/lib/python3.10/dist-packages/linkattacher_msgs/srv/_detach_link.py'...
-- Installing: /home/fra/ros2_master_ws/install/linkattacher_msgs/local/lib/python3.10/dist-packages/linkattacher_msgs/linkattacher_msgs_s__rosidl_typesupport_fastrtps_c.cpython-310-x86_64-linux-gnu.so
-- Set runtime path of "/home/fra/ros2_master_ws/install/linkattacher_msgs/local/lib/python3.10/dist-packages/linkattacher_msgs/linkattacher_msgs_s__rosidl_typesupport_fastrtps_c.cpython-310-x86_64-linux-gnu.so" to ""
-- Installing: /home/fra/ros2_master_ws/install/linkattacher_msgs/local/lib/python3.10/dist-packages/linkattacher_msgs/linkattacher_msgs_s__rosidl_typesupport_introspection_c.cpython-310-x86_64-linux-gnu.so
-- Set runtime path of "/home/fra/ros2_master_ws/install/linkattacher_msgs/local/lib/python3.10/dist-packages/linkattacher_msgs/linkattacher_msgs_s__rosidl_typesupport_introspection_c.cpython-310-x86_64-linux-gnu.so" to ""
-- Installing: /home/fra/ros2_master_ws/install/linkattacher_msgs/local/lib/python3.10/dist-packages/linkattacher_msgs/linkattacher_msgs_s__rosidl_typesupport_c.cpython-310-x86_64-linux-gnu.so
-- Set runtime path of "/home/fra/ros2_master_ws/install/linkattacher_msgs/local/lib/python3.10/dist-packages/linkattacher_msgs/linkattacher_msgs_s__rosidl_typesupport_c.cpython-310-x86_64-linux-gnu.so" to ""
-- Installing: /home/fra/ros2_master_ws/install/linkattacher_msgs/lib/liblinkattacher_msgs__rosidl_generator_py.so
-- Set runtime path of "/home/fra/ros2_master_ws/install/linkattacher_msgs/lib/liblinkattacher_msgs__rosidl_generator_py.so" to ""
-- Up-to-date: /home/fra/ros2_master_ws/install/linkattacher_msgs/share/linkattacher_msgs/srv/AttachLink.idl
-- Up-to-date: /home/fra/ros2_master_ws/install/linkattacher_msgs/share/linkattacher_msgs/srv/DetachLink.idl
-- Up-to-date: /home/fra/ros2_master_ws/install/linkattacher_msgs/share/linkattacher_msgs/srv/AttachLink.srv
-- Up-to-date: /home/fra/ros2_master_ws/install/linkattacher_msgs/share/linkattacher_msgs/srv/AttachLink_Request.msg
-- Up-to-date: /home/fra/ros2_master_ws/install/linkattacher_msgs/share/linkattacher_msgs/srv/AttachLink_Response.msg
-- Up-to-date: /home/fra/ros2_master_ws/install/linkattacher_msgs/share/linkattacher_msgs/srv/DetachLink.srv
-- Up-to-date: /home/fra/ros2_master_ws/install/linkattacher_msgs/share/linkattacher_msgs/srv/DetachLink_Request.msg
-- Up-to-date: /home/fra/ros2_master_ws/install/linkattacher_msgs/share/linkattacher_msgs/srv/DetachLink_Response.msg
-- Up-to-date: /home/fra/ros2_master_ws/install/linkattacher_msgs/share/ament_index/resource_index/package_run_dependencies/linkattacher_msgs
-- Installing: /home/fra/ros2_master_ws/install/linkattacher_msgs/share/ament_index/resource_index/parent_prefix_path/linkattacher_msgs
-- Installing: /home/fra/ros2_master_ws/install/linkattacher_msgs/share/linkattacher_msgs/environment/ament_prefix_path.sh
-- Installing: /home/fra/ros2_master_ws/install/linkattacher_msgs/share/linkattacher_msgs/environment/ament_prefix_path.dsv
-- Installing: /home/fra/ros2_master_ws/install/linkattacher_msgs/share/linkattacher_msgs/environment/path.sh
-- Installing: /home/fra/ros2_master_ws/install/linkattacher_msgs/share/linkattacher_msgs/environment/path.dsv
-- Up-to-date: /home/fra/ros2_master_ws/install/linkattacher_msgs/share/linkattacher_msgs/local_setup.bash
-- Up-to-date: /home/fra/ros2_master_ws/install/linkattacher_msgs/share/linkattacher_msgs/local_setup.sh
-- Up-to-date: /home/fra/ros2_master_ws/install/linkattacher_msgs/share/linkattacher_msgs/local_setup.zsh
-- Installing: /home/fra/ros2_master_ws/install/linkattacher_msgs/share/linkattacher_msgs/local_setup.dsv
-- Installing: /home/fra/ros2_master_ws/install/linkattacher_msgs/share/linkattacher_msgs/package.dsv
-- Up-to-date: /home/fra/ros2_master_ws/install/linkattacher_msgs/share/ament_index/resource_index/packages/linkattacher_msgs
-- Up-to-date: /home/fra/ros2_master_ws/install/linkattacher_msgs/share/linkattacher_msgs/cmake/export_linkattacher_msgs__rosidl_generator_cExport.cmake
-- Up-to-date: /home/fra/ros2_master_ws/install/linkattacher_msgs/share/linkattacher_msgs/cmake/export_linkattacher_msgs__rosidl_generator_cExport-noconfig.cmake
-- Up-to-date: /home/fra/ros2_master_ws/install/linkattacher_msgs/share/linkattacher_msgs/cmake/export_linkattacher_msgs__rosidl_typesupport_fastrtps_cExport.cmake
-- Up-to-date: /home/fra/ros2_master_ws/install/linkattacher_msgs/share/linkattacher_msgs/cmake/export_linkattacher_msgs__rosidl_typesupport_fastrtps_cExport-noconfig.cmake
-- Up-to-date: /home/fra/ros2_master_ws/install/linkattacher_msgs/share/linkattacher_msgs/cmake/linkattacher_msgs__rosidl_typesupport_introspection_cExport.cmake
-- Up-to-date: /home/fra/ros2_master_ws/install/linkattacher_msgs/share/linkattacher_msgs/cmake/linkattacher_msgs__rosidl_typesupport_introspection_cExport-noconfig.cmake
-- Up-to-date: /home/fra/ros2_master_ws/install/linkattacher_msgs/share/linkattacher_msgs/cmake/linkattacher_msgs__rosidl_typesupport_cExport.cmake
-- Up-to-date: /home/fra/ros2_master_ws/install/linkattacher_msgs/share/linkattacher_msgs/cmake/linkattacher_msgs__rosidl_typesupport_cExport-noconfig.cmake
-- Up-to-date: /home/fra/ros2_master_ws/install/linkattacher_msgs/share/linkattacher_msgs/cmake/export_linkattacher_msgs__rosidl_generator_cppExport.cmake
-- Up-to-date: /home/fra/ros2_master_ws/install/linkattacher_msgs/share/linkattacher_msgs/cmake/export_linkattacher_msgs__rosidl_typesupport_fastrtps_cppExport.cmake
-- Up-to-date: /home/fra/ros2_master_ws/install/linkattacher_msgs/share/linkattacher_msgs/cmake/export_linkattacher_msgs__rosidl_typesupport_fastrtps_cppExport-noconfig.cmake
-- Up-to-date: /home/fra/ros2_master_ws/install/linkattacher_msgs/share/linkattacher_msgs/cmake/linkattacher_msgs__rosidl_typesupport_introspection_cppExport.cmake
-- Up-to-date: /home/fra/ros2_master_ws/install/linkattacher_msgs/share/linkattacher_msgs/cmake/linkattacher_msgs__rosidl_typesupport_introspection_cppExport-noconfig.cmake
-- Up-to-date: /home/fra/ros2_master_ws/install/linkattacher_msgs/share/linkattacher_msgs/cmake/linkattacher_msgs__rosidl_typesupport_cppExport.cmake
-- Up-to-date: /home/fra/ros2_master_ws/install/linkattacher_msgs/share/linkattacher_msgs/cmake/linkattacher_msgs__rosidl_typesupport_cppExport-noconfig.cmake
-- Up-to-date: /home/fra/ros2_master_ws/install/linkattacher_msgs/share/linkattacher_msgs/cmake/export_linkattacher_msgs__rosidl_generator_pyExport.cmake
-- Up-to-date: /home/fra/ros2_master_ws/install/linkattacher_msgs/share/linkattacher_msgs/cmake/export_linkattacher_msgs__rosidl_generator_pyExport-noconfig.cmake
-- Up-to-date: /home/fra/ros2_master_ws/install/linkattacher_msgs/share/linkattacher_msgs/cmake/rosidl_cmake-extras.cmake
-- Up-to-date: /home/fra/ros2_master_ws/install/linkattacher_msgs/share/linkattacher_msgs/cmake/ament_cmake_export_include_directories-extras.cmake
-- Up-to-date: /home/fra/ros2_master_ws/install/linkattacher_msgs/share/linkattacher_msgs/cmake/ament_cmake_export_libraries-extras.cmake
-- Up-to-date: /home/fra/ros2_master_ws/install/linkattacher_msgs/share/linkattacher_msgs/cmake/ament_cmake_export_targets-extras.cmake
-- Up-to-date: /home/fra/ros2_master_ws/install/linkattacher_msgs/share/linkattacher_msgs/cmake/rosidl_cmake_export_typesupport_targets-extras.cmake
-- Up-to-date: /home/fra/ros2_master_ws/install/linkattacher_msgs/share/linkattacher_msgs/cmake/ament_cmake_export_dependencies-extras.cmake
-- Up-to-date: /home/fra/ros2_master_ws/install/linkattacher_msgs/share/linkattacher_msgs/cmake/rosidl_cmake_export_typesupport_libraries-extras.cmake
-- Up-to-date: /home/fra/ros2_master_ws/install/linkattacher_msgs/share/linkattacher_msgs/cmake/linkattacher_msgsConfig.cmake
-- Up-to-date: /home/fra/ros2_master_ws/install/linkattacher_msgs/share/linkattacher_msgs/cmake/linkattacher_msgsConfig-version.cmake
-- Installing: /home/fra/ros2_master_ws/install/linkattacher_msgs/share/linkattacher_msgs/package.xml
