[0.015s] Invoking command in '/home/fra/ros2_master_ws/build/ind_environment': CMAKE_PREFIX_PATH=${CMAKE_PREFIX_PATH}:/opt/ros/humble /usr/bin/cmake --build /home/fra/ros2_master_ws/build/ind_environment -- -j16 -l16
[0.044s] -- Found ament_cmake: 1.3.11 (/opt/ros/humble/share/ament_cmake/cmake)
[0.140s] -- Override CMake install command with custom implementation using symlinks instead of copying resources
[0.147s] -- Found ament_lint_auto: 0.12.12 (/opt/ros/humble/share/ament_lint_auto/cmake)
[0.203s] -- Added test 'lint_cmake' to check CMake code style
[0.205s] -- Added test 'xmllint' to check XML markup files
[0.206s] -- Configuring done
[0.210s] -- Generating done
[0.211s] -- Build files have been written to: /home/fra/ros2_master_ws/build/ind_environment
[0.239s] Invoked command in '/home/fra/ros2_master_ws/build/ind_environment' returned '0': CMAKE_PREFIX_PATH=${CMAKE_PREFIX_PATH}:/opt/ros/humble /usr/bin/cmake --build /home/fra/ros2_master_ws/build/ind_environment -- -j16 -l16
[0.250s] Invoking command in '/home/fra/ros2_master_ws/build/ind_environment': CMAKE_PREFIX_PATH=${CMAKE_PREFIX_PATH}:/opt/ros/humble /usr/bin/cmake --install /home/fra/ros2_master_ws/build/ind_environment
[0.257s] -- Install configuration: ""
[0.257s] -- Execute custom install script
[0.258s] -- Up-to-date symlink: /home/fra/ros2_master_ws/install/ind_environment/share/ind_environment/models/conveyor/model.config
[0.258s] -- Up-to-date symlink: /home/fra/ros2_master_ws/install/ind_environment/share/ind_environment/models/conveyor/model.sdf
[0.258s] -- Up-to-date symlink: /home/fra/ros2_master_ws/install/ind_environment/share/ind_environment/models/object/model.config
[0.258s] -- Up-to-date symlink: /home/fra/ros2_master_ws/install/ind_environment/share/ind_environment/models/object/model.sdf
[0.258s] -- Up-to-date symlink: /home/fra/ros2_master_ws/install/ind_environment/share/ind_environment/models/red_cube/model.config
[0.258s] -- Up-to-date symlink: /home/fra/ros2_master_ws/install/ind_environment/share/ind_environment/models/red_cube/model.sdf
[0.258s] -- Up-to-date symlink: /home/fra/ros2_master_ws/install/ind_environment/share/ind_environment/models/support/model.config
[0.258s] -- Up-to-date symlink: /home/fra/ros2_master_ws/install/ind_environment/share/ind_environment/models/support/model.sdf
[0.258s] -- Up-to-date symlink: /home/fra/ros2_master_ws/install/ind_environment/share/ind_environment/worlds/pick_and_place_workplace.world
[0.259s] -- Up-to-date symlink: /home/fra/ros2_master_ws/install/ind_environment/share/ind_environment/worlds/pick_and_place_workplace_red_cube.world
[0.259s] -- Up-to-date symlink: /home/fra/ros2_master_ws/install/ind_environment/share/ament_index/resource_index/package_run_dependencies/ind_environment
[0.259s] -- Up-to-date symlink: /home/fra/ros2_master_ws/install/ind_environment/share/ament_index/resource_index/parent_prefix_path/ind_environment
[0.259s] -- Up-to-date symlink: /home/fra/ros2_master_ws/install/ind_environment/share/ind_environment/environment/ament_prefix_path.sh
[0.259s] -- Up-to-date symlink: /home/fra/ros2_master_ws/install/ind_environment/share/ind_environment/environment/ament_prefix_path.dsv
[0.259s] -- Up-to-date symlink: /home/fra/ros2_master_ws/install/ind_environment/share/ind_environment/environment/path.sh
[0.259s] -- Up-to-date symlink: /home/fra/ros2_master_ws/install/ind_environment/share/ind_environment/environment/path.dsv
[0.259s] -- Up-to-date symlink: /home/fra/ros2_master_ws/install/ind_environment/share/ind_environment/local_setup.bash
[0.259s] -- Up-to-date symlink: /home/fra/ros2_master_ws/install/ind_environment/share/ind_environment/local_setup.sh
[0.259s] -- Up-to-date symlink: /home/fra/ros2_master_ws/install/ind_environment/share/ind_environment/local_setup.zsh
[0.259s] -- Up-to-date symlink: /home/fra/ros2_master_ws/install/ind_environment/share/ind_environment/local_setup.dsv
[0.260s] -- Symlinking: /home/fra/ros2_master_ws/install/ind_environment/share/ind_environment/package.dsv
[0.270s] -- Up-to-date symlink: /home/fra/ros2_master_ws/install/ind_environment/share/ament_index/resource_index/packages/ind_environment
[0.270s] -- Up-to-date symlink: /home/fra/ros2_master_ws/install/ind_environment/share/ind_environment/cmake/ind_environmentConfig.cmake
[0.270s] -- Up-to-date symlink: /home/fra/ros2_master_ws/install/ind_environment/share/ind_environment/cmake/ind_environmentConfig-version.cmake
[0.270s] -- Up-to-date symlink: /home/fra/ros2_master_ws/install/ind_environment/share/ind_environment/package.xml
[0.273s] Invoked command in '/home/fra/ros2_master_ws/build/ind_environment' returned '0': CMAKE_PREFIX_PATH=${CMAKE_PREFIX_PATH}:/opt/ros/humble /usr/bin/cmake --install /home/fra/ros2_master_ws/build/ind_environment
