[0.041s] Invoking command in '/home/fra/ros2_master_ws/build/linkattacher_msgs': CMAKE_PREFIX_PATH=${CMAKE_PREFIX_PATH}:/opt/ros/humble /usr/bin/cmake /home/fra/ros2_master_ws/src/IFRA_LinkAttacher/linkattacher_msgs -DCMAKE_INSTALL_PREFIX=/home/fra/ros2_master_ws/install/linkattacher_msgs
[0.174s] -- The C compiler identification is GNU 11.4.0
[0.269s] -- The CXX compiler identification is GNU 11.4.0
[0.276s] -- Detecting C compiler ABI info
[0.336s] -- Detecting C compiler ABI info - done
[0.344s] -- Check for working C compiler: /usr/bin/cc - skipped
[0.344s] -- Detecting C compile features
[0.345s] -- Detecting C compile features - done
[0.357s] -- Detecting CXX compiler ABI info
[0.426s] -- Detecting CXX compiler ABI info - done
[0.434s] -- Check for working CXX compiler: /usr/bin/c++ - skipped
[0.434s] -- Detecting CXX compile features
[0.434s] -- Detecting CXX compile features - done
[0.439s] -- Found ament_cmake: 1.3.11 (/opt/ros/humble/share/ament_cmake/cmake)
[0.811s] -- Found Python3: /usr/bin/python3 (found version "3.10.12") found components: Interpreter 
[0.923s] -- Found ament_lint_auto: 0.12.12 (/opt/ros/humble/share/ament_lint_auto/cmake)
[1.032s] -- Found rosidl_default_generators: 1.2.0 (/opt/ros/humble/share/rosidl_default_generators/cmake)
[1.036s] -- Using all available rosidl_typesupport_c: rosidl_typesupport_fastrtps_c;rosidl_typesupport_introspection_c
[1.043s] -- Found rosidl_adapter: 3.1.6 (/opt/ros/humble/share/rosidl_adapter/cmake)
[1.087s] -- Using all available rosidl_typesupport_cpp: rosidl_typesupport_fastrtps_cpp;rosidl_typesupport_introspection_cpp
[1.349s] -- Found ament_cmake_ros: 0.10.0 (/opt/ros/humble/share/ament_cmake_ros/cmake)
[1.547s] -- Using all available rosidl_typesupport_c: rosidl_typesupport_fastrtps_c;rosidl_typesupport_introspection_c
[1.783s] -- Using all available rosidl_typesupport_cpp: rosidl_typesupport_fastrtps_cpp;rosidl_typesupport_introspection_cpp
[1.806s] -- Found PythonInterp: /usr/bin/python3 (found suitable version "3.10.12", minimum required is "3.6") 
[1.810s] -- Found python_cmake_module: 0.10.0 (/opt/ros/humble/share/python_cmake_module/cmake)
[1.837s] -- Found PythonLibs: /usr/lib/x86_64-linux-gnu/libpython3.10.so (found suitable version "3.10.12", minimum required is "3.5") 
[1.838s] -- Using PYTHON_EXECUTABLE: /usr/bin/python3
[1.838s] -- Using PYTHON_INCLUDE_DIRS: /usr/include/python3.10
[1.838s] -- Using PYTHON_LIBRARIES: /usr/lib/x86_64-linux-gnu/libpython3.10.so
[1.861s] -- Found PythonExtra: .so  
[1.896s] -- Added test 'copyright' to check source files copyright and LICENSE
[1.898s] -- Added test 'lint_cmake' to check CMake code style
[1.898s] -- Added test 'xmllint' to check XML markup files
[1.904s] -- Configuring done
[1.933s] -- Generating done
[1.947s] -- Build files have been written to: /home/fra/ros2_master_ws/build/linkattacher_msgs
[1.951s] Invoked command in '/home/fra/ros2_master_ws/build/linkattacher_msgs' returned '0': CMAKE_PREFIX_PATH=${CMAKE_PREFIX_PATH}:/opt/ros/humble /usr/bin/cmake /home/fra/ros2_master_ws/src/IFRA_LinkAttacher/linkattacher_msgs -DCMAKE_INSTALL_PREFIX=/home/fra/ros2_master_ws/install/linkattacher_msgs
[1.953s] Invoking command in '/home/fra/ros2_master_ws/build/linkattacher_msgs': CMAKE_PREFIX_PATH=${CMAKE_PREFIX_PATH}:/opt/ros/humble /usr/bin/cmake --build /home/fra/ros2_master_ws/build/linkattacher_msgs -- -j12 -l12
[1.996s] [  2%] [34m[1mGenerating C++ code for ROS interfaces[0m
[1.998s] [  5%] [34m[1mGenerating C code for ROS interfaces[0m
[2.014s] [  5%] Built target ament_cmake_python_copy_linkattacher_msgs
[2.323s] running egg_info
[2.349s] creating linkattacher_msgs.egg-info
[2.349s] writing linkattacher_msgs.egg-info/PKG-INFO
[2.350s] writing dependency_links to linkattacher_msgs.egg-info/dependency_links.txt
[2.350s] writing top-level names to linkattacher_msgs.egg-info/top_level.txt
[2.351s] writing manifest file 'linkattacher_msgs.egg-info/SOURCES.txt'
[2.444s] reading manifest file 'linkattacher_msgs.egg-info/SOURCES.txt'
[2.444s] writing manifest file 'linkattacher_msgs.egg-info/SOURCES.txt'
[2.479s] [  5%] Built target ament_cmake_python_build_linkattacher_msgs_egg
[2.645s] [  5%] Built target linkattacher_msgs__cpp
[2.660s] [  7%] [34m[1mGenerating C++ type support for eProsima Fast-RTPS[0m
[2.664s] [ 10%] [34m[1mGenerating C++ introspection for ROS interfaces[0m
[2.665s] [ 12%] [34m[1mGenerating C++ type support dispatch for ROS interfaces[0m
[2.734s] [ 17%] [32mBuilding C object CMakeFiles/linkattacher_msgs__rosidl_generator_c.dir/rosidl_generator_c/linkattacher_msgs/srv/detail/attach_link__functions.c.o[0m
[2.734s] [ 17%] [32mBuilding C object CMakeFiles/linkattacher_msgs__rosidl_generator_c.dir/rosidl_generator_c/linkattacher_msgs/srv/detail/detach_link__functions.c.o[0m
[2.844s] [ 20%] [32m[1mLinking C shared library liblinkattacher_msgs__rosidl_generator_c.so[0m
[2.897s] [ 20%] Built target linkattacher_msgs__rosidl_generator_c
[2.911s] [ 23%] [34m[1mGenerating C type support for eProsima Fast-RTPS[0m
[2.912s] [ 25%] [34m[1mGenerating C introspection for ROS interfaces[0m
[2.919s] [ 28%] [34m[1mGenerating C type support dispatch for ROS interfaces[0m
[3.255s] [ 30%] [32mBuilding CXX object CMakeFiles/linkattacher_msgs__rosidl_typesupport_cpp.dir/rosidl_typesupport_cpp/linkattacher_msgs/srv/attach_link__type_support.cpp.o[0m
[3.257s] [ 33%] [32mBuilding CXX object CMakeFiles/linkattacher_msgs__rosidl_typesupport_cpp.dir/rosidl_typesupport_cpp/linkattacher_msgs/srv/detach_link__type_support.cpp.o[0m
[3.316s] [ 35%] [32mBuilding CXX object CMakeFiles/linkattacher_msgs__rosidl_typesupport_fastrtps_cpp.dir/rosidl_typesupport_fastrtps_cpp/linkattacher_msgs/srv/detail/dds_fastrtps/attach_link__type_support.cpp.o[0m
[3.328s] [ 38%] [32mBuilding CXX object CMakeFiles/linkattacher_msgs__rosidl_typesupport_fastrtps_cpp.dir/rosidl_typesupport_fastrtps_cpp/linkattacher_msgs/srv/detail/dds_fastrtps/detach_link__type_support.cpp.o[0m
[3.576s] [ 41%] [32mBuilding C object CMakeFiles/linkattacher_msgs__rosidl_typesupport_introspection_c.dir/rosidl_typesupport_introspection_c/linkattacher_msgs/srv/detail/attach_link__type_support.c.o[0m
[3.578s] [ 43%] [32mBuilding C object CMakeFiles/linkattacher_msgs__rosidl_typesupport_introspection_c.dir/rosidl_typesupport_introspection_c/linkattacher_msgs/srv/detail/detach_link__type_support.c.o[0m
[3.600s] [ 46%] [32mBuilding CXX object CMakeFiles/linkattacher_msgs__rosidl_typesupport_introspection_cpp.dir/rosidl_typesupport_introspection_cpp/linkattacher_msgs/srv/detail/detach_link__type_support.cpp.o[0m
[3.600s] [ 48%] [32mBuilding CXX object CMakeFiles/linkattacher_msgs__rosidl_typesupport_introspection_cpp.dir/rosidl_typesupport_introspection_cpp/linkattacher_msgs/srv/detail/attach_link__type_support.cpp.o[0m
[3.653s] [ 51%] [32mBuilding CXX object CMakeFiles/linkattacher_msgs__rosidl_typesupport_c.dir/rosidl_typesupport_c/linkattacher_msgs/srv/detach_link__type_support.cpp.o[0m
[3.660s] [ 53%] [32mBuilding CXX object CMakeFiles/linkattacher_msgs__rosidl_typesupport_c.dir/rosidl_typesupport_c/linkattacher_msgs/srv/attach_link__type_support.cpp.o[0m
[3.671s] [ 56%] [32m[1mLinking C shared library liblinkattacher_msgs__rosidl_typesupport_introspection_c.so[0m
[3.712s] [ 58%] [32m[1mLinking CXX shared library liblinkattacher_msgs__rosidl_typesupport_c.so[0m
[3.742s] [ 58%] Built target linkattacher_msgs__rosidl_typesupport_introspection_c
[3.763s] [ 58%] Built target linkattacher_msgs__rosidl_typesupport_c
[3.798s] [ 61%] [32m[1mLinking CXX shared library liblinkattacher_msgs__rosidl_typesupport_cpp.so[0m
[3.854s] [ 61%] Built target linkattacher_msgs__rosidl_typesupport_cpp
[3.931s] [ 64%] [32mBuilding CXX object CMakeFiles/linkattacher_msgs__rosidl_typesupport_fastrtps_c.dir/rosidl_typesupport_fastrtps_c/linkattacher_msgs/srv/detail/attach_link__type_support_c.cpp.o[0m
[3.941s] [ 66%] [32mBuilding CXX object CMakeFiles/linkattacher_msgs__rosidl_typesupport_fastrtps_c.dir/rosidl_typesupport_fastrtps_c/linkattacher_msgs/srv/detail/detach_link__type_support_c.cpp.o[0m
[4.103s] [ 69%] [32m[1mLinking CXX shared library liblinkattacher_msgs__rosidl_typesupport_fastrtps_cpp.so[0m
[4.163s] [ 71%] [32m[1mLinking CXX shared library liblinkattacher_msgs__rosidl_typesupport_introspection_cpp.so[0m
[4.244s] [ 71%] Built target linkattacher_msgs__rosidl_typesupport_fastrtps_cpp
[4.259s] [ 71%] Built target linkattacher_msgs__rosidl_typesupport_introspection_cpp
[4.425s] [ 74%] [32m[1mLinking CXX shared library liblinkattacher_msgs__rosidl_typesupport_fastrtps_c.so[0m
[4.501s] [ 74%] Built target linkattacher_msgs__rosidl_typesupport_fastrtps_c
[4.522s] [ 74%] Built target linkattacher_msgs
[4.541s] [ 76%] [34m[1mGenerating Python code for ROS interfaces[0m
[5.441s] [ 76%] Built target linkattacher_msgs__py
[5.461s] [ 79%] [32mBuilding C object CMakeFiles/linkattacher_msgs__rosidl_generator_py.dir/rosidl_generator_py/linkattacher_msgs/srv/_attach_link_s.c.o[0m
[5.464s] [ 82%] [32mBuilding C object CMakeFiles/linkattacher_msgs__rosidl_generator_py.dir/rosidl_generator_py/linkattacher_msgs/srv/_detach_link_s.c.o[0m
[5.609s] [ 84%] [32m[1mLinking C shared library rosidl_generator_py/linkattacher_msgs/liblinkattacher_msgs__rosidl_generator_py.so[0m
[5.641s] [ 84%] Built target linkattacher_msgs__rosidl_generator_py
[5.662s] [ 87%] [32mBuilding C object CMakeFiles/linkattacher_msgs__rosidl_typesupport_fastrtps_c__pyext.dir/rosidl_generator_py/linkattacher_msgs/_linkattacher_msgs_s.ep.rosidl_typesupport_fastrtps_c.c.o[0m
[5.676s] [ 89%] [32mBuilding C object CMakeFiles/linkattacher_msgs__rosidl_typesupport_introspection_c__pyext.dir/rosidl_generator_py/linkattacher_msgs/_linkattacher_msgs_s.ep.rosidl_typesupport_introspection_c.c.o[0m
[5.677s] [ 92%] [32mBuilding C object CMakeFiles/linkattacher_msgs__rosidl_typesupport_c__pyext.dir/rosidl_generator_py/linkattacher_msgs/_linkattacher_msgs_s.ep.rosidl_typesupport_c.c.o[0m
[5.781s] [ 94%] [32m[1mLinking C shared library rosidl_generator_py/linkattacher_msgs/linkattacher_msgs_s__rosidl_typesupport_fastrtps_c.cpython-310-x86_64-linux-gnu.so[0m
[5.789s] [100%] [32m[1mLinking C shared library rosidl_generator_py/linkattacher_msgs/linkattacher_msgs_s__rosidl_typesupport_c.cpython-310-x86_64-linux-gnu.so[0m
[5.791s] [100%] [32m[1mLinking C shared library rosidl_generator_py/linkattacher_msgs/linkattacher_msgs_s__rosidl_typesupport_introspection_c.cpython-310-x86_64-linux-gnu.so[0m
[5.826s] [100%] Built target linkattacher_msgs__rosidl_typesupport_fastrtps_c__pyext
[5.836s] [100%] Built target linkattacher_msgs__rosidl_typesupport_c__pyext
[5.836s] [100%] Built target linkattacher_msgs__rosidl_typesupport_introspection_c__pyext
[5.849s] Invoked command in '/home/fra/ros2_master_ws/build/linkattacher_msgs' returned '0': CMAKE_PREFIX_PATH=${CMAKE_PREFIX_PATH}:/opt/ros/humble /usr/bin/cmake --build /home/fra/ros2_master_ws/build/linkattacher_msgs -- -j12 -l12
[5.850s] Invoking command in '/home/fra/ros2_master_ws/build/linkattacher_msgs': CMAKE_PREFIX_PATH=${CMAKE_PREFIX_PATH}:/opt/ros/humble /usr/bin/cmake --install /home/fra/ros2_master_ws/build/linkattacher_msgs
[5.861s] -- Install configuration: ""
[5.861s] -- Installing: /home/fra/ros2_master_ws/install/linkattacher_msgs/share/linkattacher_msgs/srv
[5.861s] -- Installing: /home/fra/ros2_master_ws/install/linkattacher_msgs/share/linkattacher_msgs/srv/AttachLink.srv
[5.861s] -- Installing: /home/fra/ros2_master_ws/install/linkattacher_msgs/share/linkattacher_msgs/srv/DetachLink.srv
[5.861s] -- Installing: /home/fra/ros2_master_ws/install/linkattacher_msgs/share/ament_index/resource_index/rosidl_interfaces/linkattacher_msgs
[5.861s] -- Installing: /home/fra/ros2_master_ws/install/linkattacher_msgs/include/linkattacher_msgs/linkattacher_msgs
[5.861s] -- Installing: /home/fra/ros2_master_ws/install/linkattacher_msgs/include/linkattacher_msgs/linkattacher_msgs/msg
[5.862s] -- Installing: /home/fra/ros2_master_ws/install/linkattacher_msgs/include/linkattacher_msgs/linkattacher_msgs/msg/rosidl_generator_c__visibility_control.h
[5.862s] -- Installing: /home/fra/ros2_master_ws/install/linkattacher_msgs/include/linkattacher_msgs/linkattacher_msgs/srv
[5.862s] -- Installing: /home/fra/ros2_master_ws/install/linkattacher_msgs/include/linkattacher_msgs/linkattacher_msgs/srv/detach_link.h
[5.862s] -- Installing: /home/fra/ros2_master_ws/install/linkattacher_msgs/include/linkattacher_msgs/linkattacher_msgs/srv/attach_link.h
[5.862s] -- Installing: /home/fra/ros2_master_ws/install/linkattacher_msgs/include/linkattacher_msgs/linkattacher_msgs/srv/detail
[5.862s] -- Installing: /home/fra/ros2_master_ws/install/linkattacher_msgs/include/linkattacher_msgs/linkattacher_msgs/srv/detail/attach_link__struct.h
[5.862s] -- Installing: /home/fra/ros2_master_ws/install/linkattacher_msgs/include/linkattacher_msgs/linkattacher_msgs/srv/detail/attach_link__functions.c
[5.862s] -- Installing: /home/fra/ros2_master_ws/install/linkattacher_msgs/include/linkattacher_msgs/linkattacher_msgs/srv/detail/attach_link__type_support.h
[5.862s] -- Installing: /home/fra/ros2_master_ws/install/linkattacher_msgs/include/linkattacher_msgs/linkattacher_msgs/srv/detail/detach_link__struct.h
[5.862s] -- Installing: /home/fra/ros2_master_ws/install/linkattacher_msgs/include/linkattacher_msgs/linkattacher_msgs/srv/detail/detach_link__type_support.h
[5.862s] -- Installing: /home/fra/ros2_master_ws/install/linkattacher_msgs/include/linkattacher_msgs/linkattacher_msgs/srv/detail/attach_link__functions.h
[5.862s] -- Installing: /home/fra/ros2_master_ws/install/linkattacher_msgs/include/linkattacher_msgs/linkattacher_msgs/srv/detail/detach_link__functions.c
[5.863s] -- Installing: /home/fra/ros2_master_ws/install/linkattacher_msgs/include/linkattacher_msgs/linkattacher_msgs/srv/detail/detach_link__functions.h
[5.863s] -- Installing: /home/fra/ros2_master_ws/install/linkattacher_msgs/share/linkattacher_msgs/environment/library_path.sh
[5.863s] -- Installing: /home/fra/ros2_master_ws/install/linkattacher_msgs/share/linkattacher_msgs/environment/library_path.dsv
[5.863s] -- Installing: /home/fra/ros2_master_ws/install/linkattacher_msgs/lib/liblinkattacher_msgs__rosidl_generator_c.so
[5.863s] -- Set runtime path of "/home/fra/ros2_master_ws/install/linkattacher_msgs/lib/liblinkattacher_msgs__rosidl_generator_c.so" to ""
[5.863s] -- Up-to-date: /home/fra/ros2_master_ws/install/linkattacher_msgs/include/linkattacher_msgs/linkattacher_msgs
[5.863s] -- Up-to-date: /home/fra/ros2_master_ws/install/linkattacher_msgs/include/linkattacher_msgs/linkattacher_msgs/msg
[5.863s] -- Installing: /home/fra/ros2_master_ws/install/linkattacher_msgs/include/linkattacher_msgs/linkattacher_msgs/msg/rosidl_typesupport_fastrtps_c__visibility_control.h
[5.863s] -- Up-to-date: /home/fra/ros2_master_ws/install/linkattacher_msgs/include/linkattacher_msgs/linkattacher_msgs/srv
[5.863s] -- Up-to-date: /home/fra/ros2_master_ws/install/linkattacher_msgs/include/linkattacher_msgs/linkattacher_msgs/srv/detail
[5.863s] -- Installing: /home/fra/ros2_master_ws/install/linkattacher_msgs/include/linkattacher_msgs/linkattacher_msgs/srv/detail/detach_link__rosidl_typesupport_fastrtps_c.h
[5.864s] -- Installing: /home/fra/ros2_master_ws/install/linkattacher_msgs/include/linkattacher_msgs/linkattacher_msgs/srv/detail/attach_link__rosidl_typesupport_fastrtps_c.h
[5.864s] -- Installing: /home/fra/ros2_master_ws/install/linkattacher_msgs/lib/liblinkattacher_msgs__rosidl_typesupport_fastrtps_c.so
[5.864s] -- Set runtime path of "/home/fra/ros2_master_ws/install/linkattacher_msgs/lib/liblinkattacher_msgs__rosidl_typesupport_fastrtps_c.so" to ""
[5.864s] -- Up-to-date: /home/fra/ros2_master_ws/install/linkattacher_msgs/include/linkattacher_msgs/linkattacher_msgs
[5.864s] -- Up-to-date: /home/fra/ros2_master_ws/install/linkattacher_msgs/include/linkattacher_msgs/linkattacher_msgs/msg
[5.864s] -- Installing: /home/fra/ros2_master_ws/install/linkattacher_msgs/include/linkattacher_msgs/linkattacher_msgs/msg/rosidl_typesupport_introspection_c__visibility_control.h
[5.864s] -- Up-to-date: /home/fra/ros2_master_ws/install/linkattacher_msgs/include/linkattacher_msgs/linkattacher_msgs/srv
[5.864s] -- Up-to-date: /home/fra/ros2_master_ws/install/linkattacher_msgs/include/linkattacher_msgs/linkattacher_msgs/srv/detail
[5.864s] -- Installing: /home/fra/ros2_master_ws/install/linkattacher_msgs/include/linkattacher_msgs/linkattacher_msgs/srv/detail/attach_link__type_support.c
[5.864s] -- Installing: /home/fra/ros2_master_ws/install/linkattacher_msgs/include/linkattacher_msgs/linkattacher_msgs/srv/detail/detach_link__type_support.c
[5.864s] -- Installing: /home/fra/ros2_master_ws/install/linkattacher_msgs/include/linkattacher_msgs/linkattacher_msgs/srv/detail/detach_link__rosidl_typesupport_introspection_c.h
[5.868s] -- Installing: /home/fra/ros2_master_ws/install/linkattacher_msgs/include/linkattacher_msgs/linkattacher_msgs/srv/detail/attach_link__rosidl_typesupport_introspection_c.h
[5.868s] -- Installing: /home/fra/ros2_master_ws/install/linkattacher_msgs/lib/liblinkattacher_msgs__rosidl_typesupport_introspection_c.so
[5.868s] -- Set runtime path of "/home/fra/ros2_master_ws/install/linkattacher_msgs/lib/liblinkattacher_msgs__rosidl_typesupport_introspection_c.so" to ""
[5.868s] -- Installing: /home/fra/ros2_master_ws/install/linkattacher_msgs/lib/liblinkattacher_msgs__rosidl_typesupport_c.so
[5.868s] -- Set runtime path of "/home/fra/ros2_master_ws/install/linkattacher_msgs/lib/liblinkattacher_msgs__rosidl_typesupport_c.so" to ""
[5.868s] -- Up-to-date: /home/fra/ros2_master_ws/install/linkattacher_msgs/include/linkattacher_msgs/linkattacher_msgs
[5.868s] -- Up-to-date: /home/fra/ros2_master_ws/install/linkattacher_msgs/include/linkattacher_msgs/linkattacher_msgs/msg
[5.869s] -- Installing: /home/fra/ros2_master_ws/install/linkattacher_msgs/include/linkattacher_msgs/linkattacher_msgs/msg/rosidl_generator_cpp__visibility_control.hpp
[5.869s] -- Up-to-date: /home/fra/ros2_master_ws/install/linkattacher_msgs/include/linkattacher_msgs/linkattacher_msgs/srv
[5.869s] -- Installing: /home/fra/ros2_master_ws/install/linkattacher_msgs/include/linkattacher_msgs/linkattacher_msgs/srv/attach_link.hpp
[5.869s] -- Installing: /home/fra/ros2_master_ws/install/linkattacher_msgs/include/linkattacher_msgs/linkattacher_msgs/srv/detach_link.hpp
[5.869s] -- Up-to-date: /home/fra/ros2_master_ws/install/linkattacher_msgs/include/linkattacher_msgs/linkattacher_msgs/srv/detail
[5.869s] -- Installing: /home/fra/ros2_master_ws/install/linkattacher_msgs/include/linkattacher_msgs/linkattacher_msgs/srv/detail/detach_link__builder.hpp
[5.869s] -- Installing: /home/fra/ros2_master_ws/install/linkattacher_msgs/include/linkattacher_msgs/linkattacher_msgs/srv/detail/attach_link__builder.hpp
[5.869s] -- Installing: /home/fra/ros2_master_ws/install/linkattacher_msgs/include/linkattacher_msgs/linkattacher_msgs/srv/detail/attach_link__struct.hpp
[5.869s] -- Installing: /home/fra/ros2_master_ws/install/linkattacher_msgs/include/linkattacher_msgs/linkattacher_msgs/srv/detail/detach_link__struct.hpp
[5.869s] -- Installing: /home/fra/ros2_master_ws/install/linkattacher_msgs/include/linkattacher_msgs/linkattacher_msgs/srv/detail/attach_link__traits.hpp
[5.869s] -- Installing: /home/fra/ros2_master_ws/install/linkattacher_msgs/include/linkattacher_msgs/linkattacher_msgs/srv/detail/attach_link__type_support.hpp
[5.869s] -- Installing: /home/fra/ros2_master_ws/install/linkattacher_msgs/include/linkattacher_msgs/linkattacher_msgs/srv/detail/detach_link__traits.hpp
[5.869s] -- Installing: /home/fra/ros2_master_ws/install/linkattacher_msgs/include/linkattacher_msgs/linkattacher_msgs/srv/detail/detach_link__type_support.hpp
[5.870s] -- Up-to-date: /home/fra/ros2_master_ws/install/linkattacher_msgs/include/linkattacher_msgs/linkattacher_msgs
[5.870s] -- Up-to-date: /home/fra/ros2_master_ws/install/linkattacher_msgs/include/linkattacher_msgs/linkattacher_msgs/msg
[5.870s] -- Installing: /home/fra/ros2_master_ws/install/linkattacher_msgs/include/linkattacher_msgs/linkattacher_msgs/msg/rosidl_typesupport_fastrtps_cpp__visibility_control.h
[5.870s] -- Up-to-date: /home/fra/ros2_master_ws/install/linkattacher_msgs/include/linkattacher_msgs/linkattacher_msgs/srv
[5.870s] -- Up-to-date: /home/fra/ros2_master_ws/install/linkattacher_msgs/include/linkattacher_msgs/linkattacher_msgs/srv/detail
[5.870s] -- Installing: /home/fra/ros2_master_ws/install/linkattacher_msgs/include/linkattacher_msgs/linkattacher_msgs/srv/detail/attach_link__rosidl_typesupport_fastrtps_cpp.hpp
[5.870s] -- Installing: /home/fra/ros2_master_ws/install/linkattacher_msgs/include/linkattacher_msgs/linkattacher_msgs/srv/detail/detach_link__rosidl_typesupport_fastrtps_cpp.hpp
[5.870s] -- Installing: /home/fra/ros2_master_ws/install/linkattacher_msgs/include/linkattacher_msgs/linkattacher_msgs/srv/detail/dds_fastrtps
[5.870s] -- Installing: /home/fra/ros2_master_ws/install/linkattacher_msgs/lib/liblinkattacher_msgs__rosidl_typesupport_fastrtps_cpp.so
[5.870s] -- Set runtime path of "/home/fra/ros2_master_ws/install/linkattacher_msgs/lib/liblinkattacher_msgs__rosidl_typesupport_fastrtps_cpp.so" to ""
[5.870s] -- Up-to-date: /home/fra/ros2_master_ws/install/linkattacher_msgs/include/linkattacher_msgs/linkattacher_msgs
[5.870s] -- Up-to-date: /home/fra/ros2_master_ws/install/linkattacher_msgs/include/linkattacher_msgs/linkattacher_msgs/srv
[5.871s] -- Up-to-date: /home/fra/ros2_master_ws/install/linkattacher_msgs/include/linkattacher_msgs/linkattacher_msgs/srv/detail
[5.871s] -- Installing: /home/fra/ros2_master_ws/install/linkattacher_msgs/include/linkattacher_msgs/linkattacher_msgs/srv/detail/detach_link__rosidl_typesupport_introspection_cpp.hpp
[5.871s] -- Installing: /home/fra/ros2_master_ws/install/linkattacher_msgs/include/linkattacher_msgs/linkattacher_msgs/srv/detail/detach_link__type_support.cpp
[5.871s] -- Installing: /home/fra/ros2_master_ws/install/linkattacher_msgs/include/linkattacher_msgs/linkattacher_msgs/srv/detail/attach_link__rosidl_typesupport_introspection_cpp.hpp
[5.871s] -- Installing: /home/fra/ros2_master_ws/install/linkattacher_msgs/include/linkattacher_msgs/linkattacher_msgs/srv/detail/attach_link__type_support.cpp
[5.871s] -- Installing: /home/fra/ros2_master_ws/install/linkattacher_msgs/lib/liblinkattacher_msgs__rosidl_typesupport_introspection_cpp.so
[5.871s] -- Set runtime path of "/home/fra/ros2_master_ws/install/linkattacher_msgs/lib/liblinkattacher_msgs__rosidl_typesupport_introspection_cpp.so" to ""
[5.871s] -- Installing: /home/fra/ros2_master_ws/install/linkattacher_msgs/lib/liblinkattacher_msgs__rosidl_typesupport_cpp.so
[5.871s] -- Set runtime path of "/home/fra/ros2_master_ws/install/linkattacher_msgs/lib/liblinkattacher_msgs__rosidl_typesupport_cpp.so" to ""
[5.871s] -- Installing: /home/fra/ros2_master_ws/install/linkattacher_msgs/share/linkattacher_msgs/environment/pythonpath.sh
[5.871s] -- Installing: /home/fra/ros2_master_ws/install/linkattacher_msgs/share/linkattacher_msgs/environment/pythonpath.dsv
[5.871s] -- Installing: /home/fra/ros2_master_ws/install/linkattacher_msgs/local/lib/python3.10/dist-packages/linkattacher_msgs-0.0.0-py3.10.egg-info
[5.872s] -- Installing: /home/fra/ros2_master_ws/install/linkattacher_msgs/local/lib/python3.10/dist-packages/linkattacher_msgs-0.0.0-py3.10.egg-info/dependency_links.txt
[5.872s] -- Installing: /home/fra/ros2_master_ws/install/linkattacher_msgs/local/lib/python3.10/dist-packages/linkattacher_msgs-0.0.0-py3.10.egg-info/top_level.txt
[5.873s] -- Installing: /home/fra/ros2_master_ws/install/linkattacher_msgs/local/lib/python3.10/dist-packages/linkattacher_msgs-0.0.0-py3.10.egg-info/PKG-INFO
[5.873s] -- Installing: /home/fra/ros2_master_ws/install/linkattacher_msgs/local/lib/python3.10/dist-packages/linkattacher_msgs-0.0.0-py3.10.egg-info/SOURCES.txt
[5.873s] -- Installing: /home/fra/ros2_master_ws/install/linkattacher_msgs/local/lib/python3.10/dist-packages/linkattacher_msgs
[5.873s] -- Installing: /home/fra/ros2_master_ws/install/linkattacher_msgs/local/lib/python3.10/dist-packages/linkattacher_msgs/linkattacher_msgs_s__rosidl_typesupport_introspection_c.cpython-310-x86_64-linux-gnu.so
[5.873s] -- Installing: /home/fra/ros2_master_ws/install/linkattacher_msgs/local/lib/python3.10/dist-packages/linkattacher_msgs/_linkattacher_msgs_s.ep.rosidl_typesupport_fastrtps_c.c
[5.874s] -- Installing: /home/fra/ros2_master_ws/install/linkattacher_msgs/local/lib/python3.10/dist-packages/linkattacher_msgs/liblinkattacher_msgs__rosidl_generator_py.so
[5.874s] -- Installing: /home/fra/ros2_master_ws/install/linkattacher_msgs/local/lib/python3.10/dist-packages/linkattacher_msgs/_linkattacher_msgs_s.ep.rosidl_typesupport_introspection_c.c
[5.874s] -- Installing: /home/fra/ros2_master_ws/install/linkattacher_msgs/local/lib/python3.10/dist-packages/linkattacher_msgs/srv
[5.874s] -- Installing: /home/fra/ros2_master_ws/install/linkattacher_msgs/local/lib/python3.10/dist-packages/linkattacher_msgs/srv/_attach_link.py
[5.874s] -- Installing: /home/fra/ros2_master_ws/install/linkattacher_msgs/local/lib/python3.10/dist-packages/linkattacher_msgs/srv/_attach_link_s.c
[5.874s] -- Installing: /home/fra/ros2_master_ws/install/linkattacher_msgs/local/lib/python3.10/dist-packages/linkattacher_msgs/srv/_detach_link_s.c
[5.874s] -- Installing: /home/fra/ros2_master_ws/install/linkattacher_msgs/local/lib/python3.10/dist-packages/linkattacher_msgs/srv/__init__.py
[5.874s] -- Installing: /home/fra/ros2_master_ws/install/linkattacher_msgs/local/lib/python3.10/dist-packages/linkattacher_msgs/srv/_detach_link.py
[5.874s] -- Installing: /home/fra/ros2_master_ws/install/linkattacher_msgs/local/lib/python3.10/dist-packages/linkattacher_msgs/_linkattacher_msgs_s.ep.rosidl_typesupport_c.c
[5.874s] -- Installing: /home/fra/ros2_master_ws/install/linkattacher_msgs/local/lib/python3.10/dist-packages/linkattacher_msgs/linkattacher_msgs_s__rosidl_typesupport_fastrtps_c.cpython-310-x86_64-linux-gnu.so
[5.874s] -- Installing: /home/fra/ros2_master_ws/install/linkattacher_msgs/local/lib/python3.10/dist-packages/linkattacher_msgs/__init__.py
[5.874s] -- Installing: /home/fra/ros2_master_ws/install/linkattacher_msgs/local/lib/python3.10/dist-packages/linkattacher_msgs/linkattacher_msgs_s__rosidl_typesupport_c.cpython-310-x86_64-linux-gnu.so
[5.915s] Listing '/home/fra/ros2_master_ws/install/linkattacher_msgs/local/lib/python3.10/dist-packages/linkattacher_msgs'...
[5.915s] Compiling '/home/fra/ros2_master_ws/install/linkattacher_msgs/local/lib/python3.10/dist-packages/linkattacher_msgs/__init__.py'...
[5.915s] Listing '/home/fra/ros2_master_ws/install/linkattacher_msgs/local/lib/python3.10/dist-packages/linkattacher_msgs/srv'...
[5.915s] Compiling '/home/fra/ros2_master_ws/install/linkattacher_msgs/local/lib/python3.10/dist-packages/linkattacher_msgs/srv/__init__.py'...
[5.915s] Compiling '/home/fra/ros2_master_ws/install/linkattacher_msgs/local/lib/python3.10/dist-packages/linkattacher_msgs/srv/_attach_link.py'...
[5.915s] Compiling '/home/fra/ros2_master_ws/install/linkattacher_msgs/local/lib/python3.10/dist-packages/linkattacher_msgs/srv/_detach_link.py'...
[5.917s] -- Installing: /home/fra/ros2_master_ws/install/linkattacher_msgs/local/lib/python3.10/dist-packages/linkattacher_msgs/linkattacher_msgs_s__rosidl_typesupport_fastrtps_c.cpython-310-x86_64-linux-gnu.so
[5.917s] -- Set runtime path of "/home/fra/ros2_master_ws/install/linkattacher_msgs/local/lib/python3.10/dist-packages/linkattacher_msgs/linkattacher_msgs_s__rosidl_typesupport_fastrtps_c.cpython-310-x86_64-linux-gnu.so" to ""
[5.918s] -- Installing: /home/fra/ros2_master_ws/install/linkattacher_msgs/local/lib/python3.10/dist-packages/linkattacher_msgs/linkattacher_msgs_s__rosidl_typesupport_introspection_c.cpython-310-x86_64-linux-gnu.so
[5.918s] -- Set runtime path of "/home/fra/ros2_master_ws/install/linkattacher_msgs/local/lib/python3.10/dist-packages/linkattacher_msgs/linkattacher_msgs_s__rosidl_typesupport_introspection_c.cpython-310-x86_64-linux-gnu.so" to ""
[5.918s] -- Installing: /home/fra/ros2_master_ws/install/linkattacher_msgs/local/lib/python3.10/dist-packages/linkattacher_msgs/linkattacher_msgs_s__rosidl_typesupport_c.cpython-310-x86_64-linux-gnu.so
[5.919s] -- Set runtime path of "/home/fra/ros2_master_ws/install/linkattacher_msgs/local/lib/python3.10/dist-packages/linkattacher_msgs/linkattacher_msgs_s__rosidl_typesupport_c.cpython-310-x86_64-linux-gnu.so" to ""
[5.919s] -- Installing: /home/fra/ros2_master_ws/install/linkattacher_msgs/lib/liblinkattacher_msgs__rosidl_generator_py.so
[5.920s] -- Set runtime path of "/home/fra/ros2_master_ws/install/linkattacher_msgs/lib/liblinkattacher_msgs__rosidl_generator_py.so" to ""
[5.920s] -- Installing: /home/fra/ros2_master_ws/install/linkattacher_msgs/share/linkattacher_msgs/srv/AttachLink.idl
[5.920s] -- Installing: /home/fra/ros2_master_ws/install/linkattacher_msgs/share/linkattacher_msgs/srv/DetachLink.idl
[5.920s] -- Up-to-date: /home/fra/ros2_master_ws/install/linkattacher_msgs/share/linkattacher_msgs/srv/AttachLink.srv
[5.921s] -- Installing: /home/fra/ros2_master_ws/install/linkattacher_msgs/share/linkattacher_msgs/srv/AttachLink_Request.msg
[5.921s] -- Installing: /home/fra/ros2_master_ws/install/linkattacher_msgs/share/linkattacher_msgs/srv/AttachLink_Response.msg
[5.921s] -- Up-to-date: /home/fra/ros2_master_ws/install/linkattacher_msgs/share/linkattacher_msgs/srv/DetachLink.srv
[5.921s] -- Installing: /home/fra/ros2_master_ws/install/linkattacher_msgs/share/linkattacher_msgs/srv/DetachLink_Request.msg
[5.921s] -- Installing: /home/fra/ros2_master_ws/install/linkattacher_msgs/share/linkattacher_msgs/srv/DetachLink_Response.msg
[5.922s] -- Installing: /home/fra/ros2_master_ws/install/linkattacher_msgs/share/ament_index/resource_index/package_run_dependencies/linkattacher_msgs
[5.922s] -- Installing: /home/fra/ros2_master_ws/install/linkattacher_msgs/share/ament_index/resource_index/parent_prefix_path/linkattacher_msgs
[5.922s] -- Installing: /home/fra/ros2_master_ws/install/linkattacher_msgs/share/linkattacher_msgs/environment/ament_prefix_path.sh
[5.923s] -- Installing: /home/fra/ros2_master_ws/install/linkattacher_msgs/share/linkattacher_msgs/environment/ament_prefix_path.dsv
[5.923s] -- Installing: /home/fra/ros2_master_ws/install/linkattacher_msgs/share/linkattacher_msgs/environment/path.sh
[5.923s] -- Installing: /home/fra/ros2_master_ws/install/linkattacher_msgs/share/linkattacher_msgs/environment/path.dsv
[5.923s] -- Installing: /home/fra/ros2_master_ws/install/linkattacher_msgs/share/linkattacher_msgs/local_setup.bash
[5.923s] -- Installing: /home/fra/ros2_master_ws/install/linkattacher_msgs/share/linkattacher_msgs/local_setup.sh
[5.923s] -- Installing: /home/fra/ros2_master_ws/install/linkattacher_msgs/share/linkattacher_msgs/local_setup.zsh
[5.923s] -- Installing: /home/fra/ros2_master_ws/install/linkattacher_msgs/share/linkattacher_msgs/local_setup.dsv
[5.924s] -- Installing: /home/fra/ros2_master_ws/install/linkattacher_msgs/share/linkattacher_msgs/package.dsv
[5.924s] -- Installing: /home/fra/ros2_master_ws/install/linkattacher_msgs/share/ament_index/resource_index/packages/linkattacher_msgs
[5.924s] -- Installing: /home/fra/ros2_master_ws/install/linkattacher_msgs/share/linkattacher_msgs/cmake/export_linkattacher_msgs__rosidl_generator_cExport.cmake
[5.924s] -- Installing: /home/fra/ros2_master_ws/install/linkattacher_msgs/share/linkattacher_msgs/cmake/export_linkattacher_msgs__rosidl_generator_cExport-noconfig.cmake
[5.924s] -- Installing: /home/fra/ros2_master_ws/install/linkattacher_msgs/share/linkattacher_msgs/cmake/export_linkattacher_msgs__rosidl_typesupport_fastrtps_cExport.cmake
[5.924s] -- Installing: /home/fra/ros2_master_ws/install/linkattacher_msgs/share/linkattacher_msgs/cmake/export_linkattacher_msgs__rosidl_typesupport_fastrtps_cExport-noconfig.cmake
[5.925s] -- Installing: /home/fra/ros2_master_ws/install/linkattacher_msgs/share/linkattacher_msgs/cmake/linkattacher_msgs__rosidl_typesupport_introspection_cExport.cmake
[5.928s] -- Installing: /home/fra/ros2_master_ws/install/linkattacher_msgs/share/linkattacher_msgs/cmake/linkattacher_msgs__rosidl_typesupport_introspection_cExport-noconfig.cmake
[5.928s] -- Installing: /home/fra/ros2_master_ws/install/linkattacher_msgs/share/linkattacher_msgs/cmake/linkattacher_msgs__rosidl_typesupport_cExport.cmake
[5.928s] -- Installing: /home/fra/ros2_master_ws/install/linkattacher_msgs/share/linkattacher_msgs/cmake/linkattacher_msgs__rosidl_typesupport_cExport-noconfig.cmake
[5.928s] -- Installing: /home/fra/ros2_master_ws/install/linkattacher_msgs/share/linkattacher_msgs/cmake/export_linkattacher_msgs__rosidl_generator_cppExport.cmake
[5.928s] -- Installing: /home/fra/ros2_master_ws/install/linkattacher_msgs/share/linkattacher_msgs/cmake/export_linkattacher_msgs__rosidl_typesupport_fastrtps_cppExport.cmake
[5.929s] -- Installing: /home/fra/ros2_master_ws/install/linkattacher_msgs/share/linkattacher_msgs/cmake/export_linkattacher_msgs__rosidl_typesupport_fastrtps_cppExport-noconfig.cmake
[5.929s] -- Installing: /home/fra/ros2_master_ws/install/linkattacher_msgs/share/linkattacher_msgs/cmake/linkattacher_msgs__rosidl_typesupport_introspection_cppExport.cmake
[5.929s] -- Installing: /home/fra/ros2_master_ws/install/linkattacher_msgs/share/linkattacher_msgs/cmake/linkattacher_msgs__rosidl_typesupport_introspection_cppExport-noconfig.cmake
[5.929s] -- Installing: /home/fra/ros2_master_ws/install/linkattacher_msgs/share/linkattacher_msgs/cmake/linkattacher_msgs__rosidl_typesupport_cppExport.cmake
[5.929s] -- Installing: /home/fra/ros2_master_ws/install/linkattacher_msgs/share/linkattacher_msgs/cmake/linkattacher_msgs__rosidl_typesupport_cppExport-noconfig.cmake
[5.929s] -- Installing: /home/fra/ros2_master_ws/install/linkattacher_msgs/share/linkattacher_msgs/cmake/export_linkattacher_msgs__rosidl_generator_pyExport.cmake
[5.929s] -- Installing: /home/fra/ros2_master_ws/install/linkattacher_msgs/share/linkattacher_msgs/cmake/export_linkattacher_msgs__rosidl_generator_pyExport-noconfig.cmake
[5.929s] -- Installing: /home/fra/ros2_master_ws/install/linkattacher_msgs/share/linkattacher_msgs/cmake/rosidl_cmake-extras.cmake
[5.929s] -- Installing: /home/fra/ros2_master_ws/install/linkattacher_msgs/share/linkattacher_msgs/cmake/ament_cmake_export_include_directories-extras.cmake
[5.929s] -- Installing: /home/fra/ros2_master_ws/install/linkattacher_msgs/share/linkattacher_msgs/cmake/ament_cmake_export_libraries-extras.cmake
[5.930s] -- Installing: /home/fra/ros2_master_ws/install/linkattacher_msgs/share/linkattacher_msgs/cmake/ament_cmake_export_targets-extras.cmake
[5.930s] -- Installing: /home/fra/ros2_master_ws/install/linkattacher_msgs/share/linkattacher_msgs/cmake/rosidl_cmake_export_typesupport_targets-extras.cmake
[5.930s] -- Installing: /home/fra/ros2_master_ws/install/linkattacher_msgs/share/linkattacher_msgs/cmake/ament_cmake_export_dependencies-extras.cmake
[5.930s] -- Installing: /home/fra/ros2_master_ws/install/linkattacher_msgs/share/linkattacher_msgs/cmake/rosidl_cmake_export_typesupport_libraries-extras.cmake
[5.930s] -- Installing: /home/fra/ros2_master_ws/install/linkattacher_msgs/share/linkattacher_msgs/cmake/linkattacher_msgsConfig.cmake
[5.930s] -- Installing: /home/fra/ros2_master_ws/install/linkattacher_msgs/share/linkattacher_msgs/cmake/linkattacher_msgsConfig-version.cmake
[5.930s] -- Installing: /home/fra/ros2_master_ws/install/linkattacher_msgs/share/linkattacher_msgs/package.xml
[5.934s] Invoked command in '/home/fra/ros2_master_ws/build/linkattacher_msgs' returned '0': CMAKE_PREFIX_PATH=${CMAKE_PREFIX_PATH}:/opt/ros/humble /usr/bin/cmake --install /home/fra/ros2_master_ws/build/linkattacher_msgs
