[0.016s] Invoking command in '/home/fra/ros2_master_ws/build/cobot_gazebo': CMAKE_PREFIX_PATH=${CMAKE_PREFIX_PATH}:/opt/ros/humble /usr/bin/cmake /home/fra/ros2_master_ws/src/cobot_gazebo -DCMAKE_INSTALL_PREFIX=/home/fra/ros2_master_ws/install/cobot_gazebo
[0.041s] -- Found ament_cmake: 1.3.11 (/opt/ros/humble/share/ament_cmake/cmake)
[0.160s] -- Override CMake install command with custom implementation using symlinks instead of copying resources
[0.176s] -- Found rclcpp: 16.0.12 (/opt/ros/humble/share/rclcpp/cmake)
[0.209s] -- Found rosidl_generator_c: 3.1.6 (/opt/ros/humble/share/rosidl_generator_c/cmake)
[0.212s] -- Found rosidl_adapter: 3.1.6 (/opt/ros/humble/share/rosidl_adapter/cmake)
[0.220s] -- Found rosidl_generator_cpp: 3.1.6 (/opt/ros/humble/share/rosidl_generator_cpp/cmake)
[0.232s] -- Using all available rosidl_typesupport_c: rosidl_typesupport_fastrtps_c;rosidl_typesupport_introspection_c
[0.246s] -- Using all available rosidl_typesupport_cpp: rosidl_typesupport_fastrtps_cpp;rosidl_typesupport_introspection_cpp
[0.288s] -- Found rmw_implementation_cmake: 6.1.2 (/opt/ros/humble/share/rmw_implementation_cmake/cmake)
[0.290s] -- Found rmw_fastrtps_cpp: 6.2.7 (/opt/ros/humble/share/rmw_fastrtps_cpp/cmake)
[0.395s] -- Using RMW implementation 'rmw_fastrtps_cpp' as default
[0.458s] -- Found trajectory_msgs: 4.8.0 (/opt/ros/humble/share/trajectory_msgs/cmake)
[0.494s] -- Found ament_lint_auto: 0.12.12 (/opt/ros/humble/share/ament_lint_auto/cmake)
[0.576s] -- Added test 'cppcheck' to perform static code analysis on C / C++ code
[0.576s] -- Configured cppcheck include dirs: 
[0.576s] -- Configured cppcheck exclude dirs and/or files: 
[0.576s] -- Added test 'flake8' to check Python code syntax and style conventions
[0.577s] -- Added test 'lint_cmake' to check CMake code style
[0.577s] -- Added test 'pep257' to check Python code against some of the docstring style conventions in PEP 257
[0.578s] -- Added test 'uncrustify' to check C / C++ code style
[0.578s] -- Configured uncrustify additional arguments: 
[0.578s] -- Added test 'xmllint' to check XML markup files
[0.579s] -- Configuring done
[0.589s] -- Generating done
[0.592s] -- Build files have been written to: /home/fra/ros2_master_ws/build/cobot_gazebo
[0.598s] Invoked command in '/home/fra/ros2_master_ws/build/cobot_gazebo' returned '0': CMAKE_PREFIX_PATH=${CMAKE_PREFIX_PATH}:/opt/ros/humble /usr/bin/cmake /home/fra/ros2_master_ws/src/cobot_gazebo -DCMAKE_INSTALL_PREFIX=/home/fra/ros2_master_ws/install/cobot_gazebo
[0.599s] Invoking command in '/home/fra/ros2_master_ws/build/cobot_gazebo': CMAKE_PREFIX_PATH=${CMAKE_PREFIX_PATH}:/opt/ros/humble /usr/bin/cmake --build /home/fra/ros2_master_ws/build/cobot_gazebo -- -j12 -l12
[0.632s] [35m[1mConsolidate compiler generated dependencies of target joint_publisher[0m
[0.645s] [100%] Built target joint_publisher
[0.654s] Invoked command in '/home/fra/ros2_master_ws/build/cobot_gazebo' returned '0': CMAKE_PREFIX_PATH=${CMAKE_PREFIX_PATH}:/opt/ros/humble /usr/bin/cmake --build /home/fra/ros2_master_ws/build/cobot_gazebo -- -j12 -l12
[0.655s] Invoking command in '/home/fra/ros2_master_ws/build/cobot_gazebo': CMAKE_PREFIX_PATH=${CMAKE_PREFIX_PATH}:/opt/ros/humble /usr/bin/cmake --install /home/fra/ros2_master_ws/build/cobot_gazebo
[0.661s] -- Install configuration: ""
[0.661s] -- Execute custom install script
[0.661s] -- Up-to-date symlink: /home/fra/ros2_master_ws/install/cobot_gazebo/lib/cobot_gazebo//joint_publisher
[0.662s] -- Up-to-date symlink: /home/fra/ros2_master_ws/install/cobot_gazebo/share/cobot_gazebo/launch/spawn_robot_camera.launch.py
[0.662s] -- Up-to-date symlink: /home/fra/ros2_master_ws/install/cobot_gazebo/share/cobot_gazebo/launch/spawn_robot_camera_moveit.launch.py
[0.662s] -- Up-to-date symlink: /home/fra/ros2_master_ws/install/cobot_gazebo/share/cobot_gazebo/launch/spawn_robot_controllers.launch.py
[0.662s] -- Up-to-date symlink: /home/fra/ros2_master_ws/install/cobot_gazebo/share/cobot_gazebo/launch/spawn_robot_gripper_controllers.launch.py
[0.662s] -- Up-to-date symlink: /home/fra/ros2_master_ws/install/cobot_gazebo/share/cobot_gazebo/launch/spawn_robot_traj_controllers.launch.py
[0.662s] -- Up-to-date symlink: /home/fra/ros2_master_ws/install/cobot_gazebo/share/cobot_gazebo/config/config.rviz
[0.662s] -- Up-to-date symlink: /home/fra/ros2_master_ws/install/cobot_gazebo/share/cobot_gazebo/config/controllers.yaml
[0.662s] -- Up-to-date symlink: /home/fra/ros2_master_ws/install/cobot_gazebo/share/cobot_gazebo/config/controllers_gripper.yaml
[0.663s] -- Up-to-date symlink: /home/fra/ros2_master_ws/install/cobot_gazebo/share/cobot_gazebo/config/controllers_trajectory.yaml
[0.663s] -- Up-to-date symlink: /home/fra/ros2_master_ws/install/cobot_gazebo/share/ament_index/resource_index/package_run_dependencies/cobot_gazebo
[0.663s] -- Up-to-date symlink: /home/fra/ros2_master_ws/install/cobot_gazebo/share/ament_index/resource_index/parent_prefix_path/cobot_gazebo
[0.663s] -- Up-to-date symlink: /home/fra/ros2_master_ws/install/cobot_gazebo/share/cobot_gazebo/environment/ament_prefix_path.sh
[0.663s] -- Up-to-date symlink: /home/fra/ros2_master_ws/install/cobot_gazebo/share/cobot_gazebo/environment/ament_prefix_path.dsv
[0.663s] -- Up-to-date symlink: /home/fra/ros2_master_ws/install/cobot_gazebo/share/cobot_gazebo/environment/path.sh
[0.663s] -- Up-to-date symlink: /home/fra/ros2_master_ws/install/cobot_gazebo/share/cobot_gazebo/environment/path.dsv
[0.664s] -- Up-to-date symlink: /home/fra/ros2_master_ws/install/cobot_gazebo/share/cobot_gazebo/local_setup.bash
[0.664s] -- Up-to-date symlink: /home/fra/ros2_master_ws/install/cobot_gazebo/share/cobot_gazebo/local_setup.sh
[0.664s] -- Up-to-date symlink: /home/fra/ros2_master_ws/install/cobot_gazebo/share/cobot_gazebo/local_setup.zsh
[0.664s] -- Up-to-date symlink: /home/fra/ros2_master_ws/install/cobot_gazebo/share/cobot_gazebo/local_setup.dsv
[0.664s] -- Symlinking: /home/fra/ros2_master_ws/install/cobot_gazebo/share/cobot_gazebo/package.dsv
[0.672s] -- Up-to-date symlink: /home/fra/ros2_master_ws/install/cobot_gazebo/share/ament_index/resource_index/packages/cobot_gazebo
[0.672s] -- Up-to-date symlink: /home/fra/ros2_master_ws/install/cobot_gazebo/share/cobot_gazebo/cmake/cobot_gazeboConfig.cmake
[0.672s] -- Up-to-date symlink: /home/fra/ros2_master_ws/install/cobot_gazebo/share/cobot_gazebo/cmake/cobot_gazeboConfig-version.cmake
[0.672s] -- Up-to-date symlink: /home/fra/ros2_master_ws/install/cobot_gazebo/share/cobot_gazebo/package.xml
[0.674s] Invoked command in '/home/fra/ros2_master_ws/build/cobot_gazebo' returned '0': CMAKE_PREFIX_PATH=${CMAKE_PREFIX_PATH}:/opt/ros/humble /usr/bin/cmake --install /home/fra/ros2_master_ws/build/cobot_gazebo
