[0.028s] Invoking command in '/home/fra/ros2_master_ws/build/cobot_moveit_config': CMAKE_PREFIX_PATH=/home/fra/ros2_master_ws/install/cobot_description:/home/fra/ros2_master_ws/install/ind_environment:/home/fra/ros2_master_ws/install/cobot_gazebo:/opt/ros/humble /usr/bin/cmake /home/fra/ros2_master_ws/src/cobot_moveit_config -DCMAKE_INSTALL_PREFIX=/home/fra/ros2_master_ws/install/cobot_moveit_config
[0.165s] -- The C compiler identification is GNU 11.4.0
[0.250s] -- The CXX compiler identification is GNU 11.4.0
[0.265s] -- Detecting C compiler ABI info
[0.355s] -- Detecting C compiler ABI info - done
[0.365s] -- Check for working C compiler: /usr/bin/cc - skipped
[0.366s] -- Detecting C compile features
[0.367s] -- Detecting C compile features - done
[0.376s] -- Detecting CXX compiler ABI info
[0.497s] -- Detecting CXX compiler ABI info - done
[0.506s] -- Check for working CXX compiler: /usr/bin/c++ - skipped
[0.506s] -- Detecting CXX compile features
[0.507s] -- Detecting CXX compile features - done
[0.515s] -- Found ament_cmake: 1.3.11 (/opt/ros/humble/share/ament_cmake/cmake)
[0.916s] -- Found Python3: /usr/bin/python3 (found version "3.10.12") found components: Interpreter 
[1.228s] -- Configuring done
[1.234s] -- Generating done
[1.236s] -- Build files have been written to: /home/fra/ros2_master_ws/build/cobot_moveit_config
[1.240s] Invoked command in '/home/fra/ros2_master_ws/build/cobot_moveit_config' returned '0': CMAKE_PREFIX_PATH=/home/fra/ros2_master_ws/install/cobot_description:/home/fra/ros2_master_ws/install/ind_environment:/home/fra/ros2_master_ws/install/cobot_gazebo:/opt/ros/humble /usr/bin/cmake /home/fra/ros2_master_ws/src/cobot_moveit_config -DCMAKE_INSTALL_PREFIX=/home/fra/ros2_master_ws/install/cobot_moveit_config
[1.241s] Invoking command in '/home/fra/ros2_master_ws/build/cobot_moveit_config': CMAKE_PREFIX_PATH=/home/fra/ros2_master_ws/install/cobot_description:/home/fra/ros2_master_ws/install/ind_environment:/home/fra/ros2_master_ws/install/cobot_gazebo:/opt/ros/humble /usr/bin/cmake --build /home/fra/ros2_master_ws/build/cobot_moveit_config -- -j12 -l12
[1.303s] Invoked command in '/home/fra/ros2_master_ws/build/cobot_moveit_config' returned '0': CMAKE_PREFIX_PATH=/home/fra/ros2_master_ws/install/cobot_description:/home/fra/ros2_master_ws/install/ind_environment:/home/fra/ros2_master_ws/install/cobot_gazebo:/opt/ros/humble /usr/bin/cmake --build /home/fra/ros2_master_ws/build/cobot_moveit_config -- -j12 -l12
[1.304s] Invoking command in '/home/fra/ros2_master_ws/build/cobot_moveit_config': CMAKE_PREFIX_PATH=/home/fra/ros2_master_ws/install/cobot_description:/home/fra/ros2_master_ws/install/ind_environment:/home/fra/ros2_master_ws/install/cobot_gazebo:/opt/ros/humble /usr/bin/cmake --install /home/fra/ros2_master_ws/build/cobot_moveit_config
[1.312s] -- Install configuration: ""
[1.312s] -- Installing: /home/fra/ros2_master_ws/install/cobot_moveit_config/share/ament_index/resource_index/package_run_dependencies/cobot_moveit_config
[1.312s] -- Installing: /home/fra/ros2_master_ws/install/cobot_moveit_config/share/ament_index/resource_index/parent_prefix_path/cobot_moveit_config
[1.312s] -- Installing: /home/fra/ros2_master_ws/install/cobot_moveit_config/share/cobot_moveit_config/environment/ament_prefix_path.sh
[1.313s] -- Installing: /home/fra/ros2_master_ws/install/cobot_moveit_config/share/cobot_moveit_config/environment/ament_prefix_path.dsv
[1.313s] -- Installing: /home/fra/ros2_master_ws/install/cobot_moveit_config/share/cobot_moveit_config/environment/path.sh
[1.313s] -- Installing: /home/fra/ros2_master_ws/install/cobot_moveit_config/share/cobot_moveit_config/environment/path.dsv
[1.313s] -- Installing: /home/fra/ros2_master_ws/install/cobot_moveit_config/share/cobot_moveit_config/local_setup.bash
[1.313s] -- Installing: /home/fra/ros2_master_ws/install/cobot_moveit_config/share/cobot_moveit_config/local_setup.sh
[1.314s] -- Installing: /home/fra/ros2_master_ws/install/cobot_moveit_config/share/cobot_moveit_config/local_setup.zsh
[1.314s] -- Installing: /home/fra/ros2_master_ws/install/cobot_moveit_config/share/cobot_moveit_config/local_setup.dsv
[1.314s] -- Installing: /home/fra/ros2_master_ws/install/cobot_moveit_config/share/cobot_moveit_config/package.dsv
[1.315s] -- Installing: /home/fra/ros2_master_ws/install/cobot_moveit_config/share/ament_index/resource_index/packages/cobot_moveit_config
[1.315s] -- Installing: /home/fra/ros2_master_ws/install/cobot_moveit_config/share/cobot_moveit_config/cmake/cobot_moveit_configConfig.cmake
[1.315s] -- Installing: /home/fra/ros2_master_ws/install/cobot_moveit_config/share/cobot_moveit_config/cmake/cobot_moveit_configConfig-version.cmake
[1.315s] -- Installing: /home/fra/ros2_master_ws/install/cobot_moveit_config/share/cobot_moveit_config/package.xml
[1.315s] -- Installing: /home/fra/ros2_master_ws/install/cobot_moveit_config/share/cobot_moveit_config/launch
[1.315s] -- Installing: /home/fra/ros2_master_ws/install/cobot_moveit_config/share/cobot_moveit_config/launch/demo.launch.py
[1.315s] -- Installing: /home/fra/ros2_master_ws/install/cobot_moveit_config/share/cobot_moveit_config/launch/warehouse_db.launch.py
[1.315s] -- Installing: /home/fra/ros2_master_ws/install/cobot_moveit_config/share/cobot_moveit_config/launch/rsp.launch.py
[1.315s] -- Installing: /home/fra/ros2_master_ws/install/cobot_moveit_config/share/cobot_moveit_config/launch/spawn_controllers.launch.py
[1.315s] -- Installing: /home/fra/ros2_master_ws/install/cobot_moveit_config/share/cobot_moveit_config/launch/setup_assistant.launch.py
[1.316s] -- Installing: /home/fra/ros2_master_ws/install/cobot_moveit_config/share/cobot_moveit_config/launch/moveit_rviz.launch.py
[1.316s] -- Installing: /home/fra/ros2_master_ws/install/cobot_moveit_config/share/cobot_moveit_config/launch/move_group.launch.py
[1.316s] -- Installing: /home/fra/ros2_master_ws/install/cobot_moveit_config/share/cobot_moveit_config/launch/static_virtual_joint_tfs.launch.py
[1.317s] -- Installing: /home/fra/ros2_master_ws/install/cobot_moveit_config/share/cobot_moveit_config/config
[1.317s] -- Installing: /home/fra/ros2_master_ws/install/cobot_moveit_config/share/cobot_moveit_config/config/initial_positions.yaml
[1.317s] -- Installing: /home/fra/ros2_master_ws/install/cobot_moveit_config/share/cobot_moveit_config/config/kinematics.yaml
[1.317s] -- Installing: /home/fra/ros2_master_ws/install/cobot_moveit_config/share/cobot_moveit_config/config/joint_limits.yaml
[1.317s] -- Installing: /home/fra/ros2_master_ws/install/cobot_moveit_config/share/cobot_moveit_config/config/custom_robot.urdf.xacro
[1.317s] -- Installing: /home/fra/ros2_master_ws/install/cobot_moveit_config/share/cobot_moveit_config/config/moveit_controllers.yaml
[1.318s] -- Installing: /home/fra/ros2_master_ws/install/cobot_moveit_config/share/cobot_moveit_config/config/pilz_cartesian_limits.yaml
[1.318s] -- Installing: /home/fra/ros2_master_ws/install/cobot_moveit_config/share/cobot_moveit_config/config/sensors_3d.yaml
[1.318s] -- Installing: /home/fra/ros2_master_ws/install/cobot_moveit_config/share/cobot_moveit_config/config/moveit.rviz
[1.318s] -- Installing: /home/fra/ros2_master_ws/install/cobot_moveit_config/share/cobot_moveit_config/config/custom_robot.ros2_control.xacro
[1.318s] -- Installing: /home/fra/ros2_master_ws/install/cobot_moveit_config/share/cobot_moveit_config/config/ros2_controllers.yaml
[1.318s] -- Installing: /home/fra/ros2_master_ws/install/cobot_moveit_config/share/cobot_moveit_config/config/custom_robot.srdf
[1.318s] -- Installing: /home/fra/ros2_master_ws/install/cobot_moveit_config/share/cobot_moveit_config/.setup_assistant
[1.334s] Invoked command in '/home/fra/ros2_master_ws/build/cobot_moveit_config' returned '0': CMAKE_PREFIX_PATH=/home/fra/ros2_master_ws/install/cobot_description:/home/fra/ros2_master_ws/install/ind_environment:/home/fra/ros2_master_ws/install/cobot_gazebo:/opt/ros/humble /usr/bin/cmake --install /home/fra/ros2_master_ws/build/cobot_moveit_config
