[0.145s] [34mcolcon[0m [1;30mDEBUG[0m [32mCommand line arguments: ['/usr/bin/colcon', 'build'][0m
[0.145s] [34mcolcon[0m [1;30mDEBUG[0m [32mParsed command line arguments: Namespace(log_base=None, log_level=None, verb_name='build', build_base='build', install_base='install', merge_install=False, symlink_install=False, test_result_base=None, continue_on_error=False, executor='parallel', parallel_workers=12, event_handlers=None, ignore_user_meta=False, metas=['./colcon.meta'], base_paths=['.'], packages_ignore=None, packages_ignore_regex=None, paths=None, packages_up_to=None, packages_up_to_regex=None, packages_above=None, packages_above_and_dependencies=None, packages_above_depth=None, packages_select_by_dep=None, packages_skip_by_dep=None, packages_skip_up_to=None, packages_select_build_failed=False, packages_skip_build_finished=False, packages_select_test_failures=False, packages_skip_test_passed=False, packages_select=None, packages_skip=None, packages_select_regex=None, packages_skip_regex=None, packages_start=None, packages_end=None, allow_overriding=[], cmake_args=None, cmake_target=None, cmake_target_skip_unavailable=False, cmake_clean_cache=False, cmake_clean_first=False, cmake_force_configure=False, ament_cmake_args=None, catkin_cmake_args=None, catkin_skip_building_tests=False, mixin_files=None, mixin=None, verb_parser=<colcon_mixin.mixin.mixin_argument.MixinArgumentDecorator object at 0x783d7fc47010>, verb_extension=<colcon_core.verb.build.BuildVerb object at 0x783d7fc469e0>, main=<bound method BuildVerb.main of <colcon_core.verb.build.BuildVerb object at 0x783d7fc469e0>>, mixin_verb=('build',))[0m
[0.182s] [34mcolcon.colcon_core.package_discovery[0m [1;30mLevel 1[0m discover_packages(colcon_meta) check parameters
[0.182s] [34mcolcon.colcon_core.package_discovery[0m [1;30mLevel 1[0m discover_packages(recursive) check parameters
[0.182s] [34mcolcon.colcon_core.package_discovery[0m [1;30mLevel 1[0m discover_packages(ignore) check parameters
[0.182s] [34mcolcon.colcon_core.package_discovery[0m [1;30mLevel 1[0m discover_packages(path) check parameters
[0.182s] [34mcolcon.colcon_core.package_discovery[0m [1;30mLevel 1[0m discover_packages(colcon_meta) discover
[0.182s] [34mcolcon.colcon_core.package_discovery[0m [1;30mLevel 1[0m discover_packages(recursive) discover
[0.182s] [34mcolcon.colcon_core.package_discovery[0m [1;30mINFO[0m Crawling recursively for packages in '/home/fra/ros2_master_ws'
[0.182s] [34mcolcon.colcon_core.package_identification[0m [1;30mLevel 1[0m _identify(.) by extensions ['ignore', 'ignore_ament_install']
[0.182s] [34mcolcon.colcon_core.package_identification[0m [1;30mLevel 1[0m _identify(.) by extension 'ignore'
[0.182s] [34mcolcon.colcon_core.package_identification[0m [1;30mLevel 1[0m _identify(.) by extension 'ignore_ament_install'
[0.182s] [34mcolcon.colcon_core.package_identification[0m [1;30mLevel 1[0m _identify(.) by extensions ['colcon_pkg']
[0.182s] [34mcolcon.colcon_core.package_identification[0m [1;30mLevel 1[0m _identify(.) by extension 'colcon_pkg'
[0.182s] [34mcolcon.colcon_core.package_identification[0m [1;30mLevel 1[0m _identify(.) by extensions ['colcon_meta']
[0.182s] [34mcolcon.colcon_core.package_identification[0m [1;30mLevel 1[0m _identify(.) by extension 'colcon_meta'
[0.182s] [34mcolcon.colcon_core.package_identification[0m [1;30mLevel 1[0m _identify(.) by extensions ['ros']
[0.182s] [34mcolcon.colcon_core.package_identification[0m [1;30mLevel 1[0m _identify(.) by extension 'ros'
[0.203s] [34mcolcon.colcon_core.package_identification[0m [1;30mLevel 1[0m _identify(.) by extensions ['cmake', 'python']
[0.203s] [34mcolcon.colcon_core.package_identification[0m [1;30mLevel 1[0m _identify(.) by extension 'cmake'
[0.203s] [34mcolcon.colcon_core.package_identification[0m [1;30mLevel 1[0m _identify(.) by extension 'python'
[0.203s] [34mcolcon.colcon_core.package_identification[0m [1;30mLevel 1[0m _identify(.) by extensions ['python_setup_py']
[0.203s] [34mcolcon.colcon_core.package_identification[0m [1;30mLevel 1[0m _identify(.) by extension 'python_setup_py'
[0.203s] [34mcolcon.colcon_core.package_identification[0m [1;30mLevel 1[0m _identify(build) by extensions ['ignore', 'ignore_ament_install']
[0.203s] [34mcolcon.colcon_core.package_identification[0m [1;30mLevel 1[0m _identify(build) by extension 'ignore'
[0.204s] [34mcolcon.colcon_core.package_identification[0m [1;30mLevel 1[0m _identify(build) ignored
[0.204s] [34mcolcon.colcon_core.package_identification[0m [1;30mLevel 1[0m _identify(install) by extensions ['ignore', 'ignore_ament_install']
[0.204s] [34mcolcon.colcon_core.package_identification[0m [1;30mLevel 1[0m _identify(install) by extension 'ignore'
[0.204s] [34mcolcon.colcon_core.package_identification[0m [1;30mLevel 1[0m _identify(install) ignored
[0.204s] [34mcolcon.colcon_core.package_identification[0m [1;30mLevel 1[0m _identify(log) by extensions ['ignore', 'ignore_ament_install']
[0.204s] [34mcolcon.colcon_core.package_identification[0m [1;30mLevel 1[0m _identify(log) by extension 'ignore'
[0.204s] [34mcolcon.colcon_core.package_identification[0m [1;30mLevel 1[0m _identify(log) ignored
[0.204s] [34mcolcon.colcon_core.package_identification[0m [1;30mLevel 1[0m _identify(src) by extensions ['ignore', 'ignore_ament_install']
[0.204s] [34mcolcon.colcon_core.package_identification[0m [1;30mLevel 1[0m _identify(src) by extension 'ignore'
[0.204s] [34mcolcon.colcon_core.package_identification[0m [1;30mLevel 1[0m _identify(src) by extension 'ignore_ament_install'
[0.204s] [34mcolcon.colcon_core.package_identification[0m [1;30mLevel 1[0m _identify(src) by extensions ['colcon_pkg']
[0.204s] [34mcolcon.colcon_core.package_identification[0m [1;30mLevel 1[0m _identify(src) by extension 'colcon_pkg'
[0.204s] [34mcolcon.colcon_core.package_identification[0m [1;30mLevel 1[0m _identify(src) by extensions ['colcon_meta']
[0.204s] [34mcolcon.colcon_core.package_identification[0m [1;30mLevel 1[0m _identify(src) by extension 'colcon_meta'
[0.204s] [34mcolcon.colcon_core.package_identification[0m [1;30mLevel 1[0m _identify(src) by extensions ['ros']
[0.204s] [34mcolcon.colcon_core.package_identification[0m [1;30mLevel 1[0m _identify(src) by extension 'ros'
[0.204s] [34mcolcon.colcon_core.package_identification[0m [1;30mLevel 1[0m _identify(src) by extensions ['cmake', 'python']
[0.205s] [34mcolcon.colcon_core.package_identification[0m [1;30mLevel 1[0m _identify(src) by extension 'cmake'
[0.205s] [34mcolcon.colcon_core.package_identification[0m [1;30mLevel 1[0m _identify(src) by extension 'python'
[0.205s] [34mcolcon.colcon_core.package_identification[0m [1;30mLevel 1[0m _identify(src) by extensions ['python_setup_py']
[0.205s] [34mcolcon.colcon_core.package_identification[0m [1;30mLevel 1[0m _identify(src) by extension 'python_setup_py'
[0.205s] [34mcolcon.colcon_core.package_identification[0m [1;30mLevel 1[0m _identify(src/cobot_description) by extensions ['ignore', 'ignore_ament_install']
[0.205s] [34mcolcon.colcon_core.package_identification[0m [1;30mLevel 1[0m _identify(src/cobot_description) by extension 'ignore'
[0.205s] [34mcolcon.colcon_core.package_identification[0m [1;30mLevel 1[0m _identify(src/cobot_description) by extension 'ignore_ament_install'
[0.205s] [34mcolcon.colcon_core.package_identification[0m [1;30mLevel 1[0m _identify(src/cobot_description) by extensions ['colcon_pkg']
[0.205s] [34mcolcon.colcon_core.package_identification[0m [1;30mLevel 1[0m _identify(src/cobot_description) by extension 'colcon_pkg'
[0.205s] [34mcolcon.colcon_core.package_identification[0m [1;30mLevel 1[0m _identify(src/cobot_description) by extensions ['colcon_meta']
[0.205s] [34mcolcon.colcon_core.package_identification[0m [1;30mLevel 1[0m _identify(src/cobot_description) by extension 'colcon_meta'
[0.205s] [34mcolcon.colcon_core.package_identification[0m [1;30mLevel 1[0m _identify(src/cobot_description) by extensions ['ros']
[0.205s] [34mcolcon.colcon_core.package_identification[0m [1;30mLevel 1[0m _identify(src/cobot_description) by extension 'ros'
[0.207s] [34mcolcon.colcon_core.package_identification[0m [1;30mDEBUG[0m [32mPackage 'src/cobot_description' with type 'ros.ament_cmake' and name 'cobot_description'[0m
[0.207s] [34mcolcon.colcon_core.package_identification[0m [1;30mLevel 1[0m _identify(src/cobot_gazebo) by extensions ['ignore', 'ignore_ament_install']
[0.208s] [34mcolcon.colcon_core.package_identification[0m [1;30mLevel 1[0m _identify(src/cobot_gazebo) by extension 'ignore'
[0.208s] [34mcolcon.colcon_core.package_identification[0m [1;30mLevel 1[0m _identify(src/cobot_gazebo) by extension 'ignore_ament_install'
[0.208s] [34mcolcon.colcon_core.package_identification[0m [1;30mLevel 1[0m _identify(src/cobot_gazebo) by extensions ['colcon_pkg']
[0.208s] [34mcolcon.colcon_core.package_identification[0m [1;30mLevel 1[0m _identify(src/cobot_gazebo) by extension 'colcon_pkg'
[0.208s] [34mcolcon.colcon_core.package_identification[0m [1;30mLevel 1[0m _identify(src/cobot_gazebo) by extensions ['colcon_meta']
[0.208s] [34mcolcon.colcon_core.package_identification[0m [1;30mLevel 1[0m _identify(src/cobot_gazebo) by extension 'colcon_meta'
[0.208s] [34mcolcon.colcon_core.package_identification[0m [1;30mLevel 1[0m _identify(src/cobot_gazebo) by extensions ['ros']
[0.208s] [34mcolcon.colcon_core.package_identification[0m [1;30mLevel 1[0m _identify(src/cobot_gazebo) by extension 'ros'
[0.208s] [34mcolcon.colcon_core.package_identification[0m [1;30mDEBUG[0m [32mPackage 'src/cobot_gazebo' with type 'ros.ament_cmake' and name 'cobot_gazebo'[0m
[0.208s] [34mcolcon.colcon_core.package_identification[0m [1;30mLevel 1[0m _identify(src/custom_robot_ik) by extensions ['ignore', 'ignore_ament_install']
[0.209s] [34mcolcon.colcon_core.package_identification[0m [1;30mLevel 1[0m _identify(src/custom_robot_ik) by extension 'ignore'
[0.209s] [34mcolcon.colcon_core.package_identification[0m [1;30mLevel 1[0m _identify(src/custom_robot_ik) by extension 'ignore_ament_install'
[0.209s] [34mcolcon.colcon_core.package_identification[0m [1;30mLevel 1[0m _identify(src/custom_robot_ik) by extensions ['colcon_pkg']
[0.209s] [34mcolcon.colcon_core.package_identification[0m [1;30mLevel 1[0m _identify(src/custom_robot_ik) by extension 'colcon_pkg'
[0.209s] [34mcolcon.colcon_core.package_identification[0m [1;30mLevel 1[0m _identify(src/custom_robot_ik) by extensions ['colcon_meta']
[0.209s] [34mcolcon.colcon_core.package_identification[0m [1;30mLevel 1[0m _identify(src/custom_robot_ik) by extension 'colcon_meta'
[0.209s] [34mcolcon.colcon_core.package_identification[0m [1;30mLevel 1[0m _identify(src/custom_robot_ik) by extensions ['ros']
[0.209s] [34mcolcon.colcon_core.package_identification[0m [1;30mLevel 1[0m _identify(src/custom_robot_ik) by extension 'ros'
[0.209s] [34mcolcon.colcon_core.package_identification[0m [1;30mDEBUG[0m [32mPackage 'src/custom_robot_ik' with type 'ros.ament_cmake' and name 'custom_robot_ik'[0m
[0.210s] [34mcolcon.colcon_core.package_identification[0m [1;30mLevel 1[0m _identify(src/custom_robot_moveit_config) by extensions ['ignore', 'ignore_ament_install']
[0.210s] [34mcolcon.colcon_core.package_identification[0m [1;30mLevel 1[0m _identify(src/custom_robot_moveit_config) by extension 'ignore'
[0.210s] [34mcolcon.colcon_core.package_identification[0m [1;30mLevel 1[0m _identify(src/custom_robot_moveit_config) by extension 'ignore_ament_install'
[0.210s] [34mcolcon.colcon_core.package_identification[0m [1;30mLevel 1[0m _identify(src/custom_robot_moveit_config) by extensions ['colcon_pkg']
[0.210s] [34mcolcon.colcon_core.package_identification[0m [1;30mLevel 1[0m _identify(src/custom_robot_moveit_config) by extension 'colcon_pkg'
[0.210s] [34mcolcon.colcon_core.package_identification[0m [1;30mLevel 1[0m _identify(src/custom_robot_moveit_config) by extensions ['colcon_meta']
[0.210s] [34mcolcon.colcon_core.package_identification[0m [1;30mLevel 1[0m _identify(src/custom_robot_moveit_config) by extension 'colcon_meta'
[0.210s] [34mcolcon.colcon_core.package_identification[0m [1;30mLevel 1[0m _identify(src/custom_robot_moveit_config) by extensions ['ros']
[0.210s] [34mcolcon.colcon_core.package_identification[0m [1;30mLevel 1[0m _identify(src/custom_robot_moveit_config) by extension 'ros'
[0.211s] [34mcolcon.colcon_core.package_identification[0m [1;30mDEBUG[0m [32mPackage 'src/custom_robot_moveit_config' with type 'ros.ament_cmake' and name 'custom_robot_moveit_config'[0m
[0.211s] [34mcolcon.colcon_core.package_identification[0m [1;30mLevel 1[0m _identify(src/ind_environment) by extensions ['ignore', 'ignore_ament_install']
[0.211s] [34mcolcon.colcon_core.package_identification[0m [1;30mLevel 1[0m _identify(src/ind_environment) by extension 'ignore'
[0.211s] [34mcolcon.colcon_core.package_identification[0m [1;30mLevel 1[0m _identify(src/ind_environment) by extension 'ignore_ament_install'
[0.211s] [34mcolcon.colcon_core.package_identification[0m [1;30mLevel 1[0m _identify(src/ind_environment) by extensions ['colcon_pkg']
[0.211s] [34mcolcon.colcon_core.package_identification[0m [1;30mLevel 1[0m _identify(src/ind_environment) by extension 'colcon_pkg'
[0.211s] [34mcolcon.colcon_core.package_identification[0m [1;30mLevel 1[0m _identify(src/ind_environment) by extensions ['colcon_meta']
[0.211s] [34mcolcon.colcon_core.package_identification[0m [1;30mLevel 1[0m _identify(src/ind_environment) by extension 'colcon_meta'
[0.211s] [34mcolcon.colcon_core.package_identification[0m [1;30mLevel 1[0m _identify(src/ind_environment) by extensions ['ros']
[0.211s] [34mcolcon.colcon_core.package_identification[0m [1;30mLevel 1[0m _identify(src/ind_environment) by extension 'ros'
[0.212s] [34mcolcon.colcon_core.package_identification[0m [1;30mDEBUG[0m [32mPackage 'src/ind_environment' with type 'ros.ament_cmake' and name 'ind_environment'[0m
[0.212s] [34mcolcon.colcon_core.package_discovery[0m [1;30mLevel 1[0m discover_packages(recursive) using defaults
[0.212s] [34mcolcon.colcon_core.package_discovery[0m [1;30mLevel 1[0m discover_packages(ignore) discover
[0.212s] [34mcolcon.colcon_core.package_discovery[0m [1;30mLevel 1[0m discover_packages(ignore) using defaults
[0.212s] [34mcolcon.colcon_core.package_discovery[0m [1;30mLevel 1[0m discover_packages(path) discover
[0.212s] [34mcolcon.colcon_core.package_discovery[0m [1;30mLevel 1[0m discover_packages(path) using defaults
[0.227s] [34mcolcon.colcon_core.package_discovery[0m [1;30mLevel 1[0m discover_packages(prefix_path) check parameters
[0.227s] [34mcolcon.colcon_core.package_discovery[0m [1;30mLevel 1[0m discover_packages(prefix_path) discover
[0.230s] [34mcolcon.colcon_installed_package_information.package_discovery[0m [1;30mDEBUG[0m [32mFound 5 installed packages in /home/fra/ros2_master_ws/install[0m
[0.231s] [34mcolcon.colcon_installed_package_information.package_discovery[0m [1;30mDEBUG[0m [32mFound 441 installed packages in /opt/ros/humble[0m
[0.233s] [34mcolcon.colcon_core.package_discovery[0m [1;30mLevel 1[0m discover_packages(prefix_path) using defaults
[0.297s] [34mcolcon.colcon_core.verb[0m [1;30mLevel 5[0m set package 'cobot_description' build argument 'cmake_args' from command line to 'None'
[0.297s] [34mcolcon.colcon_core.verb[0m [1;30mLevel 5[0m set package 'cobot_description' build argument 'cmake_target' from command line to 'None'
[0.297s] [34mcolcon.colcon_core.verb[0m [1;30mLevel 5[0m set package 'cobot_description' build argument 'cmake_target_skip_unavailable' from command line to 'False'
[0.297s] [34mcolcon.colcon_core.verb[0m [1;30mLevel 5[0m set package 'cobot_description' build argument 'cmake_clean_cache' from command line to 'False'
[0.297s] [34mcolcon.colcon_core.verb[0m [1;30mLevel 5[0m set package 'cobot_description' build argument 'cmake_clean_first' from command line to 'False'
[0.297s] [34mcolcon.colcon_core.verb[0m [1;30mLevel 5[0m set package 'cobot_description' build argument 'cmake_force_configure' from command line to 'False'
[0.297s] [34mcolcon.colcon_core.verb[0m [1;30mLevel 5[0m set package 'cobot_description' build argument 'ament_cmake_args' from command line to 'None'
[0.297s] [34mcolcon.colcon_core.verb[0m [1;30mLevel 5[0m set package 'cobot_description' build argument 'catkin_cmake_args' from command line to 'None'
[0.297s] [34mcolcon.colcon_core.verb[0m [1;30mLevel 5[0m set package 'cobot_description' build argument 'catkin_skip_building_tests' from command line to 'False'
[0.297s] [34mcolcon.colcon_core.verb[0m [1;30mDEBUG[0m [32mBuilding package 'cobot_description' with the following arguments: {'ament_cmake_args': None, 'build_base': '/home/fra/ros2_master_ws/build/cobot_description', 'catkin_cmake_args': None, 'catkin_skip_building_tests': False, 'cmake_args': None, 'cmake_clean_cache': False, 'cmake_clean_first': False, 'cmake_force_configure': False, 'cmake_target': None, 'cmake_target_skip_unavailable': False, 'install_base': '/home/fra/ros2_master_ws/install/cobot_description', 'merge_install': False, 'path': '/home/fra/ros2_master_ws/src/cobot_description', 'symlink_install': False, 'test_result_base': None}[0m
[0.297s] [34mcolcon.colcon_core.verb[0m [1;30mLevel 5[0m set package 'cobot_gazebo' build argument 'cmake_args' from command line to 'None'
[0.298s] [34mcolcon.colcon_core.verb[0m [1;30mLevel 5[0m set package 'cobot_gazebo' build argument 'cmake_target' from command line to 'None'
[0.298s] [34mcolcon.colcon_core.verb[0m [1;30mLevel 5[0m set package 'cobot_gazebo' build argument 'cmake_target_skip_unavailable' from command line to 'False'
[0.298s] [34mcolcon.colcon_core.verb[0m [1;30mLevel 5[0m set package 'cobot_gazebo' build argument 'cmake_clean_cache' from command line to 'False'
[0.298s] [34mcolcon.colcon_core.verb[0m [1;30mLevel 5[0m set package 'cobot_gazebo' build argument 'cmake_clean_first' from command line to 'False'
[0.298s] [34mcolcon.colcon_core.verb[0m [1;30mLevel 5[0m set package 'cobot_gazebo' build argument 'cmake_force_configure' from command line to 'False'
[0.298s] [34mcolcon.colcon_core.verb[0m [1;30mLevel 5[0m set package 'cobot_gazebo' build argument 'ament_cmake_args' from command line to 'None'
[0.298s] [34mcolcon.colcon_core.verb[0m [1;30mLevel 5[0m set package 'cobot_gazebo' build argument 'catkin_cmake_args' from command line to 'None'
[0.298s] [34mcolcon.colcon_core.verb[0m [1;30mLevel 5[0m set package 'cobot_gazebo' build argument 'catkin_skip_building_tests' from command line to 'False'
[0.298s] [34mcolcon.colcon_core.verb[0m [1;30mDEBUG[0m [32mBuilding package 'cobot_gazebo' with the following arguments: {'ament_cmake_args': None, 'build_base': '/home/fra/ros2_master_ws/build/cobot_gazebo', 'catkin_cmake_args': None, 'catkin_skip_building_tests': False, 'cmake_args': None, 'cmake_clean_cache': False, 'cmake_clean_first': False, 'cmake_force_configure': False, 'cmake_target': None, 'cmake_target_skip_unavailable': False, 'install_base': '/home/fra/ros2_master_ws/install/cobot_gazebo', 'merge_install': False, 'path': '/home/fra/ros2_master_ws/src/cobot_gazebo', 'symlink_install': False, 'test_result_base': None}[0m
[0.298s] [34mcolcon.colcon_core.verb[0m [1;30mLevel 5[0m set package 'custom_robot_ik' build argument 'cmake_args' from command line to 'None'
[0.298s] [34mcolcon.colcon_core.verb[0m [1;30mLevel 5[0m set package 'custom_robot_ik' build argument 'cmake_target' from command line to 'None'
[0.298s] [34mcolcon.colcon_core.verb[0m [1;30mLevel 5[0m set package 'custom_robot_ik' build argument 'cmake_target_skip_unavailable' from command line to 'False'
[0.298s] [34mcolcon.colcon_core.verb[0m [1;30mLevel 5[0m set package 'custom_robot_ik' build argument 'cmake_clean_cache' from command line to 'False'
[0.298s] [34mcolcon.colcon_core.verb[0m [1;30mLevel 5[0m set package 'custom_robot_ik' build argument 'cmake_clean_first' from command line to 'False'
[0.298s] [34mcolcon.colcon_core.verb[0m [1;30mLevel 5[0m set package 'custom_robot_ik' build argument 'cmake_force_configure' from command line to 'False'
[0.298s] [34mcolcon.colcon_core.verb[0m [1;30mLevel 5[0m set package 'custom_robot_ik' build argument 'ament_cmake_args' from command line to 'None'
[0.298s] [34mcolcon.colcon_core.verb[0m [1;30mLevel 5[0m set package 'custom_robot_ik' build argument 'catkin_cmake_args' from command line to 'None'
[0.298s] [34mcolcon.colcon_core.verb[0m [1;30mLevel 5[0m set package 'custom_robot_ik' build argument 'catkin_skip_building_tests' from command line to 'False'
[0.298s] [34mcolcon.colcon_core.verb[0m [1;30mDEBUG[0m [32mBuilding package 'custom_robot_ik' with the following arguments: {'ament_cmake_args': None, 'build_base': '/home/fra/ros2_master_ws/build/custom_robot_ik', 'catkin_cmake_args': None, 'catkin_skip_building_tests': False, 'cmake_args': None, 'cmake_clean_cache': False, 'cmake_clean_first': False, 'cmake_force_configure': False, 'cmake_target': None, 'cmake_target_skip_unavailable': False, 'install_base': '/home/fra/ros2_master_ws/install/custom_robot_ik', 'merge_install': False, 'path': '/home/fra/ros2_master_ws/src/custom_robot_ik', 'symlink_install': False, 'test_result_base': None}[0m
[0.299s] [34mcolcon.colcon_core.verb[0m [1;30mLevel 5[0m set package 'ind_environment' build argument 'cmake_args' from command line to 'None'
[0.299s] [34mcolcon.colcon_core.verb[0m [1;30mLevel 5[0m set package 'ind_environment' build argument 'cmake_target' from command line to 'None'
[0.299s] [34mcolcon.colcon_core.verb[0m [1;30mLevel 5[0m set package 'ind_environment' build argument 'cmake_target_skip_unavailable' from command line to 'False'
[0.299s] [34mcolcon.colcon_core.verb[0m [1;30mLevel 5[0m set package 'ind_environment' build argument 'cmake_clean_cache' from command line to 'False'
[0.299s] [34mcolcon.colcon_core.verb[0m [1;30mLevel 5[0m set package 'ind_environment' build argument 'cmake_clean_first' from command line to 'False'
[0.299s] [34mcolcon.colcon_core.verb[0m [1;30mLevel 5[0m set package 'ind_environment' build argument 'cmake_force_configure' from command line to 'False'
[0.299s] [34mcolcon.colcon_core.verb[0m [1;30mLevel 5[0m set package 'ind_environment' build argument 'ament_cmake_args' from command line to 'None'
[0.299s] [34mcolcon.colcon_core.verb[0m [1;30mLevel 5[0m set package 'ind_environment' build argument 'catkin_cmake_args' from command line to 'None'
[0.299s] [34mcolcon.colcon_core.verb[0m [1;30mLevel 5[0m set package 'ind_environment' build argument 'catkin_skip_building_tests' from command line to 'False'
[0.299s] [34mcolcon.colcon_core.verb[0m [1;30mDEBUG[0m [32mBuilding package 'ind_environment' with the following arguments: {'ament_cmake_args': None, 'build_base': '/home/fra/ros2_master_ws/build/ind_environment', 'catkin_cmake_args': None, 'catkin_skip_building_tests': False, 'cmake_args': None, 'cmake_clean_cache': False, 'cmake_clean_first': False, 'cmake_force_configure': False, 'cmake_target': None, 'cmake_target_skip_unavailable': False, 'install_base': '/home/fra/ros2_master_ws/install/ind_environment', 'merge_install': False, 'path': '/home/fra/ros2_master_ws/src/ind_environment', 'symlink_install': False, 'test_result_base': None}[0m
[0.299s] [34mcolcon.colcon_core.verb[0m [1;30mLevel 5[0m set package 'custom_robot_moveit_config' build argument 'cmake_args' from command line to 'None'
[0.299s] [34mcolcon.colcon_core.verb[0m [1;30mLevel 5[0m set package 'custom_robot_moveit_config' build argument 'cmake_target' from command line to 'None'
[0.299s] [34mcolcon.colcon_core.verb[0m [1;30mLevel 5[0m set package 'custom_robot_moveit_config' build argument 'cmake_target_skip_unavailable' from command line to 'False'
[0.299s] [34mcolcon.colcon_core.verb[0m [1;30mLevel 5[0m set package 'custom_robot_moveit_config' build argument 'cmake_clean_cache' from command line to 'False'
[0.299s] [34mcolcon.colcon_core.verb[0m [1;30mLevel 5[0m set package 'custom_robot_moveit_config' build argument 'cmake_clean_first' from command line to 'False'
[0.299s] [34mcolcon.colcon_core.verb[0m [1;30mLevel 5[0m set package 'custom_robot_moveit_config' build argument 'cmake_force_configure' from command line to 'False'
[0.299s] [34mcolcon.colcon_core.verb[0m [1;30mLevel 5[0m set package 'custom_robot_moveit_config' build argument 'ament_cmake_args' from command line to 'None'
[0.299s] [34mcolcon.colcon_core.verb[0m [1;30mLevel 5[0m set package 'custom_robot_moveit_config' build argument 'catkin_cmake_args' from command line to 'None'
[0.300s] [34mcolcon.colcon_core.verb[0m [1;30mLevel 5[0m set package 'custom_robot_moveit_config' build argument 'catkin_skip_building_tests' from command line to 'False'
[0.300s] [34mcolcon.colcon_core.verb[0m [1;30mDEBUG[0m [32mBuilding package 'custom_robot_moveit_config' with the following arguments: {'ament_cmake_args': None, 'build_base': '/home/fra/ros2_master_ws/build/custom_robot_moveit_config', 'catkin_cmake_args': None, 'catkin_skip_building_tests': False, 'cmake_args': None, 'cmake_clean_cache': False, 'cmake_clean_first': False, 'cmake_force_configure': False, 'cmake_target': None, 'cmake_target_skip_unavailable': False, 'install_base': '/home/fra/ros2_master_ws/install/custom_robot_moveit_config', 'merge_install': False, 'path': '/home/fra/ros2_master_ws/src/custom_robot_moveit_config', 'symlink_install': False, 'test_result_base': None}[0m
[0.300s] [34mcolcon.colcon_core.executor[0m [1;30mINFO[0m Executing jobs using 'parallel' executor
[0.300s] [34mcolcon.colcon_parallel_executor.executor.parallel[0m [1;30mDEBUG[0m [32mrun_until_complete[0m
[0.301s] [34mcolcon.colcon_ros.task.ament_cmake.build[0m [1;30mINFO[0m Building ROS package in '/home/fra/ros2_master_ws/src/cobot_description' with build type 'ament_cmake'
[0.301s] [34mcolcon.colcon_cmake.task.cmake.build[0m [1;30mINFO[0m Building CMake package in '/home/fra/ros2_master_ws/src/cobot_description'
[0.304s] [34mcolcon.colcon_core.plugin_system[0m [1;30mINFO[0m Skipping extension 'colcon_core.shell.bat': Not used on non-Windows systems
[0.304s] [34mcolcon.colcon_core.shell[0m [1;30mINFO[0m Skip shell extension 'powershell' for command environment: Not usable outside of PowerShell
[0.304s] [34mcolcon.colcon_core.shell[0m [1;30mDEBUG[0m [32mSkip shell extension 'dsv' for command environment[0m
[0.308s] [34mcolcon.colcon_ros.task.ament_cmake.build[0m [1;30mINFO[0m Building ROS package in '/home/fra/ros2_master_ws/src/cobot_gazebo' with build type 'ament_cmake'
[0.308s] [34mcolcon.colcon_cmake.task.cmake.build[0m [1;30mINFO[0m Building CMake package in '/home/fra/ros2_master_ws/src/cobot_gazebo'
[0.308s] [34mcolcon.colcon_core.shell[0m [1;30mINFO[0m Skip shell extension 'powershell' for command environment: Not usable outside of PowerShell
[0.308s] [34mcolcon.colcon_core.shell[0m [1;30mDEBUG[0m [32mSkip shell extension 'dsv' for command environment[0m
[0.311s] [34mcolcon.colcon_ros.task.ament_cmake.build[0m [1;30mINFO[0m Building ROS package in '/home/fra/ros2_master_ws/src/custom_robot_ik' with build type 'ament_cmake'
[0.311s] [34mcolcon.colcon_cmake.task.cmake.build[0m [1;30mINFO[0m Building CMake package in '/home/fra/ros2_master_ws/src/custom_robot_ik'
[0.311s] [34mcolcon.colcon_core.shell[0m [1;30mINFO[0m Skip shell extension 'powershell' for command environment: Not usable outside of PowerShell
[0.312s] [34mcolcon.colcon_core.shell[0m [1;30mDEBUG[0m [32mSkip shell extension 'dsv' for command environment[0m
[0.315s] [34mcolcon.colcon_ros.task.ament_cmake.build[0m [1;30mINFO[0m Building ROS package in '/home/fra/ros2_master_ws/src/ind_environment' with build type 'ament_cmake'
[0.315s] [34mcolcon.colcon_cmake.task.cmake.build[0m [1;30mINFO[0m Building CMake package in '/home/fra/ros2_master_ws/src/ind_environment'
[0.315s] [34mcolcon.colcon_core.shell[0m [1;30mINFO[0m Skip shell extension 'powershell' for command environment: Not usable outside of PowerShell
[0.315s] [34mcolcon.colcon_core.shell[0m [1;30mDEBUG[0m [32mSkip shell extension 'dsv' for command environment[0m
[0.322s] [34mcolcon.colcon_core.event_handler.log_command[0m [1;30mDEBUG[0m [32mInvoking command in '/home/fra/ros2_master_ws/build/cobot_description': CMAKE_PREFIX_PATH=${CMAKE_PREFIX_PATH}:/opt/ros/humble /usr/bin/cmake /home/fra/ros2_master_ws/src/cobot_description -DCMAKE_INSTALL_PREFIX=/home/fra/ros2_master_ws/install/cobot_description[0m
[0.324s] [34mcolcon.colcon_core.event_handler.log_command[0m [1;30mDEBUG[0m [32mInvoking command in '/home/fra/ros2_master_ws/build/cobot_gazebo': CMAKE_PREFIX_PATH=${CMAKE_PREFIX_PATH}:/opt/ros/humble /usr/bin/cmake /home/fra/ros2_master_ws/src/cobot_gazebo -DCMAKE_INSTALL_PREFIX=/home/fra/ros2_master_ws/install/cobot_gazebo[0m
[0.327s] [34mcolcon.colcon_core.event_handler.log_command[0m [1;30mDEBUG[0m [32mInvoking command in '/home/fra/ros2_master_ws/build/custom_robot_ik': CMAKE_PREFIX_PATH=${CMAKE_PREFIX_PATH}:/opt/ros/humble /usr/bin/cmake /home/fra/ros2_master_ws/src/custom_robot_ik -DCMAKE_INSTALL_PREFIX=/home/fra/ros2_master_ws/install/custom_robot_ik[0m
[0.331s] [34mcolcon.colcon_core.event_handler.log_command[0m [1;30mDEBUG[0m [32mInvoking command in '/home/fra/ros2_master_ws/build/ind_environment': CMAKE_PREFIX_PATH=${CMAKE_PREFIX_PATH}:/opt/ros/humble /usr/bin/cmake /home/fra/ros2_master_ws/src/ind_environment -DCMAKE_INSTALL_PREFIX=/home/fra/ros2_master_ws/install/ind_environment[0m
[0.583s] [34mcolcon.colcon_core.event_handler.log_command[0m [1;30mDEBUG[0m [32mInvoked command in '/home/fra/ros2_master_ws/build/ind_environment' returned '0': CMAKE_PREFIX_PATH=${CMAKE_PREFIX_PATH}:/opt/ros/humble /usr/bin/cmake /home/fra/ros2_master_ws/src/ind_environment -DCMAKE_INSTALL_PREFIX=/home/fra/ros2_master_ws/install/ind_environment[0m
[0.585s] [34mcolcon.colcon_core.event_handler.log_command[0m [1;30mDEBUG[0m [32mInvoking command in '/home/fra/ros2_master_ws/build/ind_environment': CMAKE_PREFIX_PATH=${CMAKE_PREFIX_PATH}:/opt/ros/humble /usr/bin/cmake --build /home/fra/ros2_master_ws/build/ind_environment -- -j12 -l12[0m
[0.617s] [34mcolcon.colcon_core.event_handler.log_command[0m [1;30mDEBUG[0m [32mInvoked command in '/home/fra/ros2_master_ws/build/ind_environment' returned '0': CMAKE_PREFIX_PATH=${CMAKE_PREFIX_PATH}:/opt/ros/humble /usr/bin/cmake --build /home/fra/ros2_master_ws/build/ind_environment -- -j12 -l12[0m
[0.625s] [34mcolcon.colcon_core.event_handler.log_command[0m [1;30mDEBUG[0m [32mInvoking command in '/home/fra/ros2_master_ws/build/ind_environment': CMAKE_PREFIX_PATH=${CMAKE_PREFIX_PATH}:/opt/ros/humble /usr/bin/cmake --install /home/fra/ros2_master_ws/build/ind_environment[0m
[0.643s] [34mcolcon.colcon_core.environment[0m [1;30mLevel 1[0m create_environment_scripts_only(ind_environment)
[0.643s] [34mcolcon.colcon_core.event_handler.log_command[0m [1;30mDEBUG[0m [32mInvoked command in '/home/fra/ros2_master_ws/build/ind_environment' returned '0': CMAKE_PREFIX_PATH=${CMAKE_PREFIX_PATH}:/opt/ros/humble /usr/bin/cmake --install /home/fra/ros2_master_ws/build/ind_environment[0m
[0.646s] [34mcolcon.colcon_core.environment[0m [1;30mLevel 1[0m checking '/home/fra/ros2_master_ws/install/ind_environment' for CMake module files
[0.647s] [34mcolcon.colcon_core.environment[0m [1;30mLevel 1[0m checking '/home/fra/ros2_master_ws/install/ind_environment' for CMake config files
[0.647s] [34mcolcon.colcon_core.shell[0m [1;30mLevel 1[0m create_environment_hook('ind_environment', 'cmake_prefix_path')
[0.647s] [34mcolcon.colcon_core.shell[0m [1;30mINFO[0m Creating environment hook '/home/fra/ros2_master_ws/install/ind_environment/share/ind_environment/hook/cmake_prefix_path.ps1'
[0.648s] [34mcolcon.colcon_core.shell[0m [1;30mINFO[0m Creating environment descriptor '/home/fra/ros2_master_ws/install/ind_environment/share/ind_environment/hook/cmake_prefix_path.dsv'
[0.648s] [34mcolcon.colcon_core.shell[0m [1;30mINFO[0m Creating environment hook '/home/fra/ros2_master_ws/install/ind_environment/share/ind_environment/hook/cmake_prefix_path.sh'
[0.649s] [34mcolcon.colcon_core.environment[0m [1;30mLevel 1[0m checking '/home/fra/ros2_master_ws/install/ind_environment/bin'
[0.649s] [34mcolcon.colcon_core.environment[0m [1;30mLevel 1[0m checking '/home/fra/ros2_master_ws/install/ind_environment/lib/pkgconfig/ind_environment.pc'
[0.650s] [34mcolcon.colcon_core.environment[0m [1;30mLevel 1[0m checking '/home/fra/ros2_master_ws/install/ind_environment/lib/python3.10/site-packages'
[0.650s] [34mcolcon.colcon_core.environment[0m [1;30mLevel 1[0m checking '/home/fra/ros2_master_ws/install/ind_environment/bin'
[0.650s] [34mcolcon.colcon_core.shell[0m [1;30mINFO[0m Creating package script '/home/fra/ros2_master_ws/install/ind_environment/share/ind_environment/package.ps1'
[0.651s] [34mcolcon.colcon_core.shell[0m [1;30mINFO[0m Creating package descriptor '/home/fra/ros2_master_ws/install/ind_environment/share/ind_environment/package.dsv'
[0.652s] [34mcolcon.colcon_core.shell[0m [1;30mINFO[0m Creating package script '/home/fra/ros2_master_ws/install/ind_environment/share/ind_environment/package.sh'
[0.652s] [34mcolcon.colcon_core.shell[0m [1;30mINFO[0m Creating package script '/home/fra/ros2_master_ws/install/ind_environment/share/ind_environment/package.bash'
[0.653s] [34mcolcon.colcon_core.shell[0m [1;30mINFO[0m Creating package script '/home/fra/ros2_master_ws/install/ind_environment/share/ind_environment/package.zsh'
[0.654s] [34mcolcon.colcon_core.environment[0m [1;30mLevel 1[0m create_file_with_runtime_dependencies(/home/fra/ros2_master_ws/install/ind_environment/share/colcon-core/packages/ind_environment)
[0.655s] [34mcolcon.colcon_core.environment[0m [1;30mLevel 1[0m create_environment_scripts_only(ind_environment)
[0.655s] [34mcolcon.colcon_core.environment[0m [1;30mLevel 1[0m checking '/home/fra/ros2_master_ws/install/ind_environment' for CMake module files
[0.655s] [34mcolcon.colcon_core.environment[0m [1;30mLevel 1[0m checking '/home/fra/ros2_master_ws/install/ind_environment' for CMake config files
[0.656s] [34mcolcon.colcon_core.shell[0m [1;30mLevel 1[0m create_environment_hook('ind_environment', 'cmake_prefix_path')
[0.656s] [34mcolcon.colcon_core.shell[0m [1;30mINFO[0m Creating environment hook '/home/fra/ros2_master_ws/install/ind_environment/share/ind_environment/hook/cmake_prefix_path.ps1'
[0.656s] [34mcolcon.colcon_core.shell[0m [1;30mINFO[0m Creating environment descriptor '/home/fra/ros2_master_ws/install/ind_environment/share/ind_environment/hook/cmake_prefix_path.dsv'
[0.656s] [34mcolcon.colcon_core.shell[0m [1;30mINFO[0m Creating environment hook '/home/fra/ros2_master_ws/install/ind_environment/share/ind_environment/hook/cmake_prefix_path.sh'
[0.657s] [34mcolcon.colcon_core.environment[0m [1;30mLevel 1[0m checking '/home/fra/ros2_master_ws/install/ind_environment/bin'
[0.657s] [34mcolcon.colcon_core.environment[0m [1;30mLevel 1[0m checking '/home/fra/ros2_master_ws/install/ind_environment/lib/pkgconfig/ind_environment.pc'
[0.657s] [34mcolcon.colcon_core.environment[0m [1;30mLevel 1[0m checking '/home/fra/ros2_master_ws/install/ind_environment/lib/python3.10/site-packages'
[0.657s] [34mcolcon.colcon_core.environment[0m [1;30mLevel 1[0m checking '/home/fra/ros2_master_ws/install/ind_environment/bin'
[0.658s] [34mcolcon.colcon_core.shell[0m [1;30mINFO[0m Creating package script '/home/fra/ros2_master_ws/install/ind_environment/share/ind_environment/package.ps1'
[0.658s] [34mcolcon.colcon_core.shell[0m [1;30mINFO[0m Creating package descriptor '/home/fra/ros2_master_ws/install/ind_environment/share/ind_environment/package.dsv'
[0.658s] [34mcolcon.colcon_core.shell[0m [1;30mINFO[0m Creating package script '/home/fra/ros2_master_ws/install/ind_environment/share/ind_environment/package.sh'
[0.659s] [34mcolcon.colcon_core.shell[0m [1;30mINFO[0m Creating package script '/home/fra/ros2_master_ws/install/ind_environment/share/ind_environment/package.bash'
[0.659s] [34mcolcon.colcon_core.shell[0m [1;30mINFO[0m Creating package script '/home/fra/ros2_master_ws/install/ind_environment/share/ind_environment/package.zsh'
[0.660s] [34mcolcon.colcon_core.environment[0m [1;30mLevel 1[0m create_file_with_runtime_dependencies(/home/fra/ros2_master_ws/install/ind_environment/share/colcon-core/packages/ind_environment)
[0.706s] [34mcolcon.colcon_core.event_handler.log_command[0m [1;30mDEBUG[0m [32mInvoked command in '/home/fra/ros2_master_ws/build/cobot_description' returned '0': CMAKE_PREFIX_PATH=${CMAKE_PREFIX_PATH}:/opt/ros/humble /usr/bin/cmake /home/fra/ros2_master_ws/src/cobot_description -DCMAKE_INSTALL_PREFIX=/home/fra/ros2_master_ws/install/cobot_description[0m
[0.707s] [34mcolcon.colcon_core.event_handler.log_command[0m [1;30mDEBUG[0m [32mInvoking command in '/home/fra/ros2_master_ws/build/cobot_description': CMAKE_PREFIX_PATH=${CMAKE_PREFIX_PATH}:/opt/ros/humble /usr/bin/cmake --build /home/fra/ros2_master_ws/build/cobot_description -- -j12 -l12[0m
[0.737s] [34mcolcon.colcon_core.event_handler.log_command[0m [1;30mDEBUG[0m [32mInvoked command in '/home/fra/ros2_master_ws/build/cobot_description' returned '0': CMAKE_PREFIX_PATH=${CMAKE_PREFIX_PATH}:/opt/ros/humble /usr/bin/cmake --build /home/fra/ros2_master_ws/build/cobot_description -- -j12 -l12[0m
[0.739s] [34mcolcon.colcon_core.event_handler.log_command[0m [1;30mDEBUG[0m [32mInvoking command in '/home/fra/ros2_master_ws/build/cobot_description': CMAKE_PREFIX_PATH=${CMAKE_PREFIX_PATH}:/opt/ros/humble /usr/bin/cmake --install /home/fra/ros2_master_ws/build/cobot_description[0m
[0.756s] [34mcolcon.colcon_core.environment[0m [1;30mLevel 1[0m create_environment_scripts_only(cobot_description)
[0.757s] [34mcolcon.colcon_core.environment[0m [1;30mLevel 1[0m checking '/home/fra/ros2_master_ws/install/cobot_description' for CMake module files
[0.757s] [34mcolcon.colcon_core.event_handler.log_command[0m [1;30mDEBUG[0m [32mInvoked command in '/home/fra/ros2_master_ws/build/cobot_description' returned '0': CMAKE_PREFIX_PATH=${CMAKE_PREFIX_PATH}:/opt/ros/humble /usr/bin/cmake --install /home/fra/ros2_master_ws/build/cobot_description[0m
[0.757s] [34mcolcon.colcon_core.environment[0m [1;30mLevel 1[0m checking '/home/fra/ros2_master_ws/install/cobot_description' for CMake config files
[0.758s] [34mcolcon.colcon_core.shell[0m [1;30mLevel 1[0m create_environment_hook('cobot_description', 'cmake_prefix_path')
[0.758s] [34mcolcon.colcon_core.shell[0m [1;30mINFO[0m Creating environment hook '/home/fra/ros2_master_ws/install/cobot_description/share/cobot_description/hook/cmake_prefix_path.ps1'
[0.758s] [34mcolcon.colcon_core.shell[0m [1;30mINFO[0m Creating environment descriptor '/home/fra/ros2_master_ws/install/cobot_description/share/cobot_description/hook/cmake_prefix_path.dsv'
[0.759s] [34mcolcon.colcon_core.shell[0m [1;30mINFO[0m Creating environment hook '/home/fra/ros2_master_ws/install/cobot_description/share/cobot_description/hook/cmake_prefix_path.sh'
[0.759s] [34mcolcon.colcon_core.environment[0m [1;30mLevel 1[0m checking '/home/fra/ros2_master_ws/install/cobot_description/bin'
[0.759s] [34mcolcon.colcon_core.environment[0m [1;30mLevel 1[0m checking '/home/fra/ros2_master_ws/install/cobot_description/lib/pkgconfig/cobot_description.pc'
[0.759s] [34mcolcon.colcon_core.environment[0m [1;30mLevel 1[0m checking '/home/fra/ros2_master_ws/install/cobot_description/lib/python3.10/site-packages'
[0.760s] [34mcolcon.colcon_core.environment[0m [1;30mLevel 1[0m checking '/home/fra/ros2_master_ws/install/cobot_description/bin'
[0.760s] [34mcolcon.colcon_core.shell[0m [1;30mINFO[0m Creating package script '/home/fra/ros2_master_ws/install/cobot_description/share/cobot_description/package.ps1'
[0.760s] [34mcolcon.colcon_core.shell[0m [1;30mINFO[0m Creating package descriptor '/home/fra/ros2_master_ws/install/cobot_description/share/cobot_description/package.dsv'
[0.761s] [34mcolcon.colcon_core.shell[0m [1;30mINFO[0m Creating package script '/home/fra/ros2_master_ws/install/cobot_description/share/cobot_description/package.sh'
[0.761s] [34mcolcon.colcon_core.shell[0m [1;30mINFO[0m Creating package script '/home/fra/ros2_master_ws/install/cobot_description/share/cobot_description/package.bash'
[0.761s] [34mcolcon.colcon_core.shell[0m [1;30mINFO[0m Creating package script '/home/fra/ros2_master_ws/install/cobot_description/share/cobot_description/package.zsh'
[0.762s] [34mcolcon.colcon_core.environment[0m [1;30mLevel 1[0m create_file_with_runtime_dependencies(/home/fra/ros2_master_ws/install/cobot_description/share/colcon-core/packages/cobot_description)
[0.762s] [34mcolcon.colcon_core.environment[0m [1;30mLevel 1[0m create_environment_scripts_only(cobot_description)
[0.762s] [34mcolcon.colcon_core.environment[0m [1;30mLevel 1[0m checking '/home/fra/ros2_master_ws/install/cobot_description' for CMake module files
[0.763s] [34mcolcon.colcon_core.environment[0m [1;30mLevel 1[0m checking '/home/fra/ros2_master_ws/install/cobot_description' for CMake config files
[0.763s] [34mcolcon.colcon_core.shell[0m [1;30mLevel 1[0m create_environment_hook('cobot_description', 'cmake_prefix_path')
[0.763s] [34mcolcon.colcon_core.shell[0m [1;30mINFO[0m Creating environment hook '/home/fra/ros2_master_ws/install/cobot_description/share/cobot_description/hook/cmake_prefix_path.ps1'
[0.764s] [34mcolcon.colcon_core.shell[0m [1;30mINFO[0m Creating environment descriptor '/home/fra/ros2_master_ws/install/cobot_description/share/cobot_description/hook/cmake_prefix_path.dsv'
[0.764s] [34mcolcon.colcon_core.shell[0m [1;30mINFO[0m Creating environment hook '/home/fra/ros2_master_ws/install/cobot_description/share/cobot_description/hook/cmake_prefix_path.sh'
[0.764s] [34mcolcon.colcon_core.environment[0m [1;30mLevel 1[0m checking '/home/fra/ros2_master_ws/install/cobot_description/bin'
[0.765s] [34mcolcon.colcon_core.environment[0m [1;30mLevel 1[0m checking '/home/fra/ros2_master_ws/install/cobot_description/lib/pkgconfig/cobot_description.pc'
[0.765s] [34mcolcon.colcon_core.environment[0m [1;30mLevel 1[0m checking '/home/fra/ros2_master_ws/install/cobot_description/lib/python3.10/site-packages'
[0.765s] [34mcolcon.colcon_core.environment[0m [1;30mLevel 1[0m checking '/home/fra/ros2_master_ws/install/cobot_description/bin'
[0.765s] [34mcolcon.colcon_core.shell[0m [1;30mINFO[0m Creating package script '/home/fra/ros2_master_ws/install/cobot_description/share/cobot_description/package.ps1'
[0.766s] [34mcolcon.colcon_core.shell[0m [1;30mINFO[0m Creating package descriptor '/home/fra/ros2_master_ws/install/cobot_description/share/cobot_description/package.dsv'
[0.766s] [34mcolcon.colcon_core.shell[0m [1;30mINFO[0m Creating package script '/home/fra/ros2_master_ws/install/cobot_description/share/cobot_description/package.sh'
[0.767s] [34mcolcon.colcon_core.shell[0m [1;30mINFO[0m Creating package script '/home/fra/ros2_master_ws/install/cobot_description/share/cobot_description/package.bash'
[0.767s] [34mcolcon.colcon_core.shell[0m [1;30mINFO[0m Creating package script '/home/fra/ros2_master_ws/install/cobot_description/share/cobot_description/package.zsh'
[0.767s] [34mcolcon.colcon_core.environment[0m [1;30mLevel 1[0m create_file_with_runtime_dependencies(/home/fra/ros2_master_ws/install/cobot_description/share/colcon-core/packages/cobot_description)
[0.768s] [34mcolcon.colcon_ros.task.ament_cmake.build[0m [1;30mINFO[0m Building ROS package in '/home/fra/ros2_master_ws/src/custom_robot_moveit_config' with build type 'ament_cmake'
[0.768s] [34mcolcon.colcon_cmake.task.cmake.build[0m [1;30mINFO[0m Building CMake package in '/home/fra/ros2_master_ws/src/custom_robot_moveit_config'
[0.768s] [34mcolcon.colcon_core.shell[0m [1;30mINFO[0m Skip shell extension 'powershell' for command environment: Not usable outside of PowerShell
[0.768s] [34mcolcon.colcon_core.shell[0m [1;30mDEBUG[0m [32mSkip shell extension 'dsv' for command environment[0m
[0.777s] [34mcolcon.colcon_core.event_handler.log_command[0m [1;30mDEBUG[0m [32mInvoking command in '/home/fra/ros2_master_ws/build/custom_robot_moveit_config': CMAKE_PREFIX_PATH=/home/fra/ros2_master_ws/install/cobot_description:/home/fra/ros2_master_ws/install/ind_environment:/home/fra/ros2_master_ws/install/custom_robot_moveit_config:/home/fra/ros2_master_ws/install/custom_robot_ik:/home/fra/ros2_master_ws/install/cobot_gazebo:/opt/ros/humble /usr/bin/cmake /home/fra/ros2_master_ws/src/custom_robot_moveit_config -DCMAKE_INSTALL_PREFIX=/home/fra/ros2_master_ws/install/custom_robot_moveit_config[0m
[0.906s] [34mcolcon.colcon_core.event_handler.log_command[0m [1;30mDEBUG[0m [32mInvoked command in '/home/fra/ros2_master_ws/build/cobot_gazebo' returned '0': CMAKE_PREFIX_PATH=${CMAKE_PREFIX_PATH}:/opt/ros/humble /usr/bin/cmake /home/fra/ros2_master_ws/src/cobot_gazebo -DCMAKE_INSTALL_PREFIX=/home/fra/ros2_master_ws/install/cobot_gazebo[0m
[0.907s] [34mcolcon.colcon_core.event_handler.log_command[0m [1;30mDEBUG[0m [32mInvoking command in '/home/fra/ros2_master_ws/build/cobot_gazebo': CMAKE_PREFIX_PATH=${CMAKE_PREFIX_PATH}:/opt/ros/humble /usr/bin/cmake --build /home/fra/ros2_master_ws/build/cobot_gazebo -- -j12 -l12[0m
[0.962s] [34mcolcon.colcon_core.event_handler.log_command[0m [1;30mDEBUG[0m [32mInvoked command in '/home/fra/ros2_master_ws/build/cobot_gazebo' returned '0': CMAKE_PREFIX_PATH=${CMAKE_PREFIX_PATH}:/opt/ros/humble /usr/bin/cmake --build /home/fra/ros2_master_ws/build/cobot_gazebo -- -j12 -l12[0m
[0.963s] [34mcolcon.colcon_core.event_handler.log_command[0m [1;30mDEBUG[0m [32mInvoking command in '/home/fra/ros2_master_ws/build/cobot_gazebo': CMAKE_PREFIX_PATH=${CMAKE_PREFIX_PATH}:/opt/ros/humble /usr/bin/cmake --install /home/fra/ros2_master_ws/build/cobot_gazebo[0m
[0.981s] [34mcolcon.colcon_core.environment[0m [1;30mLevel 1[0m create_environment_scripts_only(cobot_gazebo)
[0.982s] [34mcolcon.colcon_core.event_handler.log_command[0m [1;30mDEBUG[0m [32mInvoked command in '/home/fra/ros2_master_ws/build/cobot_gazebo' returned '0': CMAKE_PREFIX_PATH=${CMAKE_PREFIX_PATH}:/opt/ros/humble /usr/bin/cmake --install /home/fra/ros2_master_ws/build/cobot_gazebo[0m
[0.982s] [34mcolcon.colcon_core.environment[0m [1;30mLevel 1[0m checking '/home/fra/ros2_master_ws/install/cobot_gazebo' for CMake module files
[0.982s] [34mcolcon.colcon_core.environment[0m [1;30mLevel 1[0m checking '/home/fra/ros2_master_ws/install/cobot_gazebo' for CMake config files
[0.983s] [34mcolcon.colcon_core.shell[0m [1;30mLevel 1[0m create_environment_hook('cobot_gazebo', 'cmake_prefix_path')
[0.983s] [34mcolcon.colcon_core.shell[0m [1;30mINFO[0m Creating environment hook '/home/fra/ros2_master_ws/install/cobot_gazebo/share/cobot_gazebo/hook/cmake_prefix_path.ps1'
[0.984s] [34mcolcon.colcon_core.shell[0m [1;30mINFO[0m Creating environment descriptor '/home/fra/ros2_master_ws/install/cobot_gazebo/share/cobot_gazebo/hook/cmake_prefix_path.dsv'
[0.984s] [34mcolcon.colcon_core.shell[0m [1;30mINFO[0m Creating environment hook '/home/fra/ros2_master_ws/install/cobot_gazebo/share/cobot_gazebo/hook/cmake_prefix_path.sh'
[0.984s] [34mcolcon.colcon_core.environment[0m [1;30mLevel 1[0m checking '/home/fra/ros2_master_ws/install/cobot_gazebo/lib'
[0.985s] [34mcolcon.colcon_core.environment[0m [1;30mLevel 1[0m checking '/home/fra/ros2_master_ws/install/cobot_gazebo/bin'
[0.985s] [34mcolcon.colcon_core.environment[0m [1;30mLevel 1[0m checking '/home/fra/ros2_master_ws/install/cobot_gazebo/lib/pkgconfig/cobot_gazebo.pc'
[0.985s] [34mcolcon.colcon_core.environment[0m [1;30mLevel 1[0m checking '/home/fra/ros2_master_ws/install/cobot_gazebo/lib/python3.10/site-packages'
[0.985s] [34mcolcon.colcon_core.environment[0m [1;30mLevel 1[0m checking '/home/fra/ros2_master_ws/install/cobot_gazebo/bin'
[0.985s] [34mcolcon.colcon_core.shell[0m [1;30mINFO[0m Creating package script '/home/fra/ros2_master_ws/install/cobot_gazebo/share/cobot_gazebo/package.ps1'
[0.986s] [34mcolcon.colcon_core.shell[0m [1;30mINFO[0m Creating package descriptor '/home/fra/ros2_master_ws/install/cobot_gazebo/share/cobot_gazebo/package.dsv'
[0.986s] [34mcolcon.colcon_core.shell[0m [1;30mINFO[0m Creating package script '/home/fra/ros2_master_ws/install/cobot_gazebo/share/cobot_gazebo/package.sh'
[0.987s] [34mcolcon.colcon_core.shell[0m [1;30mINFO[0m Creating package script '/home/fra/ros2_master_ws/install/cobot_gazebo/share/cobot_gazebo/package.bash'
[0.987s] [34mcolcon.colcon_core.shell[0m [1;30mINFO[0m Creating package script '/home/fra/ros2_master_ws/install/cobot_gazebo/share/cobot_gazebo/package.zsh'
[0.987s] [34mcolcon.colcon_core.environment[0m [1;30mLevel 1[0m create_file_with_runtime_dependencies(/home/fra/ros2_master_ws/install/cobot_gazebo/share/colcon-core/packages/cobot_gazebo)
[0.988s] [34mcolcon.colcon_core.environment[0m [1;30mLevel 1[0m create_environment_scripts_only(cobot_gazebo)
[0.988s] [34mcolcon.colcon_core.environment[0m [1;30mLevel 1[0m checking '/home/fra/ros2_master_ws/install/cobot_gazebo' for CMake module files
[0.989s] [34mcolcon.colcon_core.environment[0m [1;30mLevel 1[0m checking '/home/fra/ros2_master_ws/install/cobot_gazebo' for CMake config files
[0.989s] [34mcolcon.colcon_core.shell[0m [1;30mLevel 1[0m create_environment_hook('cobot_gazebo', 'cmake_prefix_path')
[0.989s] [34mcolcon.colcon_core.shell[0m [1;30mINFO[0m Creating environment hook '/home/fra/ros2_master_ws/install/cobot_gazebo/share/cobot_gazebo/hook/cmake_prefix_path.ps1'
[0.989s] [34mcolcon.colcon_core.shell[0m [1;30mINFO[0m Creating environment descriptor '/home/fra/ros2_master_ws/install/cobot_gazebo/share/cobot_gazebo/hook/cmake_prefix_path.dsv'
[0.990s] [34mcolcon.colcon_core.shell[0m [1;30mINFO[0m Creating environment hook '/home/fra/ros2_master_ws/install/cobot_gazebo/share/cobot_gazebo/hook/cmake_prefix_path.sh'
[0.990s] [34mcolcon.colcon_core.environment[0m [1;30mLevel 1[0m checking '/home/fra/ros2_master_ws/install/cobot_gazebo/lib'
[0.990s] [34mcolcon.colcon_core.environment[0m [1;30mLevel 1[0m checking '/home/fra/ros2_master_ws/install/cobot_gazebo/bin'
[0.990s] [34mcolcon.colcon_core.environment[0m [1;30mLevel 1[0m checking '/home/fra/ros2_master_ws/install/cobot_gazebo/lib/pkgconfig/cobot_gazebo.pc'
[0.990s] [34mcolcon.colcon_core.environment[0m [1;30mLevel 1[0m checking '/home/fra/ros2_master_ws/install/cobot_gazebo/lib/python3.10/site-packages'
[0.991s] [34mcolcon.colcon_core.environment[0m [1;30mLevel 1[0m checking '/home/fra/ros2_master_ws/install/cobot_gazebo/bin'
[0.991s] [34mcolcon.colcon_core.shell[0m [1;30mINFO[0m Creating package script '/home/fra/ros2_master_ws/install/cobot_gazebo/share/cobot_gazebo/package.ps1'
[0.991s] [34mcolcon.colcon_core.shell[0m [1;30mINFO[0m Creating package descriptor '/home/fra/ros2_master_ws/install/cobot_gazebo/share/cobot_gazebo/package.dsv'
[0.992s] [34mcolcon.colcon_core.shell[0m [1;30mINFO[0m Creating package script '/home/fra/ros2_master_ws/install/cobot_gazebo/share/cobot_gazebo/package.sh'
[0.992s] [34mcolcon.colcon_core.shell[0m [1;30mINFO[0m Creating package script '/home/fra/ros2_master_ws/install/cobot_gazebo/share/cobot_gazebo/package.bash'
[0.992s] [34mcolcon.colcon_core.shell[0m [1;30mINFO[0m Creating package script '/home/fra/ros2_master_ws/install/cobot_gazebo/share/cobot_gazebo/package.zsh'
[0.993s] [34mcolcon.colcon_core.environment[0m [1;30mLevel 1[0m create_file_with_runtime_dependencies(/home/fra/ros2_master_ws/install/cobot_gazebo/share/colcon-core/packages/cobot_gazebo)
[0.994s] [34mcolcon.colcon_core.event_handler.log_command[0m [1;30mDEBUG[0m [32mInvoked command in '/home/fra/ros2_master_ws/build/custom_robot_moveit_config' returned '0': CMAKE_PREFIX_PATH=/home/fra/ros2_master_ws/install/cobot_description:/home/fra/ros2_master_ws/install/ind_environment:/home/fra/ros2_master_ws/install/custom_robot_moveit_config:/home/fra/ros2_master_ws/install/custom_robot_ik:/home/fra/ros2_master_ws/install/cobot_gazebo:/opt/ros/humble /usr/bin/cmake /home/fra/ros2_master_ws/src/custom_robot_moveit_config -DCMAKE_INSTALL_PREFIX=/home/fra/ros2_master_ws/install/custom_robot_moveit_config[0m
[0.995s] [34mcolcon.colcon_core.event_handler.log_command[0m [1;30mDEBUG[0m [32mInvoking command in '/home/fra/ros2_master_ws/build/custom_robot_moveit_config': CMAKE_PREFIX_PATH=/home/fra/ros2_master_ws/install/cobot_description:/home/fra/ros2_master_ws/install/ind_environment:/home/fra/ros2_master_ws/install/custom_robot_moveit_config:/home/fra/ros2_master_ws/install/custom_robot_ik:/home/fra/ros2_master_ws/install/cobot_gazebo:/opt/ros/humble /usr/bin/cmake --build /home/fra/ros2_master_ws/build/custom_robot_moveit_config -- -j12 -l12[0m
[1.025s] [34mcolcon.colcon_core.event_handler.log_command[0m [1;30mDEBUG[0m [32mInvoked command in '/home/fra/ros2_master_ws/build/custom_robot_moveit_config' returned '0': CMAKE_PREFIX_PATH=/home/fra/ros2_master_ws/install/cobot_description:/home/fra/ros2_master_ws/install/ind_environment:/home/fra/ros2_master_ws/install/custom_robot_moveit_config:/home/fra/ros2_master_ws/install/custom_robot_ik:/home/fra/ros2_master_ws/install/cobot_gazebo:/opt/ros/humble /usr/bin/cmake --build /home/fra/ros2_master_ws/build/custom_robot_moveit_config -- -j12 -l12[0m
[1.026s] [34mcolcon.colcon_core.event_handler.log_command[0m [1;30mDEBUG[0m [32mInvoking command in '/home/fra/ros2_master_ws/build/custom_robot_moveit_config': CMAKE_PREFIX_PATH=/home/fra/ros2_master_ws/install/cobot_description:/home/fra/ros2_master_ws/install/ind_environment:/home/fra/ros2_master_ws/install/custom_robot_moveit_config:/home/fra/ros2_master_ws/install/custom_robot_ik:/home/fra/ros2_master_ws/install/cobot_gazebo:/opt/ros/humble /usr/bin/cmake --install /home/fra/ros2_master_ws/build/custom_robot_moveit_config[0m
[1.045s] [34mcolcon.colcon_core.environment[0m [1;30mLevel 1[0m create_environment_scripts_only(custom_robot_moveit_config)
[1.045s] [34mcolcon.colcon_core.event_handler.log_command[0m [1;30mDEBUG[0m [32mInvoked command in '/home/fra/ros2_master_ws/build/custom_robot_moveit_config' returned '0': CMAKE_PREFIX_PATH=/home/fra/ros2_master_ws/install/cobot_description:/home/fra/ros2_master_ws/install/ind_environment:/home/fra/ros2_master_ws/install/custom_robot_moveit_config:/home/fra/ros2_master_ws/install/custom_robot_ik:/home/fra/ros2_master_ws/install/cobot_gazebo:/opt/ros/humble /usr/bin/cmake --install /home/fra/ros2_master_ws/build/custom_robot_moveit_config[0m
[1.046s] [34mcolcon.colcon_core.environment[0m [1;30mLevel 1[0m checking '/home/fra/ros2_master_ws/install/custom_robot_moveit_config' for CMake module files
[1.046s] [34mcolcon.colcon_core.environment[0m [1;30mLevel 1[0m checking '/home/fra/ros2_master_ws/install/custom_robot_moveit_config' for CMake config files
[1.047s] [34mcolcon.colcon_core.shell[0m [1;30mLevel 1[0m create_environment_hook('custom_robot_moveit_config', 'cmake_prefix_path')
[1.047s] [34mcolcon.colcon_core.shell[0m [1;30mINFO[0m Creating environment hook '/home/fra/ros2_master_ws/install/custom_robot_moveit_config/share/custom_robot_moveit_config/hook/cmake_prefix_path.ps1'
[1.047s] [34mcolcon.colcon_core.shell[0m [1;30mINFO[0m Creating environment descriptor '/home/fra/ros2_master_ws/install/custom_robot_moveit_config/share/custom_robot_moveit_config/hook/cmake_prefix_path.dsv'
[1.047s] [34mcolcon.colcon_core.shell[0m [1;30mINFO[0m Creating environment hook '/home/fra/ros2_master_ws/install/custom_robot_moveit_config/share/custom_robot_moveit_config/hook/cmake_prefix_path.sh'
[1.048s] [34mcolcon.colcon_core.environment[0m [1;30mLevel 1[0m checking '/home/fra/ros2_master_ws/install/custom_robot_moveit_config/bin'
[1.048s] [34mcolcon.colcon_core.environment[0m [1;30mLevel 1[0m checking '/home/fra/ros2_master_ws/install/custom_robot_moveit_config/lib/pkgconfig/custom_robot_moveit_config.pc'
[1.048s] [34mcolcon.colcon_core.environment[0m [1;30mLevel 1[0m checking '/home/fra/ros2_master_ws/install/custom_robot_moveit_config/lib/python3.10/site-packages'
[1.048s] [34mcolcon.colcon_core.environment[0m [1;30mLevel 1[0m checking '/home/fra/ros2_master_ws/install/custom_robot_moveit_config/bin'
[1.049s] [34mcolcon.colcon_core.shell[0m [1;30mINFO[0m Creating package script '/home/fra/ros2_master_ws/install/custom_robot_moveit_config/share/custom_robot_moveit_config/package.ps1'
[1.049s] [34mcolcon.colcon_core.shell[0m [1;30mINFO[0m Creating package descriptor '/home/fra/ros2_master_ws/install/custom_robot_moveit_config/share/custom_robot_moveit_config/package.dsv'
[1.049s] [34mcolcon.colcon_core.shell[0m [1;30mINFO[0m Creating package script '/home/fra/ros2_master_ws/install/custom_robot_moveit_config/share/custom_robot_moveit_config/package.sh'
[1.050s] [34mcolcon.colcon_core.shell[0m [1;30mINFO[0m Creating package script '/home/fra/ros2_master_ws/install/custom_robot_moveit_config/share/custom_robot_moveit_config/package.bash'
[1.050s] [34mcolcon.colcon_core.shell[0m [1;30mINFO[0m Creating package script '/home/fra/ros2_master_ws/install/custom_robot_moveit_config/share/custom_robot_moveit_config/package.zsh'
[1.050s] [34mcolcon.colcon_core.environment[0m [1;30mLevel 1[0m create_file_with_runtime_dependencies(/home/fra/ros2_master_ws/install/custom_robot_moveit_config/share/colcon-core/packages/custom_robot_moveit_config)
[1.051s] [34mcolcon.colcon_core.environment[0m [1;30mLevel 1[0m create_environment_scripts_only(custom_robot_moveit_config)
[1.051s] [34mcolcon.colcon_core.environment[0m [1;30mLevel 1[0m checking '/home/fra/ros2_master_ws/install/custom_robot_moveit_config' for CMake module files
[1.051s] [34mcolcon.colcon_core.environment[0m [1;30mLevel 1[0m checking '/home/fra/ros2_master_ws/install/custom_robot_moveit_config' for CMake config files
[1.052s] [34mcolcon.colcon_core.shell[0m [1;30mLevel 1[0m create_environment_hook('custom_robot_moveit_config', 'cmake_prefix_path')
[1.052s] [34mcolcon.colcon_core.shell[0m [1;30mINFO[0m Creating environment hook '/home/fra/ros2_master_ws/install/custom_robot_moveit_config/share/custom_robot_moveit_config/hook/cmake_prefix_path.ps1'
[1.052s] [34mcolcon.colcon_core.shell[0m [1;30mINFO[0m Creating environment descriptor '/home/fra/ros2_master_ws/install/custom_robot_moveit_config/share/custom_robot_moveit_config/hook/cmake_prefix_path.dsv'
[1.053s] [34mcolcon.colcon_core.shell[0m [1;30mINFO[0m Creating environment hook '/home/fra/ros2_master_ws/install/custom_robot_moveit_config/share/custom_robot_moveit_config/hook/cmake_prefix_path.sh'
[1.053s] [34mcolcon.colcon_core.environment[0m [1;30mLevel 1[0m checking '/home/fra/ros2_master_ws/install/custom_robot_moveit_config/bin'
[1.053s] [34mcolcon.colcon_core.environment[0m [1;30mLevel 1[0m checking '/home/fra/ros2_master_ws/install/custom_robot_moveit_config/lib/pkgconfig/custom_robot_moveit_config.pc'
[1.053s] [34mcolcon.colcon_core.environment[0m [1;30mLevel 1[0m checking '/home/fra/ros2_master_ws/install/custom_robot_moveit_config/lib/python3.10/site-packages'
[1.053s] [34mcolcon.colcon_core.environment[0m [1;30mLevel 1[0m checking '/home/fra/ros2_master_ws/install/custom_robot_moveit_config/bin'
[1.054s] [34mcolcon.colcon_core.shell[0m [1;30mINFO[0m Creating package script '/home/fra/ros2_master_ws/install/custom_robot_moveit_config/share/custom_robot_moveit_config/package.ps1'
[1.054s] [34mcolcon.colcon_core.shell[0m [1;30mINFO[0m Creating package descriptor '/home/fra/ros2_master_ws/install/custom_robot_moveit_config/share/custom_robot_moveit_config/package.dsv'
[1.055s] [34mcolcon.colcon_core.shell[0m [1;30mINFO[0m Creating package script '/home/fra/ros2_master_ws/install/custom_robot_moveit_config/share/custom_robot_moveit_config/package.sh'
[1.055s] [34mcolcon.colcon_core.shell[0m [1;30mINFO[0m Creating package script '/home/fra/ros2_master_ws/install/custom_robot_moveit_config/share/custom_robot_moveit_config/package.bash'
[1.055s] [34mcolcon.colcon_core.shell[0m [1;30mINFO[0m Creating package script '/home/fra/ros2_master_ws/install/custom_robot_moveit_config/share/custom_robot_moveit_config/package.zsh'
[1.056s] [34mcolcon.colcon_core.environment[0m [1;30mLevel 1[0m create_file_with_runtime_dependencies(/home/fra/ros2_master_ws/install/custom_robot_moveit_config/share/colcon-core/packages/custom_robot_moveit_config)
[1.429s] [34mcolcon.colcon_core.event_handler.log_command[0m [1;30mDEBUG[0m [32mInvoked command in '/home/fra/ros2_master_ws/build/custom_robot_ik' returned '0': CMAKE_PREFIX_PATH=${CMAKE_PREFIX_PATH}:/opt/ros/humble /usr/bin/cmake /home/fra/ros2_master_ws/src/custom_robot_ik -DCMAKE_INSTALL_PREFIX=/home/fra/ros2_master_ws/install/custom_robot_ik[0m
[1.430s] [34mcolcon.colcon_core.event_handler.log_command[0m [1;30mDEBUG[0m [32mInvoking command in '/home/fra/ros2_master_ws/build/custom_robot_ik': CMAKE_PREFIX_PATH=${CMAKE_PREFIX_PATH}:/opt/ros/humble /usr/bin/cmake --build /home/fra/ros2_master_ws/build/custom_robot_ik -- -j12 -l12[0m
[1.492s] [34mcolcon.colcon_core.event_handler.log_command[0m [1;30mDEBUG[0m [32mInvoked command in '/home/fra/ros2_master_ws/build/custom_robot_ik' returned '0': CMAKE_PREFIX_PATH=${CMAKE_PREFIX_PATH}:/opt/ros/humble /usr/bin/cmake --build /home/fra/ros2_master_ws/build/custom_robot_ik -- -j12 -l12[0m
[1.493s] [34mcolcon.colcon_core.event_handler.log_command[0m [1;30mDEBUG[0m [32mInvoking command in '/home/fra/ros2_master_ws/build/custom_robot_ik': CMAKE_PREFIX_PATH=${CMAKE_PREFIX_PATH}:/opt/ros/humble /usr/bin/cmake --install /home/fra/ros2_master_ws/build/custom_robot_ik[0m
[1.509s] [34mcolcon.colcon_core.environment[0m [1;30mLevel 1[0m create_environment_scripts_only(custom_robot_ik)
[1.509s] [34mcolcon.colcon_core.environment[0m [1;30mLevel 1[0m checking '/home/fra/ros2_master_ws/install/custom_robot_ik' for CMake module files
[1.510s] [34mcolcon.colcon_core.event_handler.log_command[0m [1;30mDEBUG[0m [32mInvoked command in '/home/fra/ros2_master_ws/build/custom_robot_ik' returned '0': CMAKE_PREFIX_PATH=${CMAKE_PREFIX_PATH}:/opt/ros/humble /usr/bin/cmake --install /home/fra/ros2_master_ws/build/custom_robot_ik[0m
[1.510s] [34mcolcon.colcon_core.environment[0m [1;30mLevel 1[0m checking '/home/fra/ros2_master_ws/install/custom_robot_ik' for CMake config files
[1.510s] [34mcolcon.colcon_core.shell[0m [1;30mLevel 1[0m create_environment_hook('custom_robot_ik', 'cmake_prefix_path')
[1.511s] [34mcolcon.colcon_core.shell[0m [1;30mINFO[0m Creating environment hook '/home/fra/ros2_master_ws/install/custom_robot_ik/share/custom_robot_ik/hook/cmake_prefix_path.ps1'
[1.511s] [34mcolcon.colcon_core.shell[0m [1;30mINFO[0m Creating environment descriptor '/home/fra/ros2_master_ws/install/custom_robot_ik/share/custom_robot_ik/hook/cmake_prefix_path.dsv'
[1.511s] [34mcolcon.colcon_core.shell[0m [1;30mINFO[0m Creating environment hook '/home/fra/ros2_master_ws/install/custom_robot_ik/share/custom_robot_ik/hook/cmake_prefix_path.sh'
[1.512s] [34mcolcon.colcon_core.environment[0m [1;30mLevel 1[0m checking '/home/fra/ros2_master_ws/install/custom_robot_ik/lib'
[1.512s] [34mcolcon.colcon_core.environment[0m [1;30mLevel 1[0m checking '/home/fra/ros2_master_ws/install/custom_robot_ik/bin'
[1.512s] [34mcolcon.colcon_core.environment[0m [1;30mLevel 1[0m checking '/home/fra/ros2_master_ws/install/custom_robot_ik/lib/pkgconfig/custom_robot_ik.pc'
[1.512s] [34mcolcon.colcon_core.environment[0m [1;30mLevel 1[0m checking '/home/fra/ros2_master_ws/install/custom_robot_ik/lib/python3.10/site-packages'
[1.512s] [34mcolcon.colcon_core.environment[0m [1;30mLevel 1[0m checking '/home/fra/ros2_master_ws/install/custom_robot_ik/bin'
[1.512s] [34mcolcon.colcon_core.shell[0m [1;30mINFO[0m Creating package script '/home/fra/ros2_master_ws/install/custom_robot_ik/share/custom_robot_ik/package.ps1'
[1.513s] [34mcolcon.colcon_core.shell[0m [1;30mINFO[0m Creating package descriptor '/home/fra/ros2_master_ws/install/custom_robot_ik/share/custom_robot_ik/package.dsv'
[1.513s] [34mcolcon.colcon_core.shell[0m [1;30mINFO[0m Creating package script '/home/fra/ros2_master_ws/install/custom_robot_ik/share/custom_robot_ik/package.sh'
[1.514s] [34mcolcon.colcon_core.shell[0m [1;30mINFO[0m Creating package script '/home/fra/ros2_master_ws/install/custom_robot_ik/share/custom_robot_ik/package.bash'
[1.514s] [34mcolcon.colcon_core.shell[0m [1;30mINFO[0m Creating package script '/home/fra/ros2_master_ws/install/custom_robot_ik/share/custom_robot_ik/package.zsh'
[1.514s] [34mcolcon.colcon_core.environment[0m [1;30mLevel 1[0m create_file_with_runtime_dependencies(/home/fra/ros2_master_ws/install/custom_robot_ik/share/colcon-core/packages/custom_robot_ik)
[1.515s] [34mcolcon.colcon_core.environment[0m [1;30mLevel 1[0m create_environment_scripts_only(custom_robot_ik)
[1.515s] [34mcolcon.colcon_core.environment[0m [1;30mLevel 1[0m checking '/home/fra/ros2_master_ws/install/custom_robot_ik' for CMake module files
[1.515s] [34mcolcon.colcon_core.environment[0m [1;30mLevel 1[0m checking '/home/fra/ros2_master_ws/install/custom_robot_ik' for CMake config files
[1.515s] [34mcolcon.colcon_core.shell[0m [1;30mLevel 1[0m create_environment_hook('custom_robot_ik', 'cmake_prefix_path')
[1.516s] [34mcolcon.colcon_core.shell[0m [1;30mINFO[0m Creating environment hook '/home/fra/ros2_master_ws/install/custom_robot_ik/share/custom_robot_ik/hook/cmake_prefix_path.ps1'
[1.516s] [34mcolcon.colcon_core.shell[0m [1;30mINFO[0m Creating environment descriptor '/home/fra/ros2_master_ws/install/custom_robot_ik/share/custom_robot_ik/hook/cmake_prefix_path.dsv'
[1.516s] [34mcolcon.colcon_core.shell[0m [1;30mINFO[0m Creating environment hook '/home/fra/ros2_master_ws/install/custom_robot_ik/share/custom_robot_ik/hook/cmake_prefix_path.sh'
[1.517s] [34mcolcon.colcon_core.environment[0m [1;30mLevel 1[0m checking '/home/fra/ros2_master_ws/install/custom_robot_ik/lib'
[1.517s] [34mcolcon.colcon_core.environment[0m [1;30mLevel 1[0m checking '/home/fra/ros2_master_ws/install/custom_robot_ik/bin'
[1.517s] [34mcolcon.colcon_core.environment[0m [1;30mLevel 1[0m checking '/home/fra/ros2_master_ws/install/custom_robot_ik/lib/pkgconfig/custom_robot_ik.pc'
[1.517s] [34mcolcon.colcon_core.environment[0m [1;30mLevel 1[0m checking '/home/fra/ros2_master_ws/install/custom_robot_ik/lib/python3.10/site-packages'
[1.517s] [34mcolcon.colcon_core.environment[0m [1;30mLevel 1[0m checking '/home/fra/ros2_master_ws/install/custom_robot_ik/bin'
[1.517s] [34mcolcon.colcon_core.shell[0m [1;30mINFO[0m Creating package script '/home/fra/ros2_master_ws/install/custom_robot_ik/share/custom_robot_ik/package.ps1'
[1.518s] [34mcolcon.colcon_core.shell[0m [1;30mINFO[0m Creating package descriptor '/home/fra/ros2_master_ws/install/custom_robot_ik/share/custom_robot_ik/package.dsv'
[1.518s] [34mcolcon.colcon_core.shell[0m [1;30mINFO[0m Creating package script '/home/fra/ros2_master_ws/install/custom_robot_ik/share/custom_robot_ik/package.sh'
[1.519s] [34mcolcon.colcon_core.shell[0m [1;30mINFO[0m Creating package script '/home/fra/ros2_master_ws/install/custom_robot_ik/share/custom_robot_ik/package.bash'
[1.519s] [34mcolcon.colcon_core.shell[0m [1;30mINFO[0m Creating package script '/home/fra/ros2_master_ws/install/custom_robot_ik/share/custom_robot_ik/package.zsh'
[1.519s] [34mcolcon.colcon_core.environment[0m [1;30mLevel 1[0m create_file_with_runtime_dependencies(/home/fra/ros2_master_ws/install/custom_robot_ik/share/colcon-core/packages/custom_robot_ik)
[1.520s] [34mcolcon.colcon_parallel_executor.executor.parallel[0m [1;30mDEBUG[0m [32mclosing loop[0m
[1.520s] [34mcolcon.colcon_parallel_executor.executor.parallel[0m [1;30mDEBUG[0m [32mloop closed[0m
[1.520s] [34mcolcon.colcon_parallel_executor.executor.parallel[0m [1;30mDEBUG[0m [32mrun_until_complete finished with '0'[0m
[1.520s] [34mcolcon.colcon_core.event_reactor[0m [1;30mDEBUG[0m [32mjoining thread[0m
[1.525s] [34mcolcon.colcon_core.plugin_system[0m [1;30mINFO[0m Skipping extension 'colcon_notification.desktop_notification.terminal_notifier': Not used on non-Darwin systems
[1.525s] [34mcolcon.colcon_core.plugin_system[0m [1;30mINFO[0m Skipping extension 'colcon_notification.desktop_notification.win32': Not used on non-Windows systems
[1.525s] [34mcolcon.colcon_notification.desktop_notification[0m [1;30mINFO[0m Sending desktop notification using 'notify2'
[1.540s] [34mcolcon.colcon_core.event_reactor[0m [1;30mDEBUG[0m [32mjoined thread[0m
[1.541s] [34mcolcon.colcon_core.shell[0m [1;30mINFO[0m Creating prefix script '/home/fra/ros2_master_ws/install/local_setup.ps1'
[1.542s] [34mcolcon.colcon_core.shell[0m [1;30mINFO[0m Creating prefix util module '/home/fra/ros2_master_ws/install/_local_setup_util_ps1.py'
[1.543s] [34mcolcon.colcon_core.shell[0m [1;30mINFO[0m Creating prefix chain script '/home/fra/ros2_master_ws/install/setup.ps1'
[1.544s] [34mcolcon.colcon_core.shell[0m [1;30mINFO[0m Creating prefix script '/home/fra/ros2_master_ws/install/local_setup.sh'
[1.545s] [34mcolcon.colcon_core.shell[0m [1;30mINFO[0m Creating prefix util module '/home/fra/ros2_master_ws/install/_local_setup_util_sh.py'
[1.545s] [34mcolcon.colcon_core.shell[0m [1;30mINFO[0m Creating prefix chain script '/home/fra/ros2_master_ws/install/setup.sh'
[1.546s] [34mcolcon.colcon_core.shell[0m [1;30mINFO[0m Creating prefix script '/home/fra/ros2_master_ws/install/local_setup.bash'
[1.547s] [34mcolcon.colcon_core.shell[0m [1;30mINFO[0m Creating prefix chain script '/home/fra/ros2_master_ws/install/setup.bash'
[1.548s] [34mcolcon.colcon_core.shell[0m [1;30mINFO[0m Creating prefix script '/home/fra/ros2_master_ws/install/local_setup.zsh'
[1.549s] [34mcolcon.colcon_core.shell[0m [1;30mINFO[0m Creating prefix chain script '/home/fra/ros2_master_ws/install/setup.zsh'
