[0.011s] Invoking command in '/home/fra/ros2_master_ws/build/cobot_description': CMAKE_PREFIX_PATH=${CMAKE_PREFIX_PATH}:/opt/ros/humble /usr/bin/cmake --build /home/fra/ros2_master_ws/build/cobot_description -- -j12 -l12
[0.032s] -- Found ament_cmake: 1.3.11 (/opt/ros/humble/share/ament_cmake/cmake)
[0.146s] -- Found std_msgs: 4.2.4 (/opt/ros/humble/share/std_msgs/cmake)
[0.176s] -- Found rosidl_generator_c: 3.1.6 (/opt/ros/humble/share/rosidl_generator_c/cmake)
[0.179s] -- Found rosidl_adapter: 3.1.6 (/opt/ros/humble/share/rosidl_adapter/cmake)
[0.186s] -- Found rosidl_generator_cpp: 3.1.6 (/opt/ros/humble/share/rosidl_generator_cpp/cmake)
[0.197s] -- Using all available rosidl_typesupport_c: rosidl_typesupport_fastrtps_c;rosidl_typesupport_introspection_c
[0.212s] -- Using all available rosidl_typesupport_cpp: rosidl_typesupport_fastrtps_cpp;rosidl_typesupport_introspection_cpp
[0.238s] -- Found urdf: 2.6.1 (/opt/ros/humble/share/urdf/cmake)
[0.261s] -- Found ament_lint_auto: 0.12.11 (/opt/ros/humble/share/ament_lint_auto/cmake)
[0.339s] -- Added test 'flake8' to check Python code syntax and style conventions
[0.339s] -- Added test 'lint_cmake' to check CMake code style
[0.339s] -- Added test 'pep257' to check Python code against some of the docstring style conventions in PEP 257
[0.340s] -- Added test 'xmllint' to check XML markup files
[0.341s] -- Configuring done
[0.345s] -- Generating done
[0.346s] -- Build files have been written to: /home/fra/ros2_master_ws/build/cobot_description
[0.365s] Invoked command in '/home/fra/ros2_master_ws/build/cobot_description' returned '0': CMAKE_PREFIX_PATH=${CMAKE_PREFIX_PATH}:/opt/ros/humble /usr/bin/cmake --build /home/fra/ros2_master_ws/build/cobot_description -- -j12 -l12
[0.366s] Invoking command in '/home/fra/ros2_master_ws/build/cobot_description': CMAKE_PREFIX_PATH=${CMAKE_PREFIX_PATH}:/opt/ros/humble /usr/bin/cmake --install /home/fra/ros2_master_ws/build/cobot_description
[0.372s] -- Install configuration: ""
[0.372s] -- Up-to-date: /home/fra/ros2_master_ws/install/cobot_description/share/cobot_description/urdf
[0.372s] -- Up-to-date: /home/fra/ros2_master_ws/install/cobot_description/share/cobot_description/urdf/cobot_description.urdf.xacro
[0.372s] -- Up-to-date: /home/fra/ros2_master_ws/install/cobot_description/share/cobot_description/urdf/custom_cobot_gazebo.xacro
[0.372s] -- Up-to-date: /home/fra/ros2_master_ws/install/cobot_description/share/cobot_description/urdf/custom_gripper.xacro
[0.372s] -- Up-to-date: /home/fra/ros2_master_ws/install/cobot_description/share/cobot_description/urdf/link_joint.xacro
[0.372s] -- Up-to-date: /home/fra/ros2_master_ws/install/cobot_description/share/cobot_description/launch
[0.372s] -- Up-to-date: /home/fra/ros2_master_ws/install/cobot_description/share/cobot_description/launch/rviz.launch.py
[0.372s] -- Up-to-date: /home/fra/ros2_master_ws/install/cobot_description/share/cobot_description/config
[0.372s] -- Up-to-date: /home/fra/ros2_master_ws/install/cobot_description/share/cobot_description/config/config.rviz
[0.372s] -- Up-to-date: /home/fra/ros2_master_ws/install/cobot_description/share/ament_index/resource_index/package_run_dependencies/cobot_description
[0.372s] -- Installing: /home/fra/ros2_master_ws/install/cobot_description/share/ament_index/resource_index/parent_prefix_path/cobot_description
[0.372s] -- Up-to-date: /home/fra/ros2_master_ws/install/cobot_description/share/cobot_description/environment/ament_prefix_path.sh
[0.373s] -- Installing: /home/fra/ros2_master_ws/install/cobot_description/share/cobot_description/environment/ament_prefix_path.dsv
[0.373s] -- Up-to-date: /home/fra/ros2_master_ws/install/cobot_description/share/cobot_description/environment/path.sh
[0.373s] -- Installing: /home/fra/ros2_master_ws/install/cobot_description/share/cobot_description/environment/path.dsv
[0.373s] -- Up-to-date: /home/fra/ros2_master_ws/install/cobot_description/share/cobot_description/local_setup.bash
[0.373s] -- Up-to-date: /home/fra/ros2_master_ws/install/cobot_description/share/cobot_description/local_setup.sh
[0.373s] -- Up-to-date: /home/fra/ros2_master_ws/install/cobot_description/share/cobot_description/local_setup.zsh
[0.373s] -- Installing: /home/fra/ros2_master_ws/install/cobot_description/share/cobot_description/local_setup.dsv
[0.373s] -- Installing: /home/fra/ros2_master_ws/install/cobot_description/share/cobot_description/package.dsv
[0.373s] -- Up-to-date: /home/fra/ros2_master_ws/install/cobot_description/share/ament_index/resource_index/packages/cobot_description
[0.373s] -- Up-to-date: /home/fra/ros2_master_ws/install/cobot_description/share/cobot_description/cmake/cobot_descriptionConfig.cmake
[0.373s] -- Up-to-date: /home/fra/ros2_master_ws/install/cobot_description/share/cobot_description/cmake/cobot_descriptionConfig-version.cmake
[0.373s] -- Installing: /home/fra/ros2_master_ws/install/cobot_description/share/cobot_description/package.xml
[0.374s] Invoked command in '/home/fra/ros2_master_ws/build/cobot_description' returned '0': CMAKE_PREFIX_PATH=${CMAKE_PREFIX_PATH}:/opt/ros/humble /usr/bin/cmake --install /home/fra/ros2_master_ws/build/cobot_description
