[0.025s] Invoking command in '/home/fra/ros2_master_ws/build/ind_environment': CMAKE_PREFIX_PATH=${CMAKE_PREFIX_PATH}:/opt/ros/humble /usr/bin/cmake /home/fra/ros2_master_ws/src/ind_environment -DCMAKE_INSTALL_PREFIX=/home/fra/ros2_master_ws/install/ind_environment
[0.122s] -- The C compiler identification is GNU 11.4.0
[0.206s] -- The CXX compiler identification is GNU 11.4.0
[0.219s] -- Detecting C compiler ABI info
[0.302s] -- Detecting C compiler ABI info - done
[0.313s] -- Check for working C compiler: /usr/bin/cc - skipped
[0.313s] -- Detecting C compile features
[0.315s] -- Detecting C compile features - done
[0.318s] -- Detecting CXX compiler ABI info
[0.417s] -- Detecting CXX compiler ABI info - done
[0.429s] -- Check for working CXX compiler: /usr/bin/c++ - skipped
[0.429s] -- Detecting CXX compile features
[0.430s] -- Detecting CXX compile features - done
[0.433s] -- Found ament_cmake: 1.3.11 (/opt/ros/humble/share/ament_cmake/cmake)
[0.926s] -- Found Python3: /usr/bin/python3 (found version "3.10.12") found components: Interpreter 
[1.043s] -- Found ament_lint_auto: 0.12.11 (/opt/ros/humble/share/ament_lint_auto/cmake)
[1.176s] -- Added test 'lint_cmake' to check CMake code style
[1.188s] -- Added test 'xmllint' to check XML markup files
[1.189s] -- Configuring done
[1.192s] -- Generating done
[1.193s] -- Build files have been written to: /home/fra/ros2_master_ws/build/ind_environment
[1.197s] Invoked command in '/home/fra/ros2_master_ws/build/ind_environment' returned '0': CMAKE_PREFIX_PATH=${CMAKE_PREFIX_PATH}:/opt/ros/humble /usr/bin/cmake /home/fra/ros2_master_ws/src/ind_environment -DCMAKE_INSTALL_PREFIX=/home/fra/ros2_master_ws/install/ind_environment
[1.199s] Invoking command in '/home/fra/ros2_master_ws/build/ind_environment': CMAKE_PREFIX_PATH=${CMAKE_PREFIX_PATH}:/opt/ros/humble /usr/bin/cmake --build /home/fra/ros2_master_ws/build/ind_environment -- -j12 -l12
[1.244s] Invoked command in '/home/fra/ros2_master_ws/build/ind_environment' returned '0': CMAKE_PREFIX_PATH=${CMAKE_PREFIX_PATH}:/opt/ros/humble /usr/bin/cmake --build /home/fra/ros2_master_ws/build/ind_environment -- -j12 -l12
[1.245s] Invoking command in '/home/fra/ros2_master_ws/build/ind_environment': CMAKE_PREFIX_PATH=${CMAKE_PREFIX_PATH}:/opt/ros/humble /usr/bin/cmake --install /home/fra/ros2_master_ws/build/ind_environment
[1.253s] -- Install configuration: ""
[1.254s] -- Installing: /home/fra/ros2_master_ws/install/ind_environment/share/ind_environment/models
[1.254s] -- Installing: /home/fra/ros2_master_ws/install/ind_environment/share/ind_environment/models/support
[1.254s] -- Installing: /home/fra/ros2_master_ws/install/ind_environment/share/ind_environment/models/support/model.sdf
[1.254s] -- Installing: /home/fra/ros2_master_ws/install/ind_environment/share/ind_environment/models/support/model.config
[1.254s] -- Installing: /home/fra/ros2_master_ws/install/ind_environment/share/ind_environment/models/conveyor
[1.254s] -- Installing: /home/fra/ros2_master_ws/install/ind_environment/share/ind_environment/models/conveyor/model.sdf
[1.254s] -- Installing: /home/fra/ros2_master_ws/install/ind_environment/share/ind_environment/models/conveyor/model.config
[1.255s] -- Installing: /home/fra/ros2_master_ws/install/ind_environment/share/ind_environment/worlds
[1.255s] -- Installing: /home/fra/ros2_master_ws/install/ind_environment/share/ind_environment/worlds/pick_and_place_workplace.world
[1.255s] -- Installing: /home/fra/ros2_master_ws/install/ind_environment/share/ament_index/resource_index/package_run_dependencies/ind_environment
[1.255s] -- Installing: /home/fra/ros2_master_ws/install/ind_environment/share/ament_index/resource_index/parent_prefix_path/ind_environment
[1.255s] -- Installing: /home/fra/ros2_master_ws/install/ind_environment/share/ind_environment/environment/ament_prefix_path.sh
[1.255s] -- Installing: /home/fra/ros2_master_ws/install/ind_environment/share/ind_environment/environment/ament_prefix_path.dsv
[1.255s] -- Installing: /home/fra/ros2_master_ws/install/ind_environment/share/ind_environment/environment/path.sh
[1.255s] -- Installing: /home/fra/ros2_master_ws/install/ind_environment/share/ind_environment/environment/path.dsv
[1.256s] -- Installing: /home/fra/ros2_master_ws/install/ind_environment/share/ind_environment/local_setup.bash
[1.256s] -- Installing: /home/fra/ros2_master_ws/install/ind_environment/share/ind_environment/local_setup.sh
[1.256s] -- Installing: /home/fra/ros2_master_ws/install/ind_environment/share/ind_environment/local_setup.zsh
[1.256s] -- Installing: /home/fra/ros2_master_ws/install/ind_environment/share/ind_environment/local_setup.dsv
[1.256s] -- Installing: /home/fra/ros2_master_ws/install/ind_environment/share/ind_environment/package.dsv
[1.256s] -- Installing: /home/fra/ros2_master_ws/install/ind_environment/share/ament_index/resource_index/packages/ind_environment
[1.256s] -- Installing: /home/fra/ros2_master_ws/install/ind_environment/share/ind_environment/cmake/ind_environmentConfig.cmake
[1.257s] -- Installing: /home/fra/ros2_master_ws/install/ind_environment/share/ind_environment/cmake/ind_environmentConfig-version.cmake
[1.257s] -- Installing: /home/fra/ros2_master_ws/install/ind_environment/share/ind_environment/package.xml
[1.259s] Invoked command in '/home/fra/ros2_master_ws/build/ind_environment' returned '0': CMAKE_PREFIX_PATH=${CMAKE_PREFIX_PATH}:/opt/ros/humble /usr/bin/cmake --install /home/fra/ros2_master_ws/build/ind_environment
