[0.009s] Invoking command in '/home/fra/ros2_master_ws/build/cobot_camera_moveit_config': CMAKE_PREFIX_PATH=/home/fra/ros2_master_ws/install/cobot_description:/home/fra/ros2_master_ws/install/ind_environment:/home/fra/ros2_master_ws/install/cobot_moveit_config:/home/fra/ros2_master_ws/install/cobot_gazebo:/home/fra/ros2_master_ws/install/cobot_camera_moveit_config:/opt/ros/humble /usr/bin/cmake --build /home/fra/ros2_master_ws/build/cobot_camera_moveit_config -- -j12 -l12
[0.031s] -- Found ament_cmake: 1.3.11 (/opt/ros/humble/share/ament_cmake/cmake)
[0.229s] -- Configuring done
[0.233s] -- Generating done
[0.234s] -- Build files have been written to: /home/fra/ros2_master_ws/build/cobot_camera_moveit_config
[0.250s] Invoked command in '/home/fra/ros2_master_ws/build/cobot_camera_moveit_config' returned '0': CMAKE_PREFIX_PATH=/home/fra/ros2_master_ws/install/cobot_description:/home/fra/ros2_master_ws/install/ind_environment:/home/fra/ros2_master_ws/install/cobot_moveit_config:/home/fra/ros2_master_ws/install/cobot_gazebo:/home/fra/ros2_master_ws/install/cobot_camera_moveit_config:/opt/ros/humble /usr/bin/cmake --build /home/fra/ros2_master_ws/build/cobot_camera_moveit_config -- -j12 -l12
[0.251s] Invoking command in '/home/fra/ros2_master_ws/build/cobot_camera_moveit_config': CMAKE_PREFIX_PATH=/home/fra/ros2_master_ws/install/cobot_description:/home/fra/ros2_master_ws/install/ind_environment:/home/fra/ros2_master_ws/install/cobot_moveit_config:/home/fra/ros2_master_ws/install/cobot_gazebo:/home/fra/ros2_master_ws/install/cobot_camera_moveit_config:/opt/ros/humble /usr/bin/cmake --install /home/fra/ros2_master_ws/build/cobot_camera_moveit_config
[0.257s] -- Install configuration: ""
[0.257s] -- Up-to-date: /home/fra/ros2_master_ws/install/cobot_camera_moveit_config/share/ament_index/resource_index/package_run_dependencies/cobot_camera_moveit_config
[0.257s] -- Up-to-date: /home/fra/ros2_master_ws/install/cobot_camera_moveit_config/share/ament_index/resource_index/parent_prefix_path/cobot_camera_moveit_config
[0.257s] -- Up-to-date: /home/fra/ros2_master_ws/install/cobot_camera_moveit_config/share/cobot_camera_moveit_config/environment/ament_prefix_path.sh
[0.257s] -- Installing: /home/fra/ros2_master_ws/install/cobot_camera_moveit_config/share/cobot_camera_moveit_config/environment/ament_prefix_path.dsv
[0.257s] -- Up-to-date: /home/fra/ros2_master_ws/install/cobot_camera_moveit_config/share/cobot_camera_moveit_config/environment/path.sh
[0.257s] -- Installing: /home/fra/ros2_master_ws/install/cobot_camera_moveit_config/share/cobot_camera_moveit_config/environment/path.dsv
[0.258s] -- Up-to-date: /home/fra/ros2_master_ws/install/cobot_camera_moveit_config/share/cobot_camera_moveit_config/local_setup.bash
[0.258s] -- Up-to-date: /home/fra/ros2_master_ws/install/cobot_camera_moveit_config/share/cobot_camera_moveit_config/local_setup.sh
[0.258s] -- Up-to-date: /home/fra/ros2_master_ws/install/cobot_camera_moveit_config/share/cobot_camera_moveit_config/local_setup.zsh
[0.258s] -- Installing: /home/fra/ros2_master_ws/install/cobot_camera_moveit_config/share/cobot_camera_moveit_config/local_setup.dsv
[0.258s] -- Installing: /home/fra/ros2_master_ws/install/cobot_camera_moveit_config/share/cobot_camera_moveit_config/package.dsv
[0.258s] -- Up-to-date: /home/fra/ros2_master_ws/install/cobot_camera_moveit_config/share/ament_index/resource_index/packages/cobot_camera_moveit_config
[0.258s] -- Up-to-date: /home/fra/ros2_master_ws/install/cobot_camera_moveit_config/share/cobot_camera_moveit_config/cmake/cobot_camera_moveit_configConfig.cmake
[0.258s] -- Up-to-date: /home/fra/ros2_master_ws/install/cobot_camera_moveit_config/share/cobot_camera_moveit_config/cmake/cobot_camera_moveit_configConfig-version.cmake
[0.258s] -- Installing: /home/fra/ros2_master_ws/install/cobot_camera_moveit_config/share/cobot_camera_moveit_config/package.xml
[0.258s] -- Up-to-date: /home/fra/ros2_master_ws/install/cobot_camera_moveit_config/share/cobot_camera_moveit_config/launch
[0.258s] -- Installing: /home/fra/ros2_master_ws/install/cobot_camera_moveit_config/share/cobot_camera_moveit_config/launch/demo.launch.py
[0.258s] -- Installing: /home/fra/ros2_master_ws/install/cobot_camera_moveit_config/share/cobot_camera_moveit_config/launch/warehouse_db.launch.py
[0.258s] -- Installing: /home/fra/ros2_master_ws/install/cobot_camera_moveit_config/share/cobot_camera_moveit_config/launch/rsp.launch.py
[0.258s] -- Installing: /home/fra/ros2_master_ws/install/cobot_camera_moveit_config/share/cobot_camera_moveit_config/launch/spawn_controllers.launch.py
[0.258s] -- Installing: /home/fra/ros2_master_ws/install/cobot_camera_moveit_config/share/cobot_camera_moveit_config/launch/setup_assistant.launch.py
[0.259s] -- Installing: /home/fra/ros2_master_ws/install/cobot_camera_moveit_config/share/cobot_camera_moveit_config/launch/moveit_rviz.launch.py
[0.259s] -- Installing: /home/fra/ros2_master_ws/install/cobot_camera_moveit_config/share/cobot_camera_moveit_config/launch/move_group.launch.py
[0.259s] -- Installing: /home/fra/ros2_master_ws/install/cobot_camera_moveit_config/share/cobot_camera_moveit_config/launch/static_virtual_joint_tfs.launch.py
[0.259s] -- Up-to-date: /home/fra/ros2_master_ws/install/cobot_camera_moveit_config/share/cobot_camera_moveit_config/config
[0.259s] -- Installing: /home/fra/ros2_master_ws/install/cobot_camera_moveit_config/share/cobot_camera_moveit_config/config/initial_positions.yaml
[0.259s] -- Installing: /home/fra/ros2_master_ws/install/cobot_camera_moveit_config/share/cobot_camera_moveit_config/config/kinematics.yaml
[0.259s] -- Installing: /home/fra/ros2_master_ws/install/cobot_camera_moveit_config/share/cobot_camera_moveit_config/config/joint_limits.yaml
[0.259s] -- Installing: /home/fra/ros2_master_ws/install/cobot_camera_moveit_config/share/cobot_camera_moveit_config/config/custom_robot.urdf.xacro
[0.259s] -- Installing: /home/fra/ros2_master_ws/install/cobot_camera_moveit_config/share/cobot_camera_moveit_config/config/moveit_controllers.yaml
[0.259s] -- Installing: /home/fra/ros2_master_ws/install/cobot_camera_moveit_config/share/cobot_camera_moveit_config/config/pilz_cartesian_limits.yaml
[0.259s] -- Installing: /home/fra/ros2_master_ws/install/cobot_camera_moveit_config/share/cobot_camera_moveit_config/config/moveit.rviz
[0.259s] -- Installing: /home/fra/ros2_master_ws/install/cobot_camera_moveit_config/share/cobot_camera_moveit_config/config/custom_robot.ros2_control.xacro
[0.259s] -- Installing: /home/fra/ros2_master_ws/install/cobot_camera_moveit_config/share/cobot_camera_moveit_config/config/ros2_controllers.yaml
[0.259s] -- Installing: /home/fra/ros2_master_ws/install/cobot_camera_moveit_config/share/cobot_camera_moveit_config/config/custom_robot.srdf
[0.260s] -- Installing: /home/fra/ros2_master_ws/install/cobot_camera_moveit_config/share/cobot_camera_moveit_config/.setup_assistant
[0.262s] Invoked command in '/home/fra/ros2_master_ws/build/cobot_camera_moveit_config' returned '0': CMAKE_PREFIX_PATH=/home/fra/ros2_master_ws/install/cobot_description:/home/fra/ros2_master_ws/install/ind_environment:/home/fra/ros2_master_ws/install/cobot_moveit_config:/home/fra/ros2_master_ws/install/cobot_gazebo:/home/fra/ros2_master_ws/install/cobot_camera_moveit_config:/opt/ros/humble /usr/bin/cmake --install /home/fra/ros2_master_ws/build/cobot_camera_moveit_config
