[0.010s] Invoking command in '/home/fra/ros2_master_ws/build/cobot_camera_moveit_config': CMAKE_PREFIX_PATH=/home/fra/ros2_master_ws/install/cobot_description:/home/fra/ros2_master_ws/install/ind_environment:/home/fra/ros2_master_ws/install/cobot_gazebo:/home/fra/ros2_master_ws/install/cobot_camera_moveit_config:/opt/ros/humble /usr/bin/cmake /home/fra/ros2_master_ws/src/cobot_camera_moveit_config -DAMENT_CMAKE_SYMLINK_INSTALL=1 -DCMAKE_INSTALL_PREFIX=/home/fra/ros2_master_ws/install/cobot_camera_moveit_config
[0.019s] -- Found ament_cmake: 1.3.11 (/opt/ros/humble/share/ament_cmake/cmake)
[0.127s] -- Override CMake install command with custom implementation using symlinks instead of copying resources
[0.210s] -- Configuring done
[0.212s] -- Generating done
[0.213s] -- Build files have been written to: /home/fra/ros2_master_ws/build/cobot_camera_moveit_config
[0.215s] Invoked command in '/home/fra/ros2_master_ws/build/cobot_camera_moveit_config' returned '0': CMAKE_PREFIX_PATH=/home/fra/ros2_master_ws/install/cobot_description:/home/fra/ros2_master_ws/install/ind_environment:/home/fra/ros2_master_ws/install/cobot_gazebo:/home/fra/ros2_master_ws/install/cobot_camera_moveit_config:/opt/ros/humble /usr/bin/cmake /home/fra/ros2_master_ws/src/cobot_camera_moveit_config -DAMENT_CMAKE_SYMLINK_INSTALL=1 -DCMAKE_INSTALL_PREFIX=/home/fra/ros2_master_ws/install/cobot_camera_moveit_config
[0.217s] Invoking command in '/home/fra/ros2_master_ws/build/cobot_camera_moveit_config': CMAKE_PREFIX_PATH=/home/fra/ros2_master_ws/install/cobot_description:/home/fra/ros2_master_ws/install/ind_environment:/home/fra/ros2_master_ws/install/cobot_gazebo:/home/fra/ros2_master_ws/install/cobot_camera_moveit_config:/opt/ros/humble /usr/bin/cmake --build /home/fra/ros2_master_ws/build/cobot_camera_moveit_config -- -j12 -l12
[0.245s] Invoked command in '/home/fra/ros2_master_ws/build/cobot_camera_moveit_config' returned '0': CMAKE_PREFIX_PATH=/home/fra/ros2_master_ws/install/cobot_description:/home/fra/ros2_master_ws/install/ind_environment:/home/fra/ros2_master_ws/install/cobot_gazebo:/home/fra/ros2_master_ws/install/cobot_camera_moveit_config:/opt/ros/humble /usr/bin/cmake --build /home/fra/ros2_master_ws/build/cobot_camera_moveit_config -- -j12 -l12
[0.253s] Invoking command in '/home/fra/ros2_master_ws/build/cobot_camera_moveit_config': CMAKE_PREFIX_PATH=/home/fra/ros2_master_ws/install/cobot_description:/home/fra/ros2_master_ws/install/ind_environment:/home/fra/ros2_master_ws/install/cobot_gazebo:/home/fra/ros2_master_ws/install/cobot_camera_moveit_config:/opt/ros/humble /usr/bin/cmake --install /home/fra/ros2_master_ws/build/cobot_camera_moveit_config
[0.258s] -- Install configuration: ""
[0.259s] -- Execute custom install script
[0.259s] -- Symlinking: /home/fra/ros2_master_ws/install/cobot_camera_moveit_config/share/ament_index/resource_index/package_run_dependencies/cobot_camera_moveit_config
[0.266s] -- Symlinking: /home/fra/ros2_master_ws/install/cobot_camera_moveit_config/share/ament_index/resource_index/parent_prefix_path/cobot_camera_moveit_config
[0.272s] -- Symlinking: /home/fra/ros2_master_ws/install/cobot_camera_moveit_config/share/cobot_camera_moveit_config/environment/ament_prefix_path.sh
[0.279s] -- Symlinking: /home/fra/ros2_master_ws/install/cobot_camera_moveit_config/share/cobot_camera_moveit_config/environment/ament_prefix_path.dsv
[0.285s] -- Symlinking: /home/fra/ros2_master_ws/install/cobot_camera_moveit_config/share/cobot_camera_moveit_config/environment/path.sh
[0.291s] -- Symlinking: /home/fra/ros2_master_ws/install/cobot_camera_moveit_config/share/cobot_camera_moveit_config/environment/path.dsv
[0.298s] -- Symlinking: /home/fra/ros2_master_ws/install/cobot_camera_moveit_config/share/cobot_camera_moveit_config/local_setup.bash
[0.304s] -- Symlinking: /home/fra/ros2_master_ws/install/cobot_camera_moveit_config/share/cobot_camera_moveit_config/local_setup.sh
[0.310s] -- Symlinking: /home/fra/ros2_master_ws/install/cobot_camera_moveit_config/share/cobot_camera_moveit_config/local_setup.zsh
[0.317s] -- Symlinking: /home/fra/ros2_master_ws/install/cobot_camera_moveit_config/share/cobot_camera_moveit_config/local_setup.dsv
[0.323s] -- Symlinking: /home/fra/ros2_master_ws/install/cobot_camera_moveit_config/share/cobot_camera_moveit_config/package.dsv
[0.330s] -- Symlinking: /home/fra/ros2_master_ws/install/cobot_camera_moveit_config/share/ament_index/resource_index/packages/cobot_camera_moveit_config
[0.337s] -- Symlinking: /home/fra/ros2_master_ws/install/cobot_camera_moveit_config/share/cobot_camera_moveit_config/cmake/cobot_camera_moveit_configConfig.cmake
[0.343s] -- Symlinking: /home/fra/ros2_master_ws/install/cobot_camera_moveit_config/share/cobot_camera_moveit_config/cmake/cobot_camera_moveit_configConfig-version.cmake
[0.350s] -- Symlinking: /home/fra/ros2_master_ws/install/cobot_camera_moveit_config/share/cobot_camera_moveit_config/package.xml
[0.356s] -- Symlinking: /home/fra/ros2_master_ws/install/cobot_camera_moveit_config/share/cobot_camera_moveit_config/launch/demo.launch.py
[0.363s] -- Symlinking: /home/fra/ros2_master_ws/install/cobot_camera_moveit_config/share/cobot_camera_moveit_config/launch/move_group.launch.py
[0.369s] -- Symlinking: /home/fra/ros2_master_ws/install/cobot_camera_moveit_config/share/cobot_camera_moveit_config/launch/moveit_rviz.launch.py
[0.375s] -- Symlinking: /home/fra/ros2_master_ws/install/cobot_camera_moveit_config/share/cobot_camera_moveit_config/launch/rsp.launch.py
[0.382s] -- Symlinking: /home/fra/ros2_master_ws/install/cobot_camera_moveit_config/share/cobot_camera_moveit_config/launch/setup_assistant.launch.py
[0.388s] -- Symlinking: /home/fra/ros2_master_ws/install/cobot_camera_moveit_config/share/cobot_camera_moveit_config/launch/spawn_controllers.launch.py
[0.394s] -- Symlinking: /home/fra/ros2_master_ws/install/cobot_camera_moveit_config/share/cobot_camera_moveit_config/launch/static_virtual_joint_tfs.launch.py
[0.401s] -- Symlinking: /home/fra/ros2_master_ws/install/cobot_camera_moveit_config/share/cobot_camera_moveit_config/launch/warehouse_db.launch.py
[0.407s] -- Symlinking: /home/fra/ros2_master_ws/install/cobot_camera_moveit_config/share/cobot_camera_moveit_config/config/custom_robot.ros2_control.xacro
[0.414s] -- Symlinking: /home/fra/ros2_master_ws/install/cobot_camera_moveit_config/share/cobot_camera_moveit_config/config/custom_robot.srdf
[0.420s] -- Symlinking: /home/fra/ros2_master_ws/install/cobot_camera_moveit_config/share/cobot_camera_moveit_config/config/custom_robot.urdf.xacro
[0.426s] -- Symlinking: /home/fra/ros2_master_ws/install/cobot_camera_moveit_config/share/cobot_camera_moveit_config/config/initial_positions.yaml
[0.433s] -- Symlinking: /home/fra/ros2_master_ws/install/cobot_camera_moveit_config/share/cobot_camera_moveit_config/config/joint_limits.yaml
[0.440s] -- Symlinking: /home/fra/ros2_master_ws/install/cobot_camera_moveit_config/share/cobot_camera_moveit_config/config/kinematics.yaml
[0.446s] -- Symlinking: /home/fra/ros2_master_ws/install/cobot_camera_moveit_config/share/cobot_camera_moveit_config/config/moveit.rviz
[0.452s] -- Symlinking: /home/fra/ros2_master_ws/install/cobot_camera_moveit_config/share/cobot_camera_moveit_config/config/moveit_controllers.yaml
[0.459s] -- Symlinking: /home/fra/ros2_master_ws/install/cobot_camera_moveit_config/share/cobot_camera_moveit_config/config/pilz_cartesian_limits.yaml
[0.465s] -- Symlinking: /home/fra/ros2_master_ws/install/cobot_camera_moveit_config/share/cobot_camera_moveit_config/config/ros2_controllers.yaml
[0.472s] -- Symlinking: /home/fra/ros2_master_ws/install/cobot_camera_moveit_config/share/cobot_camera_moveit_config/.setup_assistant
[0.479s] Invoked command in '/home/fra/ros2_master_ws/build/cobot_camera_moveit_config' returned '0': CMAKE_PREFIX_PATH=/home/fra/ros2_master_ws/install/cobot_description:/home/fra/ros2_master_ws/install/ind_environment:/home/fra/ros2_master_ws/install/cobot_gazebo:/home/fra/ros2_master_ws/install/cobot_camera_moveit_config:/opt/ros/humble /usr/bin/cmake --install /home/fra/ros2_master_ws/build/cobot_camera_moveit_config
