[35m[1mConsolidate compiler generated dependencies of target test_ik[0m
[ 50%] [32mBuilding CXX object CMakeFiles/test_ik.dir/src/test_ik.cpp.o[0m
[100%] [32m[1mLinking CXX executable test_ik[0m
[100%] Built target test_ik
-- Install configuration: ""
-- Installing: /home/fra/ros2_master_ws/install/custom_robot_ik/lib/custom_robot_ik/test_ik
-- Set runtime path of "/home/fra/ros2_master_ws/install/custom_robot_ik/lib/custom_robot_ik/test_ik" to ""
-- Up-to-date: /home/fra/ros2_master_ws/install/custom_robot_ik/share/ament_index/resource_index/package_run_dependencies/custom_robot_ik
-- Up-to-date: /home/fra/ros2_master_ws/install/custom_robot_ik/share/ament_index/resource_index/parent_prefix_path/custom_robot_ik
-- Up-to-date: /home/fra/ros2_master_ws/install/custom_robot_ik/share/custom_robot_ik/environment/ament_prefix_path.sh
-- Up-to-date: /home/fra/ros2_master_ws/install/custom_robot_ik/share/custom_robot_ik/environment/ament_prefix_path.dsv
-- Up-to-date: /home/fra/ros2_master_ws/install/custom_robot_ik/share/custom_robot_ik/environment/path.sh
-- Up-to-date: /home/fra/ros2_master_ws/install/custom_robot_ik/share/custom_robot_ik/environment/path.dsv
-- Up-to-date: /home/fra/ros2_master_ws/install/custom_robot_ik/share/custom_robot_ik/local_setup.bash
-- Up-to-date: /home/fra/ros2_master_ws/install/custom_robot_ik/share/custom_robot_ik/local_setup.sh
-- Up-to-date: /home/fra/ros2_master_ws/install/custom_robot_ik/share/custom_robot_ik/local_setup.zsh
-- Up-to-date: /home/fra/ros2_master_ws/install/custom_robot_ik/share/custom_robot_ik/local_setup.dsv
-- Installing: /home/fra/ros2_master_ws/install/custom_robot_ik/share/custom_robot_ik/package.dsv
-- Up-to-date: /home/fra/ros2_master_ws/install/custom_robot_ik/share/ament_index/resource_index/packages/custom_robot_ik
-- Up-to-date: /home/fra/ros2_master_ws/install/custom_robot_ik/share/custom_robot_ik/cmake/custom_robot_ikConfig.cmake
-- Up-to-date: /home/fra/ros2_master_ws/install/custom_robot_ik/share/custom_robot_ik/cmake/custom_robot_ikConfig-version.cmake
-- Up-to-date: /home/fra/ros2_master_ws/install/custom_robot_ik/share/custom_robot_ik/package.xml
