[0.023s] Invoking command in '/home/fra/ros2_master_ws/build/custom_robot_ik': CMAKE_PREFIX_PATH=${CMAKE_PREFIX_PATH}:/opt/ros/humble /usr/bin/cmake --build /home/fra/ros2_master_ws/build/custom_robot_ik -- -j12 -l12
[0.099s] [35m[1mConsolidate compiler generated dependencies of target test_ik[0m
[0.137s] [ 50%] [32mBuilding CXX object CMakeFiles/test_ik.dir/src/test_ik.cpp.o[0m
[8.484s] [100%] [32m[1mLinking CXX executable test_ik[0m
[8.809s] [100%] Built target test_ik
[8.821s] Invoked command in '/home/fra/ros2_master_ws/build/custom_robot_ik' returned '0': CMAKE_PREFIX_PATH=${CMAKE_PREFIX_PATH}:/opt/ros/humble /usr/bin/cmake --build /home/fra/ros2_master_ws/build/custom_robot_ik -- -j12 -l12
[8.825s] Invoking command in '/home/fra/ros2_master_ws/build/custom_robot_ik': CMAKE_PREFIX_PATH=${CMAKE_PREFIX_PATH}:/opt/ros/humble /usr/bin/cmake --install /home/fra/ros2_master_ws/build/custom_robot_ik
[8.830s] -- Install configuration: ""
[8.832s] -- Installing: /home/fra/ros2_master_ws/install/custom_robot_ik/lib/custom_robot_ik/test_ik
[8.832s] -- Set runtime path of "/home/fra/ros2_master_ws/install/custom_robot_ik/lib/custom_robot_ik/test_ik" to ""
[8.832s] -- Up-to-date: /home/fra/ros2_master_ws/install/custom_robot_ik/share/ament_index/resource_index/package_run_dependencies/custom_robot_ik
[8.832s] -- Up-to-date: /home/fra/ros2_master_ws/install/custom_robot_ik/share/ament_index/resource_index/parent_prefix_path/custom_robot_ik
[8.832s] -- Up-to-date: /home/fra/ros2_master_ws/install/custom_robot_ik/share/custom_robot_ik/environment/ament_prefix_path.sh
[8.832s] -- Up-to-date: /home/fra/ros2_master_ws/install/custom_robot_ik/share/custom_robot_ik/environment/ament_prefix_path.dsv
[8.832s] -- Up-to-date: /home/fra/ros2_master_ws/install/custom_robot_ik/share/custom_robot_ik/environment/path.sh
[8.832s] -- Up-to-date: /home/fra/ros2_master_ws/install/custom_robot_ik/share/custom_robot_ik/environment/path.dsv
[8.832s] -- Up-to-date: /home/fra/ros2_master_ws/install/custom_robot_ik/share/custom_robot_ik/local_setup.bash
[8.832s] -- Up-to-date: /home/fra/ros2_master_ws/install/custom_robot_ik/share/custom_robot_ik/local_setup.sh
[8.832s] -- Up-to-date: /home/fra/ros2_master_ws/install/custom_robot_ik/share/custom_robot_ik/local_setup.zsh
[8.834s] -- Up-to-date: /home/fra/ros2_master_ws/install/custom_robot_ik/share/custom_robot_ik/local_setup.dsv
[8.834s] -- Installing: /home/fra/ros2_master_ws/install/custom_robot_ik/share/custom_robot_ik/package.dsv
[8.837s] -- Up-to-date: /home/fra/ros2_master_ws/install/custom_robot_ik/share/ament_index/resource_index/packages/custom_robot_ik
[8.837s] -- Up-to-date: /home/fra/ros2_master_ws/install/custom_robot_ik/share/custom_robot_ik/cmake/custom_robot_ikConfig.cmake
[8.837s] -- Up-to-date: /home/fra/ros2_master_ws/install/custom_robot_ik/share/custom_robot_ik/cmake/custom_robot_ikConfig-version.cmake
[8.837s] -- Up-to-date: /home/fra/ros2_master_ws/install/custom_robot_ik/share/custom_robot_ik/package.xml
[8.837s] Invoked command in '/home/fra/ros2_master_ws/build/custom_robot_ik' returned '0': CMAKE_PREFIX_PATH=${CMAKE_PREFIX_PATH}:/opt/ros/humble /usr/bin/cmake --install /home/fra/ros2_master_ws/build/custom_robot_ik
