[0.015s] Invoking command in '/home/fra/ros2_master_ws/build/ind_environment': CMAKE_PREFIX_PATH=${CMAKE_PREFIX_PATH}:/opt/ros/humble /usr/bin/cmake /home/fra/ros2_master_ws/src/ind_environment -DCMAKE_INSTALL_PREFIX=/home/fra/ros2_master_ws/install/ind_environment
[0.034s] -- Found ament_cmake: 1.3.11 (/opt/ros/humble/share/ament_cmake/cmake)
[0.153s] -- Override CMake install command with custom implementation using symlinks instead of copying resources
[0.169s] -- Found ament_lint_auto: 0.12.12 (/opt/ros/humble/share/ament_lint_auto/cmake)
[0.257s] -- Added test 'lint_cmake' to check CMake code style
[0.259s] -- Added test 'xmllint' to check XML markup files
[0.260s] -- Configuring done
[0.264s] -- Generating done
[0.266s] -- Build files have been written to: /home/fra/ros2_master_ws/build/ind_environment
[0.268s] Invoked command in '/home/fra/ros2_master_ws/build/ind_environment' returned '0': CMAKE_PREFIX_PATH=${CMAKE_PREFIX_PATH}:/opt/ros/humble /usr/bin/cmake /home/fra/ros2_master_ws/src/ind_environment -DCMAKE_INSTALL_PREFIX=/home/fra/ros2_master_ws/install/ind_environment
[0.270s] Invoking command in '/home/fra/ros2_master_ws/build/ind_environment': CMAKE_PREFIX_PATH=${CMAKE_PREFIX_PATH}:/opt/ros/humble /usr/bin/cmake --build /home/fra/ros2_master_ws/build/ind_environment -- -j12 -l12
[0.301s] Invoked command in '/home/fra/ros2_master_ws/build/ind_environment' returned '0': CMAKE_PREFIX_PATH=${CMAKE_PREFIX_PATH}:/opt/ros/humble /usr/bin/cmake --build /home/fra/ros2_master_ws/build/ind_environment -- -j12 -l12
[0.310s] Invoking command in '/home/fra/ros2_master_ws/build/ind_environment': CMAKE_PREFIX_PATH=${CMAKE_PREFIX_PATH}:/opt/ros/humble /usr/bin/cmake --install /home/fra/ros2_master_ws/build/ind_environment
[0.316s] -- Install configuration: ""
[0.316s] -- Execute custom install script
[0.316s] -- Up-to-date symlink: /home/fra/ros2_master_ws/install/ind_environment/share/ind_environment/models/conveyor/model.config
[0.316s] -- Up-to-date symlink: /home/fra/ros2_master_ws/install/ind_environment/share/ind_environment/models/conveyor/model.sdf
[0.317s] -- Up-to-date symlink: /home/fra/ros2_master_ws/install/ind_environment/share/ind_environment/models/object/model.config
[0.317s] -- Up-to-date symlink: /home/fra/ros2_master_ws/install/ind_environment/share/ind_environment/models/object/model.sdf
[0.317s] -- Up-to-date symlink: /home/fra/ros2_master_ws/install/ind_environment/share/ind_environment/models/red_cube/model.config
[0.317s] -- Up-to-date symlink: /home/fra/ros2_master_ws/install/ind_environment/share/ind_environment/models/red_cube/model.sdf
[0.317s] -- Up-to-date symlink: /home/fra/ros2_master_ws/install/ind_environment/share/ind_environment/models/support/model.config
[0.317s] -- Up-to-date symlink: /home/fra/ros2_master_ws/install/ind_environment/share/ind_environment/models/support/model.sdf
[0.317s] -- Up-to-date symlink: /home/fra/ros2_master_ws/install/ind_environment/share/ind_environment/worlds/pick_and_place_workplace.world
[0.317s] -- Up-to-date symlink: /home/fra/ros2_master_ws/install/ind_environment/share/ind_environment/worlds/pick_and_place_workplace_red_cube.world
[0.318s] -- Up-to-date symlink: /home/fra/ros2_master_ws/install/ind_environment/share/ament_index/resource_index/package_run_dependencies/ind_environment
[0.318s] -- Up-to-date symlink: /home/fra/ros2_master_ws/install/ind_environment/share/ament_index/resource_index/parent_prefix_path/ind_environment
[0.318s] -- Up-to-date symlink: /home/fra/ros2_master_ws/install/ind_environment/share/ind_environment/environment/ament_prefix_path.sh
[0.318s] -- Up-to-date symlink: /home/fra/ros2_master_ws/install/ind_environment/share/ind_environment/environment/ament_prefix_path.dsv
[0.318s] -- Up-to-date symlink: /home/fra/ros2_master_ws/install/ind_environment/share/ind_environment/environment/path.sh
[0.318s] -- Up-to-date symlink: /home/fra/ros2_master_ws/install/ind_environment/share/ind_environment/environment/path.dsv
[0.318s] -- Up-to-date symlink: /home/fra/ros2_master_ws/install/ind_environment/share/ind_environment/local_setup.bash
[0.318s] -- Up-to-date symlink: /home/fra/ros2_master_ws/install/ind_environment/share/ind_environment/local_setup.sh
[0.319s] -- Up-to-date symlink: /home/fra/ros2_master_ws/install/ind_environment/share/ind_environment/local_setup.zsh
[0.319s] -- Up-to-date symlink: /home/fra/ros2_master_ws/install/ind_environment/share/ind_environment/local_setup.dsv
[0.319s] -- Symlinking: /home/fra/ros2_master_ws/install/ind_environment/share/ind_environment/package.dsv
[0.326s] -- Up-to-date symlink: /home/fra/ros2_master_ws/install/ind_environment/share/ament_index/resource_index/packages/ind_environment
[0.326s] -- Up-to-date symlink: /home/fra/ros2_master_ws/install/ind_environment/share/ind_environment/cmake/ind_environmentConfig.cmake
[0.326s] -- Up-to-date symlink: /home/fra/ros2_master_ws/install/ind_environment/share/ind_environment/cmake/ind_environmentConfig-version.cmake
[0.326s] -- Up-to-date symlink: /home/fra/ros2_master_ws/install/ind_environment/share/ind_environment/package.xml
[0.328s] Invoked command in '/home/fra/ros2_master_ws/build/ind_environment' returned '0': CMAKE_PREFIX_PATH=${CMAKE_PREFIX_PATH}:/opt/ros/humble /usr/bin/cmake --install /home/fra/ros2_master_ws/build/ind_environment
