[0.011s] Invoking command in '/home/fra/ros2_master_ws/build/ros2_linkattacher': CMAKE_PREFIX_PATH=/home/fra/ros2_master_ws/install/linkattacher_msgs:/home/fra/ros2_master_ws/install/custom_robot_ik:/home/fra/ros2_master_ws/install/ros2_linkattacher:/home/fra/ros2_master_ws/install/ind_environment:/home/fra/ros2_master_ws/install/custom_robot_moveit_config:/home/fra/ros2_master_ws/install/cobot_gazebo:/home/fra/ros2_master_ws/install/cobot_description:/opt/ros/humble LD_LIBRARY_PATH=/home/fra/ros2_master_ws/install/linkattacher_msgs/lib:/home/fra/ros2_master_ws/install/ros2_linkattacher/lib:/usr/lib/x86_64-linux-gnu/gazebo-11/plugins:/opt/ros/humble/opt/rviz_ogre_vendor/lib:/opt/ros/humble/lib/x86_64-linux-gnu:/opt/ros/humble/lib /usr/bin/cmake --build /home/fra/ros2_master_ws/build/ros2_linkattacher -- -j16 -l16
[0.040s] -- Found ament_cmake: 1.3.11 (/opt/ros/humble/share/ament_cmake/cmake)
[0.126s] -- Found ament_lint_auto: 0.12.12 (/opt/ros/humble/share/ament_lint_auto/cmake)
[0.174s] -- Found gazebo_ros: 3.9.0 (/opt/ros/humble/share/gazebo_ros/cmake)
[0.194s] -- Found rosidl_generator_c: 3.1.6 (/opt/ros/humble/share/rosidl_generator_c/cmake)
[0.195s] -- Found rosidl_adapter: 3.1.6 (/opt/ros/humble/share/rosidl_adapter/cmake)
[0.199s] -- Found rosidl_generator_cpp: 3.1.6 (/opt/ros/humble/share/rosidl_generator_cpp/cmake)
[0.204s] -- Using all available rosidl_typesupport_c: rosidl_typesupport_fastrtps_c;rosidl_typesupport_introspection_c
[0.212s] -- Using all available rosidl_typesupport_cpp: rosidl_typesupport_fastrtps_cpp;rosidl_typesupport_introspection_cpp
[0.232s] -- Found rmw_implementation_cmake: 6.1.2 (/opt/ros/humble/share/rmw_implementation_cmake/cmake)
[0.232s] -- Found rmw_fastrtps_cpp: 6.2.7 (/opt/ros/humble/share/rmw_fastrtps_cpp/cmake)
[0.313s] -- Using RMW implementation 'rmw_fastrtps_cpp' as default
[0.368s] -- Found DART: /usr/include (Required is at least version "6.6") found components: dart 
[0.391s] -- Found Protobuf: /usr/lib/x86_64-linux-gnu/libprotobuf.so (found version "3.12.4") 
[0.391s] -- Looking for ignition-math6 -- found version 6.15.1
[0.394s] -- Searching for dependencies of ignition-math6
[0.395s] -- Looking for OGRE...
[0.401s] -- Found Ogre Ghadamon (1.9.0)
[0.401s] -- Found OGRE: optimized;/usr/lib/x86_64-linux-gnu/libOgreMain.so;debug;/usr/lib/x86_64-linux-gnu/libOgreMain.so
[0.407s] -- Looking for OGRE_Paging...
[0.407s] -- Found OGRE_Paging: optimized;/usr/lib/x86_64-linux-gnu/libOgrePaging.so;debug;/usr/lib/x86_64-linux-gnu/libOgrePaging.so
[0.407s] -- Looking for OGRE_Terrain...
[0.408s] -- Found OGRE_Terrain: optimized;/usr/lib/x86_64-linux-gnu/libOgreTerrain.so;debug;/usr/lib/x86_64-linux-gnu/libOgreTerrain.so
[0.408s] -- Looking for OGRE_Property...
[0.408s] -- Found OGRE_Property: optimized;/usr/lib/x86_64-linux-gnu/libOgreProperty.so;debug;/usr/lib/x86_64-linux-gnu/libOgreProperty.so
[0.408s] -- Looking for OGRE_RTShaderSystem...
[0.408s] -- Found OGRE_RTShaderSystem: optimized;/usr/lib/x86_64-linux-gnu/libOgreRTShaderSystem.so;debug;/usr/lib/x86_64-linux-gnu/libOgreRTShaderSystem.so
[0.408s] -- Looking for OGRE_Volume...
[0.408s] -- Found OGRE_Volume: optimized;/usr/lib/x86_64-linux-gnu/libOgreVolume.so;debug;/usr/lib/x86_64-linux-gnu/libOgreVolume.so
[0.408s] -- Looking for OGRE_Overlay...
[0.408s] -- Found OGRE_Overlay: optimized;/usr/lib/x86_64-linux-gnu/libOgreOverlay.so;debug;/usr/lib/x86_64-linux-gnu/libOgreOverlay.so
[0.487s] -- Looking for ignition-math6 -- found version 6.15.1
[0.487s] -- Looking for ignition-transport8 -- found version 8.2.1
[0.487s] -- Searching for dependencies of ignition-transport8
[0.504s] -- Found Protobuf: /usr/lib/x86_64-linux-gnu/libprotobuf.so (found suitable version "3.12.4", minimum required is "3") 
[0.513s] -- Config-file not installed for ZeroMQ -- checking for pkg-config
[0.518s] -- Checking for module 'libzmq >= 4'
[0.532s] --   Found libzmq , version 4.3.4
[0.581s] -- Checking for module 'uuid'
[0.596s] --   Found uuid, version 2.37.2
[0.635s] -- Looking for ignition-msgs5 -- found version 5.8.1
[0.635s] -- Searching for dependencies of ignition-msgs5
[0.654s] -- Looking for ignition-math6 -- found version 6.15.1
[0.660s] -- Checking for module 'tinyxml2'
[0.679s] --   Found tinyxml2, version 9.0.0
[0.714s] -- Looking for ignition-msgs5 -- found version 5.8.1
[0.714s] -- Looking for ignition-common3 -- found version 3.14.0
[0.715s] -- Searching for dependencies of ignition-common3
[0.715s] -- Looking for dlfcn.h - found
[0.715s] -- Looking for libdl - found
[0.725s] -- Searching for <ignition-common3> component [graphics]
[0.725s] -- Looking for ignition-common3-graphics -- found version 3.14.0
[0.726s] -- Searching for dependencies of ignition-common3-graphics
[0.726s] -- Looking for ignition-math6 -- found version 6.15.1
[0.727s] -- Looking for ignition-fuel_tools4 -- found version 4.4.0
[0.727s] -- Searching for dependencies of ignition-fuel_tools4
[0.764s] -- Checking for module 'jsoncpp'
[0.781s] --   Found jsoncpp, version 1.9.5
[0.826s] -- Checking for module 'libzip'
[0.840s] --   Found libzip, version 1.7.3
[0.878s] -- Looking for ignition-common3 -- found version 3.14.0
[0.879s] -- Looking for ignition-math6 -- found version 6.15.1
[0.879s] -- Looking for ignition-msgs5 -- found version 5.8.1
[0.880s] -- Gazebo version: 11.10
[0.881s] -- Found gazebo_msgs: 3.9.0 (/opt/ros/humble/share/gazebo_msgs/cmake)
[0.912s] -- Found linkattacher_msgs: 0.0.0 (/home/fra/ros2_master_ws/install/linkattacher_msgs/share/linkattacher_msgs/cmake)
[0.924s] -- Added test 'copyright' to check source files copyright and LICENSE
[0.925s] -- Added test 'cppcheck' to perform static code analysis on C / C++ code
[0.925s] -- Configured cppcheck include dirs: /home/fra/ros2_master_ws/src/IFRA_LinkAttacher/ros2_LinkAttacher/include
[0.925s] -- Configured cppcheck exclude dirs and/or files: 
[0.926s] -- Added test 'cpplint' to check C / C++ code against the Google style
[0.926s] -- Configured cpplint exclude dirs and/or files: 
[0.926s] -- Added test 'lint_cmake' to check CMake code style
[0.927s] -- Added test 'uncrustify' to check C / C++ code style
[0.927s] -- Configured uncrustify additional arguments: 
[0.927s] -- Added test 'xmllint' to check XML markup files
[0.928s] -- Configuring done
[1.007s] -- Generating done
[1.012s] -- Build files have been written to: /home/fra/ros2_master_ws/build/ros2_linkattacher
[1.050s] [35m[1mConsolidate compiler generated dependencies of target gazebo_link_attacher[0m
[1.094s] [ 50%] [32mBuilding CXX object CMakeFiles/gazebo_link_attacher.dir/src/gazebo_link_attacher.cpp.o[0m
[9.048s] [100%] [32m[1mLinking CXX shared library libgazebo_link_attacher.so[0m
[9.440s] [100%] Built target gazebo_link_attacher
[9.451s] Invoked command in '/home/fra/ros2_master_ws/build/ros2_linkattacher' returned '0': CMAKE_PREFIX_PATH=/home/fra/ros2_master_ws/install/linkattacher_msgs:/home/fra/ros2_master_ws/install/custom_robot_ik:/home/fra/ros2_master_ws/install/ros2_linkattacher:/home/fra/ros2_master_ws/install/ind_environment:/home/fra/ros2_master_ws/install/custom_robot_moveit_config:/home/fra/ros2_master_ws/install/cobot_gazebo:/home/fra/ros2_master_ws/install/cobot_description:/opt/ros/humble LD_LIBRARY_PATH=/home/fra/ros2_master_ws/install/linkattacher_msgs/lib:/home/fra/ros2_master_ws/install/ros2_linkattacher/lib:/usr/lib/x86_64-linux-gnu/gazebo-11/plugins:/opt/ros/humble/opt/rviz_ogre_vendor/lib:/opt/ros/humble/lib/x86_64-linux-gnu:/opt/ros/humble/lib /usr/bin/cmake --build /home/fra/ros2_master_ws/build/ros2_linkattacher -- -j16 -l16
[9.454s] Invoking command in '/home/fra/ros2_master_ws/build/ros2_linkattacher': CMAKE_PREFIX_PATH=/home/fra/ros2_master_ws/install/linkattacher_msgs:/home/fra/ros2_master_ws/install/custom_robot_ik:/home/fra/ros2_master_ws/install/ros2_linkattacher:/home/fra/ros2_master_ws/install/ind_environment:/home/fra/ros2_master_ws/install/custom_robot_moveit_config:/home/fra/ros2_master_ws/install/cobot_gazebo:/home/fra/ros2_master_ws/install/cobot_description:/opt/ros/humble LD_LIBRARY_PATH=/home/fra/ros2_master_ws/install/linkattacher_msgs/lib:/home/fra/ros2_master_ws/install/ros2_linkattacher/lib:/usr/lib/x86_64-linux-gnu/gazebo-11/plugins:/opt/ros/humble/opt/rviz_ogre_vendor/lib:/opt/ros/humble/lib/x86_64-linux-gnu:/opt/ros/humble/lib /usr/bin/cmake --install /home/fra/ros2_master_ws/build/ros2_linkattacher
[9.459s] -- Install configuration: ""
[9.459s] -- Installing: /home/fra/ros2_master_ws/install/ros2_linkattacher/share/ros2_linkattacher/environment/library_path.sh
[9.459s] -- Installing: /home/fra/ros2_master_ws/install/ros2_linkattacher/share/ros2_linkattacher/environment/library_path.dsv
[9.459s] -- Installing: /home/fra/ros2_master_ws/install/ros2_linkattacher/lib/libgazebo_link_attacher.so
[9.462s] -- Set runtime path of "/home/fra/ros2_master_ws/install/ros2_linkattacher/lib/libgazebo_link_attacher.so" to ""
[9.462s] -- Up-to-date: /home/fra/ros2_master_ws/install/ros2_linkattacher/share/ament_index/resource_index/package_run_dependencies/ros2_linkattacher
[9.462s] -- Installing: /home/fra/ros2_master_ws/install/ros2_linkattacher/share/ament_index/resource_index/parent_prefix_path/ros2_linkattacher
[9.462s] -- Installing: /home/fra/ros2_master_ws/install/ros2_linkattacher/share/ros2_linkattacher/environment/ament_prefix_path.sh
[9.462s] -- Installing: /home/fra/ros2_master_ws/install/ros2_linkattacher/share/ros2_linkattacher/environment/ament_prefix_path.dsv
[9.462s] -- Installing: /home/fra/ros2_master_ws/install/ros2_linkattacher/share/ros2_linkattacher/environment/path.sh
[9.462s] -- Installing: /home/fra/ros2_master_ws/install/ros2_linkattacher/share/ros2_linkattacher/environment/path.dsv
[9.463s] -- Up-to-date: /home/fra/ros2_master_ws/install/ros2_linkattacher/share/ros2_linkattacher/local_setup.bash
[9.463s] -- Up-to-date: /home/fra/ros2_master_ws/install/ros2_linkattacher/share/ros2_linkattacher/local_setup.sh
[9.463s] -- Up-to-date: /home/fra/ros2_master_ws/install/ros2_linkattacher/share/ros2_linkattacher/local_setup.zsh
[9.463s] -- Installing: /home/fra/ros2_master_ws/install/ros2_linkattacher/share/ros2_linkattacher/local_setup.dsv
[9.463s] -- Installing: /home/fra/ros2_master_ws/install/ros2_linkattacher/share/ros2_linkattacher/package.dsv
[9.463s] -- Up-to-date: /home/fra/ros2_master_ws/install/ros2_linkattacher/share/ament_index/resource_index/packages/ros2_linkattacher
[9.463s] -- Up-to-date: /home/fra/ros2_master_ws/install/ros2_linkattacher/share/ros2_linkattacher/cmake/ament_cmake_export_libraries-extras.cmake
[9.463s] -- Up-to-date: /home/fra/ros2_master_ws/install/ros2_linkattacher/share/ros2_linkattacher/cmake/ros2_linkattacherConfig.cmake
[9.463s] -- Up-to-date: /home/fra/ros2_master_ws/install/ros2_linkattacher/share/ros2_linkattacher/cmake/ros2_linkattacherConfig-version.cmake
[9.463s] -- Installing: /home/fra/ros2_master_ws/install/ros2_linkattacher/share/ros2_linkattacher/package.xml
[9.465s] Invoked command in '/home/fra/ros2_master_ws/build/ros2_linkattacher' returned '0': CMAKE_PREFIX_PATH=/home/fra/ros2_master_ws/install/linkattacher_msgs:/home/fra/ros2_master_ws/install/custom_robot_ik:/home/fra/ros2_master_ws/install/ros2_linkattacher:/home/fra/ros2_master_ws/install/ind_environment:/home/fra/ros2_master_ws/install/custom_robot_moveit_config:/home/fra/ros2_master_ws/install/cobot_gazebo:/home/fra/ros2_master_ws/install/cobot_description:/opt/ros/humble LD_LIBRARY_PATH=/home/fra/ros2_master_ws/install/linkattacher_msgs/lib:/home/fra/ros2_master_ws/install/ros2_linkattacher/lib:/usr/lib/x86_64-linux-gnu/gazebo-11/plugins:/opt/ros/humble/opt/rviz_ogre_vendor/lib:/opt/ros/humble/lib/x86_64-linux-gnu:/opt/ros/humble/lib /usr/bin/cmake --install /home/fra/ros2_master_ws/build/ros2_linkattacher
