-- Install configuration: ""
-- Up-to-date: /home/fra/ros2_master_ws/install/cobot_description/share/cobot_description/urdf
-- Up-to-date: /home/fra/ros2_master_ws/install/cobot_description/share/cobot_description/urdf/cobot_description.urdf.xacro
-- Up-to-date: /home/fra/ros2_master_ws/install/cobot_description/share/cobot_description/urdf/custom_cobot_gazebo.xacro
-- Up-to-date: /home/fra/ros2_master_ws/install/cobot_description/share/cobot_description/urdf/custom_gripper.xacro
-- Up-to-date: /home/fra/ros2_master_ws/install/cobot_description/share/cobot_description/urdf/link_joint.xacro
-- Up-to-date: /home/fra/ros2_master_ws/install/cobot_description/share/cobot_description/launch
-- Installing: /home/fra/ros2_master_ws/install/cobot_description/share/cobot_description/launch/rviz.launch.py
-- Up-to-date: /home/fra/ros2_master_ws/install/cobot_description/share/cobot_description/config
-- Installing: /home/fra/ros2_master_ws/install/cobot_description/share/cobot_description/config/config.rviz
-- Up-to-date: /home/fra/ros2_master_ws/install/cobot_description/share/ament_index/resource_index/package_run_dependencies/cobot_description
-- Up-to-date: /home/fra/ros2_master_ws/install/cobot_description/share/ament_index/resource_index/parent_prefix_path/cobot_description
-- Up-to-date: /home/fra/ros2_master_ws/install/cobot_description/share/cobot_description/environment/ament_prefix_path.sh
-- Up-to-date: /home/fra/ros2_master_ws/install/cobot_description/share/cobot_description/environment/ament_prefix_path.dsv
-- Up-to-date: /home/fra/ros2_master_ws/install/cobot_description/share/cobot_description/environment/path.sh
-- Up-to-date: /home/fra/ros2_master_ws/install/cobot_description/share/cobot_description/environment/path.dsv
-- Up-to-date: /home/fra/ros2_master_ws/install/cobot_description/share/cobot_description/local_setup.bash
-- Up-to-date: /home/fra/ros2_master_ws/install/cobot_description/share/cobot_description/local_setup.sh
-- Up-to-date: /home/fra/ros2_master_ws/install/cobot_description/share/cobot_description/local_setup.zsh
-- Up-to-date: /home/fra/ros2_master_ws/install/cobot_description/share/cobot_description/local_setup.dsv
-- Up-to-date: /home/fra/ros2_master_ws/install/cobot_description/share/cobot_description/package.dsv
-- Up-to-date: /home/fra/ros2_master_ws/install/cobot_description/share/ament_index/resource_index/packages/cobot_description
-- Up-to-date: /home/fra/ros2_master_ws/install/cobot_description/share/cobot_description/cmake/cobot_descriptionConfig.cmake
-- Up-to-date: /home/fra/ros2_master_ws/install/cobot_description/share/cobot_description/cmake/cobot_descriptionConfig-version.cmake
-- Up-to-date: /home/fra/ros2_master_ws/install/cobot_description/share/cobot_description/package.xml
