[0.117s] [34mcolcon[0m [1;30mDEBUG[0m [32mCommand line arguments: ['/usr/bin/colcon', 'build'][0m
[0.117s] [34mcolcon[0m [1;30mDEBUG[0m [32mParsed command line arguments: Namespace(log_base=None, log_level=None, verb_name='build', build_base='build', install_base='install', merge_install=False, symlink_install=False, test_result_base=None, continue_on_error=False, executor='parallel', parallel_workers=12, event_handlers=None, ignore_user_meta=False, metas=['./colcon.meta'], base_paths=['.'], packages_ignore=None, packages_ignore_regex=None, paths=None, packages_up_to=None, packages_up_to_regex=None, packages_above=None, packages_above_and_dependencies=None, packages_above_depth=None, packages_select_by_dep=None, packages_skip_by_dep=None, packages_skip_up_to=None, packages_select_build_failed=False, packages_skip_build_finished=False, packages_select_test_failures=False, packages_skip_test_passed=False, packages_select=None, packages_skip=None, packages_select_regex=None, packages_skip_regex=None, packages_start=None, packages_end=None, allow_overriding=[], cmake_args=None, cmake_target=None, cmake_target_skip_unavailable=False, cmake_clean_cache=False, cmake_clean_first=False, cmake_force_configure=False, ament_cmake_args=None, catkin_cmake_args=None, catkin_skip_building_tests=False, mixin_files=None, mixin=None, verb_parser=<colcon_mixin.mixin.mixin_argument.MixinArgumentDecorator object at 0x710201139cf0>, verb_extension=<colcon_core.verb.build.BuildVerb object at 0x710201139660>, main=<bound method BuildVerb.main of <colcon_core.verb.build.BuildVerb object at 0x710201139660>>, mixin_verb=('build',))[0m
[0.152s] [34mcolcon.colcon_core.package_discovery[0m [1;30mLevel 1[0m discover_packages(colcon_meta) check parameters
[0.152s] [34mcolcon.colcon_core.package_discovery[0m [1;30mLevel 1[0m discover_packages(recursive) check parameters
[0.153s] [34mcolcon.colcon_core.package_discovery[0m [1;30mLevel 1[0m discover_packages(ignore) check parameters
[0.153s] [34mcolcon.colcon_core.package_discovery[0m [1;30mLevel 1[0m discover_packages(path) check parameters
[0.153s] [34mcolcon.colcon_core.package_discovery[0m [1;30mLevel 1[0m discover_packages(colcon_meta) discover
[0.153s] [34mcolcon.colcon_core.package_discovery[0m [1;30mLevel 1[0m discover_packages(recursive) discover
[0.153s] [34mcolcon.colcon_core.package_discovery[0m [1;30mINFO[0m Crawling recursively for packages in '/home/fra/ros2_master_ws'
[0.153s] [34mcolcon.colcon_core.package_identification[0m [1;30mLevel 1[0m _identify(.) by extensions ['ignore', 'ignore_ament_install']
[0.153s] [34mcolcon.colcon_core.package_identification[0m [1;30mLevel 1[0m _identify(.) by extension 'ignore'
[0.153s] [34mcolcon.colcon_core.package_identification[0m [1;30mLevel 1[0m _identify(.) by extension 'ignore_ament_install'
[0.153s] [34mcolcon.colcon_core.package_identification[0m [1;30mLevel 1[0m _identify(.) by extensions ['colcon_pkg']
[0.153s] [34mcolcon.colcon_core.package_identification[0m [1;30mLevel 1[0m _identify(.) by extension 'colcon_pkg'
[0.153s] [34mcolcon.colcon_core.package_identification[0m [1;30mLevel 1[0m _identify(.) by extensions ['colcon_meta']
[0.153s] [34mcolcon.colcon_core.package_identification[0m [1;30mLevel 1[0m _identify(.) by extension 'colcon_meta'
[0.153s] [34mcolcon.colcon_core.package_identification[0m [1;30mLevel 1[0m _identify(.) by extensions ['ros']
[0.153s] [34mcolcon.colcon_core.package_identification[0m [1;30mLevel 1[0m _identify(.) by extension 'ros'
[0.174s] [34mcolcon.colcon_core.package_identification[0m [1;30mLevel 1[0m _identify(.) by extensions ['cmake', 'python']
[0.174s] [34mcolcon.colcon_core.package_identification[0m [1;30mLevel 1[0m _identify(.) by extension 'cmake'
[0.174s] [34mcolcon.colcon_core.package_identification[0m [1;30mLevel 1[0m _identify(.) by extension 'python'
[0.174s] [34mcolcon.colcon_core.package_identification[0m [1;30mLevel 1[0m _identify(.) by extensions ['python_setup_py']
[0.174s] [34mcolcon.colcon_core.package_identification[0m [1;30mLevel 1[0m _identify(.) by extension 'python_setup_py'
[0.174s] [34mcolcon.colcon_core.package_identification[0m [1;30mLevel 1[0m _identify(build) by extensions ['ignore', 'ignore_ament_install']
[0.174s] [34mcolcon.colcon_core.package_identification[0m [1;30mLevel 1[0m _identify(build) by extension 'ignore'
[0.174s] [34mcolcon.colcon_core.package_identification[0m [1;30mLevel 1[0m _identify(build) ignored
[0.174s] [34mcolcon.colcon_core.package_identification[0m [1;30mLevel 1[0m _identify(install) by extensions ['ignore', 'ignore_ament_install']
[0.174s] [34mcolcon.colcon_core.package_identification[0m [1;30mLevel 1[0m _identify(install) by extension 'ignore'
[0.174s] [34mcolcon.colcon_core.package_identification[0m [1;30mLevel 1[0m _identify(install) ignored
[0.174s] [34mcolcon.colcon_core.package_identification[0m [1;30mLevel 1[0m _identify(log) by extensions ['ignore', 'ignore_ament_install']
[0.175s] [34mcolcon.colcon_core.package_identification[0m [1;30mLevel 1[0m _identify(log) by extension 'ignore'
[0.175s] [34mcolcon.colcon_core.package_identification[0m [1;30mLevel 1[0m _identify(log) ignored
[0.175s] [34mcolcon.colcon_core.package_identification[0m [1;30mLevel 1[0m _identify(src) by extensions ['ignore', 'ignore_ament_install']
[0.175s] [34mcolcon.colcon_core.package_identification[0m [1;30mLevel 1[0m _identify(src) by extension 'ignore'
[0.175s] [34mcolcon.colcon_core.package_identification[0m [1;30mLevel 1[0m _identify(src) by extension 'ignore_ament_install'
[0.175s] [34mcolcon.colcon_core.package_identification[0m [1;30mLevel 1[0m _identify(src) by extensions ['colcon_pkg']
[0.175s] [34mcolcon.colcon_core.package_identification[0m [1;30mLevel 1[0m _identify(src) by extension 'colcon_pkg'
[0.175s] [34mcolcon.colcon_core.package_identification[0m [1;30mLevel 1[0m _identify(src) by extensions ['colcon_meta']
[0.175s] [34mcolcon.colcon_core.package_identification[0m [1;30mLevel 1[0m _identify(src) by extension 'colcon_meta'
[0.175s] [34mcolcon.colcon_core.package_identification[0m [1;30mLevel 1[0m _identify(src) by extensions ['ros']
[0.175s] [34mcolcon.colcon_core.package_identification[0m [1;30mLevel 1[0m _identify(src) by extension 'ros'
[0.175s] [34mcolcon.colcon_core.package_identification[0m [1;30mLevel 1[0m _identify(src) by extensions ['cmake', 'python']
[0.175s] [34mcolcon.colcon_core.package_identification[0m [1;30mLevel 1[0m _identify(src) by extension 'cmake'
[0.175s] [34mcolcon.colcon_core.package_identification[0m [1;30mLevel 1[0m _identify(src) by extension 'python'
[0.175s] [34mcolcon.colcon_core.package_identification[0m [1;30mLevel 1[0m _identify(src) by extensions ['python_setup_py']
[0.175s] [34mcolcon.colcon_core.package_identification[0m [1;30mLevel 1[0m _identify(src) by extension 'python_setup_py'
[0.175s] [34mcolcon.colcon_core.package_identification[0m [1;30mLevel 1[0m _identify(src/cobot_description) by extensions ['ignore', 'ignore_ament_install']
[0.175s] [34mcolcon.colcon_core.package_identification[0m [1;30mLevel 1[0m _identify(src/cobot_description) by extension 'ignore'
[0.176s] [34mcolcon.colcon_core.package_identification[0m [1;30mLevel 1[0m _identify(src/cobot_description) by extension 'ignore_ament_install'
[0.176s] [34mcolcon.colcon_core.package_identification[0m [1;30mLevel 1[0m _identify(src/cobot_description) by extensions ['colcon_pkg']
[0.176s] [34mcolcon.colcon_core.package_identification[0m [1;30mLevel 1[0m _identify(src/cobot_description) by extension 'colcon_pkg'
[0.176s] [34mcolcon.colcon_core.package_identification[0m [1;30mLevel 1[0m _identify(src/cobot_description) by extensions ['colcon_meta']
[0.176s] [34mcolcon.colcon_core.package_identification[0m [1;30mLevel 1[0m _identify(src/cobot_description) by extension 'colcon_meta'
[0.176s] [34mcolcon.colcon_core.package_identification[0m [1;30mLevel 1[0m _identify(src/cobot_description) by extensions ['ros']
[0.176s] [34mcolcon.colcon_core.package_identification[0m [1;30mLevel 1[0m _identify(src/cobot_description) by extension 'ros'
[0.178s] [34mcolcon.colcon_core.package_identification[0m [1;30mDEBUG[0m [32mPackage 'src/cobot_description' with type 'ros.ament_cmake' and name 'cobot_description'[0m
[0.178s] [34mcolcon.colcon_core.package_identification[0m [1;30mLevel 1[0m _identify(src/cobot_gazebo) by extensions ['ignore', 'ignore_ament_install']
[0.178s] [34mcolcon.colcon_core.package_identification[0m [1;30mLevel 1[0m _identify(src/cobot_gazebo) by extension 'ignore'
[0.178s] [34mcolcon.colcon_core.package_identification[0m [1;30mLevel 1[0m _identify(src/cobot_gazebo) by extension 'ignore_ament_install'
[0.178s] [34mcolcon.colcon_core.package_identification[0m [1;30mLevel 1[0m _identify(src/cobot_gazebo) by extensions ['colcon_pkg']
[0.178s] [34mcolcon.colcon_core.package_identification[0m [1;30mLevel 1[0m _identify(src/cobot_gazebo) by extension 'colcon_pkg'
[0.178s] [34mcolcon.colcon_core.package_identification[0m [1;30mLevel 1[0m _identify(src/cobot_gazebo) by extensions ['colcon_meta']
[0.178s] [34mcolcon.colcon_core.package_identification[0m [1;30mLevel 1[0m _identify(src/cobot_gazebo) by extension 'colcon_meta'
[0.179s] [34mcolcon.colcon_core.package_identification[0m [1;30mLevel 1[0m _identify(src/cobot_gazebo) by extensions ['ros']
[0.179s] [34mcolcon.colcon_core.package_identification[0m [1;30mLevel 1[0m _identify(src/cobot_gazebo) by extension 'ros'
[0.179s] [34mcolcon.colcon_core.package_identification[0m [1;30mDEBUG[0m [32mPackage 'src/cobot_gazebo' with type 'ros.ament_cmake' and name 'cobot_gazebo'[0m
[0.179s] [34mcolcon.colcon_core.package_identification[0m [1;30mLevel 1[0m _identify(src/ind_environment) by extensions ['ignore', 'ignore_ament_install']
[0.179s] [34mcolcon.colcon_core.package_identification[0m [1;30mLevel 1[0m _identify(src/ind_environment) by extension 'ignore'
[0.179s] [34mcolcon.colcon_core.package_identification[0m [1;30mLevel 1[0m _identify(src/ind_environment) by extension 'ignore_ament_install'
[0.179s] [34mcolcon.colcon_core.package_identification[0m [1;30mLevel 1[0m _identify(src/ind_environment) by extensions ['colcon_pkg']
[0.179s] [34mcolcon.colcon_core.package_identification[0m [1;30mLevel 1[0m _identify(src/ind_environment) by extension 'colcon_pkg'
[0.179s] [34mcolcon.colcon_core.package_identification[0m [1;30mLevel 1[0m _identify(src/ind_environment) by extensions ['colcon_meta']
[0.179s] [34mcolcon.colcon_core.package_identification[0m [1;30mLevel 1[0m _identify(src/ind_environment) by extension 'colcon_meta'
[0.180s] [34mcolcon.colcon_core.package_identification[0m [1;30mLevel 1[0m _identify(src/ind_environment) by extensions ['ros']
[0.180s] [34mcolcon.colcon_core.package_identification[0m [1;30mLevel 1[0m _identify(src/ind_environment) by extension 'ros'
[0.180s] [34mcolcon.colcon_core.package_identification[0m [1;30mDEBUG[0m [32mPackage 'src/ind_environment' with type 'ros.ament_cmake' and name 'ind_environment'[0m
[0.180s] [34mcolcon.colcon_core.package_discovery[0m [1;30mLevel 1[0m discover_packages(recursive) using defaults
[0.180s] [34mcolcon.colcon_core.package_discovery[0m [1;30mLevel 1[0m discover_packages(ignore) discover
[0.180s] [34mcolcon.colcon_core.package_discovery[0m [1;30mLevel 1[0m discover_packages(ignore) using defaults
[0.180s] [34mcolcon.colcon_core.package_discovery[0m [1;30mLevel 1[0m discover_packages(path) discover
[0.180s] [34mcolcon.colcon_core.package_discovery[0m [1;30mLevel 1[0m discover_packages(path) using defaults
[0.195s] [34mcolcon.colcon_core.package_discovery[0m [1;30mLevel 1[0m discover_packages(prefix_path) check parameters
[0.195s] [34mcolcon.colcon_core.package_discovery[0m [1;30mLevel 1[0m discover_packages(prefix_path) discover
[0.196s] [34mcolcon.colcon_installed_package_information.package_discovery[0m [1;30mDEBUG[0m [32mFound 3 installed packages in /home/fra/ros2_master_ws/install[0m
[0.198s] [34mcolcon.colcon_installed_package_information.package_discovery[0m [1;30mDEBUG[0m [32mFound 340 installed packages in /opt/ros/humble[0m
[0.199s] [34mcolcon.colcon_core.package_discovery[0m [1;30mLevel 1[0m discover_packages(prefix_path) using defaults
[0.248s] [34mcolcon.colcon_core.verb[0m [1;30mLevel 5[0m set package 'cobot_description' build argument 'cmake_args' from command line to 'None'
[0.248s] [34mcolcon.colcon_core.verb[0m [1;30mLevel 5[0m set package 'cobot_description' build argument 'cmake_target' from command line to 'None'
[0.248s] [34mcolcon.colcon_core.verb[0m [1;30mLevel 5[0m set package 'cobot_description' build argument 'cmake_target_skip_unavailable' from command line to 'False'
[0.248s] [34mcolcon.colcon_core.verb[0m [1;30mLevel 5[0m set package 'cobot_description' build argument 'cmake_clean_cache' from command line to 'False'
[0.248s] [34mcolcon.colcon_core.verb[0m [1;30mLevel 5[0m set package 'cobot_description' build argument 'cmake_clean_first' from command line to 'False'
[0.248s] [34mcolcon.colcon_core.verb[0m [1;30mLevel 5[0m set package 'cobot_description' build argument 'cmake_force_configure' from command line to 'False'
[0.248s] [34mcolcon.colcon_core.verb[0m [1;30mLevel 5[0m set package 'cobot_description' build argument 'ament_cmake_args' from command line to 'None'
[0.248s] [34mcolcon.colcon_core.verb[0m [1;30mLevel 5[0m set package 'cobot_description' build argument 'catkin_cmake_args' from command line to 'None'
[0.248s] [34mcolcon.colcon_core.verb[0m [1;30mLevel 5[0m set package 'cobot_description' build argument 'catkin_skip_building_tests' from command line to 'False'
[0.248s] [34mcolcon.colcon_core.verb[0m [1;30mDEBUG[0m [32mBuilding package 'cobot_description' with the following arguments: {'ament_cmake_args': None, 'build_base': '/home/fra/ros2_master_ws/build/cobot_description', 'catkin_cmake_args': None, 'catkin_skip_building_tests': False, 'cmake_args': None, 'cmake_clean_cache': False, 'cmake_clean_first': False, 'cmake_force_configure': False, 'cmake_target': None, 'cmake_target_skip_unavailable': False, 'install_base': '/home/fra/ros2_master_ws/install/cobot_description', 'merge_install': False, 'path': '/home/fra/ros2_master_ws/src/cobot_description', 'symlink_install': False, 'test_result_base': None}[0m
[0.248s] [34mcolcon.colcon_core.verb[0m [1;30mLevel 5[0m set package 'cobot_gazebo' build argument 'cmake_args' from command line to 'None'
[0.248s] [34mcolcon.colcon_core.verb[0m [1;30mLevel 5[0m set package 'cobot_gazebo' build argument 'cmake_target' from command line to 'None'
[0.248s] [34mcolcon.colcon_core.verb[0m [1;30mLevel 5[0m set package 'cobot_gazebo' build argument 'cmake_target_skip_unavailable' from command line to 'False'
[0.248s] [34mcolcon.colcon_core.verb[0m [1;30mLevel 5[0m set package 'cobot_gazebo' build argument 'cmake_clean_cache' from command line to 'False'
[0.248s] [34mcolcon.colcon_core.verb[0m [1;30mLevel 5[0m set package 'cobot_gazebo' build argument 'cmake_clean_first' from command line to 'False'
[0.248s] [34mcolcon.colcon_core.verb[0m [1;30mLevel 5[0m set package 'cobot_gazebo' build argument 'cmake_force_configure' from command line to 'False'
[0.248s] [34mcolcon.colcon_core.verb[0m [1;30mLevel 5[0m set package 'cobot_gazebo' build argument 'ament_cmake_args' from command line to 'None'
[0.248s] [34mcolcon.colcon_core.verb[0m [1;30mLevel 5[0m set package 'cobot_gazebo' build argument 'catkin_cmake_args' from command line to 'None'
[0.248s] [34mcolcon.colcon_core.verb[0m [1;30mLevel 5[0m set package 'cobot_gazebo' build argument 'catkin_skip_building_tests' from command line to 'False'
[0.249s] [34mcolcon.colcon_core.verb[0m [1;30mDEBUG[0m [32mBuilding package 'cobot_gazebo' with the following arguments: {'ament_cmake_args': None, 'build_base': '/home/fra/ros2_master_ws/build/cobot_gazebo', 'catkin_cmake_args': None, 'catkin_skip_building_tests': False, 'cmake_args': None, 'cmake_clean_cache': False, 'cmake_clean_first': False, 'cmake_force_configure': False, 'cmake_target': None, 'cmake_target_skip_unavailable': False, 'install_base': '/home/fra/ros2_master_ws/install/cobot_gazebo', 'merge_install': False, 'path': '/home/fra/ros2_master_ws/src/cobot_gazebo', 'symlink_install': False, 'test_result_base': None}[0m
[0.249s] [34mcolcon.colcon_core.verb[0m [1;30mLevel 5[0m set package 'ind_environment' build argument 'cmake_args' from command line to 'None'
[0.249s] [34mcolcon.colcon_core.verb[0m [1;30mLevel 5[0m set package 'ind_environment' build argument 'cmake_target' from command line to 'None'
[0.249s] [34mcolcon.colcon_core.verb[0m [1;30mLevel 5[0m set package 'ind_environment' build argument 'cmake_target_skip_unavailable' from command line to 'False'
[0.249s] [34mcolcon.colcon_core.verb[0m [1;30mLevel 5[0m set package 'ind_environment' build argument 'cmake_clean_cache' from command line to 'False'
[0.249s] [34mcolcon.colcon_core.verb[0m [1;30mLevel 5[0m set package 'ind_environment' build argument 'cmake_clean_first' from command line to 'False'
[0.249s] [34mcolcon.colcon_core.verb[0m [1;30mLevel 5[0m set package 'ind_environment' build argument 'cmake_force_configure' from command line to 'False'
[0.249s] [34mcolcon.colcon_core.verb[0m [1;30mLevel 5[0m set package 'ind_environment' build argument 'ament_cmake_args' from command line to 'None'
[0.249s] [34mcolcon.colcon_core.verb[0m [1;30mLevel 5[0m set package 'ind_environment' build argument 'catkin_cmake_args' from command line to 'None'
[0.249s] [34mcolcon.colcon_core.verb[0m [1;30mLevel 5[0m set package 'ind_environment' build argument 'catkin_skip_building_tests' from command line to 'False'
[0.249s] [34mcolcon.colcon_core.verb[0m [1;30mDEBUG[0m [32mBuilding package 'ind_environment' with the following arguments: {'ament_cmake_args': None, 'build_base': '/home/fra/ros2_master_ws/build/ind_environment', 'catkin_cmake_args': None, 'catkin_skip_building_tests': False, 'cmake_args': None, 'cmake_clean_cache': False, 'cmake_clean_first': False, 'cmake_force_configure': False, 'cmake_target': None, 'cmake_target_skip_unavailable': False, 'install_base': '/home/fra/ros2_master_ws/install/ind_environment', 'merge_install': False, 'path': '/home/fra/ros2_master_ws/src/ind_environment', 'symlink_install': False, 'test_result_base': None}[0m
[0.249s] [34mcolcon.colcon_core.executor[0m [1;30mINFO[0m Executing jobs using 'parallel' executor
[0.250s] [34mcolcon.colcon_parallel_executor.executor.parallel[0m [1;30mDEBUG[0m [32mrun_until_complete[0m
[0.251s] [34mcolcon.colcon_ros.task.ament_cmake.build[0m [1;30mINFO[0m Building ROS package in '/home/fra/ros2_master_ws/src/cobot_description' with build type 'ament_cmake'
[0.251s] [34mcolcon.colcon_cmake.task.cmake.build[0m [1;30mINFO[0m Building CMake package in '/home/fra/ros2_master_ws/src/cobot_description'
[0.252s] [34mcolcon.colcon_core.plugin_system[0m [1;30mINFO[0m Skipping extension 'colcon_core.shell.bat': Not used on non-Windows systems
[0.253s] [34mcolcon.colcon_core.shell[0m [1;30mINFO[0m Skip shell extension 'powershell' for command environment: Not usable outside of PowerShell
[0.253s] [34mcolcon.colcon_core.shell[0m [1;30mDEBUG[0m [32mSkip shell extension 'dsv' for command environment[0m
[0.256s] [34mcolcon.colcon_ros.task.ament_cmake.build[0m [1;30mINFO[0m Building ROS package in '/home/fra/ros2_master_ws/src/cobot_gazebo' with build type 'ament_cmake'
[0.256s] [34mcolcon.colcon_cmake.task.cmake.build[0m [1;30mINFO[0m Building CMake package in '/home/fra/ros2_master_ws/src/cobot_gazebo'
[0.256s] [34mcolcon.colcon_core.shell[0m [1;30mINFO[0m Skip shell extension 'powershell' for command environment: Not usable outside of PowerShell
[0.256s] [34mcolcon.colcon_core.shell[0m [1;30mDEBUG[0m [32mSkip shell extension 'dsv' for command environment[0m
[0.259s] [34mcolcon.colcon_ros.task.ament_cmake.build[0m [1;30mINFO[0m Building ROS package in '/home/fra/ros2_master_ws/src/ind_environment' with build type 'ament_cmake'
[0.259s] [34mcolcon.colcon_cmake.task.cmake.build[0m [1;30mINFO[0m Building CMake package in '/home/fra/ros2_master_ws/src/ind_environment'
[0.259s] [34mcolcon.colcon_core.shell[0m [1;30mINFO[0m Skip shell extension 'powershell' for command environment: Not usable outside of PowerShell
[0.259s] [34mcolcon.colcon_core.shell[0m [1;30mDEBUG[0m [32mSkip shell extension 'dsv' for command environment[0m
[0.266s] [34mcolcon.colcon_core.event_handler.log_command[0m [1;30mDEBUG[0m [32mInvoking command in '/home/fra/ros2_master_ws/build/cobot_description': CMAKE_PREFIX_PATH=${CMAKE_PREFIX_PATH}:/opt/ros/humble /usr/bin/cmake --build /home/fra/ros2_master_ws/build/cobot_description -- -j12 -l12[0m
[0.269s] [34mcolcon.colcon_core.event_handler.log_command[0m [1;30mDEBUG[0m [32mInvoking command in '/home/fra/ros2_master_ws/build/cobot_gazebo': CMAKE_PREFIX_PATH=${CMAKE_PREFIX_PATH}:/opt/ros/humble /usr/bin/cmake --build /home/fra/ros2_master_ws/build/cobot_gazebo -- -j12 -l12[0m
[0.272s] [34mcolcon.colcon_core.event_handler.log_command[0m [1;30mDEBUG[0m [32mInvoking command in '/home/fra/ros2_master_ws/build/ind_environment': CMAKE_PREFIX_PATH=${CMAKE_PREFIX_PATH}:/opt/ros/humble /usr/bin/cmake --build /home/fra/ros2_master_ws/build/ind_environment -- -j12 -l12[0m
[0.297s] [34mcolcon.colcon_core.event_handler.log_command[0m [1;30mDEBUG[0m [32mInvoked command in '/home/fra/ros2_master_ws/build/cobot_description' returned '0': CMAKE_PREFIX_PATH=${CMAKE_PREFIX_PATH}:/opt/ros/humble /usr/bin/cmake --build /home/fra/ros2_master_ws/build/cobot_description -- -j12 -l12[0m
[0.305s] [34mcolcon.colcon_core.event_handler.log_command[0m [1;30mDEBUG[0m [32mInvoking command in '/home/fra/ros2_master_ws/build/cobot_description': CMAKE_PREFIX_PATH=${CMAKE_PREFIX_PATH}:/opt/ros/humble /usr/bin/cmake --install /home/fra/ros2_master_ws/build/cobot_description[0m
[0.306s] [34mcolcon.colcon_core.event_handler.log_command[0m [1;30mDEBUG[0m [32mInvoked command in '/home/fra/ros2_master_ws/build/ind_environment' returned '0': CMAKE_PREFIX_PATH=${CMAKE_PREFIX_PATH}:/opt/ros/humble /usr/bin/cmake --build /home/fra/ros2_master_ws/build/ind_environment -- -j12 -l12[0m
[0.307s] [34mcolcon.colcon_core.event_handler.log_command[0m [1;30mDEBUG[0m [32mInvoking command in '/home/fra/ros2_master_ws/build/ind_environment': CMAKE_PREFIX_PATH=${CMAKE_PREFIX_PATH}:/opt/ros/humble /usr/bin/cmake --install /home/fra/ros2_master_ws/build/ind_environment[0m
[0.316s] [34mcolcon.colcon_core.environment[0m [1;30mLevel 1[0m create_environment_scripts_only(cobot_description)
[0.316s] [34mcolcon.colcon_core.event_handler.log_command[0m [1;30mDEBUG[0m [32mInvoked command in '/home/fra/ros2_master_ws/build/cobot_description' returned '0': CMAKE_PREFIX_PATH=${CMAKE_PREFIX_PATH}:/opt/ros/humble /usr/bin/cmake --install /home/fra/ros2_master_ws/build/cobot_description[0m
[0.318s] [34mcolcon.colcon_core.environment[0m [1;30mLevel 1[0m checking '/home/fra/ros2_master_ws/install/cobot_description' for CMake module files
[0.319s] [34mcolcon.colcon_core.environment[0m [1;30mLevel 1[0m checking '/home/fra/ros2_master_ws/install/cobot_description' for CMake config files
[0.319s] [34mcolcon.colcon_core.shell[0m [1;30mLevel 1[0m create_environment_hook('cobot_description', 'cmake_prefix_path')
[0.319s] [34mcolcon.colcon_core.shell[0m [1;30mINFO[0m Creating environment hook '/home/fra/ros2_master_ws/install/cobot_description/share/cobot_description/hook/cmake_prefix_path.ps1'
[0.320s] [34mcolcon.colcon_core.shell[0m [1;30mINFO[0m Creating environment descriptor '/home/fra/ros2_master_ws/install/cobot_description/share/cobot_description/hook/cmake_prefix_path.dsv'
[0.320s] [34mcolcon.colcon_core.shell[0m [1;30mINFO[0m Creating environment hook '/home/fra/ros2_master_ws/install/cobot_description/share/cobot_description/hook/cmake_prefix_path.sh'
[0.321s] [34mcolcon.colcon_core.environment[0m [1;30mLevel 1[0m checking '/home/fra/ros2_master_ws/install/cobot_description/bin'
[0.321s] [34mcolcon.colcon_core.environment[0m [1;30mLevel 1[0m checking '/home/fra/ros2_master_ws/install/cobot_description/lib/pkgconfig/cobot_description.pc'
[0.321s] [34mcolcon.colcon_core.environment[0m [1;30mLevel 1[0m checking '/home/fra/ros2_master_ws/install/cobot_description/lib/python3.10/site-packages'
[0.322s] [34mcolcon.colcon_core.environment[0m [1;30mLevel 1[0m checking '/home/fra/ros2_master_ws/install/cobot_description/bin'
[0.322s] [34mcolcon.colcon_core.shell[0m [1;30mINFO[0m Creating package script '/home/fra/ros2_master_ws/install/cobot_description/share/cobot_description/package.ps1'
[0.323s] [34mcolcon.colcon_core.shell[0m [1;30mINFO[0m Creating package descriptor '/home/fra/ros2_master_ws/install/cobot_description/share/cobot_description/package.dsv'
[0.323s] [34mcolcon.colcon_core.shell[0m [1;30mINFO[0m Creating package script '/home/fra/ros2_master_ws/install/cobot_description/share/cobot_description/package.sh'
[0.324s] [34mcolcon.colcon_core.shell[0m [1;30mINFO[0m Creating package script '/home/fra/ros2_master_ws/install/cobot_description/share/cobot_description/package.bash'
[0.324s] [34mcolcon.colcon_core.shell[0m [1;30mINFO[0m Creating package script '/home/fra/ros2_master_ws/install/cobot_description/share/cobot_description/package.zsh'
[0.325s] [34mcolcon.colcon_core.environment[0m [1;30mLevel 1[0m create_file_with_runtime_dependencies(/home/fra/ros2_master_ws/install/cobot_description/share/colcon-core/packages/cobot_description)
[0.326s] [34mcolcon.colcon_core.environment[0m [1;30mLevel 1[0m create_environment_scripts_only(cobot_description)
[0.326s] [34mcolcon.colcon_core.environment[0m [1;30mLevel 1[0m checking '/home/fra/ros2_master_ws/install/cobot_description' for CMake module files
[0.326s] [34mcolcon.colcon_core.environment[0m [1;30mLevel 1[0m checking '/home/fra/ros2_master_ws/install/cobot_description' for CMake config files
[0.326s] [34mcolcon.colcon_core.shell[0m [1;30mLevel 1[0m create_environment_hook('cobot_description', 'cmake_prefix_path')
[0.327s] [34mcolcon.colcon_core.shell[0m [1;30mINFO[0m Creating environment hook '/home/fra/ros2_master_ws/install/cobot_description/share/cobot_description/hook/cmake_prefix_path.ps1'
[0.327s] [34mcolcon.colcon_core.shell[0m [1;30mINFO[0m Creating environment descriptor '/home/fra/ros2_master_ws/install/cobot_description/share/cobot_description/hook/cmake_prefix_path.dsv'
[0.327s] [34mcolcon.colcon_core.shell[0m [1;30mINFO[0m Creating environment hook '/home/fra/ros2_master_ws/install/cobot_description/share/cobot_description/hook/cmake_prefix_path.sh'
[0.328s] [34mcolcon.colcon_core.environment[0m [1;30mLevel 1[0m checking '/home/fra/ros2_master_ws/install/cobot_description/bin'
[0.328s] [34mcolcon.colcon_core.environment[0m [1;30mLevel 1[0m checking '/home/fra/ros2_master_ws/install/cobot_description/lib/pkgconfig/cobot_description.pc'
[0.328s] [34mcolcon.colcon_core.environment[0m [1;30mLevel 1[0m checking '/home/fra/ros2_master_ws/install/cobot_description/lib/python3.10/site-packages'
[0.328s] [34mcolcon.colcon_core.environment[0m [1;30mLevel 1[0m checking '/home/fra/ros2_master_ws/install/cobot_description/bin'
[0.328s] [34mcolcon.colcon_core.shell[0m [1;30mINFO[0m Creating package script '/home/fra/ros2_master_ws/install/cobot_description/share/cobot_description/package.ps1'
[0.329s] [34mcolcon.colcon_core.shell[0m [1;30mINFO[0m Creating package descriptor '/home/fra/ros2_master_ws/install/cobot_description/share/cobot_description/package.dsv'
[0.329s] [34mcolcon.colcon_core.shell[0m [1;30mINFO[0m Creating package script '/home/fra/ros2_master_ws/install/cobot_description/share/cobot_description/package.sh'
[0.330s] [34mcolcon.colcon_core.shell[0m [1;30mINFO[0m Creating package script '/home/fra/ros2_master_ws/install/cobot_description/share/cobot_description/package.bash'
[0.330s] [34mcolcon.colcon_core.shell[0m [1;30mINFO[0m Creating package script '/home/fra/ros2_master_ws/install/cobot_description/share/cobot_description/package.zsh'
[0.330s] [34mcolcon.colcon_core.environment[0m [1;30mLevel 1[0m create_file_with_runtime_dependencies(/home/fra/ros2_master_ws/install/cobot_description/share/colcon-core/packages/cobot_description)
[0.331s] [34mcolcon.colcon_core.environment[0m [1;30mLevel 1[0m create_environment_scripts_only(ind_environment)
[0.331s] [34mcolcon.colcon_core.environment[0m [1;30mLevel 1[0m checking '/home/fra/ros2_master_ws/install/ind_environment' for CMake module files
[0.332s] [34mcolcon.colcon_core.environment[0m [1;30mLevel 1[0m checking '/home/fra/ros2_master_ws/install/ind_environment' for CMake config files
[0.332s] [34mcolcon.colcon_core.event_handler.log_command[0m [1;30mDEBUG[0m [32mInvoked command in '/home/fra/ros2_master_ws/build/ind_environment' returned '0': CMAKE_PREFIX_PATH=${CMAKE_PREFIX_PATH}:/opt/ros/humble /usr/bin/cmake --install /home/fra/ros2_master_ws/build/ind_environment[0m
[0.332s] [34mcolcon.colcon_core.shell[0m [1;30mLevel 1[0m create_environment_hook('ind_environment', 'cmake_prefix_path')
[0.332s] [34mcolcon.colcon_core.shell[0m [1;30mINFO[0m Creating environment hook '/home/fra/ros2_master_ws/install/ind_environment/share/ind_environment/hook/cmake_prefix_path.ps1'
[0.333s] [34mcolcon.colcon_core.shell[0m [1;30mINFO[0m Creating environment descriptor '/home/fra/ros2_master_ws/install/ind_environment/share/ind_environment/hook/cmake_prefix_path.dsv'
[0.333s] [34mcolcon.colcon_core.shell[0m [1;30mINFO[0m Creating environment hook '/home/fra/ros2_master_ws/install/ind_environment/share/ind_environment/hook/cmake_prefix_path.sh'
[0.334s] [34mcolcon.colcon_core.environment[0m [1;30mLevel 1[0m checking '/home/fra/ros2_master_ws/install/ind_environment/bin'
[0.334s] [34mcolcon.colcon_core.environment[0m [1;30mLevel 1[0m checking '/home/fra/ros2_master_ws/install/ind_environment/lib/pkgconfig/ind_environment.pc'
[0.334s] [34mcolcon.colcon_core.environment[0m [1;30mLevel 1[0m checking '/home/fra/ros2_master_ws/install/ind_environment/lib/python3.10/site-packages'
[0.334s] [34mcolcon.colcon_core.environment[0m [1;30mLevel 1[0m checking '/home/fra/ros2_master_ws/install/ind_environment/bin'
[0.334s] [34mcolcon.colcon_core.shell[0m [1;30mINFO[0m Creating package script '/home/fra/ros2_master_ws/install/ind_environment/share/ind_environment/package.ps1'
[0.335s] [34mcolcon.colcon_core.shell[0m [1;30mINFO[0m Creating package descriptor '/home/fra/ros2_master_ws/install/ind_environment/share/ind_environment/package.dsv'
[0.335s] [34mcolcon.colcon_core.shell[0m [1;30mINFO[0m Creating package script '/home/fra/ros2_master_ws/install/ind_environment/share/ind_environment/package.sh'
[0.335s] [34mcolcon.colcon_core.shell[0m [1;30mINFO[0m Creating package script '/home/fra/ros2_master_ws/install/ind_environment/share/ind_environment/package.bash'
[0.336s] [34mcolcon.colcon_core.shell[0m [1;30mINFO[0m Creating package script '/home/fra/ros2_master_ws/install/ind_environment/share/ind_environment/package.zsh'
[0.336s] [34mcolcon.colcon_core.environment[0m [1;30mLevel 1[0m create_file_with_runtime_dependencies(/home/fra/ros2_master_ws/install/ind_environment/share/colcon-core/packages/ind_environment)
[0.336s] [34mcolcon.colcon_core.environment[0m [1;30mLevel 1[0m create_environment_scripts_only(ind_environment)
[0.337s] [34mcolcon.colcon_core.environment[0m [1;30mLevel 1[0m checking '/home/fra/ros2_master_ws/install/ind_environment' for CMake module files
[0.337s] [34mcolcon.colcon_core.environment[0m [1;30mLevel 1[0m checking '/home/fra/ros2_master_ws/install/ind_environment' for CMake config files
[0.337s] [34mcolcon.colcon_core.shell[0m [1;30mLevel 1[0m create_environment_hook('ind_environment', 'cmake_prefix_path')
[0.337s] [34mcolcon.colcon_core.shell[0m [1;30mINFO[0m Creating environment hook '/home/fra/ros2_master_ws/install/ind_environment/share/ind_environment/hook/cmake_prefix_path.ps1'
[0.338s] [34mcolcon.colcon_core.shell[0m [1;30mINFO[0m Creating environment descriptor '/home/fra/ros2_master_ws/install/ind_environment/share/ind_environment/hook/cmake_prefix_path.dsv'
[0.338s] [34mcolcon.colcon_core.shell[0m [1;30mINFO[0m Creating environment hook '/home/fra/ros2_master_ws/install/ind_environment/share/ind_environment/hook/cmake_prefix_path.sh'
[0.339s] [34mcolcon.colcon_core.environment[0m [1;30mLevel 1[0m checking '/home/fra/ros2_master_ws/install/ind_environment/bin'
[0.339s] [34mcolcon.colcon_core.environment[0m [1;30mLevel 1[0m checking '/home/fra/ros2_master_ws/install/ind_environment/lib/pkgconfig/ind_environment.pc'
[0.339s] [34mcolcon.colcon_core.environment[0m [1;30mLevel 1[0m checking '/home/fra/ros2_master_ws/install/ind_environment/lib/python3.10/site-packages'
[0.339s] [34mcolcon.colcon_core.environment[0m [1;30mLevel 1[0m checking '/home/fra/ros2_master_ws/install/ind_environment/bin'
[0.339s] [34mcolcon.colcon_core.shell[0m [1;30mINFO[0m Creating package script '/home/fra/ros2_master_ws/install/ind_environment/share/ind_environment/package.ps1'
[0.340s] [34mcolcon.colcon_core.shell[0m [1;30mINFO[0m Creating package descriptor '/home/fra/ros2_master_ws/install/ind_environment/share/ind_environment/package.dsv'
[0.340s] [34mcolcon.colcon_core.shell[0m [1;30mINFO[0m Creating package script '/home/fra/ros2_master_ws/install/ind_environment/share/ind_environment/package.sh'
[0.341s] [34mcolcon.colcon_core.shell[0m [1;30mINFO[0m Creating package script '/home/fra/ros2_master_ws/install/ind_environment/share/ind_environment/package.bash'
[0.341s] [34mcolcon.colcon_core.shell[0m [1;30mINFO[0m Creating package script '/home/fra/ros2_master_ws/install/ind_environment/share/ind_environment/package.zsh'
[0.341s] [34mcolcon.colcon_core.environment[0m [1;30mLevel 1[0m create_file_with_runtime_dependencies(/home/fra/ros2_master_ws/install/ind_environment/share/colcon-core/packages/ind_environment)
[4.870s] [34mcolcon.colcon_core.event_handler.log_command[0m [1;30mDEBUG[0m [32mInvoked command in '/home/fra/ros2_master_ws/build/cobot_gazebo' returned '0': CMAKE_PREFIX_PATH=${CMAKE_PREFIX_PATH}:/opt/ros/humble /usr/bin/cmake --build /home/fra/ros2_master_ws/build/cobot_gazebo -- -j12 -l12[0m
[4.872s] [34mcolcon.colcon_core.event_handler.log_command[0m [1;30mDEBUG[0m [32mInvoking command in '/home/fra/ros2_master_ws/build/cobot_gazebo': CMAKE_PREFIX_PATH=${CMAKE_PREFIX_PATH}:/opt/ros/humble /usr/bin/cmake --install /home/fra/ros2_master_ws/build/cobot_gazebo[0m
[4.882s] [34mcolcon.colcon_core.environment[0m [1;30mLevel 1[0m create_environment_scripts_only(cobot_gazebo)
[4.882s] [34mcolcon.colcon_core.environment[0m [1;30mLevel 1[0m checking '/home/fra/ros2_master_ws/install/cobot_gazebo' for CMake module files
[4.883s] [34mcolcon.colcon_core.event_handler.log_command[0m [1;30mDEBUG[0m [32mInvoked command in '/home/fra/ros2_master_ws/build/cobot_gazebo' returned '0': CMAKE_PREFIX_PATH=${CMAKE_PREFIX_PATH}:/opt/ros/humble /usr/bin/cmake --install /home/fra/ros2_master_ws/build/cobot_gazebo[0m
[4.883s] [34mcolcon.colcon_core.environment[0m [1;30mLevel 1[0m checking '/home/fra/ros2_master_ws/install/cobot_gazebo' for CMake config files
[4.883s] [34mcolcon.colcon_core.shell[0m [1;30mLevel 1[0m create_environment_hook('cobot_gazebo', 'cmake_prefix_path')
[4.884s] [34mcolcon.colcon_core.shell[0m [1;30mINFO[0m Creating environment hook '/home/fra/ros2_master_ws/install/cobot_gazebo/share/cobot_gazebo/hook/cmake_prefix_path.ps1'
[4.884s] [34mcolcon.colcon_core.shell[0m [1;30mINFO[0m Creating environment descriptor '/home/fra/ros2_master_ws/install/cobot_gazebo/share/cobot_gazebo/hook/cmake_prefix_path.dsv'
[4.884s] [34mcolcon.colcon_core.shell[0m [1;30mINFO[0m Creating environment hook '/home/fra/ros2_master_ws/install/cobot_gazebo/share/cobot_gazebo/hook/cmake_prefix_path.sh'
[4.885s] [34mcolcon.colcon_core.environment[0m [1;30mLevel 1[0m checking '/home/fra/ros2_master_ws/install/cobot_gazebo/lib'
[4.885s] [34mcolcon.colcon_core.environment[0m [1;30mLevel 1[0m checking '/home/fra/ros2_master_ws/install/cobot_gazebo/bin'
[4.885s] [34mcolcon.colcon_core.environment[0m [1;30mLevel 1[0m checking '/home/fra/ros2_master_ws/install/cobot_gazebo/lib/pkgconfig/cobot_gazebo.pc'
[4.886s] [34mcolcon.colcon_core.environment[0m [1;30mLevel 1[0m checking '/home/fra/ros2_master_ws/install/cobot_gazebo/lib/python3.10/site-packages'
[4.886s] [34mcolcon.colcon_core.environment[0m [1;30mLevel 1[0m checking '/home/fra/ros2_master_ws/install/cobot_gazebo/bin'
[4.886s] [34mcolcon.colcon_core.shell[0m [1;30mINFO[0m Creating package script '/home/fra/ros2_master_ws/install/cobot_gazebo/share/cobot_gazebo/package.ps1'
[4.887s] [34mcolcon.colcon_core.shell[0m [1;30mINFO[0m Creating package descriptor '/home/fra/ros2_master_ws/install/cobot_gazebo/share/cobot_gazebo/package.dsv'
[4.887s] [34mcolcon.colcon_core.shell[0m [1;30mINFO[0m Creating package script '/home/fra/ros2_master_ws/install/cobot_gazebo/share/cobot_gazebo/package.sh'
[4.887s] [34mcolcon.colcon_core.shell[0m [1;30mINFO[0m Creating package script '/home/fra/ros2_master_ws/install/cobot_gazebo/share/cobot_gazebo/package.bash'
[4.888s] [34mcolcon.colcon_core.shell[0m [1;30mINFO[0m Creating package script '/home/fra/ros2_master_ws/install/cobot_gazebo/share/cobot_gazebo/package.zsh'
[4.888s] [34mcolcon.colcon_core.environment[0m [1;30mLevel 1[0m create_file_with_runtime_dependencies(/home/fra/ros2_master_ws/install/cobot_gazebo/share/colcon-core/packages/cobot_gazebo)
[4.889s] [34mcolcon.colcon_core.environment[0m [1;30mLevel 1[0m create_environment_scripts_only(cobot_gazebo)
[4.889s] [34mcolcon.colcon_core.environment[0m [1;30mLevel 1[0m checking '/home/fra/ros2_master_ws/install/cobot_gazebo' for CMake module files
[4.889s] [34mcolcon.colcon_core.environment[0m [1;30mLevel 1[0m checking '/home/fra/ros2_master_ws/install/cobot_gazebo' for CMake config files
[4.890s] [34mcolcon.colcon_core.shell[0m [1;30mLevel 1[0m create_environment_hook('cobot_gazebo', 'cmake_prefix_path')
[4.890s] [34mcolcon.colcon_core.shell[0m [1;30mINFO[0m Creating environment hook '/home/fra/ros2_master_ws/install/cobot_gazebo/share/cobot_gazebo/hook/cmake_prefix_path.ps1'
[4.890s] [34mcolcon.colcon_core.shell[0m [1;30mINFO[0m Creating environment descriptor '/home/fra/ros2_master_ws/install/cobot_gazebo/share/cobot_gazebo/hook/cmake_prefix_path.dsv'
[4.891s] [34mcolcon.colcon_core.shell[0m [1;30mINFO[0m Creating environment hook '/home/fra/ros2_master_ws/install/cobot_gazebo/share/cobot_gazebo/hook/cmake_prefix_path.sh'
[4.891s] [34mcolcon.colcon_core.environment[0m [1;30mLevel 1[0m checking '/home/fra/ros2_master_ws/install/cobot_gazebo/lib'
[4.891s] [34mcolcon.colcon_core.environment[0m [1;30mLevel 1[0m checking '/home/fra/ros2_master_ws/install/cobot_gazebo/bin'
[4.891s] [34mcolcon.colcon_core.environment[0m [1;30mLevel 1[0m checking '/home/fra/ros2_master_ws/install/cobot_gazebo/lib/pkgconfig/cobot_gazebo.pc'
[4.892s] [34mcolcon.colcon_core.environment[0m [1;30mLevel 1[0m checking '/home/fra/ros2_master_ws/install/cobot_gazebo/lib/python3.10/site-packages'
[4.892s] [34mcolcon.colcon_core.environment[0m [1;30mLevel 1[0m checking '/home/fra/ros2_master_ws/install/cobot_gazebo/bin'
[4.892s] [34mcolcon.colcon_core.shell[0m [1;30mINFO[0m Creating package script '/home/fra/ros2_master_ws/install/cobot_gazebo/share/cobot_gazebo/package.ps1'
[4.893s] [34mcolcon.colcon_core.shell[0m [1;30mINFO[0m Creating package descriptor '/home/fra/ros2_master_ws/install/cobot_gazebo/share/cobot_gazebo/package.dsv'
[4.893s] [34mcolcon.colcon_core.shell[0m [1;30mINFO[0m Creating package script '/home/fra/ros2_master_ws/install/cobot_gazebo/share/cobot_gazebo/package.sh'
[4.894s] [34mcolcon.colcon_core.shell[0m [1;30mINFO[0m Creating package script '/home/fra/ros2_master_ws/install/cobot_gazebo/share/cobot_gazebo/package.bash'
[4.894s] [34mcolcon.colcon_core.shell[0m [1;30mINFO[0m Creating package script '/home/fra/ros2_master_ws/install/cobot_gazebo/share/cobot_gazebo/package.zsh'
[4.894s] [34mcolcon.colcon_core.environment[0m [1;30mLevel 1[0m create_file_with_runtime_dependencies(/home/fra/ros2_master_ws/install/cobot_gazebo/share/colcon-core/packages/cobot_gazebo)
[4.895s] [34mcolcon.colcon_parallel_executor.executor.parallel[0m [1;30mDEBUG[0m [32mclosing loop[0m
[4.895s] [34mcolcon.colcon_parallel_executor.executor.parallel[0m [1;30mDEBUG[0m [32mloop closed[0m
[4.895s] [34mcolcon.colcon_parallel_executor.executor.parallel[0m [1;30mDEBUG[0m [32mrun_until_complete finished with '0'[0m
[4.895s] [34mcolcon.colcon_core.event_reactor[0m [1;30mDEBUG[0m [32mjoining thread[0m
[4.901s] [34mcolcon.colcon_core.plugin_system[0m [1;30mINFO[0m Skipping extension 'colcon_notification.desktop_notification.terminal_notifier': Not used on non-Darwin systems
[4.901s] [34mcolcon.colcon_core.plugin_system[0m [1;30mINFO[0m Skipping extension 'colcon_notification.desktop_notification.win32': Not used on non-Windows systems
[4.901s] [34mcolcon.colcon_notification.desktop_notification[0m [1;30mINFO[0m Sending desktop notification using 'notify2'
[4.913s] [34mcolcon.colcon_core.event_reactor[0m [1;30mDEBUG[0m [32mjoined thread[0m
[4.913s] [34mcolcon.colcon_core.shell[0m [1;30mINFO[0m Creating prefix script '/home/fra/ros2_master_ws/install/local_setup.ps1'
[4.914s] [34mcolcon.colcon_core.shell[0m [1;30mINFO[0m Creating prefix util module '/home/fra/ros2_master_ws/install/_local_setup_util_ps1.py'
[4.916s] [34mcolcon.colcon_core.shell[0m [1;30mINFO[0m Creating prefix chain script '/home/fra/ros2_master_ws/install/setup.ps1'
[4.917s] [34mcolcon.colcon_core.shell[0m [1;30mINFO[0m Creating prefix script '/home/fra/ros2_master_ws/install/local_setup.sh'
[4.918s] [34mcolcon.colcon_core.shell[0m [1;30mINFO[0m Creating prefix util module '/home/fra/ros2_master_ws/install/_local_setup_util_sh.py'
[4.918s] [34mcolcon.colcon_core.shell[0m [1;30mINFO[0m Creating prefix chain script '/home/fra/ros2_master_ws/install/setup.sh'
[4.920s] [34mcolcon.colcon_core.shell[0m [1;30mINFO[0m Creating prefix script '/home/fra/ros2_master_ws/install/local_setup.bash'
[4.920s] [34mcolcon.colcon_core.shell[0m [1;30mINFO[0m Creating prefix chain script '/home/fra/ros2_master_ws/install/setup.bash'
[4.921s] [34mcolcon.colcon_core.shell[0m [1;30mINFO[0m Creating prefix script '/home/fra/ros2_master_ws/install/local_setup.zsh'
[4.922s] [34mcolcon.colcon_core.shell[0m [1;30mINFO[0m Creating prefix chain script '/home/fra/ros2_master_ws/install/setup.zsh'
