[0.009s] Invoking command in '/home/fra/ros2_master_ws/build/ros2_linkattacher': AMENT_PREFIX_PATH=/home/fra/ros2_master_ws/install/linkattacher_msgs:${AMENT_PREFIX_PATH} CMAKE_PREFIX_PATH=/home/fra/ros2_master_ws/install/linkattacher_msgs:/home/fra/ros2_master_ws/install/ind_environment:/home/fra/ros2_master_ws/install/custom_robot_moveit_config:/home/fra/ros2_master_ws/install/custom_robot_ik:/home/fra/ros2_master_ws/install/cobot_gazebo:/home/fra/ros2_master_ws/install/cobot_description:/opt/ros/humble LD_LIBRARY_PATH=/home/fra/ros2_master_ws/install/linkattacher_msgs/lib:${LD_LIBRARY_PATH} PYTHONPATH=/home/fra/ros2_master_ws/install/linkattacher_msgs/local/lib/python3.10/dist-packages:${PYTHONPATH} /usr/bin/cmake /home/fra/ros2_master_ws/src/IFRA_LinkAttacher/ros2_LinkAttacher -DCMAKE_INSTALL_PREFIX=/home/fra/ros2_master_ws/install/ros2_linkattacher
[0.061s] -- The C compiler identification is GNU 11.4.0
[0.111s] -- The CXX compiler identification is GNU 11.4.0
[0.120s] -- Detecting C compiler ABI info
[0.188s] -- Detecting C compiler ABI info - done
[0.195s] -- Check for working C compiler: /usr/bin/cc - skipped
[0.195s] -- Detecting C compile features
[0.195s] -- Detecting C compile features - done
[0.198s] -- Detecting CXX compiler ABI info
[0.265s] -- Detecting CXX compiler ABI info - done
[0.272s] -- Check for working CXX compiler: /usr/bin/c++ - skipped
[0.272s] -- Detecting CXX compile features
[0.273s] -- Detecting CXX compile features - done
[0.275s] -- Found ament_cmake: 1.3.11 (/opt/ros/humble/share/ament_cmake/cmake)
[0.658s] -- Found Python3: /usr/bin/python3 (found version "3.10.12") found components: Interpreter 
[0.752s] -- Found ament_lint_auto: 0.12.12 (/opt/ros/humble/share/ament_lint_auto/cmake)
[0.869s] -- Found gazebo_ros: 3.9.0 (/opt/ros/humble/share/gazebo_ros/cmake)
[0.924s] -- Found rosidl_generator_c: 3.1.6 (/opt/ros/humble/share/rosidl_generator_c/cmake)
[0.932s] -- Found rosidl_adapter: 3.1.6 (/opt/ros/humble/share/rosidl_adapter/cmake)
[0.945s] -- Found rosidl_generator_cpp: 3.1.6 (/opt/ros/humble/share/rosidl_generator_cpp/cmake)
[0.956s] -- Using all available rosidl_typesupport_c: rosidl_typesupport_fastrtps_c;rosidl_typesupport_introspection_c
[0.972s] -- Using all available rosidl_typesupport_cpp: rosidl_typesupport_fastrtps_cpp;rosidl_typesupport_introspection_cpp
[1.024s] -- Found rmw_implementation_cmake: 6.1.2 (/opt/ros/humble/share/rmw_implementation_cmake/cmake)
[1.030s] -- Found rmw_fastrtps_cpp: 6.2.7 (/opt/ros/humble/share/rmw_fastrtps_cpp/cmake)
[1.109s] -- Found OpenSSL: /usr/lib/x86_64-linux-gnu/libcrypto.so (found version "3.0.2")  
[1.142s] -- Found FastRTPS: /opt/ros/humble/include  
[1.187s] -- Using RMW implementation 'rmw_fastrtps_cpp' as default
[1.210s] -- Looking for pthread.h
[1.293s] -- Looking for pthread.h - found
[1.293s] -- Performing Test CMAKE_HAVE_LIBC_PTHREAD
[1.356s] -- Performing Test CMAKE_HAVE_LIBC_PTHREAD - Success
[1.357s] -- Found Threads: TRUE  
[1.430s] -- Found PkgConfig: /usr/bin/pkg-config (found version "0.29.2") 
[1.433s] -- Checking for module 'bullet>=2.82'
[1.443s] --   Found bullet, version 3.05
[1.542s] -- Found fcl: /usr/include (found suitable version "0.7.0", minimum required is "0.5.0") 
[1.593s] -- Found assimp: /usr/include (found version "5.2.0") 
[1.621s] -- Found DART: /usr/include (Required is at least version "6.6") found components: dart 
[1.654s] -- Found Boost: /usr/lib/x86_64-linux-gnu/cmake/Boost-1.74.0/BoostConfig.cmake (found suitable version "1.74.0", minimum required is "1.40.0") found components: thread system filesystem program_options regex iostreams date_time 
[1.675s] -- Found Protobuf: /usr/lib/x86_64-linux-gnu/libprotobuf.so (found version "3.12.4") 
[1.681s] -- Looking for ignition-math6 -- found version 6.15.1
[1.690s] -- Searching for dependencies of ignition-math6
[1.694s] -- Looking for OGRE...
[1.694s] -- OGRE_PREFIX_WATCH changed.
[1.699s] -- Checking for module 'OGRE'
[1.708s] --   Found OGRE, version 1.9.0
[1.734s] -- Found Ogre Ghadamon (1.9.0)
[1.742s] -- Found OGRE: optimized;/usr/lib/x86_64-linux-gnu/libOgreMain.so;debug;/usr/lib/x86_64-linux-gnu/libOgreMain.so
[1.752s] -- Looking for OGRE_Paging...
[1.757s] -- Found OGRE_Paging: optimized;/usr/lib/x86_64-linux-gnu/libOgrePaging.so;debug;/usr/lib/x86_64-linux-gnu/libOgrePaging.so
[1.757s] -- Looking for OGRE_Terrain...
[1.767s] -- Found OGRE_Terrain: optimized;/usr/lib/x86_64-linux-gnu/libOgreTerrain.so;debug;/usr/lib/x86_64-linux-gnu/libOgreTerrain.so
[1.767s] -- Looking for OGRE_Property...
[1.770s] -- Found OGRE_Property: optimized;/usr/lib/x86_64-linux-gnu/libOgreProperty.so;debug;/usr/lib/x86_64-linux-gnu/libOgreProperty.so
[1.770s] -- Looking for OGRE_RTShaderSystem...
[1.777s] -- Found OGRE_RTShaderSystem: optimized;/usr/lib/x86_64-linux-gnu/libOgreRTShaderSystem.so;debug;/usr/lib/x86_64-linux-gnu/libOgreRTShaderSystem.so
[1.778s] -- Looking for OGRE_Volume...
[1.785s] -- Found OGRE_Volume: optimized;/usr/lib/x86_64-linux-gnu/libOgreVolume.so;debug;/usr/lib/x86_64-linux-gnu/libOgreVolume.so
[1.785s] -- Looking for OGRE_Overlay...
[1.790s] -- Found OGRE_Overlay: optimized;/usr/lib/x86_64-linux-gnu/libOgreOverlay.so;debug;/usr/lib/x86_64-linux-gnu/libOgreOverlay.so
[1.921s] -- Looking for ignition-math6 -- found version 6.15.1
[1.937s] -- Looking for ignition-transport8 -- found version 8.2.1
[1.937s] -- Searching for dependencies of ignition-transport8
[1.953s] -- Found Protobuf: /usr/lib/x86_64-linux-gnu/libprotobuf.so (found suitable version "3.12.4", minimum required is "3") 
[1.963s] -- Config-file not installed for ZeroMQ -- checking for pkg-config
[1.967s] -- Checking for module 'libzmq >= 4'
[1.981s] --   Found libzmq , version 4.3.4
[2.008s] -- Found ZeroMQ: TRUE (Required is at least version "4") 
[2.013s] -- Checking for module 'uuid'
[2.022s] --   Found uuid, version 2.37.2
[2.049s] -- Found UUID: TRUE  
[2.054s] -- Looking for ignition-msgs5 -- found version 5.8.1
[2.054s] -- Searching for dependencies of ignition-msgs5
[2.074s] -- Looking for ignition-math6 -- found version 6.15.1
[2.080s] -- Checking for module 'tinyxml2'
[2.092s] --   Found tinyxml2, version 9.0.0
[2.121s] -- Looking for ignition-msgs5 -- found version 5.8.1
[2.125s] -- Looking for ignition-common3 -- found version 3.14.0
[2.126s] -- Searching for dependencies of ignition-common3
[2.126s] -- Looking for dlfcn.h - found
[2.127s] -- Looking for libdl - found
[2.128s] -- Found DL: TRUE  
[2.140s] -- Found tinyobjloader: /usr/lib/x86_64-linux-gnu/cmake/tinyobjloader/tinyobjloader-config.cmake (found version "2.0.0") 
[2.140s] -- Searching for <ignition-common3> component [graphics]
[2.143s] -- Looking for ignition-common3-graphics -- found version 3.14.0
[2.144s] -- Searching for dependencies of ignition-common3-graphics
[2.144s] -- Looking for ignition-math6 -- found version 6.15.1
[2.149s] -- Looking for ignition-fuel_tools4 -- found version 4.4.0
[2.149s] -- Searching for dependencies of ignition-fuel_tools4
[2.222s] -- Found CURL: /usr/lib/x86_64-linux-gnu/libcurl.so (found version "7.81.0")  
[2.233s] -- Checking for module 'jsoncpp'
[2.247s] --   Found jsoncpp, version 1.9.5
[2.276s] -- Found JSONCPP: TRUE  
[2.281s] -- Checking for module 'libzip'
[2.290s] --   Found libzip, version 1.7.3
[2.319s] -- Found ZIP: TRUE  
[2.320s] -- Looking for ignition-common3 -- found version 3.14.0
[2.320s] -- Looking for ignition-math6 -- found version 6.15.1
[2.320s] -- Looking for ignition-msgs5 -- found version 5.8.1
[2.325s] -- Gazebo version: 11.10
[2.326s] -- Checking for module 'tbb'
[2.344s] --   Found tbb, version 2021.5.0
[2.379s] -- Found gazebo_msgs: 3.9.0 (/opt/ros/humble/share/gazebo_msgs/cmake)
[2.440s] -- Found linkattacher_msgs: 0.0.0 (/home/fra/ros2_master_ws/install/linkattacher_msgs/share/linkattacher_msgs/cmake)
[2.458s] -- Added test 'copyright' to check source files copyright and LICENSE
[2.459s] -- Added test 'cppcheck' to perform static code analysis on C / C++ code
[2.466s] -- Configured cppcheck include dirs: /home/fra/ros2_master_ws/src/IFRA_LinkAttacher/ros2_LinkAttacher/include
[2.466s] -- Configured cppcheck exclude dirs and/or files: 
[2.466s] -- Added test 'cpplint' to check C / C++ code against the Google style
[2.467s] -- Configured cpplint exclude dirs and/or files: 
[2.467s] -- Added test 'lint_cmake' to check CMake code style
[2.467s] -- Added test 'uncrustify' to check C / C++ code style
[2.467s] -- Configured uncrustify additional arguments: 
[2.467s] -- Added test 'xmllint' to check XML markup files
[2.467s] -- Configuring done
[2.497s] -- Generating done
[2.504s] -- Build files have been written to: /home/fra/ros2_master_ws/build/ros2_linkattacher
[2.518s] Invoked command in '/home/fra/ros2_master_ws/build/ros2_linkattacher' returned '0': AMENT_PREFIX_PATH=/home/fra/ros2_master_ws/install/linkattacher_msgs:${AMENT_PREFIX_PATH} CMAKE_PREFIX_PATH=/home/fra/ros2_master_ws/install/linkattacher_msgs:/home/fra/ros2_master_ws/install/ind_environment:/home/fra/ros2_master_ws/install/custom_robot_moveit_config:/home/fra/ros2_master_ws/install/custom_robot_ik:/home/fra/ros2_master_ws/install/cobot_gazebo:/home/fra/ros2_master_ws/install/cobot_description:/opt/ros/humble LD_LIBRARY_PATH=/home/fra/ros2_master_ws/install/linkattacher_msgs/lib:${LD_LIBRARY_PATH} PYTHONPATH=/home/fra/ros2_master_ws/install/linkattacher_msgs/local/lib/python3.10/dist-packages:${PYTHONPATH} /usr/bin/cmake /home/fra/ros2_master_ws/src/IFRA_LinkAttacher/ros2_LinkAttacher -DCMAKE_INSTALL_PREFIX=/home/fra/ros2_master_ws/install/ros2_linkattacher
[2.523s] Invoking command in '/home/fra/ros2_master_ws/build/ros2_linkattacher': AMENT_PREFIX_PATH=/home/fra/ros2_master_ws/install/linkattacher_msgs:${AMENT_PREFIX_PATH} CMAKE_PREFIX_PATH=/home/fra/ros2_master_ws/install/linkattacher_msgs:/home/fra/ros2_master_ws/install/ind_environment:/home/fra/ros2_master_ws/install/custom_robot_moveit_config:/home/fra/ros2_master_ws/install/custom_robot_ik:/home/fra/ros2_master_ws/install/cobot_gazebo:/home/fra/ros2_master_ws/install/cobot_description:/opt/ros/humble LD_LIBRARY_PATH=/home/fra/ros2_master_ws/install/linkattacher_msgs/lib:${LD_LIBRARY_PATH} PYTHONPATH=/home/fra/ros2_master_ws/install/linkattacher_msgs/local/lib/python3.10/dist-packages:${PYTHONPATH} /usr/bin/cmake --build /home/fra/ros2_master_ws/build/ros2_linkattacher -- -j12 -l12
[2.568s] [ 50%] [32mBuilding CXX object CMakeFiles/gazebo_link_attacher.dir/src/gazebo_link_attacher.cpp.o[0m
[15.755s] [100%] [32m[1mLinking CXX shared library libgazebo_link_attacher.so[0m
[16.315s] [100%] Built target gazebo_link_attacher
[16.330s] Invoked command in '/home/fra/ros2_master_ws/build/ros2_linkattacher' returned '0': AMENT_PREFIX_PATH=/home/fra/ros2_master_ws/install/linkattacher_msgs:${AMENT_PREFIX_PATH} CMAKE_PREFIX_PATH=/home/fra/ros2_master_ws/install/linkattacher_msgs:/home/fra/ros2_master_ws/install/ind_environment:/home/fra/ros2_master_ws/install/custom_robot_moveit_config:/home/fra/ros2_master_ws/install/custom_robot_ik:/home/fra/ros2_master_ws/install/cobot_gazebo:/home/fra/ros2_master_ws/install/cobot_description:/opt/ros/humble LD_LIBRARY_PATH=/home/fra/ros2_master_ws/install/linkattacher_msgs/lib:${LD_LIBRARY_PATH} PYTHONPATH=/home/fra/ros2_master_ws/install/linkattacher_msgs/local/lib/python3.10/dist-packages:${PYTHONPATH} /usr/bin/cmake --build /home/fra/ros2_master_ws/build/ros2_linkattacher -- -j12 -l12
[16.331s] Invoking command in '/home/fra/ros2_master_ws/build/ros2_linkattacher': AMENT_PREFIX_PATH=/home/fra/ros2_master_ws/install/linkattacher_msgs:${AMENT_PREFIX_PATH} CMAKE_PREFIX_PATH=/home/fra/ros2_master_ws/install/linkattacher_msgs:/home/fra/ros2_master_ws/install/ind_environment:/home/fra/ros2_master_ws/install/custom_robot_moveit_config:/home/fra/ros2_master_ws/install/custom_robot_ik:/home/fra/ros2_master_ws/install/cobot_gazebo:/home/fra/ros2_master_ws/install/cobot_description:/opt/ros/humble LD_LIBRARY_PATH=/home/fra/ros2_master_ws/install/linkattacher_msgs/lib:${LD_LIBRARY_PATH} PYTHONPATH=/home/fra/ros2_master_ws/install/linkattacher_msgs/local/lib/python3.10/dist-packages:${PYTHONPATH} /usr/bin/cmake --install /home/fra/ros2_master_ws/build/ros2_linkattacher
[16.336s] -- Install configuration: ""
[16.336s] -- Installing: /home/fra/ros2_master_ws/install/ros2_linkattacher/share/ros2_linkattacher/environment/library_path.sh
[16.336s] -- Installing: /home/fra/ros2_master_ws/install/ros2_linkattacher/share/ros2_linkattacher/environment/library_path.dsv
[16.336s] -- Installing: /home/fra/ros2_master_ws/install/ros2_linkattacher/lib/libgazebo_link_attacher.so
[16.338s] -- Set runtime path of "/home/fra/ros2_master_ws/install/ros2_linkattacher/lib/libgazebo_link_attacher.so" to ""
[16.338s] -- Installing: /home/fra/ros2_master_ws/install/ros2_linkattacher/share/ament_index/resource_index/package_run_dependencies/ros2_linkattacher
[16.338s] -- Installing: /home/fra/ros2_master_ws/install/ros2_linkattacher/share/ament_index/resource_index/parent_prefix_path/ros2_linkattacher
[16.338s] -- Installing: /home/fra/ros2_master_ws/install/ros2_linkattacher/share/ros2_linkattacher/environment/ament_prefix_path.sh
[16.338s] -- Installing: /home/fra/ros2_master_ws/install/ros2_linkattacher/share/ros2_linkattacher/environment/ament_prefix_path.dsv
[16.338s] -- Installing: /home/fra/ros2_master_ws/install/ros2_linkattacher/share/ros2_linkattacher/environment/path.sh
[16.338s] -- Installing: /home/fra/ros2_master_ws/install/ros2_linkattacher/share/ros2_linkattacher/environment/path.dsv
[16.338s] -- Installing: /home/fra/ros2_master_ws/install/ros2_linkattacher/share/ros2_linkattacher/local_setup.bash
[16.338s] -- Installing: /home/fra/ros2_master_ws/install/ros2_linkattacher/share/ros2_linkattacher/local_setup.sh
[16.339s] -- Installing: /home/fra/ros2_master_ws/install/ros2_linkattacher/share/ros2_linkattacher/local_setup.zsh
[16.339s] -- Installing: /home/fra/ros2_master_ws/install/ros2_linkattacher/share/ros2_linkattacher/local_setup.dsv
[16.339s] -- Installing: /home/fra/ros2_master_ws/install/ros2_linkattacher/share/ros2_linkattacher/package.dsv
[16.339s] -- Installing: /home/fra/ros2_master_ws/install/ros2_linkattacher/share/ament_index/resource_index/packages/ros2_linkattacher
[16.339s] -- Installing: /home/fra/ros2_master_ws/install/ros2_linkattacher/share/ros2_linkattacher/cmake/ament_cmake_export_libraries-extras.cmake
[16.339s] -- Installing: /home/fra/ros2_master_ws/install/ros2_linkattacher/share/ros2_linkattacher/cmake/ros2_linkattacherConfig.cmake
[16.339s] -- Installing: /home/fra/ros2_master_ws/install/ros2_linkattacher/share/ros2_linkattacher/cmake/ros2_linkattacherConfig-version.cmake
[16.339s] -- Installing: /home/fra/ros2_master_ws/install/ros2_linkattacher/share/ros2_linkattacher/package.xml
[16.342s] Invoked command in '/home/fra/ros2_master_ws/build/ros2_linkattacher' returned '0': AMENT_PREFIX_PATH=/home/fra/ros2_master_ws/install/linkattacher_msgs:${AMENT_PREFIX_PATH} CMAKE_PREFIX_PATH=/home/fra/ros2_master_ws/install/linkattacher_msgs:/home/fra/ros2_master_ws/install/ind_environment:/home/fra/ros2_master_ws/install/custom_robot_moveit_config:/home/fra/ros2_master_ws/install/custom_robot_ik:/home/fra/ros2_master_ws/install/cobot_gazebo:/home/fra/ros2_master_ws/install/cobot_description:/opt/ros/humble LD_LIBRARY_PATH=/home/fra/ros2_master_ws/install/linkattacher_msgs/lib:${LD_LIBRARY_PATH} PYTHONPATH=/home/fra/ros2_master_ws/install/linkattacher_msgs/local/lib/python3.10/dist-packages:${PYTHONPATH} /usr/bin/cmake --install /home/fra/ros2_master_ws/build/ros2_linkattacher
