[0.181s] [34mcolcon[0m [1;30mDEBUG[0m [32mCommand line arguments: ['/usr/bin/colcon', 'build'][0m
[0.181s] [34mcolcon[0m [1;30mDEBUG[0m [32mParsed command line arguments: Namespace(log_base=None, log_level=None, verb_name='build', build_base='build', install_base='install', merge_install=False, symlink_install=False, test_result_base=None, continue_on_error=False, executor='parallel', parallel_workers=12, event_handlers=None, ignore_user_meta=False, metas=['./colcon.meta'], base_paths=['.'], packages_ignore=None, packages_ignore_regex=None, paths=None, packages_up_to=None, packages_up_to_regex=None, packages_above=None, packages_above_and_dependencies=None, packages_above_depth=None, packages_select_by_dep=None, packages_skip_by_dep=None, packages_skip_up_to=None, packages_select_build_failed=False, packages_skip_build_finished=False, packages_select_test_failures=False, packages_skip_test_passed=False, packages_select=None, packages_skip=None, packages_select_regex=None, packages_skip_regex=None, packages_start=None, packages_end=None, allow_overriding=[], cmake_args=None, cmake_target=None, cmake_target_skip_unavailable=False, cmake_clean_cache=False, cmake_clean_first=False, cmake_force_configure=False, ament_cmake_args=None, catkin_cmake_args=None, catkin_skip_building_tests=False, mixin_files=None, mixin=None, verb_parser=<colcon_mixin.mixin.mixin_argument.MixinArgumentDecorator object at 0x7892f2f47100>, verb_extension=<colcon_core.verb.build.BuildVerb object at 0x7892f2f46ad0>, main=<bound method BuildVerb.main of <colcon_core.verb.build.BuildVerb object at 0x7892f2f46ad0>>, mixin_verb=('build',))[0m
[0.231s] [34mcolcon.colcon_core.package_discovery[0m [1;30mLevel 1[0m discover_packages(colcon_meta) check parameters
[0.231s] [34mcolcon.colcon_core.package_discovery[0m [1;30mLevel 1[0m discover_packages(recursive) check parameters
[0.231s] [34mcolcon.colcon_core.package_discovery[0m [1;30mLevel 1[0m discover_packages(ignore) check parameters
[0.231s] [34mcolcon.colcon_core.package_discovery[0m [1;30mLevel 1[0m discover_packages(path) check parameters
[0.231s] [34mcolcon.colcon_core.package_discovery[0m [1;30mLevel 1[0m discover_packages(colcon_meta) discover
[0.231s] [34mcolcon.colcon_core.package_discovery[0m [1;30mLevel 1[0m discover_packages(recursive) discover
[0.231s] [34mcolcon.colcon_core.package_discovery[0m [1;30mINFO[0m Crawling recursively for packages in '/home/fra/ros2_master_ws'
[0.231s] [34mcolcon.colcon_core.package_identification[0m [1;30mLevel 1[0m _identify(.) by extensions ['ignore', 'ignore_ament_install']
[0.231s] [34mcolcon.colcon_core.package_identification[0m [1;30mLevel 1[0m _identify(.) by extension 'ignore'
[0.231s] [34mcolcon.colcon_core.package_identification[0m [1;30mLevel 1[0m _identify(.) by extension 'ignore_ament_install'
[0.231s] [34mcolcon.colcon_core.package_identification[0m [1;30mLevel 1[0m _identify(.) by extensions ['colcon_pkg']
[0.231s] [34mcolcon.colcon_core.package_identification[0m [1;30mLevel 1[0m _identify(.) by extension 'colcon_pkg'
[0.232s] [34mcolcon.colcon_core.package_identification[0m [1;30mLevel 1[0m _identify(.) by extensions ['colcon_meta']
[0.232s] [34mcolcon.colcon_core.package_identification[0m [1;30mLevel 1[0m _identify(.) by extension 'colcon_meta'
[0.232s] [34mcolcon.colcon_core.package_identification[0m [1;30mLevel 1[0m _identify(.) by extensions ['ros']
[0.232s] [34mcolcon.colcon_core.package_identification[0m [1;30mLevel 1[0m _identify(.) by extension 'ros'
[0.259s] [34mcolcon.colcon_core.package_identification[0m [1;30mLevel 1[0m _identify(.) by extensions ['cmake', 'python']
[0.259s] [34mcolcon.colcon_core.package_identification[0m [1;30mLevel 1[0m _identify(.) by extension 'cmake'
[0.259s] [34mcolcon.colcon_core.package_identification[0m [1;30mLevel 1[0m _identify(.) by extension 'python'
[0.259s] [34mcolcon.colcon_core.package_identification[0m [1;30mLevel 1[0m _identify(.) by extensions ['python_setup_py']
[0.259s] [34mcolcon.colcon_core.package_identification[0m [1;30mLevel 1[0m _identify(.) by extension 'python_setup_py'
[0.260s] [34mcolcon.colcon_core.package_identification[0m [1;30mLevel 1[0m _identify(build) by extensions ['ignore', 'ignore_ament_install']
[0.260s] [34mcolcon.colcon_core.package_identification[0m [1;30mLevel 1[0m _identify(build) by extension 'ignore'
[0.260s] [34mcolcon.colcon_core.package_identification[0m [1;30mLevel 1[0m _identify(build) ignored
[0.260s] [34mcolcon.colcon_core.package_identification[0m [1;30mLevel 1[0m _identify(install) by extensions ['ignore', 'ignore_ament_install']
[0.260s] [34mcolcon.colcon_core.package_identification[0m [1;30mLevel 1[0m _identify(install) by extension 'ignore'
[0.260s] [34mcolcon.colcon_core.package_identification[0m [1;30mLevel 1[0m _identify(install) ignored
[0.260s] [34mcolcon.colcon_core.package_identification[0m [1;30mLevel 1[0m _identify(log) by extensions ['ignore', 'ignore_ament_install']
[0.260s] [34mcolcon.colcon_core.package_identification[0m [1;30mLevel 1[0m _identify(log) by extension 'ignore'
[0.260s] [34mcolcon.colcon_core.package_identification[0m [1;30mLevel 1[0m _identify(log) ignored
[0.260s] [34mcolcon.colcon_core.package_identification[0m [1;30mLevel 1[0m _identify(src) by extensions ['ignore', 'ignore_ament_install']
[0.261s] [34mcolcon.colcon_core.package_identification[0m [1;30mLevel 1[0m _identify(src) by extension 'ignore'
[0.261s] [34mcolcon.colcon_core.package_identification[0m [1;30mLevel 1[0m _identify(src) by extension 'ignore_ament_install'
[0.261s] [34mcolcon.colcon_core.package_identification[0m [1;30mLevel 1[0m _identify(src) by extensions ['colcon_pkg']
[0.261s] [34mcolcon.colcon_core.package_identification[0m [1;30mLevel 1[0m _identify(src) by extension 'colcon_pkg'
[0.261s] [34mcolcon.colcon_core.package_identification[0m [1;30mLevel 1[0m _identify(src) by extensions ['colcon_meta']
[0.261s] [34mcolcon.colcon_core.package_identification[0m [1;30mLevel 1[0m _identify(src) by extension 'colcon_meta'
[0.261s] [34mcolcon.colcon_core.package_identification[0m [1;30mLevel 1[0m _identify(src) by extensions ['ros']
[0.261s] [34mcolcon.colcon_core.package_identification[0m [1;30mLevel 1[0m _identify(src) by extension 'ros'
[0.261s] [34mcolcon.colcon_core.package_identification[0m [1;30mLevel 1[0m _identify(src) by extensions ['cmake', 'python']
[0.261s] [34mcolcon.colcon_core.package_identification[0m [1;30mLevel 1[0m _identify(src) by extension 'cmake'
[0.261s] [34mcolcon.colcon_core.package_identification[0m [1;30mLevel 1[0m _identify(src) by extension 'python'
[0.261s] [34mcolcon.colcon_core.package_identification[0m [1;30mLevel 1[0m _identify(src) by extensions ['python_setup_py']
[0.261s] [34mcolcon.colcon_core.package_identification[0m [1;30mLevel 1[0m _identify(src) by extension 'python_setup_py'
[0.261s] [34mcolcon.colcon_core.package_identification[0m [1;30mLevel 1[0m _identify(src/IFRA_LinkAttacher) by extensions ['ignore', 'ignore_ament_install']
[0.261s] [34mcolcon.colcon_core.package_identification[0m [1;30mLevel 1[0m _identify(src/IFRA_LinkAttacher) by extension 'ignore'
[0.261s] [34mcolcon.colcon_core.package_identification[0m [1;30mLevel 1[0m _identify(src/IFRA_LinkAttacher) by extension 'ignore_ament_install'
[0.262s] [34mcolcon.colcon_core.package_identification[0m [1;30mLevel 1[0m _identify(src/IFRA_LinkAttacher) by extensions ['colcon_pkg']
[0.262s] [34mcolcon.colcon_core.package_identification[0m [1;30mLevel 1[0m _identify(src/IFRA_LinkAttacher) by extension 'colcon_pkg'
[0.262s] [34mcolcon.colcon_core.package_identification[0m [1;30mLevel 1[0m _identify(src/IFRA_LinkAttacher) by extensions ['colcon_meta']
[0.262s] [34mcolcon.colcon_core.package_identification[0m [1;30mLevel 1[0m _identify(src/IFRA_LinkAttacher) by extension 'colcon_meta'
[0.262s] [34mcolcon.colcon_core.package_identification[0m [1;30mLevel 1[0m _identify(src/IFRA_LinkAttacher) by extensions ['ros']
[0.262s] [34mcolcon.colcon_core.package_identification[0m [1;30mLevel 1[0m _identify(src/IFRA_LinkAttacher) by extension 'ros'
[0.262s] [34mcolcon.colcon_core.package_identification[0m [1;30mLevel 1[0m _identify(src/IFRA_LinkAttacher) by extensions ['cmake', 'python']
[0.262s] [34mcolcon.colcon_core.package_identification[0m [1;30mLevel 1[0m _identify(src/IFRA_LinkAttacher) by extension 'cmake'
[0.262s] [34mcolcon.colcon_core.package_identification[0m [1;30mLevel 1[0m _identify(src/IFRA_LinkAttacher) by extension 'python'
[0.262s] [34mcolcon.colcon_core.package_identification[0m [1;30mLevel 1[0m _identify(src/IFRA_LinkAttacher) by extensions ['python_setup_py']
[0.262s] [34mcolcon.colcon_core.package_identification[0m [1;30mLevel 1[0m _identify(src/IFRA_LinkAttacher) by extension 'python_setup_py'
[0.262s] [34mcolcon.colcon_core.package_identification[0m [1;30mLevel 1[0m _identify(src/IFRA_LinkAttacher/linkattacher_msgs) by extensions ['ignore', 'ignore_ament_install']
[0.262s] [34mcolcon.colcon_core.package_identification[0m [1;30mLevel 1[0m _identify(src/IFRA_LinkAttacher/linkattacher_msgs) by extension 'ignore'
[0.262s] [34mcolcon.colcon_core.package_identification[0m [1;30mLevel 1[0m _identify(src/IFRA_LinkAttacher/linkattacher_msgs) by extension 'ignore_ament_install'
[0.262s] [34mcolcon.colcon_core.package_identification[0m [1;30mLevel 1[0m _identify(src/IFRA_LinkAttacher/linkattacher_msgs) by extensions ['colcon_pkg']
[0.262s] [34mcolcon.colcon_core.package_identification[0m [1;30mLevel 1[0m _identify(src/IFRA_LinkAttacher/linkattacher_msgs) by extension 'colcon_pkg'
[0.262s] [34mcolcon.colcon_core.package_identification[0m [1;30mLevel 1[0m _identify(src/IFRA_LinkAttacher/linkattacher_msgs) by extensions ['colcon_meta']
[0.262s] [34mcolcon.colcon_core.package_identification[0m [1;30mLevel 1[0m _identify(src/IFRA_LinkAttacher/linkattacher_msgs) by extension 'colcon_meta'
[0.262s] [34mcolcon.colcon_core.package_identification[0m [1;30mLevel 1[0m _identify(src/IFRA_LinkAttacher/linkattacher_msgs) by extensions ['ros']
[0.263s] [34mcolcon.colcon_core.package_identification[0m [1;30mLevel 1[0m _identify(src/IFRA_LinkAttacher/linkattacher_msgs) by extension 'ros'
[0.265s] [34mcolcon.colcon_core.package_identification[0m [1;30mDEBUG[0m [32mPackage 'src/IFRA_LinkAttacher/linkattacher_msgs' with type 'ros.ament_cmake' and name 'linkattacher_msgs'[0m
[0.265s] [34mcolcon.colcon_core.package_identification[0m [1;30mLevel 1[0m _identify(src/IFRA_LinkAttacher/ros2_LinkAttacher) by extensions ['ignore', 'ignore_ament_install']
[0.266s] [34mcolcon.colcon_core.package_identification[0m [1;30mLevel 1[0m _identify(src/IFRA_LinkAttacher/ros2_LinkAttacher) by extension 'ignore'
[0.266s] [34mcolcon.colcon_core.package_identification[0m [1;30mLevel 1[0m _identify(src/IFRA_LinkAttacher/ros2_LinkAttacher) by extension 'ignore_ament_install'
[0.266s] [34mcolcon.colcon_core.package_identification[0m [1;30mLevel 1[0m _identify(src/IFRA_LinkAttacher/ros2_LinkAttacher) by extensions ['colcon_pkg']
[0.266s] [34mcolcon.colcon_core.package_identification[0m [1;30mLevel 1[0m _identify(src/IFRA_LinkAttacher/ros2_LinkAttacher) by extension 'colcon_pkg'
[0.266s] [34mcolcon.colcon_core.package_identification[0m [1;30mLevel 1[0m _identify(src/IFRA_LinkAttacher/ros2_LinkAttacher) by extensions ['colcon_meta']
[0.266s] [34mcolcon.colcon_core.package_identification[0m [1;30mLevel 1[0m _identify(src/IFRA_LinkAttacher/ros2_LinkAttacher) by extension 'colcon_meta'
[0.266s] [34mcolcon.colcon_core.package_identification[0m [1;30mLevel 1[0m _identify(src/IFRA_LinkAttacher/ros2_LinkAttacher) by extensions ['ros']
[0.266s] [34mcolcon.colcon_core.package_identification[0m [1;30mLevel 1[0m _identify(src/IFRA_LinkAttacher/ros2_LinkAttacher) by extension 'ros'
[0.267s] [34mcolcon.colcon_core.package_identification[0m [1;30mDEBUG[0m [32mPackage 'src/IFRA_LinkAttacher/ros2_LinkAttacher' with type 'ros.ament_cmake' and name 'ros2_linkattacher'[0m
[0.267s] [34mcolcon.colcon_core.package_identification[0m [1;30mLevel 1[0m _identify(src/cobot_description) by extensions ['ignore', 'ignore_ament_install']
[0.267s] [34mcolcon.colcon_core.package_identification[0m [1;30mLevel 1[0m _identify(src/cobot_description) by extension 'ignore'
[0.267s] [34mcolcon.colcon_core.package_identification[0m [1;30mLevel 1[0m _identify(src/cobot_description) by extension 'ignore_ament_install'
[0.267s] [34mcolcon.colcon_core.package_identification[0m [1;30mLevel 1[0m _identify(src/cobot_description) by extensions ['colcon_pkg']
[0.267s] [34mcolcon.colcon_core.package_identification[0m [1;30mLevel 1[0m _identify(src/cobot_description) by extension 'colcon_pkg'
[0.267s] [34mcolcon.colcon_core.package_identification[0m [1;30mLevel 1[0m _identify(src/cobot_description) by extensions ['colcon_meta']
[0.267s] [34mcolcon.colcon_core.package_identification[0m [1;30mLevel 1[0m _identify(src/cobot_description) by extension 'colcon_meta'
[0.267s] [34mcolcon.colcon_core.package_identification[0m [1;30mLevel 1[0m _identify(src/cobot_description) by extensions ['ros']
[0.267s] [34mcolcon.colcon_core.package_identification[0m [1;30mLevel 1[0m _identify(src/cobot_description) by extension 'ros'
[0.268s] [34mcolcon.colcon_core.package_identification[0m [1;30mDEBUG[0m [32mPackage 'src/cobot_description' with type 'ros.ament_cmake' and name 'cobot_description'[0m
[0.268s] [34mcolcon.colcon_core.package_identification[0m [1;30mLevel 1[0m _identify(src/cobot_gazebo) by extensions ['ignore', 'ignore_ament_install']
[0.268s] [34mcolcon.colcon_core.package_identification[0m [1;30mLevel 1[0m _identify(src/cobot_gazebo) by extension 'ignore'
[0.268s] [34mcolcon.colcon_core.package_identification[0m [1;30mLevel 1[0m _identify(src/cobot_gazebo) by extension 'ignore_ament_install'
[0.269s] [34mcolcon.colcon_core.package_identification[0m [1;30mLevel 1[0m _identify(src/cobot_gazebo) by extensions ['colcon_pkg']
[0.269s] [34mcolcon.colcon_core.package_identification[0m [1;30mLevel 1[0m _identify(src/cobot_gazebo) by extension 'colcon_pkg'
[0.269s] [34mcolcon.colcon_core.package_identification[0m [1;30mLevel 1[0m _identify(src/cobot_gazebo) by extensions ['colcon_meta']
[0.269s] [34mcolcon.colcon_core.package_identification[0m [1;30mLevel 1[0m _identify(src/cobot_gazebo) by extension 'colcon_meta'
[0.269s] [34mcolcon.colcon_core.package_identification[0m [1;30mLevel 1[0m _identify(src/cobot_gazebo) by extensions ['ros']
[0.269s] [34mcolcon.colcon_core.package_identification[0m [1;30mLevel 1[0m _identify(src/cobot_gazebo) by extension 'ros'
[0.269s] [34mcolcon.colcon_core.package_identification[0m [1;30mDEBUG[0m [32mPackage 'src/cobot_gazebo' with type 'ros.ament_cmake' and name 'cobot_gazebo'[0m
[0.269s] [34mcolcon.colcon_core.package_identification[0m [1;30mLevel 1[0m _identify(src/custom_robot_ik) by extensions ['ignore', 'ignore_ament_install']
[0.270s] [34mcolcon.colcon_core.package_identification[0m [1;30mLevel 1[0m _identify(src/custom_robot_ik) by extension 'ignore'
[0.270s] [34mcolcon.colcon_core.package_identification[0m [1;30mLevel 1[0m _identify(src/custom_robot_ik) by extension 'ignore_ament_install'
[0.270s] [34mcolcon.colcon_core.package_identification[0m [1;30mLevel 1[0m _identify(src/custom_robot_ik) by extensions ['colcon_pkg']
[0.270s] [34mcolcon.colcon_core.package_identification[0m [1;30mLevel 1[0m _identify(src/custom_robot_ik) by extension 'colcon_pkg'
[0.270s] [34mcolcon.colcon_core.package_identification[0m [1;30mLevel 1[0m _identify(src/custom_robot_ik) by extensions ['colcon_meta']
[0.270s] [34mcolcon.colcon_core.package_identification[0m [1;30mLevel 1[0m _identify(src/custom_robot_ik) by extension 'colcon_meta'
[0.270s] [34mcolcon.colcon_core.package_identification[0m [1;30mLevel 1[0m _identify(src/custom_robot_ik) by extensions ['ros']
[0.270s] [34mcolcon.colcon_core.package_identification[0m [1;30mLevel 1[0m _identify(src/custom_robot_ik) by extension 'ros'
[0.271s] [34mcolcon.colcon_core.package_identification[0m [1;30mDEBUG[0m [32mPackage 'src/custom_robot_ik' with type 'ros.ament_cmake' and name 'custom_robot_ik'[0m
[0.271s] [34mcolcon.colcon_core.package_identification[0m [1;30mLevel 1[0m _identify(src/custom_robot_moveit_config) by extensions ['ignore', 'ignore_ament_install']
[0.271s] [34mcolcon.colcon_core.package_identification[0m [1;30mLevel 1[0m _identify(src/custom_robot_moveit_config) by extension 'ignore'
[0.271s] [34mcolcon.colcon_core.package_identification[0m [1;30mLevel 1[0m _identify(src/custom_robot_moveit_config) by extension 'ignore_ament_install'
[0.271s] [34mcolcon.colcon_core.package_identification[0m [1;30mLevel 1[0m _identify(src/custom_robot_moveit_config) by extensions ['colcon_pkg']
[0.271s] [34mcolcon.colcon_core.package_identification[0m [1;30mLevel 1[0m _identify(src/custom_robot_moveit_config) by extension 'colcon_pkg'
[0.271s] [34mcolcon.colcon_core.package_identification[0m [1;30mLevel 1[0m _identify(src/custom_robot_moveit_config) by extensions ['colcon_meta']
[0.271s] [34mcolcon.colcon_core.package_identification[0m [1;30mLevel 1[0m _identify(src/custom_robot_moveit_config) by extension 'colcon_meta'
[0.271s] [34mcolcon.colcon_core.package_identification[0m [1;30mLevel 1[0m _identify(src/custom_robot_moveit_config) by extensions ['ros']
[0.271s] [34mcolcon.colcon_core.package_identification[0m [1;30mLevel 1[0m _identify(src/custom_robot_moveit_config) by extension 'ros'
[0.272s] [34mcolcon.colcon_core.package_identification[0m [1;30mDEBUG[0m [32mPackage 'src/custom_robot_moveit_config' with type 'ros.ament_cmake' and name 'custom_robot_moveit_config'[0m
[0.272s] [34mcolcon.colcon_core.package_identification[0m [1;30mLevel 1[0m _identify(src/ind_environment) by extensions ['ignore', 'ignore_ament_install']
[0.272s] [34mcolcon.colcon_core.package_identification[0m [1;30mLevel 1[0m _identify(src/ind_environment) by extension 'ignore'
[0.272s] [34mcolcon.colcon_core.package_identification[0m [1;30mLevel 1[0m _identify(src/ind_environment) by extension 'ignore_ament_install'
[0.273s] [34mcolcon.colcon_core.package_identification[0m [1;30mLevel 1[0m _identify(src/ind_environment) by extensions ['colcon_pkg']
[0.273s] [34mcolcon.colcon_core.package_identification[0m [1;30mLevel 1[0m _identify(src/ind_environment) by extension 'colcon_pkg'
[0.273s] [34mcolcon.colcon_core.package_identification[0m [1;30mLevel 1[0m _identify(src/ind_environment) by extensions ['colcon_meta']
[0.273s] [34mcolcon.colcon_core.package_identification[0m [1;30mLevel 1[0m _identify(src/ind_environment) by extension 'colcon_meta'
[0.273s] [34mcolcon.colcon_core.package_identification[0m [1;30mLevel 1[0m _identify(src/ind_environment) by extensions ['ros']
[0.273s] [34mcolcon.colcon_core.package_identification[0m [1;30mLevel 1[0m _identify(src/ind_environment) by extension 'ros'
[0.273s] [34mcolcon.colcon_core.package_identification[0m [1;30mDEBUG[0m [32mPackage 'src/ind_environment' with type 'ros.ament_cmake' and name 'ind_environment'[0m
[0.273s] [34mcolcon.colcon_core.package_discovery[0m [1;30mLevel 1[0m discover_packages(recursive) using defaults
[0.273s] [34mcolcon.colcon_core.package_discovery[0m [1;30mLevel 1[0m discover_packages(ignore) discover
[0.273s] [34mcolcon.colcon_core.package_discovery[0m [1;30mLevel 1[0m discover_packages(ignore) using defaults
[0.273s] [34mcolcon.colcon_core.package_discovery[0m [1;30mLevel 1[0m discover_packages(path) discover
[0.274s] [34mcolcon.colcon_core.package_discovery[0m [1;30mLevel 1[0m discover_packages(path) using defaults
[0.292s] [34mcolcon.colcon_core.package_discovery[0m [1;30mLevel 1[0m discover_packages(prefix_path) check parameters
[0.292s] [34mcolcon.colcon_core.package_discovery[0m [1;30mLevel 1[0m discover_packages(prefix_path) discover
[0.294s] [34mcolcon.colcon_installed_package_information.package_discovery[0m [1;30mDEBUG[0m [32mFound 7 installed packages in /home/fra/ros2_master_ws/install[0m
[0.296s] [34mcolcon.colcon_installed_package_information.package_discovery[0m [1;30mDEBUG[0m [32mFound 441 installed packages in /opt/ros/humble[0m
[0.298s] [34mcolcon.colcon_core.package_discovery[0m [1;30mLevel 1[0m discover_packages(prefix_path) using defaults
[0.377s] [34mcolcon.colcon_core.verb[0m [1;30mLevel 5[0m set package 'cobot_description' build argument 'cmake_args' from command line to 'None'
[0.377s] [34mcolcon.colcon_core.verb[0m [1;30mLevel 5[0m set package 'cobot_description' build argument 'cmake_target' from command line to 'None'
[0.377s] [34mcolcon.colcon_core.verb[0m [1;30mLevel 5[0m set package 'cobot_description' build argument 'cmake_target_skip_unavailable' from command line to 'False'
[0.377s] [34mcolcon.colcon_core.verb[0m [1;30mLevel 5[0m set package 'cobot_description' build argument 'cmake_clean_cache' from command line to 'False'
[0.377s] [34mcolcon.colcon_core.verb[0m [1;30mLevel 5[0m set package 'cobot_description' build argument 'cmake_clean_first' from command line to 'False'
[0.377s] [34mcolcon.colcon_core.verb[0m [1;30mLevel 5[0m set package 'cobot_description' build argument 'cmake_force_configure' from command line to 'False'
[0.377s] [34mcolcon.colcon_core.verb[0m [1;30mLevel 5[0m set package 'cobot_description' build argument 'ament_cmake_args' from command line to 'None'
[0.377s] [34mcolcon.colcon_core.verb[0m [1;30mLevel 5[0m set package 'cobot_description' build argument 'catkin_cmake_args' from command line to 'None'
[0.377s] [34mcolcon.colcon_core.verb[0m [1;30mLevel 5[0m set package 'cobot_description' build argument 'catkin_skip_building_tests' from command line to 'False'
[0.377s] [34mcolcon.colcon_core.verb[0m [1;30mDEBUG[0m [32mBuilding package 'cobot_description' with the following arguments: {'ament_cmake_args': None, 'build_base': '/home/fra/ros2_master_ws/build/cobot_description', 'catkin_cmake_args': None, 'catkin_skip_building_tests': False, 'cmake_args': None, 'cmake_clean_cache': False, 'cmake_clean_first': False, 'cmake_force_configure': False, 'cmake_target': None, 'cmake_target_skip_unavailable': False, 'install_base': '/home/fra/ros2_master_ws/install/cobot_description', 'merge_install': False, 'path': '/home/fra/ros2_master_ws/src/cobot_description', 'symlink_install': False, 'test_result_base': None}[0m
[0.377s] [34mcolcon.colcon_core.verb[0m [1;30mLevel 5[0m set package 'cobot_gazebo' build argument 'cmake_args' from command line to 'None'
[0.378s] [34mcolcon.colcon_core.verb[0m [1;30mLevel 5[0m set package 'cobot_gazebo' build argument 'cmake_target' from command line to 'None'
[0.378s] [34mcolcon.colcon_core.verb[0m [1;30mLevel 5[0m set package 'cobot_gazebo' build argument 'cmake_target_skip_unavailable' from command line to 'False'
[0.378s] [34mcolcon.colcon_core.verb[0m [1;30mLevel 5[0m set package 'cobot_gazebo' build argument 'cmake_clean_cache' from command line to 'False'
[0.378s] [34mcolcon.colcon_core.verb[0m [1;30mLevel 5[0m set package 'cobot_gazebo' build argument 'cmake_clean_first' from command line to 'False'
[0.378s] [34mcolcon.colcon_core.verb[0m [1;30mLevel 5[0m set package 'cobot_gazebo' build argument 'cmake_force_configure' from command line to 'False'
[0.378s] [34mcolcon.colcon_core.verb[0m [1;30mLevel 5[0m set package 'cobot_gazebo' build argument 'ament_cmake_args' from command line to 'None'
[0.378s] [34mcolcon.colcon_core.verb[0m [1;30mLevel 5[0m set package 'cobot_gazebo' build argument 'catkin_cmake_args' from command line to 'None'
[0.378s] [34mcolcon.colcon_core.verb[0m [1;30mLevel 5[0m set package 'cobot_gazebo' build argument 'catkin_skip_building_tests' from command line to 'False'
[0.378s] [34mcolcon.colcon_core.verb[0m [1;30mDEBUG[0m [32mBuilding package 'cobot_gazebo' with the following arguments: {'ament_cmake_args': None, 'build_base': '/home/fra/ros2_master_ws/build/cobot_gazebo', 'catkin_cmake_args': None, 'catkin_skip_building_tests': False, 'cmake_args': None, 'cmake_clean_cache': False, 'cmake_clean_first': False, 'cmake_force_configure': False, 'cmake_target': None, 'cmake_target_skip_unavailable': False, 'install_base': '/home/fra/ros2_master_ws/install/cobot_gazebo', 'merge_install': False, 'path': '/home/fra/ros2_master_ws/src/cobot_gazebo', 'symlink_install': False, 'test_result_base': None}[0m
[0.378s] [34mcolcon.colcon_core.verb[0m [1;30mLevel 5[0m set package 'ind_environment' build argument 'cmake_args' from command line to 'None'
[0.378s] [34mcolcon.colcon_core.verb[0m [1;30mLevel 5[0m set package 'ind_environment' build argument 'cmake_target' from command line to 'None'
[0.378s] [34mcolcon.colcon_core.verb[0m [1;30mLevel 5[0m set package 'ind_environment' build argument 'cmake_target_skip_unavailable' from command line to 'False'
[0.378s] [34mcolcon.colcon_core.verb[0m [1;30mLevel 5[0m set package 'ind_environment' build argument 'cmake_clean_cache' from command line to 'False'
[0.378s] [34mcolcon.colcon_core.verb[0m [1;30mLevel 5[0m set package 'ind_environment' build argument 'cmake_clean_first' from command line to 'False'
[0.378s] [34mcolcon.colcon_core.verb[0m [1;30mLevel 5[0m set package 'ind_environment' build argument 'cmake_force_configure' from command line to 'False'
[0.378s] [34mcolcon.colcon_core.verb[0m [1;30mLevel 5[0m set package 'ind_environment' build argument 'ament_cmake_args' from command line to 'None'
[0.378s] [34mcolcon.colcon_core.verb[0m [1;30mLevel 5[0m set package 'ind_environment' build argument 'catkin_cmake_args' from command line to 'None'
[0.378s] [34mcolcon.colcon_core.verb[0m [1;30mLevel 5[0m set package 'ind_environment' build argument 'catkin_skip_building_tests' from command line to 'False'
[0.378s] [34mcolcon.colcon_core.verb[0m [1;30mDEBUG[0m [32mBuilding package 'ind_environment' with the following arguments: {'ament_cmake_args': None, 'build_base': '/home/fra/ros2_master_ws/build/ind_environment', 'catkin_cmake_args': None, 'catkin_skip_building_tests': False, 'cmake_args': None, 'cmake_clean_cache': False, 'cmake_clean_first': False, 'cmake_force_configure': False, 'cmake_target': None, 'cmake_target_skip_unavailable': False, 'install_base': '/home/fra/ros2_master_ws/install/ind_environment', 'merge_install': False, 'path': '/home/fra/ros2_master_ws/src/ind_environment', 'symlink_install': False, 'test_result_base': None}[0m
[0.379s] [34mcolcon.colcon_core.verb[0m [1;30mLevel 5[0m set package 'linkattacher_msgs' build argument 'cmake_args' from command line to 'None'
[0.379s] [34mcolcon.colcon_core.verb[0m [1;30mLevel 5[0m set package 'linkattacher_msgs' build argument 'cmake_target' from command line to 'None'
[0.379s] [34mcolcon.colcon_core.verb[0m [1;30mLevel 5[0m set package 'linkattacher_msgs' build argument 'cmake_target_skip_unavailable' from command line to 'False'
[0.379s] [34mcolcon.colcon_core.verb[0m [1;30mLevel 5[0m set package 'linkattacher_msgs' build argument 'cmake_clean_cache' from command line to 'False'
[0.379s] [34mcolcon.colcon_core.verb[0m [1;30mLevel 5[0m set package 'linkattacher_msgs' build argument 'cmake_clean_first' from command line to 'False'
[0.379s] [34mcolcon.colcon_core.verb[0m [1;30mLevel 5[0m set package 'linkattacher_msgs' build argument 'cmake_force_configure' from command line to 'False'
[0.379s] [34mcolcon.colcon_core.verb[0m [1;30mLevel 5[0m set package 'linkattacher_msgs' build argument 'ament_cmake_args' from command line to 'None'
[0.379s] [34mcolcon.colcon_core.verb[0m [1;30mLevel 5[0m set package 'linkattacher_msgs' build argument 'catkin_cmake_args' from command line to 'None'
[0.379s] [34mcolcon.colcon_core.verb[0m [1;30mLevel 5[0m set package 'linkattacher_msgs' build argument 'catkin_skip_building_tests' from command line to 'False'
[0.379s] [34mcolcon.colcon_core.verb[0m [1;30mDEBUG[0m [32mBuilding package 'linkattacher_msgs' with the following arguments: {'ament_cmake_args': None, 'build_base': '/home/fra/ros2_master_ws/build/linkattacher_msgs', 'catkin_cmake_args': None, 'catkin_skip_building_tests': False, 'cmake_args': None, 'cmake_clean_cache': False, 'cmake_clean_first': False, 'cmake_force_configure': False, 'cmake_target': None, 'cmake_target_skip_unavailable': False, 'install_base': '/home/fra/ros2_master_ws/install/linkattacher_msgs', 'merge_install': False, 'path': '/home/fra/ros2_master_ws/src/IFRA_LinkAttacher/linkattacher_msgs', 'symlink_install': False, 'test_result_base': None}[0m
[0.380s] [34mcolcon.colcon_core.verb[0m [1;30mLevel 5[0m set package 'custom_robot_moveit_config' build argument 'cmake_args' from command line to 'None'
[0.380s] [34mcolcon.colcon_core.verb[0m [1;30mLevel 5[0m set package 'custom_robot_moveit_config' build argument 'cmake_target' from command line to 'None'
[0.380s] [34mcolcon.colcon_core.verb[0m [1;30mLevel 5[0m set package 'custom_robot_moveit_config' build argument 'cmake_target_skip_unavailable' from command line to 'False'
[0.380s] [34mcolcon.colcon_core.verb[0m [1;30mLevel 5[0m set package 'custom_robot_moveit_config' build argument 'cmake_clean_cache' from command line to 'False'
[0.380s] [34mcolcon.colcon_core.verb[0m [1;30mLevel 5[0m set package 'custom_robot_moveit_config' build argument 'cmake_clean_first' from command line to 'False'
[0.380s] [34mcolcon.colcon_core.verb[0m [1;30mLevel 5[0m set package 'custom_robot_moveit_config' build argument 'cmake_force_configure' from command line to 'False'
[0.380s] [34mcolcon.colcon_core.verb[0m [1;30mLevel 5[0m set package 'custom_robot_moveit_config' build argument 'ament_cmake_args' from command line to 'None'
[0.380s] [34mcolcon.colcon_core.verb[0m [1;30mLevel 5[0m set package 'custom_robot_moveit_config' build argument 'catkin_cmake_args' from command line to 'None'
[0.380s] [34mcolcon.colcon_core.verb[0m [1;30mLevel 5[0m set package 'custom_robot_moveit_config' build argument 'catkin_skip_building_tests' from command line to 'False'
[0.380s] [34mcolcon.colcon_core.verb[0m [1;30mDEBUG[0m [32mBuilding package 'custom_robot_moveit_config' with the following arguments: {'ament_cmake_args': None, 'build_base': '/home/fra/ros2_master_ws/build/custom_robot_moveit_config', 'catkin_cmake_args': None, 'catkin_skip_building_tests': False, 'cmake_args': None, 'cmake_clean_cache': False, 'cmake_clean_first': False, 'cmake_force_configure': False, 'cmake_target': None, 'cmake_target_skip_unavailable': False, 'install_base': '/home/fra/ros2_master_ws/install/custom_robot_moveit_config', 'merge_install': False, 'path': '/home/fra/ros2_master_ws/src/custom_robot_moveit_config', 'symlink_install': False, 'test_result_base': None}[0m
[0.381s] [34mcolcon.colcon_core.verb[0m [1;30mLevel 5[0m set package 'ros2_linkattacher' build argument 'cmake_args' from command line to 'None'
[0.381s] [34mcolcon.colcon_core.verb[0m [1;30mLevel 5[0m set package 'ros2_linkattacher' build argument 'cmake_target' from command line to 'None'
[0.381s] [34mcolcon.colcon_core.verb[0m [1;30mLevel 5[0m set package 'ros2_linkattacher' build argument 'cmake_target_skip_unavailable' from command line to 'False'
[0.381s] [34mcolcon.colcon_core.verb[0m [1;30mLevel 5[0m set package 'ros2_linkattacher' build argument 'cmake_clean_cache' from command line to 'False'
[0.381s] [34mcolcon.colcon_core.verb[0m [1;30mLevel 5[0m set package 'ros2_linkattacher' build argument 'cmake_clean_first' from command line to 'False'
[0.381s] [34mcolcon.colcon_core.verb[0m [1;30mLevel 5[0m set package 'ros2_linkattacher' build argument 'cmake_force_configure' from command line to 'False'
[0.381s] [34mcolcon.colcon_core.verb[0m [1;30mLevel 5[0m set package 'ros2_linkattacher' build argument 'ament_cmake_args' from command line to 'None'
[0.381s] [34mcolcon.colcon_core.verb[0m [1;30mLevel 5[0m set package 'ros2_linkattacher' build argument 'catkin_cmake_args' from command line to 'None'
[0.381s] [34mcolcon.colcon_core.verb[0m [1;30mLevel 5[0m set package 'ros2_linkattacher' build argument 'catkin_skip_building_tests' from command line to 'False'
[0.381s] [34mcolcon.colcon_core.verb[0m [1;30mDEBUG[0m [32mBuilding package 'ros2_linkattacher' with the following arguments: {'ament_cmake_args': None, 'build_base': '/home/fra/ros2_master_ws/build/ros2_linkattacher', 'catkin_cmake_args': None, 'catkin_skip_building_tests': False, 'cmake_args': None, 'cmake_clean_cache': False, 'cmake_clean_first': False, 'cmake_force_configure': False, 'cmake_target': None, 'cmake_target_skip_unavailable': False, 'install_base': '/home/fra/ros2_master_ws/install/ros2_linkattacher', 'merge_install': False, 'path': '/home/fra/ros2_master_ws/src/IFRA_LinkAttacher/ros2_LinkAttacher', 'symlink_install': False, 'test_result_base': None}[0m
[0.382s] [34mcolcon.colcon_core.verb[0m [1;30mLevel 5[0m set package 'custom_robot_ik' build argument 'cmake_args' from command line to 'None'
[0.382s] [34mcolcon.colcon_core.verb[0m [1;30mLevel 5[0m set package 'custom_robot_ik' build argument 'cmake_target' from command line to 'None'
[0.382s] [34mcolcon.colcon_core.verb[0m [1;30mLevel 5[0m set package 'custom_robot_ik' build argument 'cmake_target_skip_unavailable' from command line to 'False'
[0.382s] [34mcolcon.colcon_core.verb[0m [1;30mLevel 5[0m set package 'custom_robot_ik' build argument 'cmake_clean_cache' from command line to 'False'
[0.382s] [34mcolcon.colcon_core.verb[0m [1;30mLevel 5[0m set package 'custom_robot_ik' build argument 'cmake_clean_first' from command line to 'False'
[0.382s] [34mcolcon.colcon_core.verb[0m [1;30mLevel 5[0m set package 'custom_robot_ik' build argument 'cmake_force_configure' from command line to 'False'
[0.382s] [34mcolcon.colcon_core.verb[0m [1;30mLevel 5[0m set package 'custom_robot_ik' build argument 'ament_cmake_args' from command line to 'None'
[0.382s] [34mcolcon.colcon_core.verb[0m [1;30mLevel 5[0m set package 'custom_robot_ik' build argument 'catkin_cmake_args' from command line to 'None'
[0.382s] [34mcolcon.colcon_core.verb[0m [1;30mLevel 5[0m set package 'custom_robot_ik' build argument 'catkin_skip_building_tests' from command line to 'False'
[0.382s] [34mcolcon.colcon_core.verb[0m [1;30mDEBUG[0m [32mBuilding package 'custom_robot_ik' with the following arguments: {'ament_cmake_args': None, 'build_base': '/home/fra/ros2_master_ws/build/custom_robot_ik', 'catkin_cmake_args': None, 'catkin_skip_building_tests': False, 'cmake_args': None, 'cmake_clean_cache': False, 'cmake_clean_first': False, 'cmake_force_configure': False, 'cmake_target': None, 'cmake_target_skip_unavailable': False, 'install_base': '/home/fra/ros2_master_ws/install/custom_robot_ik', 'merge_install': False, 'path': '/home/fra/ros2_master_ws/src/custom_robot_ik', 'symlink_install': False, 'test_result_base': None}[0m
[0.382s] [34mcolcon.colcon_core.executor[0m [1;30mINFO[0m Executing jobs using 'parallel' executor
[0.383s] [34mcolcon.colcon_parallel_executor.executor.parallel[0m [1;30mDEBUG[0m [32mrun_until_complete[0m
[0.384s] [34mcolcon.colcon_ros.task.ament_cmake.build[0m [1;30mINFO[0m Building ROS package in '/home/fra/ros2_master_ws/src/IFRA_LinkAttacher/linkattacher_msgs' with build type 'ament_cmake'
[0.384s] [34mcolcon.colcon_cmake.task.cmake.build[0m [1;30mINFO[0m Building CMake package in '/home/fra/ros2_master_ws/src/IFRA_LinkAttacher/linkattacher_msgs'
[0.386s] [34mcolcon.colcon_core.plugin_system[0m [1;30mINFO[0m Skipping extension 'colcon_core.shell.bat': Not used on non-Windows systems
[0.386s] [34mcolcon.colcon_core.shell[0m [1;30mINFO[0m Skip shell extension 'powershell' for command environment: Not usable outside of PowerShell
[0.386s] [34mcolcon.colcon_core.shell[0m [1;30mDEBUG[0m [32mSkip shell extension 'dsv' for command environment[0m
[0.390s] [34mcolcon.colcon_ros.task.ament_cmake.build[0m [1;30mINFO[0m Building ROS package in '/home/fra/ros2_master_ws/src/cobot_description' with build type 'ament_cmake'
[0.390s] [34mcolcon.colcon_cmake.task.cmake.build[0m [1;30mINFO[0m Building CMake package in '/home/fra/ros2_master_ws/src/cobot_description'
[0.390s] [34mcolcon.colcon_core.shell[0m [1;30mINFO[0m Skip shell extension 'powershell' for command environment: Not usable outside of PowerShell
[0.390s] [34mcolcon.colcon_core.shell[0m [1;30mDEBUG[0m [32mSkip shell extension 'dsv' for command environment[0m
[0.394s] [34mcolcon.colcon_ros.task.ament_cmake.build[0m [1;30mINFO[0m Building ROS package in '/home/fra/ros2_master_ws/src/cobot_gazebo' with build type 'ament_cmake'
[0.395s] [34mcolcon.colcon_cmake.task.cmake.build[0m [1;30mINFO[0m Building CMake package in '/home/fra/ros2_master_ws/src/cobot_gazebo'
[0.395s] [34mcolcon.colcon_core.shell[0m [1;30mINFO[0m Skip shell extension 'powershell' for command environment: Not usable outside of PowerShell
[0.395s] [34mcolcon.colcon_core.shell[0m [1;30mDEBUG[0m [32mSkip shell extension 'dsv' for command environment[0m
[0.400s] [34mcolcon.colcon_ros.task.ament_cmake.build[0m [1;30mINFO[0m Building ROS package in '/home/fra/ros2_master_ws/src/ind_environment' with build type 'ament_cmake'
[0.400s] [34mcolcon.colcon_cmake.task.cmake.build[0m [1;30mINFO[0m Building CMake package in '/home/fra/ros2_master_ws/src/ind_environment'
[0.400s] [34mcolcon.colcon_core.shell[0m [1;30mINFO[0m Skip shell extension 'powershell' for command environment: Not usable outside of PowerShell
[0.400s] [34mcolcon.colcon_core.shell[0m [1;30mDEBUG[0m [32mSkip shell extension 'dsv' for command environment[0m
[0.409s] [34mcolcon.colcon_core.event_handler.log_command[0m [1;30mDEBUG[0m [32mInvoking command in '/home/fra/ros2_master_ws/build/linkattacher_msgs': CMAKE_PREFIX_PATH=${CMAKE_PREFIX_PATH}:/opt/ros/humble /usr/bin/cmake --build /home/fra/ros2_master_ws/build/linkattacher_msgs -- -j12 -l12[0m
[0.413s] [34mcolcon.colcon_core.event_handler.log_command[0m [1;30mDEBUG[0m [32mInvoking command in '/home/fra/ros2_master_ws/build/cobot_description': CMAKE_PREFIX_PATH=${CMAKE_PREFIX_PATH}:/opt/ros/humble /usr/bin/cmake --build /home/fra/ros2_master_ws/build/cobot_description -- -j12 -l12[0m
[0.417s] [34mcolcon.colcon_core.event_handler.log_command[0m [1;30mDEBUG[0m [32mInvoking command in '/home/fra/ros2_master_ws/build/cobot_gazebo': CMAKE_PREFIX_PATH=${CMAKE_PREFIX_PATH}:/opt/ros/humble /usr/bin/cmake --build /home/fra/ros2_master_ws/build/cobot_gazebo -- -j12 -l12[0m
[0.420s] [34mcolcon.colcon_core.event_handler.log_command[0m [1;30mDEBUG[0m [32mInvoking command in '/home/fra/ros2_master_ws/build/ind_environment': CMAKE_PREFIX_PATH=${CMAKE_PREFIX_PATH}:/opt/ros/humble /usr/bin/cmake --build /home/fra/ros2_master_ws/build/ind_environment -- -j12 -l12[0m
[0.451s] [34mcolcon.colcon_core.event_handler.log_command[0m [1;30mDEBUG[0m [32mInvoked command in '/home/fra/ros2_master_ws/build/cobot_description' returned '0': CMAKE_PREFIX_PATH=${CMAKE_PREFIX_PATH}:/opt/ros/humble /usr/bin/cmake --build /home/fra/ros2_master_ws/build/cobot_description -- -j12 -l12[0m
[0.465s] [34mcolcon.colcon_core.event_handler.log_command[0m [1;30mDEBUG[0m [32mInvoking command in '/home/fra/ros2_master_ws/build/cobot_description': CMAKE_PREFIX_PATH=${CMAKE_PREFIX_PATH}:/opt/ros/humble /usr/bin/cmake --install /home/fra/ros2_master_ws/build/cobot_description[0m
[0.475s] [34mcolcon.colcon_core.event_handler.log_command[0m [1;30mDEBUG[0m [32mInvoked command in '/home/fra/ros2_master_ws/build/ind_environment' returned '0': CMAKE_PREFIX_PATH=${CMAKE_PREFIX_PATH}:/opt/ros/humble /usr/bin/cmake --build /home/fra/ros2_master_ws/build/ind_environment -- -j12 -l12[0m
[0.475s] [34mcolcon.colcon_core.event_handler.log_command[0m [1;30mDEBUG[0m [32mInvoking command in '/home/fra/ros2_master_ws/build/ind_environment': CMAKE_PREFIX_PATH=${CMAKE_PREFIX_PATH}:/opt/ros/humble /usr/bin/cmake --install /home/fra/ros2_master_ws/build/ind_environment[0m
[0.494s] [34mcolcon.colcon_core.event_handler.log_command[0m [1;30mDEBUG[0m [32mInvoked command in '/home/fra/ros2_master_ws/build/cobot_gazebo' returned '0': CMAKE_PREFIX_PATH=${CMAKE_PREFIX_PATH}:/opt/ros/humble /usr/bin/cmake --build /home/fra/ros2_master_ws/build/cobot_gazebo -- -j12 -l12[0m
[0.495s] [34mcolcon.colcon_core.event_handler.log_command[0m [1;30mDEBUG[0m [32mInvoking command in '/home/fra/ros2_master_ws/build/cobot_gazebo': CMAKE_PREFIX_PATH=${CMAKE_PREFIX_PATH}:/opt/ros/humble /usr/bin/cmake --install /home/fra/ros2_master_ws/build/cobot_gazebo[0m
[0.496s] [34mcolcon.colcon_core.environment[0m [1;30mLevel 1[0m create_environment_scripts_only(cobot_description)
[0.497s] [34mcolcon.colcon_core.event_handler.log_command[0m [1;30mDEBUG[0m [32mInvoked command in '/home/fra/ros2_master_ws/build/cobot_description' returned '0': CMAKE_PREFIX_PATH=${CMAKE_PREFIX_PATH}:/opt/ros/humble /usr/bin/cmake --install /home/fra/ros2_master_ws/build/cobot_description[0m
[0.501s] [34mcolcon.colcon_core.environment[0m [1;30mLevel 1[0m checking '/home/fra/ros2_master_ws/install/cobot_description' for CMake module files
[0.503s] [34mcolcon.colcon_core.environment[0m [1;30mLevel 1[0m checking '/home/fra/ros2_master_ws/install/cobot_description' for CMake config files
[0.504s] [34mcolcon.colcon_core.shell[0m [1;30mLevel 1[0m create_environment_hook('cobot_description', 'cmake_prefix_path')
[0.504s] [34mcolcon.colcon_core.shell[0m [1;30mINFO[0m Creating environment hook '/home/fra/ros2_master_ws/install/cobot_description/share/cobot_description/hook/cmake_prefix_path.ps1'
[0.506s] [34mcolcon.colcon_core.shell[0m [1;30mINFO[0m Creating environment descriptor '/home/fra/ros2_master_ws/install/cobot_description/share/cobot_description/hook/cmake_prefix_path.dsv'
[0.507s] [34mcolcon.colcon_core.shell[0m [1;30mINFO[0m Creating environment hook '/home/fra/ros2_master_ws/install/cobot_description/share/cobot_description/hook/cmake_prefix_path.sh'
[0.509s] [34mcolcon.colcon_core.environment[0m [1;30mLevel 1[0m checking '/home/fra/ros2_master_ws/install/cobot_description/bin'
[0.509s] [34mcolcon.colcon_core.environment[0m [1;30mLevel 1[0m checking '/home/fra/ros2_master_ws/install/cobot_description/lib/pkgconfig/cobot_description.pc'
[0.509s] [34mcolcon.colcon_core.environment[0m [1;30mLevel 1[0m checking '/home/fra/ros2_master_ws/install/cobot_description/lib/python3.10/site-packages'
[0.510s] [34mcolcon.colcon_core.environment[0m [1;30mLevel 1[0m checking '/home/fra/ros2_master_ws/install/cobot_description/bin'
[0.510s] [34mcolcon.colcon_core.shell[0m [1;30mINFO[0m Creating package script '/home/fra/ros2_master_ws/install/cobot_description/share/cobot_description/package.ps1'
[0.512s] [34mcolcon.colcon_core.shell[0m [1;30mINFO[0m Creating package descriptor '/home/fra/ros2_master_ws/install/cobot_description/share/cobot_description/package.dsv'
[0.513s] [34mcolcon.colcon_core.shell[0m [1;30mINFO[0m Creating package script '/home/fra/ros2_master_ws/install/cobot_description/share/cobot_description/package.sh'
[0.514s] [34mcolcon.colcon_core.shell[0m [1;30mINFO[0m Creating package script '/home/fra/ros2_master_ws/install/cobot_description/share/cobot_description/package.bash'
[0.515s] [34mcolcon.colcon_core.shell[0m [1;30mINFO[0m Creating package script '/home/fra/ros2_master_ws/install/cobot_description/share/cobot_description/package.zsh'
[0.516s] [34mcolcon.colcon_core.environment[0m [1;30mLevel 1[0m create_file_with_runtime_dependencies(/home/fra/ros2_master_ws/install/cobot_description/share/colcon-core/packages/cobot_description)
[0.517s] [34mcolcon.colcon_core.environment[0m [1;30mLevel 1[0m create_environment_scripts_only(cobot_description)
[0.517s] [34mcolcon.colcon_core.environment[0m [1;30mLevel 1[0m checking '/home/fra/ros2_master_ws/install/cobot_description' for CMake module files
[0.518s] [34mcolcon.colcon_core.environment[0m [1;30mLevel 1[0m checking '/home/fra/ros2_master_ws/install/cobot_description' for CMake config files
[0.518s] [34mcolcon.colcon_core.shell[0m [1;30mLevel 1[0m create_environment_hook('cobot_description', 'cmake_prefix_path')
[0.518s] [34mcolcon.colcon_core.shell[0m [1;30mINFO[0m Creating environment hook '/home/fra/ros2_master_ws/install/cobot_description/share/cobot_description/hook/cmake_prefix_path.ps1'
[0.519s] [34mcolcon.colcon_core.shell[0m [1;30mINFO[0m Creating environment descriptor '/home/fra/ros2_master_ws/install/cobot_description/share/cobot_description/hook/cmake_prefix_path.dsv'
[0.519s] [34mcolcon.colcon_core.shell[0m [1;30mINFO[0m Creating environment hook '/home/fra/ros2_master_ws/install/cobot_description/share/cobot_description/hook/cmake_prefix_path.sh'
[0.520s] [34mcolcon.colcon_core.environment[0m [1;30mLevel 1[0m checking '/home/fra/ros2_master_ws/install/cobot_description/bin'
[0.520s] [34mcolcon.colcon_core.environment[0m [1;30mLevel 1[0m checking '/home/fra/ros2_master_ws/install/cobot_description/lib/pkgconfig/cobot_description.pc'
[0.520s] [34mcolcon.colcon_core.environment[0m [1;30mLevel 1[0m checking '/home/fra/ros2_master_ws/install/cobot_description/lib/python3.10/site-packages'
[0.521s] [34mcolcon.colcon_core.environment[0m [1;30mLevel 1[0m checking '/home/fra/ros2_master_ws/install/cobot_description/bin'
[0.521s] [34mcolcon.colcon_core.shell[0m [1;30mINFO[0m Creating package script '/home/fra/ros2_master_ws/install/cobot_description/share/cobot_description/package.ps1'
[0.522s] [34mcolcon.colcon_core.shell[0m [1;30mINFO[0m Creating package descriptor '/home/fra/ros2_master_ws/install/cobot_description/share/cobot_description/package.dsv'
[0.523s] [34mcolcon.colcon_core.shell[0m [1;30mINFO[0m Creating package script '/home/fra/ros2_master_ws/install/cobot_description/share/cobot_description/package.sh'
[0.524s] [34mcolcon.colcon_core.shell[0m [1;30mINFO[0m Creating package script '/home/fra/ros2_master_ws/install/cobot_description/share/cobot_description/package.bash'
[0.524s] [34mcolcon.colcon_core.shell[0m [1;30mINFO[0m Creating package script '/home/fra/ros2_master_ws/install/cobot_description/share/cobot_description/package.zsh'
[0.525s] [34mcolcon.colcon_core.environment[0m [1;30mLevel 1[0m create_file_with_runtime_dependencies(/home/fra/ros2_master_ws/install/cobot_description/share/colcon-core/packages/cobot_description)
[0.525s] [34mcolcon.colcon_ros.task.ament_cmake.build[0m [1;30mINFO[0m Building ROS package in '/home/fra/ros2_master_ws/src/custom_robot_moveit_config' with build type 'ament_cmake'
[0.526s] [34mcolcon.colcon_cmake.task.cmake.build[0m [1;30mINFO[0m Building CMake package in '/home/fra/ros2_master_ws/src/custom_robot_moveit_config'
[0.526s] [34mcolcon.colcon_core.shell[0m [1;30mINFO[0m Skip shell extension 'powershell' for command environment: Not usable outside of PowerShell
[0.526s] [34mcolcon.colcon_core.shell[0m [1;30mDEBUG[0m [32mSkip shell extension 'dsv' for command environment[0m
[0.533s] [34mcolcon.colcon_core.environment[0m [1;30mLevel 1[0m create_environment_scripts_only(ind_environment)
[0.534s] [34mcolcon.colcon_core.environment[0m [1;30mLevel 1[0m checking '/home/fra/ros2_master_ws/install/ind_environment' for CMake module files
[0.534s] [34mcolcon.colcon_core.event_handler.log_command[0m [1;30mDEBUG[0m [32mInvoked command in '/home/fra/ros2_master_ws/build/ind_environment' returned '0': CMAKE_PREFIX_PATH=${CMAKE_PREFIX_PATH}:/opt/ros/humble /usr/bin/cmake --install /home/fra/ros2_master_ws/build/ind_environment[0m
[0.535s] [34mcolcon.colcon_core.environment[0m [1;30mLevel 1[0m checking '/home/fra/ros2_master_ws/install/ind_environment' for CMake config files
[0.535s] [34mcolcon.colcon_core.shell[0m [1;30mLevel 1[0m create_environment_hook('ind_environment', 'cmake_prefix_path')
[0.535s] [34mcolcon.colcon_core.shell[0m [1;30mINFO[0m Creating environment hook '/home/fra/ros2_master_ws/install/ind_environment/share/ind_environment/hook/cmake_prefix_path.ps1'
[0.536s] [34mcolcon.colcon_core.shell[0m [1;30mINFO[0m Creating environment descriptor '/home/fra/ros2_master_ws/install/ind_environment/share/ind_environment/hook/cmake_prefix_path.dsv'
[0.536s] [34mcolcon.colcon_core.shell[0m [1;30mINFO[0m Creating environment hook '/home/fra/ros2_master_ws/install/ind_environment/share/ind_environment/hook/cmake_prefix_path.sh'
[0.537s] [34mcolcon.colcon_core.environment[0m [1;30mLevel 1[0m checking '/home/fra/ros2_master_ws/install/ind_environment/bin'
[0.537s] [34mcolcon.colcon_core.environment[0m [1;30mLevel 1[0m checking '/home/fra/ros2_master_ws/install/ind_environment/lib/pkgconfig/ind_environment.pc'
[0.537s] [34mcolcon.colcon_core.environment[0m [1;30mLevel 1[0m checking '/home/fra/ros2_master_ws/install/ind_environment/lib/python3.10/site-packages'
[0.537s] [34mcolcon.colcon_core.environment[0m [1;30mLevel 1[0m checking '/home/fra/ros2_master_ws/install/ind_environment/bin'
[0.538s] [34mcolcon.colcon_core.shell[0m [1;30mINFO[0m Creating package script '/home/fra/ros2_master_ws/install/ind_environment/share/ind_environment/package.ps1'
[0.539s] [34mcolcon.colcon_core.shell[0m [1;30mINFO[0m Creating package descriptor '/home/fra/ros2_master_ws/install/ind_environment/share/ind_environment/package.dsv'
[0.539s] [34mcolcon.colcon_core.shell[0m [1;30mINFO[0m Creating package script '/home/fra/ros2_master_ws/install/ind_environment/share/ind_environment/package.sh'
[0.540s] [34mcolcon.colcon_core.shell[0m [1;30mINFO[0m Creating package script '/home/fra/ros2_master_ws/install/ind_environment/share/ind_environment/package.bash'
[0.541s] [34mcolcon.colcon_core.shell[0m [1;30mINFO[0m Creating package script '/home/fra/ros2_master_ws/install/ind_environment/share/ind_environment/package.zsh'
[0.542s] [34mcolcon.colcon_core.environment[0m [1;30mLevel 1[0m create_file_with_runtime_dependencies(/home/fra/ros2_master_ws/install/ind_environment/share/colcon-core/packages/ind_environment)
[0.542s] [34mcolcon.colcon_core.environment[0m [1;30mLevel 1[0m create_environment_scripts_only(ind_environment)
[0.543s] [34mcolcon.colcon_core.environment[0m [1;30mLevel 1[0m checking '/home/fra/ros2_master_ws/install/ind_environment' for CMake module files
[0.543s] [34mcolcon.colcon_core.environment[0m [1;30mLevel 1[0m checking '/home/fra/ros2_master_ws/install/ind_environment' for CMake config files
[0.544s] [34mcolcon.colcon_core.shell[0m [1;30mLevel 1[0m create_environment_hook('ind_environment', 'cmake_prefix_path')
[0.544s] [34mcolcon.colcon_core.shell[0m [1;30mINFO[0m Creating environment hook '/home/fra/ros2_master_ws/install/ind_environment/share/ind_environment/hook/cmake_prefix_path.ps1'
[0.544s] [34mcolcon.colcon_core.shell[0m [1;30mINFO[0m Creating environment descriptor '/home/fra/ros2_master_ws/install/ind_environment/share/ind_environment/hook/cmake_prefix_path.dsv'
[0.545s] [34mcolcon.colcon_core.shell[0m [1;30mINFO[0m Creating environment hook '/home/fra/ros2_master_ws/install/ind_environment/share/ind_environment/hook/cmake_prefix_path.sh'
[0.545s] [34mcolcon.colcon_core.environment[0m [1;30mLevel 1[0m checking '/home/fra/ros2_master_ws/install/ind_environment/bin'
[0.545s] [34mcolcon.colcon_core.environment[0m [1;30mLevel 1[0m checking '/home/fra/ros2_master_ws/install/ind_environment/lib/pkgconfig/ind_environment.pc'
[0.546s] [34mcolcon.colcon_core.environment[0m [1;30mLevel 1[0m checking '/home/fra/ros2_master_ws/install/ind_environment/lib/python3.10/site-packages'
[0.546s] [34mcolcon.colcon_core.environment[0m [1;30mLevel 1[0m checking '/home/fra/ros2_master_ws/install/ind_environment/bin'
[0.546s] [34mcolcon.colcon_core.shell[0m [1;30mINFO[0m Creating package script '/home/fra/ros2_master_ws/install/ind_environment/share/ind_environment/package.ps1'
[0.547s] [34mcolcon.colcon_core.shell[0m [1;30mINFO[0m Creating package descriptor '/home/fra/ros2_master_ws/install/ind_environment/share/ind_environment/package.dsv'
[0.547s] [34mcolcon.colcon_core.shell[0m [1;30mINFO[0m Creating package script '/home/fra/ros2_master_ws/install/ind_environment/share/ind_environment/package.sh'
[0.548s] [34mcolcon.colcon_core.shell[0m [1;30mINFO[0m Creating package script '/home/fra/ros2_master_ws/install/ind_environment/share/ind_environment/package.bash'
[0.548s] [34mcolcon.colcon_core.shell[0m [1;30mINFO[0m Creating package script '/home/fra/ros2_master_ws/install/ind_environment/share/ind_environment/package.zsh'
[0.549s] [34mcolcon.colcon_core.environment[0m [1;30mLevel 1[0m create_file_with_runtime_dependencies(/home/fra/ros2_master_ws/install/ind_environment/share/colcon-core/packages/ind_environment)
[0.550s] [34mcolcon.colcon_core.environment[0m [1;30mLevel 1[0m create_environment_scripts_only(cobot_gazebo)
[0.550s] [34mcolcon.colcon_core.environment[0m [1;30mLevel 1[0m checking '/home/fra/ros2_master_ws/install/cobot_gazebo' for CMake module files
[0.550s] [34mcolcon.colcon_core.event_handler.log_command[0m [1;30mDEBUG[0m [32mInvoked command in '/home/fra/ros2_master_ws/build/cobot_gazebo' returned '0': CMAKE_PREFIX_PATH=${CMAKE_PREFIX_PATH}:/opt/ros/humble /usr/bin/cmake --install /home/fra/ros2_master_ws/build/cobot_gazebo[0m
[0.551s] [34mcolcon.colcon_core.environment[0m [1;30mLevel 1[0m checking '/home/fra/ros2_master_ws/install/cobot_gazebo' for CMake config files
[0.551s] [34mcolcon.colcon_core.shell[0m [1;30mLevel 1[0m create_environment_hook('cobot_gazebo', 'cmake_prefix_path')
[0.552s] [34mcolcon.colcon_core.shell[0m [1;30mINFO[0m Creating environment hook '/home/fra/ros2_master_ws/install/cobot_gazebo/share/cobot_gazebo/hook/cmake_prefix_path.ps1'
[0.552s] [34mcolcon.colcon_core.shell[0m [1;30mINFO[0m Creating environment descriptor '/home/fra/ros2_master_ws/install/cobot_gazebo/share/cobot_gazebo/hook/cmake_prefix_path.dsv'
[0.552s] [34mcolcon.colcon_core.shell[0m [1;30mINFO[0m Creating environment hook '/home/fra/ros2_master_ws/install/cobot_gazebo/share/cobot_gazebo/hook/cmake_prefix_path.sh'
[0.553s] [34mcolcon.colcon_core.environment[0m [1;30mLevel 1[0m checking '/home/fra/ros2_master_ws/install/cobot_gazebo/lib'
[0.553s] [34mcolcon.colcon_core.environment[0m [1;30mLevel 1[0m checking '/home/fra/ros2_master_ws/install/cobot_gazebo/bin'
[0.553s] [34mcolcon.colcon_core.environment[0m [1;30mLevel 1[0m checking '/home/fra/ros2_master_ws/install/cobot_gazebo/lib/pkgconfig/cobot_gazebo.pc'
[0.554s] [34mcolcon.colcon_core.environment[0m [1;30mLevel 1[0m checking '/home/fra/ros2_master_ws/install/cobot_gazebo/lib/python3.10/site-packages'
[0.554s] [34mcolcon.colcon_core.environment[0m [1;30mLevel 1[0m checking '/home/fra/ros2_master_ws/install/cobot_gazebo/bin'
[0.554s] [34mcolcon.colcon_core.shell[0m [1;30mINFO[0m Creating package script '/home/fra/ros2_master_ws/install/cobot_gazebo/share/cobot_gazebo/package.ps1'
[0.555s] [34mcolcon.colcon_core.shell[0m [1;30mINFO[0m Creating package descriptor '/home/fra/ros2_master_ws/install/cobot_gazebo/share/cobot_gazebo/package.dsv'
[0.556s] [34mcolcon.colcon_core.shell[0m [1;30mINFO[0m Creating package script '/home/fra/ros2_master_ws/install/cobot_gazebo/share/cobot_gazebo/package.sh'
[0.556s] [34mcolcon.colcon_core.shell[0m [1;30mINFO[0m Creating package script '/home/fra/ros2_master_ws/install/cobot_gazebo/share/cobot_gazebo/package.bash'
[0.557s] [34mcolcon.colcon_core.shell[0m [1;30mINFO[0m Creating package script '/home/fra/ros2_master_ws/install/cobot_gazebo/share/cobot_gazebo/package.zsh'
[0.557s] [34mcolcon.colcon_core.environment[0m [1;30mLevel 1[0m create_file_with_runtime_dependencies(/home/fra/ros2_master_ws/install/cobot_gazebo/share/colcon-core/packages/cobot_gazebo)
[0.559s] [34mcolcon.colcon_core.environment[0m [1;30mLevel 1[0m create_environment_scripts_only(cobot_gazebo)
[0.559s] [34mcolcon.colcon_core.environment[0m [1;30mLevel 1[0m checking '/home/fra/ros2_master_ws/install/cobot_gazebo' for CMake module files
[0.560s] [34mcolcon.colcon_core.environment[0m [1;30mLevel 1[0m checking '/home/fra/ros2_master_ws/install/cobot_gazebo' for CMake config files
[0.561s] [34mcolcon.colcon_core.shell[0m [1;30mLevel 1[0m create_environment_hook('cobot_gazebo', 'cmake_prefix_path')
[0.561s] [34mcolcon.colcon_core.shell[0m [1;30mINFO[0m Creating environment hook '/home/fra/ros2_master_ws/install/cobot_gazebo/share/cobot_gazebo/hook/cmake_prefix_path.ps1'
[0.562s] [34mcolcon.colcon_core.shell[0m [1;30mINFO[0m Creating environment descriptor '/home/fra/ros2_master_ws/install/cobot_gazebo/share/cobot_gazebo/hook/cmake_prefix_path.dsv'
[0.563s] [34mcolcon.colcon_core.shell[0m [1;30mINFO[0m Creating environment hook '/home/fra/ros2_master_ws/install/cobot_gazebo/share/cobot_gazebo/hook/cmake_prefix_path.sh'
[0.563s] [34mcolcon.colcon_core.environment[0m [1;30mLevel 1[0m checking '/home/fra/ros2_master_ws/install/cobot_gazebo/lib'
[0.564s] [34mcolcon.colcon_core.environment[0m [1;30mLevel 1[0m checking '/home/fra/ros2_master_ws/install/cobot_gazebo/bin'
[0.564s] [34mcolcon.colcon_core.environment[0m [1;30mLevel 1[0m checking '/home/fra/ros2_master_ws/install/cobot_gazebo/lib/pkgconfig/cobot_gazebo.pc'
[0.564s] [34mcolcon.colcon_core.environment[0m [1;30mLevel 1[0m checking '/home/fra/ros2_master_ws/install/cobot_gazebo/lib/python3.10/site-packages'
[0.564s] [34mcolcon.colcon_core.environment[0m [1;30mLevel 1[0m checking '/home/fra/ros2_master_ws/install/cobot_gazebo/bin'
[0.565s] [34mcolcon.colcon_core.shell[0m [1;30mINFO[0m Creating package script '/home/fra/ros2_master_ws/install/cobot_gazebo/share/cobot_gazebo/package.ps1'
[0.566s] [34mcolcon.colcon_core.shell[0m [1;30mINFO[0m Creating package descriptor '/home/fra/ros2_master_ws/install/cobot_gazebo/share/cobot_gazebo/package.dsv'
[0.566s] [34mcolcon.colcon_core.shell[0m [1;30mINFO[0m Creating package script '/home/fra/ros2_master_ws/install/cobot_gazebo/share/cobot_gazebo/package.sh'
[0.567s] [34mcolcon.colcon_core.shell[0m [1;30mINFO[0m Creating package script '/home/fra/ros2_master_ws/install/cobot_gazebo/share/cobot_gazebo/package.bash'
[0.567s] [34mcolcon.colcon_core.shell[0m [1;30mINFO[0m Creating package script '/home/fra/ros2_master_ws/install/cobot_gazebo/share/cobot_gazebo/package.zsh'
[0.568s] [34mcolcon.colcon_core.environment[0m [1;30mLevel 1[0m create_file_with_runtime_dependencies(/home/fra/ros2_master_ws/install/cobot_gazebo/share/colcon-core/packages/cobot_gazebo)
[0.573s] [34mcolcon.colcon_core.event_handler.log_command[0m [1;30mDEBUG[0m [32mInvoking command in '/home/fra/ros2_master_ws/build/custom_robot_moveit_config': CMAKE_PREFIX_PATH=/home/fra/ros2_master_ws/install/cobot_description:/home/fra/ros2_master_ws/install/custom_robot_ik:/home/fra/ros2_master_ws/install/ros2_linkattacher:/home/fra/ros2_master_ws/install/linkattacher_msgs:/home/fra/ros2_master_ws/install/ind_environment:/home/fra/ros2_master_ws/install/custom_robot_moveit_config:/home/fra/ros2_master_ws/install/cobot_gazebo:/opt/ros/humble /usr/bin/cmake --build /home/fra/ros2_master_ws/build/custom_robot_moveit_config -- -j12 -l12[0m
[0.614s] [34mcolcon.colcon_core.event_handler.log_command[0m [1;30mDEBUG[0m [32mInvoked command in '/home/fra/ros2_master_ws/build/custom_robot_moveit_config' returned '0': CMAKE_PREFIX_PATH=/home/fra/ros2_master_ws/install/cobot_description:/home/fra/ros2_master_ws/install/custom_robot_ik:/home/fra/ros2_master_ws/install/ros2_linkattacher:/home/fra/ros2_master_ws/install/linkattacher_msgs:/home/fra/ros2_master_ws/install/ind_environment:/home/fra/ros2_master_ws/install/custom_robot_moveit_config:/home/fra/ros2_master_ws/install/cobot_gazebo:/opt/ros/humble /usr/bin/cmake --build /home/fra/ros2_master_ws/build/custom_robot_moveit_config -- -j12 -l12[0m
[0.615s] [34mcolcon.colcon_core.event_handler.log_command[0m [1;30mDEBUG[0m [32mInvoking command in '/home/fra/ros2_master_ws/build/custom_robot_moveit_config': CMAKE_PREFIX_PATH=/home/fra/ros2_master_ws/install/cobot_description:/home/fra/ros2_master_ws/install/custom_robot_ik:/home/fra/ros2_master_ws/install/ros2_linkattacher:/home/fra/ros2_master_ws/install/linkattacher_msgs:/home/fra/ros2_master_ws/install/ind_environment:/home/fra/ros2_master_ws/install/custom_robot_moveit_config:/home/fra/ros2_master_ws/install/cobot_gazebo:/opt/ros/humble /usr/bin/cmake --install /home/fra/ros2_master_ws/build/custom_robot_moveit_config[0m
[0.645s] [34mcolcon.colcon_core.environment[0m [1;30mLevel 1[0m create_environment_scripts_only(custom_robot_moveit_config)
[0.645s] [34mcolcon.colcon_core.environment[0m [1;30mLevel 1[0m checking '/home/fra/ros2_master_ws/install/custom_robot_moveit_config' for CMake module files
[0.646s] [34mcolcon.colcon_core.event_handler.log_command[0m [1;30mDEBUG[0m [32mInvoked command in '/home/fra/ros2_master_ws/build/custom_robot_moveit_config' returned '0': CMAKE_PREFIX_PATH=/home/fra/ros2_master_ws/install/cobot_description:/home/fra/ros2_master_ws/install/custom_robot_ik:/home/fra/ros2_master_ws/install/ros2_linkattacher:/home/fra/ros2_master_ws/install/linkattacher_msgs:/home/fra/ros2_master_ws/install/ind_environment:/home/fra/ros2_master_ws/install/custom_robot_moveit_config:/home/fra/ros2_master_ws/install/cobot_gazebo:/opt/ros/humble /usr/bin/cmake --install /home/fra/ros2_master_ws/build/custom_robot_moveit_config[0m
[0.646s] [34mcolcon.colcon_core.environment[0m [1;30mLevel 1[0m checking '/home/fra/ros2_master_ws/install/custom_robot_moveit_config' for CMake config files
[0.647s] [34mcolcon.colcon_core.shell[0m [1;30mLevel 1[0m create_environment_hook('custom_robot_moveit_config', 'cmake_prefix_path')
[0.647s] [34mcolcon.colcon_core.shell[0m [1;30mINFO[0m Creating environment hook '/home/fra/ros2_master_ws/install/custom_robot_moveit_config/share/custom_robot_moveit_config/hook/cmake_prefix_path.ps1'
[0.647s] [34mcolcon.colcon_core.shell[0m [1;30mINFO[0m Creating environment descriptor '/home/fra/ros2_master_ws/install/custom_robot_moveit_config/share/custom_robot_moveit_config/hook/cmake_prefix_path.dsv'
[0.648s] [34mcolcon.colcon_core.shell[0m [1;30mINFO[0m Creating environment hook '/home/fra/ros2_master_ws/install/custom_robot_moveit_config/share/custom_robot_moveit_config/hook/cmake_prefix_path.sh'
[0.648s] [34mcolcon.colcon_core.environment[0m [1;30mLevel 1[0m checking '/home/fra/ros2_master_ws/install/custom_robot_moveit_config/bin'
[0.648s] [34mcolcon.colcon_core.environment[0m [1;30mLevel 1[0m checking '/home/fra/ros2_master_ws/install/custom_robot_moveit_config/lib/pkgconfig/custom_robot_moveit_config.pc'
[0.649s] [34mcolcon.colcon_core.environment[0m [1;30mLevel 1[0m checking '/home/fra/ros2_master_ws/install/custom_robot_moveit_config/lib/python3.10/site-packages'
[0.649s] [34mcolcon.colcon_core.environment[0m [1;30mLevel 1[0m checking '/home/fra/ros2_master_ws/install/custom_robot_moveit_config/bin'
[0.649s] [34mcolcon.colcon_core.shell[0m [1;30mINFO[0m Creating package script '/home/fra/ros2_master_ws/install/custom_robot_moveit_config/share/custom_robot_moveit_config/package.ps1'
[0.650s] [34mcolcon.colcon_core.shell[0m [1;30mINFO[0m Creating package descriptor '/home/fra/ros2_master_ws/install/custom_robot_moveit_config/share/custom_robot_moveit_config/package.dsv'
[0.650s] [34mcolcon.colcon_core.shell[0m [1;30mINFO[0m Creating package script '/home/fra/ros2_master_ws/install/custom_robot_moveit_config/share/custom_robot_moveit_config/package.sh'
[0.651s] [34mcolcon.colcon_core.shell[0m [1;30mINFO[0m Creating package script '/home/fra/ros2_master_ws/install/custom_robot_moveit_config/share/custom_robot_moveit_config/package.bash'
[0.651s] [34mcolcon.colcon_core.shell[0m [1;30mINFO[0m Creating package script '/home/fra/ros2_master_ws/install/custom_robot_moveit_config/share/custom_robot_moveit_config/package.zsh'
[0.651s] [34mcolcon.colcon_core.environment[0m [1;30mLevel 1[0m create_file_with_runtime_dependencies(/home/fra/ros2_master_ws/install/custom_robot_moveit_config/share/colcon-core/packages/custom_robot_moveit_config)
[0.652s] [34mcolcon.colcon_core.environment[0m [1;30mLevel 1[0m create_environment_scripts_only(custom_robot_moveit_config)
[0.652s] [34mcolcon.colcon_core.environment[0m [1;30mLevel 1[0m checking '/home/fra/ros2_master_ws/install/custom_robot_moveit_config' for CMake module files
[0.653s] [34mcolcon.colcon_core.environment[0m [1;30mLevel 1[0m checking '/home/fra/ros2_master_ws/install/custom_robot_moveit_config' for CMake config files
[0.653s] [34mcolcon.colcon_core.shell[0m [1;30mLevel 1[0m create_environment_hook('custom_robot_moveit_config', 'cmake_prefix_path')
[0.654s] [34mcolcon.colcon_core.shell[0m [1;30mINFO[0m Creating environment hook '/home/fra/ros2_master_ws/install/custom_robot_moveit_config/share/custom_robot_moveit_config/hook/cmake_prefix_path.ps1'
[0.654s] [34mcolcon.colcon_core.shell[0m [1;30mINFO[0m Creating environment descriptor '/home/fra/ros2_master_ws/install/custom_robot_moveit_config/share/custom_robot_moveit_config/hook/cmake_prefix_path.dsv'
[0.654s] [34mcolcon.colcon_core.shell[0m [1;30mINFO[0m Creating environment hook '/home/fra/ros2_master_ws/install/custom_robot_moveit_config/share/custom_robot_moveit_config/hook/cmake_prefix_path.sh'
[0.655s] [34mcolcon.colcon_core.environment[0m [1;30mLevel 1[0m checking '/home/fra/ros2_master_ws/install/custom_robot_moveit_config/bin'
[0.655s] [34mcolcon.colcon_core.environment[0m [1;30mLevel 1[0m checking '/home/fra/ros2_master_ws/install/custom_robot_moveit_config/lib/pkgconfig/custom_robot_moveit_config.pc'
[0.655s] [34mcolcon.colcon_core.environment[0m [1;30mLevel 1[0m checking '/home/fra/ros2_master_ws/install/custom_robot_moveit_config/lib/python3.10/site-packages'
[0.655s] [34mcolcon.colcon_core.environment[0m [1;30mLevel 1[0m checking '/home/fra/ros2_master_ws/install/custom_robot_moveit_config/bin'
[0.656s] [34mcolcon.colcon_core.shell[0m [1;30mINFO[0m Creating package script '/home/fra/ros2_master_ws/install/custom_robot_moveit_config/share/custom_robot_moveit_config/package.ps1'
[0.656s] [34mcolcon.colcon_core.shell[0m [1;30mINFO[0m Creating package descriptor '/home/fra/ros2_master_ws/install/custom_robot_moveit_config/share/custom_robot_moveit_config/package.dsv'
[0.657s] [34mcolcon.colcon_core.shell[0m [1;30mINFO[0m Creating package script '/home/fra/ros2_master_ws/install/custom_robot_moveit_config/share/custom_robot_moveit_config/package.sh'
[0.658s] [34mcolcon.colcon_core.shell[0m [1;30mINFO[0m Creating package script '/home/fra/ros2_master_ws/install/custom_robot_moveit_config/share/custom_robot_moveit_config/package.bash'
[0.658s] [34mcolcon.colcon_core.shell[0m [1;30mINFO[0m Creating package script '/home/fra/ros2_master_ws/install/custom_robot_moveit_config/share/custom_robot_moveit_config/package.zsh'
[0.659s] [34mcolcon.colcon_core.environment[0m [1;30mLevel 1[0m create_file_with_runtime_dependencies(/home/fra/ros2_master_ws/install/custom_robot_moveit_config/share/colcon-core/packages/custom_robot_moveit_config)
[0.923s] [34mcolcon.colcon_core.event_handler.log_command[0m [1;30mDEBUG[0m [32mInvoked command in '/home/fra/ros2_master_ws/build/linkattacher_msgs' returned '0': CMAKE_PREFIX_PATH=${CMAKE_PREFIX_PATH}:/opt/ros/humble /usr/bin/cmake --build /home/fra/ros2_master_ws/build/linkattacher_msgs -- -j12 -l12[0m
[0.925s] [34mcolcon.colcon_core.event_handler.log_command[0m [1;30mDEBUG[0m [32mInvoking command in '/home/fra/ros2_master_ws/build/linkattacher_msgs': CMAKE_PREFIX_PATH=${CMAKE_PREFIX_PATH}:/opt/ros/humble /usr/bin/cmake --install /home/fra/ros2_master_ws/build/linkattacher_msgs[0m
[0.986s] [34mcolcon.colcon_core.environment[0m [1;30mLevel 1[0m create_environment_scripts_only(linkattacher_msgs)
[0.986s] [34mcolcon.colcon_core.environment[0m [1;30mLevel 1[0m checking '/home/fra/ros2_master_ws/install/linkattacher_msgs' for CMake module files
[0.987s] [34mcolcon.colcon_core.event_handler.log_command[0m [1;30mDEBUG[0m [32mInvoked command in '/home/fra/ros2_master_ws/build/linkattacher_msgs' returned '0': CMAKE_PREFIX_PATH=${CMAKE_PREFIX_PATH}:/opt/ros/humble /usr/bin/cmake --install /home/fra/ros2_master_ws/build/linkattacher_msgs[0m
[0.987s] [34mcolcon.colcon_core.environment[0m [1;30mLevel 1[0m checking '/home/fra/ros2_master_ws/install/linkattacher_msgs' for CMake config files
[0.988s] [34mcolcon.colcon_core.shell[0m [1;30mLevel 1[0m create_environment_hook('linkattacher_msgs', 'cmake_prefix_path')
[0.988s] [34mcolcon.colcon_core.shell[0m [1;30mINFO[0m Creating environment hook '/home/fra/ros2_master_ws/install/linkattacher_msgs/share/linkattacher_msgs/hook/cmake_prefix_path.ps1'
[0.988s] [34mcolcon.colcon_core.shell[0m [1;30mINFO[0m Creating environment descriptor '/home/fra/ros2_master_ws/install/linkattacher_msgs/share/linkattacher_msgs/hook/cmake_prefix_path.dsv'
[0.989s] [34mcolcon.colcon_core.shell[0m [1;30mINFO[0m Creating environment hook '/home/fra/ros2_master_ws/install/linkattacher_msgs/share/linkattacher_msgs/hook/cmake_prefix_path.sh'
[0.989s] [34mcolcon.colcon_core.environment[0m [1;30mLevel 1[0m checking '/home/fra/ros2_master_ws/install/linkattacher_msgs/lib'
[0.989s] [34mcolcon.colcon_core.shell[0m [1;30mLevel 1[0m create_environment_hook('linkattacher_msgs', 'ld_library_path_lib')
[0.990s] [34mcolcon.colcon_core.shell[0m [1;30mINFO[0m Creating environment hook '/home/fra/ros2_master_ws/install/linkattacher_msgs/share/linkattacher_msgs/hook/ld_library_path_lib.ps1'
[0.990s] [34mcolcon.colcon_core.shell[0m [1;30mINFO[0m Creating environment descriptor '/home/fra/ros2_master_ws/install/linkattacher_msgs/share/linkattacher_msgs/hook/ld_library_path_lib.dsv'
[0.991s] [34mcolcon.colcon_core.shell[0m [1;30mINFO[0m Creating environment hook '/home/fra/ros2_master_ws/install/linkattacher_msgs/share/linkattacher_msgs/hook/ld_library_path_lib.sh'
[0.991s] [34mcolcon.colcon_core.environment[0m [1;30mLevel 1[0m checking '/home/fra/ros2_master_ws/install/linkattacher_msgs/bin'
[0.991s] [34mcolcon.colcon_core.environment[0m [1;30mLevel 1[0m checking '/home/fra/ros2_master_ws/install/linkattacher_msgs/lib/pkgconfig/linkattacher_msgs.pc'
[0.991s] [34mcolcon.colcon_core.environment[0m [1;30mLevel 1[0m checking '/home/fra/ros2_master_ws/install/linkattacher_msgs/lib/python3.10/site-packages'
[0.992s] [34mcolcon.colcon_core.environment[0m [1;30mLevel 1[0m checking '/home/fra/ros2_master_ws/install/linkattacher_msgs/bin'
[0.992s] [34mcolcon.colcon_core.shell[0m [1;30mINFO[0m Creating package script '/home/fra/ros2_master_ws/install/linkattacher_msgs/share/linkattacher_msgs/package.ps1'
[0.993s] [34mcolcon.colcon_core.shell[0m [1;30mINFO[0m Creating package descriptor '/home/fra/ros2_master_ws/install/linkattacher_msgs/share/linkattacher_msgs/package.dsv'
[0.993s] [34mcolcon.colcon_core.shell[0m [1;30mINFO[0m Creating package script '/home/fra/ros2_master_ws/install/linkattacher_msgs/share/linkattacher_msgs/package.sh'
[0.993s] [34mcolcon.colcon_core.shell[0m [1;30mINFO[0m Creating package script '/home/fra/ros2_master_ws/install/linkattacher_msgs/share/linkattacher_msgs/package.bash'
[0.994s] [34mcolcon.colcon_core.shell[0m [1;30mINFO[0m Creating package script '/home/fra/ros2_master_ws/install/linkattacher_msgs/share/linkattacher_msgs/package.zsh'
[0.994s] [34mcolcon.colcon_core.environment[0m [1;30mLevel 1[0m create_file_with_runtime_dependencies(/home/fra/ros2_master_ws/install/linkattacher_msgs/share/colcon-core/packages/linkattacher_msgs)
[0.995s] [34mcolcon.colcon_core.environment[0m [1;30mLevel 1[0m create_environment_scripts_only(linkattacher_msgs)
[0.995s] [34mcolcon.colcon_core.environment[0m [1;30mLevel 1[0m checking '/home/fra/ros2_master_ws/install/linkattacher_msgs' for CMake module files
[0.996s] [34mcolcon.colcon_core.environment[0m [1;30mLevel 1[0m checking '/home/fra/ros2_master_ws/install/linkattacher_msgs' for CMake config files
[0.996s] [34mcolcon.colcon_core.shell[0m [1;30mLevel 1[0m create_environment_hook('linkattacher_msgs', 'cmake_prefix_path')
[0.996s] [34mcolcon.colcon_core.shell[0m [1;30mINFO[0m Creating environment hook '/home/fra/ros2_master_ws/install/linkattacher_msgs/share/linkattacher_msgs/hook/cmake_prefix_path.ps1'
[0.997s] [34mcolcon.colcon_core.shell[0m [1;30mINFO[0m Creating environment descriptor '/home/fra/ros2_master_ws/install/linkattacher_msgs/share/linkattacher_msgs/hook/cmake_prefix_path.dsv'
[0.997s] [34mcolcon.colcon_core.shell[0m [1;30mINFO[0m Creating environment hook '/home/fra/ros2_master_ws/install/linkattacher_msgs/share/linkattacher_msgs/hook/cmake_prefix_path.sh'
[0.998s] [34mcolcon.colcon_core.environment[0m [1;30mLevel 1[0m checking '/home/fra/ros2_master_ws/install/linkattacher_msgs/lib'
[0.998s] [34mcolcon.colcon_core.shell[0m [1;30mLevel 1[0m create_environment_hook('linkattacher_msgs', 'ld_library_path_lib')
[0.998s] [34mcolcon.colcon_core.shell[0m [1;30mINFO[0m Creating environment hook '/home/fra/ros2_master_ws/install/linkattacher_msgs/share/linkattacher_msgs/hook/ld_library_path_lib.ps1'
[0.999s] [34mcolcon.colcon_core.shell[0m [1;30mINFO[0m Creating environment descriptor '/home/fra/ros2_master_ws/install/linkattacher_msgs/share/linkattacher_msgs/hook/ld_library_path_lib.dsv'
[0.999s] [34mcolcon.colcon_core.shell[0m [1;30mINFO[0m Creating environment hook '/home/fra/ros2_master_ws/install/linkattacher_msgs/share/linkattacher_msgs/hook/ld_library_path_lib.sh'
[1.000s] [34mcolcon.colcon_core.environment[0m [1;30mLevel 1[0m checking '/home/fra/ros2_master_ws/install/linkattacher_msgs/bin'
[1.000s] [34mcolcon.colcon_core.environment[0m [1;30mLevel 1[0m checking '/home/fra/ros2_master_ws/install/linkattacher_msgs/lib/pkgconfig/linkattacher_msgs.pc'
[1.000s] [34mcolcon.colcon_core.environment[0m [1;30mLevel 1[0m checking '/home/fra/ros2_master_ws/install/linkattacher_msgs/lib/python3.10/site-packages'
[1.000s] [34mcolcon.colcon_core.environment[0m [1;30mLevel 1[0m checking '/home/fra/ros2_master_ws/install/linkattacher_msgs/bin'
[1.000s] [34mcolcon.colcon_core.shell[0m [1;30mINFO[0m Creating package script '/home/fra/ros2_master_ws/install/linkattacher_msgs/share/linkattacher_msgs/package.ps1'
[1.001s] [34mcolcon.colcon_core.shell[0m [1;30mINFO[0m Creating package descriptor '/home/fra/ros2_master_ws/install/linkattacher_msgs/share/linkattacher_msgs/package.dsv'
[1.002s] [34mcolcon.colcon_core.shell[0m [1;30mINFO[0m Creating package script '/home/fra/ros2_master_ws/install/linkattacher_msgs/share/linkattacher_msgs/package.sh'
[1.002s] [34mcolcon.colcon_core.shell[0m [1;30mINFO[0m Creating package script '/home/fra/ros2_master_ws/install/linkattacher_msgs/share/linkattacher_msgs/package.bash'
[1.003s] [34mcolcon.colcon_core.shell[0m [1;30mINFO[0m Creating package script '/home/fra/ros2_master_ws/install/linkattacher_msgs/share/linkattacher_msgs/package.zsh'
[1.003s] [34mcolcon.colcon_core.environment[0m [1;30mLevel 1[0m create_file_with_runtime_dependencies(/home/fra/ros2_master_ws/install/linkattacher_msgs/share/colcon-core/packages/linkattacher_msgs)
[1.004s] [34mcolcon.colcon_ros.task.ament_cmake.build[0m [1;30mINFO[0m Building ROS package in '/home/fra/ros2_master_ws/src/IFRA_LinkAttacher/ros2_LinkAttacher' with build type 'ament_cmake'
[1.004s] [34mcolcon.colcon_cmake.task.cmake.build[0m [1;30mINFO[0m Building CMake package in '/home/fra/ros2_master_ws/src/IFRA_LinkAttacher/ros2_LinkAttacher'
[1.004s] [34mcolcon.colcon_core.shell[0m [1;30mINFO[0m Skip shell extension 'powershell' for command environment: Not usable outside of PowerShell
[1.004s] [34mcolcon.colcon_core.shell[0m [1;30mDEBUG[0m [32mSkip shell extension 'dsv' for command environment[0m
[1.016s] [34mcolcon.colcon_core.event_handler.log_command[0m [1;30mDEBUG[0m [32mInvoking command in '/home/fra/ros2_master_ws/build/ros2_linkattacher': CMAKE_PREFIX_PATH=/home/fra/ros2_master_ws/install/linkattacher_msgs:/home/fra/ros2_master_ws/install/custom_robot_ik:/home/fra/ros2_master_ws/install/ros2_linkattacher:/home/fra/ros2_master_ws/install/ind_environment:/home/fra/ros2_master_ws/install/custom_robot_moveit_config:/home/fra/ros2_master_ws/install/cobot_gazebo:/home/fra/ros2_master_ws/install/cobot_description:/opt/ros/humble LD_LIBRARY_PATH=/home/fra/ros2_master_ws/install/linkattacher_msgs/lib:/home/fra/ros2_master_ws/install/ros2_linkattacher/lib:/usr/lib/x86_64-linux-gnu/gazebo-11/plugins:/opt/ros/humble/opt/rviz_ogre_vendor/lib:/opt/ros/humble/lib/x86_64-linux-gnu:/opt/ros/humble/lib /usr/bin/cmake --build /home/fra/ros2_master_ws/build/ros2_linkattacher -- -j12 -l12[0m
[1.095s] [34mcolcon.colcon_core.event_handler.log_command[0m [1;30mDEBUG[0m [32mInvoked command in '/home/fra/ros2_master_ws/build/ros2_linkattacher' returned '0': CMAKE_PREFIX_PATH=/home/fra/ros2_master_ws/install/linkattacher_msgs:/home/fra/ros2_master_ws/install/custom_robot_ik:/home/fra/ros2_master_ws/install/ros2_linkattacher:/home/fra/ros2_master_ws/install/ind_environment:/home/fra/ros2_master_ws/install/custom_robot_moveit_config:/home/fra/ros2_master_ws/install/cobot_gazebo:/home/fra/ros2_master_ws/install/cobot_description:/opt/ros/humble LD_LIBRARY_PATH=/home/fra/ros2_master_ws/install/linkattacher_msgs/lib:/home/fra/ros2_master_ws/install/ros2_linkattacher/lib:/usr/lib/x86_64-linux-gnu/gazebo-11/plugins:/opt/ros/humble/opt/rviz_ogre_vendor/lib:/opt/ros/humble/lib/x86_64-linux-gnu:/opt/ros/humble/lib /usr/bin/cmake --build /home/fra/ros2_master_ws/build/ros2_linkattacher -- -j12 -l12[0m
[1.096s] [34mcolcon.colcon_core.event_handler.log_command[0m [1;30mDEBUG[0m [32mInvoking command in '/home/fra/ros2_master_ws/build/ros2_linkattacher': CMAKE_PREFIX_PATH=/home/fra/ros2_master_ws/install/linkattacher_msgs:/home/fra/ros2_master_ws/install/custom_robot_ik:/home/fra/ros2_master_ws/install/ros2_linkattacher:/home/fra/ros2_master_ws/install/ind_environment:/home/fra/ros2_master_ws/install/custom_robot_moveit_config:/home/fra/ros2_master_ws/install/cobot_gazebo:/home/fra/ros2_master_ws/install/cobot_description:/opt/ros/humble LD_LIBRARY_PATH=/home/fra/ros2_master_ws/install/linkattacher_msgs/lib:/home/fra/ros2_master_ws/install/ros2_linkattacher/lib:/usr/lib/x86_64-linux-gnu/gazebo-11/plugins:/opt/ros/humble/opt/rviz_ogre_vendor/lib:/opt/ros/humble/lib/x86_64-linux-gnu:/opt/ros/humble/lib /usr/bin/cmake --install /home/fra/ros2_master_ws/build/ros2_linkattacher[0m
[1.107s] [34mcolcon.colcon_core.environment[0m [1;30mLevel 1[0m create_environment_scripts_only(ros2_linkattacher)
[1.107s] [34mcolcon.colcon_core.environment[0m [1;30mLevel 1[0m checking '/home/fra/ros2_master_ws/install/ros2_linkattacher' for CMake module files
[1.108s] [34mcolcon.colcon_core.event_handler.log_command[0m [1;30mDEBUG[0m [32mInvoked command in '/home/fra/ros2_master_ws/build/ros2_linkattacher' returned '0': CMAKE_PREFIX_PATH=/home/fra/ros2_master_ws/install/linkattacher_msgs:/home/fra/ros2_master_ws/install/custom_robot_ik:/home/fra/ros2_master_ws/install/ros2_linkattacher:/home/fra/ros2_master_ws/install/ind_environment:/home/fra/ros2_master_ws/install/custom_robot_moveit_config:/home/fra/ros2_master_ws/install/cobot_gazebo:/home/fra/ros2_master_ws/install/cobot_description:/opt/ros/humble LD_LIBRARY_PATH=/home/fra/ros2_master_ws/install/linkattacher_msgs/lib:/home/fra/ros2_master_ws/install/ros2_linkattacher/lib:/usr/lib/x86_64-linux-gnu/gazebo-11/plugins:/opt/ros/humble/opt/rviz_ogre_vendor/lib:/opt/ros/humble/lib/x86_64-linux-gnu:/opt/ros/humble/lib /usr/bin/cmake --install /home/fra/ros2_master_ws/build/ros2_linkattacher[0m
[1.108s] [34mcolcon.colcon_core.environment[0m [1;30mLevel 1[0m checking '/home/fra/ros2_master_ws/install/ros2_linkattacher' for CMake config files
[1.109s] [34mcolcon.colcon_core.shell[0m [1;30mLevel 1[0m create_environment_hook('ros2_linkattacher', 'cmake_prefix_path')
[1.109s] [34mcolcon.colcon_core.shell[0m [1;30mINFO[0m Creating environment hook '/home/fra/ros2_master_ws/install/ros2_linkattacher/share/ros2_linkattacher/hook/cmake_prefix_path.ps1'
[1.110s] [34mcolcon.colcon_core.shell[0m [1;30mINFO[0m Creating environment descriptor '/home/fra/ros2_master_ws/install/ros2_linkattacher/share/ros2_linkattacher/hook/cmake_prefix_path.dsv'
[1.110s] [34mcolcon.colcon_core.shell[0m [1;30mINFO[0m Creating environment hook '/home/fra/ros2_master_ws/install/ros2_linkattacher/share/ros2_linkattacher/hook/cmake_prefix_path.sh'
[1.111s] [34mcolcon.colcon_core.environment[0m [1;30mLevel 1[0m checking '/home/fra/ros2_master_ws/install/ros2_linkattacher/lib'
[1.111s] [34mcolcon.colcon_core.shell[0m [1;30mLevel 1[0m create_environment_hook('ros2_linkattacher', 'ld_library_path_lib')
[1.111s] [34mcolcon.colcon_core.shell[0m [1;30mINFO[0m Creating environment hook '/home/fra/ros2_master_ws/install/ros2_linkattacher/share/ros2_linkattacher/hook/ld_library_path_lib.ps1'
[1.112s] [34mcolcon.colcon_core.shell[0m [1;30mINFO[0m Creating environment descriptor '/home/fra/ros2_master_ws/install/ros2_linkattacher/share/ros2_linkattacher/hook/ld_library_path_lib.dsv'
[1.112s] [34mcolcon.colcon_core.shell[0m [1;30mINFO[0m Creating environment hook '/home/fra/ros2_master_ws/install/ros2_linkattacher/share/ros2_linkattacher/hook/ld_library_path_lib.sh'
[1.112s] [34mcolcon.colcon_core.environment[0m [1;30mLevel 1[0m checking '/home/fra/ros2_master_ws/install/ros2_linkattacher/bin'
[1.113s] [34mcolcon.colcon_core.environment[0m [1;30mLevel 1[0m checking '/home/fra/ros2_master_ws/install/ros2_linkattacher/lib/pkgconfig/ros2_linkattacher.pc'
[1.113s] [34mcolcon.colcon_core.environment[0m [1;30mLevel 1[0m checking '/home/fra/ros2_master_ws/install/ros2_linkattacher/lib/python3.10/site-packages'
[1.113s] [34mcolcon.colcon_core.environment[0m [1;30mLevel 1[0m checking '/home/fra/ros2_master_ws/install/ros2_linkattacher/bin'
[1.113s] [34mcolcon.colcon_core.shell[0m [1;30mINFO[0m Creating package script '/home/fra/ros2_master_ws/install/ros2_linkattacher/share/ros2_linkattacher/package.ps1'
[1.114s] [34mcolcon.colcon_core.shell[0m [1;30mINFO[0m Creating package descriptor '/home/fra/ros2_master_ws/install/ros2_linkattacher/share/ros2_linkattacher/package.dsv'
[1.114s] [34mcolcon.colcon_core.shell[0m [1;30mINFO[0m Creating package script '/home/fra/ros2_master_ws/install/ros2_linkattacher/share/ros2_linkattacher/package.sh'
[1.115s] [34mcolcon.colcon_core.shell[0m [1;30mINFO[0m Creating package script '/home/fra/ros2_master_ws/install/ros2_linkattacher/share/ros2_linkattacher/package.bash'
[1.115s] [34mcolcon.colcon_core.shell[0m [1;30mINFO[0m Creating package script '/home/fra/ros2_master_ws/install/ros2_linkattacher/share/ros2_linkattacher/package.zsh'
[1.116s] [34mcolcon.colcon_core.environment[0m [1;30mLevel 1[0m create_file_with_runtime_dependencies(/home/fra/ros2_master_ws/install/ros2_linkattacher/share/colcon-core/packages/ros2_linkattacher)
[1.116s] [34mcolcon.colcon_core.environment[0m [1;30mLevel 1[0m create_environment_scripts_only(ros2_linkattacher)
[1.117s] [34mcolcon.colcon_core.environment[0m [1;30mLevel 1[0m checking '/home/fra/ros2_master_ws/install/ros2_linkattacher' for CMake module files
[1.117s] [34mcolcon.colcon_core.environment[0m [1;30mLevel 1[0m checking '/home/fra/ros2_master_ws/install/ros2_linkattacher' for CMake config files
[1.117s] [34mcolcon.colcon_core.shell[0m [1;30mLevel 1[0m create_environment_hook('ros2_linkattacher', 'cmake_prefix_path')
[1.117s] [34mcolcon.colcon_core.shell[0m [1;30mINFO[0m Creating environment hook '/home/fra/ros2_master_ws/install/ros2_linkattacher/share/ros2_linkattacher/hook/cmake_prefix_path.ps1'
[1.118s] [34mcolcon.colcon_core.shell[0m [1;30mINFO[0m Creating environment descriptor '/home/fra/ros2_master_ws/install/ros2_linkattacher/share/ros2_linkattacher/hook/cmake_prefix_path.dsv'
[1.118s] [34mcolcon.colcon_core.shell[0m [1;30mINFO[0m Creating environment hook '/home/fra/ros2_master_ws/install/ros2_linkattacher/share/ros2_linkattacher/hook/cmake_prefix_path.sh'
[1.119s] [34mcolcon.colcon_core.environment[0m [1;30mLevel 1[0m checking '/home/fra/ros2_master_ws/install/ros2_linkattacher/lib'
[1.119s] [34mcolcon.colcon_core.shell[0m [1;30mLevel 1[0m create_environment_hook('ros2_linkattacher', 'ld_library_path_lib')
[1.119s] [34mcolcon.colcon_core.shell[0m [1;30mINFO[0m Creating environment hook '/home/fra/ros2_master_ws/install/ros2_linkattacher/share/ros2_linkattacher/hook/ld_library_path_lib.ps1'
[1.120s] [34mcolcon.colcon_core.shell[0m [1;30mINFO[0m Creating environment descriptor '/home/fra/ros2_master_ws/install/ros2_linkattacher/share/ros2_linkattacher/hook/ld_library_path_lib.dsv'
[1.120s] [34mcolcon.colcon_core.shell[0m [1;30mINFO[0m Creating environment hook '/home/fra/ros2_master_ws/install/ros2_linkattacher/share/ros2_linkattacher/hook/ld_library_path_lib.sh'
[1.121s] [34mcolcon.colcon_core.environment[0m [1;30mLevel 1[0m checking '/home/fra/ros2_master_ws/install/ros2_linkattacher/bin'
[1.121s] [34mcolcon.colcon_core.environment[0m [1;30mLevel 1[0m checking '/home/fra/ros2_master_ws/install/ros2_linkattacher/lib/pkgconfig/ros2_linkattacher.pc'
[1.121s] [34mcolcon.colcon_core.environment[0m [1;30mLevel 1[0m checking '/home/fra/ros2_master_ws/install/ros2_linkattacher/lib/python3.10/site-packages'
[1.121s] [34mcolcon.colcon_core.environment[0m [1;30mLevel 1[0m checking '/home/fra/ros2_master_ws/install/ros2_linkattacher/bin'
[1.122s] [34mcolcon.colcon_core.shell[0m [1;30mINFO[0m Creating package script '/home/fra/ros2_master_ws/install/ros2_linkattacher/share/ros2_linkattacher/package.ps1'
[1.122s] [34mcolcon.colcon_core.shell[0m [1;30mINFO[0m Creating package descriptor '/home/fra/ros2_master_ws/install/ros2_linkattacher/share/ros2_linkattacher/package.dsv'
[1.123s] [34mcolcon.colcon_core.shell[0m [1;30mINFO[0m Creating package script '/home/fra/ros2_master_ws/install/ros2_linkattacher/share/ros2_linkattacher/package.sh'
[1.123s] [34mcolcon.colcon_core.shell[0m [1;30mINFO[0m Creating package script '/home/fra/ros2_master_ws/install/ros2_linkattacher/share/ros2_linkattacher/package.bash'
[1.123s] [34mcolcon.colcon_core.shell[0m [1;30mINFO[0m Creating package script '/home/fra/ros2_master_ws/install/ros2_linkattacher/share/ros2_linkattacher/package.zsh'
[1.124s] [34mcolcon.colcon_core.environment[0m [1;30mLevel 1[0m create_file_with_runtime_dependencies(/home/fra/ros2_master_ws/install/ros2_linkattacher/share/colcon-core/packages/ros2_linkattacher)
[1.124s] [34mcolcon.colcon_ros.task.ament_cmake.build[0m [1;30mINFO[0m Building ROS package in '/home/fra/ros2_master_ws/src/custom_robot_ik' with build type 'ament_cmake'
[1.124s] [34mcolcon.colcon_cmake.task.cmake.build[0m [1;30mINFO[0m Building CMake package in '/home/fra/ros2_master_ws/src/custom_robot_ik'
[1.125s] [34mcolcon.colcon_core.shell[0m [1;30mINFO[0m Skip shell extension 'powershell' for command environment: Not usable outside of PowerShell
[1.125s] [34mcolcon.colcon_core.shell[0m [1;30mDEBUG[0m [32mSkip shell extension 'dsv' for command environment[0m
[1.138s] [34mcolcon.colcon_core.event_handler.log_command[0m [1;30mDEBUG[0m [32mInvoking command in '/home/fra/ros2_master_ws/build/custom_robot_ik': CMAKE_PREFIX_PATH=/home/fra/ros2_master_ws/install/ros2_linkattacher:/home/fra/ros2_master_ws/install/linkattacher_msgs:/home/fra/ros2_master_ws/install/custom_robot_ik:/home/fra/ros2_master_ws/install/ind_environment:/home/fra/ros2_master_ws/install/custom_robot_moveit_config:/home/fra/ros2_master_ws/install/cobot_gazebo:/home/fra/ros2_master_ws/install/cobot_description:/opt/ros/humble /usr/bin/cmake --build /home/fra/ros2_master_ws/build/custom_robot_ik -- -j12 -l12[0m
[1.223s] [34mcolcon.colcon_core.event_handler.log_command[0m [1;30mDEBUG[0m [32mInvoked command in '/home/fra/ros2_master_ws/build/custom_robot_ik' returned '0': CMAKE_PREFIX_PATH=/home/fra/ros2_master_ws/install/ros2_linkattacher:/home/fra/ros2_master_ws/install/linkattacher_msgs:/home/fra/ros2_master_ws/install/custom_robot_ik:/home/fra/ros2_master_ws/install/ind_environment:/home/fra/ros2_master_ws/install/custom_robot_moveit_config:/home/fra/ros2_master_ws/install/cobot_gazebo:/home/fra/ros2_master_ws/install/cobot_description:/opt/ros/humble /usr/bin/cmake --build /home/fra/ros2_master_ws/build/custom_robot_ik -- -j12 -l12[0m
[1.225s] [34mcolcon.colcon_core.event_handler.log_command[0m [1;30mDEBUG[0m [32mInvoking command in '/home/fra/ros2_master_ws/build/custom_robot_ik': CMAKE_PREFIX_PATH=/home/fra/ros2_master_ws/install/ros2_linkattacher:/home/fra/ros2_master_ws/install/linkattacher_msgs:/home/fra/ros2_master_ws/install/custom_robot_ik:/home/fra/ros2_master_ws/install/ind_environment:/home/fra/ros2_master_ws/install/custom_robot_moveit_config:/home/fra/ros2_master_ws/install/cobot_gazebo:/home/fra/ros2_master_ws/install/cobot_description:/opt/ros/humble /usr/bin/cmake --install /home/fra/ros2_master_ws/build/custom_robot_ik[0m
[1.246s] [34mcolcon.colcon_core.environment[0m [1;30mLevel 1[0m create_environment_scripts_only(custom_robot_ik)
[1.247s] [34mcolcon.colcon_core.environment[0m [1;30mLevel 1[0m checking '/home/fra/ros2_master_ws/install/custom_robot_ik' for CMake module files
[1.247s] [34mcolcon.colcon_core.event_handler.log_command[0m [1;30mDEBUG[0m [32mInvoked command in '/home/fra/ros2_master_ws/build/custom_robot_ik' returned '0': CMAKE_PREFIX_PATH=/home/fra/ros2_master_ws/install/ros2_linkattacher:/home/fra/ros2_master_ws/install/linkattacher_msgs:/home/fra/ros2_master_ws/install/custom_robot_ik:/home/fra/ros2_master_ws/install/ind_environment:/home/fra/ros2_master_ws/install/custom_robot_moveit_config:/home/fra/ros2_master_ws/install/cobot_gazebo:/home/fra/ros2_master_ws/install/cobot_description:/opt/ros/humble /usr/bin/cmake --install /home/fra/ros2_master_ws/build/custom_robot_ik[0m
[1.248s] [34mcolcon.colcon_core.environment[0m [1;30mLevel 1[0m checking '/home/fra/ros2_master_ws/install/custom_robot_ik' for CMake config files
[1.249s] [34mcolcon.colcon_core.shell[0m [1;30mLevel 1[0m create_environment_hook('custom_robot_ik', 'cmake_prefix_path')
[1.249s] [34mcolcon.colcon_core.shell[0m [1;30mINFO[0m Creating environment hook '/home/fra/ros2_master_ws/install/custom_robot_ik/share/custom_robot_ik/hook/cmake_prefix_path.ps1'
[1.250s] [34mcolcon.colcon_core.shell[0m [1;30mINFO[0m Creating environment descriptor '/home/fra/ros2_master_ws/install/custom_robot_ik/share/custom_robot_ik/hook/cmake_prefix_path.dsv'
[1.250s] [34mcolcon.colcon_core.shell[0m [1;30mINFO[0m Creating environment hook '/home/fra/ros2_master_ws/install/custom_robot_ik/share/custom_robot_ik/hook/cmake_prefix_path.sh'
[1.251s] [34mcolcon.colcon_core.environment[0m [1;30mLevel 1[0m checking '/home/fra/ros2_master_ws/install/custom_robot_ik/lib'
[1.251s] [34mcolcon.colcon_core.environment[0m [1;30mLevel 1[0m checking '/home/fra/ros2_master_ws/install/custom_robot_ik/bin'
[1.251s] [34mcolcon.colcon_core.environment[0m [1;30mLevel 1[0m checking '/home/fra/ros2_master_ws/install/custom_robot_ik/lib/pkgconfig/custom_robot_ik.pc'
[1.251s] [34mcolcon.colcon_core.environment[0m [1;30mLevel 1[0m checking '/home/fra/ros2_master_ws/install/custom_robot_ik/lib/python3.10/site-packages'
[1.251s] [34mcolcon.colcon_core.environment[0m [1;30mLevel 1[0m checking '/home/fra/ros2_master_ws/install/custom_robot_ik/bin'
[1.251s] [34mcolcon.colcon_core.shell[0m [1;30mINFO[0m Creating package script '/home/fra/ros2_master_ws/install/custom_robot_ik/share/custom_robot_ik/package.ps1'
[1.252s] [34mcolcon.colcon_core.shell[0m [1;30mINFO[0m Creating package descriptor '/home/fra/ros2_master_ws/install/custom_robot_ik/share/custom_robot_ik/package.dsv'
[1.252s] [34mcolcon.colcon_core.shell[0m [1;30mINFO[0m Creating package script '/home/fra/ros2_master_ws/install/custom_robot_ik/share/custom_robot_ik/package.sh'
[1.253s] [34mcolcon.colcon_core.shell[0m [1;30mINFO[0m Creating package script '/home/fra/ros2_master_ws/install/custom_robot_ik/share/custom_robot_ik/package.bash'
[1.253s] [34mcolcon.colcon_core.shell[0m [1;30mINFO[0m Creating package script '/home/fra/ros2_master_ws/install/custom_robot_ik/share/custom_robot_ik/package.zsh'
[1.254s] [34mcolcon.colcon_core.environment[0m [1;30mLevel 1[0m create_file_with_runtime_dependencies(/home/fra/ros2_master_ws/install/custom_robot_ik/share/colcon-core/packages/custom_robot_ik)
[1.254s] [34mcolcon.colcon_core.environment[0m [1;30mLevel 1[0m create_environment_scripts_only(custom_robot_ik)
[1.254s] [34mcolcon.colcon_core.environment[0m [1;30mLevel 1[0m checking '/home/fra/ros2_master_ws/install/custom_robot_ik' for CMake module files
[1.255s] [34mcolcon.colcon_core.environment[0m [1;30mLevel 1[0m checking '/home/fra/ros2_master_ws/install/custom_robot_ik' for CMake config files
[1.255s] [34mcolcon.colcon_core.shell[0m [1;30mLevel 1[0m create_environment_hook('custom_robot_ik', 'cmake_prefix_path')
[1.255s] [34mcolcon.colcon_core.shell[0m [1;30mINFO[0m Creating environment hook '/home/fra/ros2_master_ws/install/custom_robot_ik/share/custom_robot_ik/hook/cmake_prefix_path.ps1'
[1.256s] [34mcolcon.colcon_core.shell[0m [1;30mINFO[0m Creating environment descriptor '/home/fra/ros2_master_ws/install/custom_robot_ik/share/custom_robot_ik/hook/cmake_prefix_path.dsv'
[1.256s] [34mcolcon.colcon_core.shell[0m [1;30mINFO[0m Creating environment hook '/home/fra/ros2_master_ws/install/custom_robot_ik/share/custom_robot_ik/hook/cmake_prefix_path.sh'
[1.257s] [34mcolcon.colcon_core.environment[0m [1;30mLevel 1[0m checking '/home/fra/ros2_master_ws/install/custom_robot_ik/lib'
[1.257s] [34mcolcon.colcon_core.environment[0m [1;30mLevel 1[0m checking '/home/fra/ros2_master_ws/install/custom_robot_ik/bin'
[1.257s] [34mcolcon.colcon_core.environment[0m [1;30mLevel 1[0m checking '/home/fra/ros2_master_ws/install/custom_robot_ik/lib/pkgconfig/custom_robot_ik.pc'
[1.257s] [34mcolcon.colcon_core.environment[0m [1;30mLevel 1[0m checking '/home/fra/ros2_master_ws/install/custom_robot_ik/lib/python3.10/site-packages'
[1.257s] [34mcolcon.colcon_core.environment[0m [1;30mLevel 1[0m checking '/home/fra/ros2_master_ws/install/custom_robot_ik/bin'
[1.258s] [34mcolcon.colcon_core.shell[0m [1;30mINFO[0m Creating package script '/home/fra/ros2_master_ws/install/custom_robot_ik/share/custom_robot_ik/package.ps1'
[1.258s] [34mcolcon.colcon_core.shell[0m [1;30mINFO[0m Creating package descriptor '/home/fra/ros2_master_ws/install/custom_robot_ik/share/custom_robot_ik/package.dsv'
[1.259s] [34mcolcon.colcon_core.shell[0m [1;30mINFO[0m Creating package script '/home/fra/ros2_master_ws/install/custom_robot_ik/share/custom_robot_ik/package.sh'
[1.259s] [34mcolcon.colcon_core.shell[0m [1;30mINFO[0m Creating package script '/home/fra/ros2_master_ws/install/custom_robot_ik/share/custom_robot_ik/package.bash'
[1.259s] [34mcolcon.colcon_core.shell[0m [1;30mINFO[0m Creating package script '/home/fra/ros2_master_ws/install/custom_robot_ik/share/custom_robot_ik/package.zsh'
[1.260s] [34mcolcon.colcon_core.environment[0m [1;30mLevel 1[0m create_file_with_runtime_dependencies(/home/fra/ros2_master_ws/install/custom_robot_ik/share/colcon-core/packages/custom_robot_ik)
[1.260s] [34mcolcon.colcon_parallel_executor.executor.parallel[0m [1;30mDEBUG[0m [32mclosing loop[0m
[1.261s] [34mcolcon.colcon_parallel_executor.executor.parallel[0m [1;30mDEBUG[0m [32mloop closed[0m
[1.261s] [34mcolcon.colcon_parallel_executor.executor.parallel[0m [1;30mDEBUG[0m [32mrun_until_complete finished with '0'[0m
[1.261s] [34mcolcon.colcon_core.event_reactor[0m [1;30mDEBUG[0m [32mjoining thread[0m
[1.267s] [34mcolcon.colcon_core.plugin_system[0m [1;30mINFO[0m Skipping extension 'colcon_notification.desktop_notification.terminal_notifier': Not used on non-Darwin systems
[1.267s] [34mcolcon.colcon_core.plugin_system[0m [1;30mINFO[0m Skipping extension 'colcon_notification.desktop_notification.win32': Not used on non-Windows systems
[1.267s] [34mcolcon.colcon_notification.desktop_notification[0m [1;30mINFO[0m Sending desktop notification using 'notify2'
[1.280s] [34mcolcon.colcon_core.event_reactor[0m [1;30mDEBUG[0m [32mjoined thread[0m
[1.281s] [34mcolcon.colcon_core.shell[0m [1;30mINFO[0m Creating prefix script '/home/fra/ros2_master_ws/install/local_setup.ps1'
[1.282s] [34mcolcon.colcon_core.shell[0m [1;30mINFO[0m Creating prefix util module '/home/fra/ros2_master_ws/install/_local_setup_util_ps1.py'
[1.283s] [34mcolcon.colcon_core.shell[0m [1;30mINFO[0m Creating prefix chain script '/home/fra/ros2_master_ws/install/setup.ps1'
[1.285s] [34mcolcon.colcon_core.shell[0m [1;30mINFO[0m Creating prefix script '/home/fra/ros2_master_ws/install/local_setup.sh'
[1.285s] [34mcolcon.colcon_core.shell[0m [1;30mINFO[0m Creating prefix util module '/home/fra/ros2_master_ws/install/_local_setup_util_sh.py'
[1.286s] [34mcolcon.colcon_core.shell[0m [1;30mINFO[0m Creating prefix chain script '/home/fra/ros2_master_ws/install/setup.sh'
[1.288s] [34mcolcon.colcon_core.shell[0m [1;30mINFO[0m Creating prefix script '/home/fra/ros2_master_ws/install/local_setup.bash'
[1.288s] [34mcolcon.colcon_core.shell[0m [1;30mINFO[0m Creating prefix chain script '/home/fra/ros2_master_ws/install/setup.bash'
[1.290s] [34mcolcon.colcon_core.shell[0m [1;30mINFO[0m Creating prefix script '/home/fra/ros2_master_ws/install/local_setup.zsh'
[1.290s] [34mcolcon.colcon_core.shell[0m [1;30mINFO[0m Creating prefix chain script '/home/fra/ros2_master_ws/install/setup.zsh'
