[0.013s] Invoking command in '/home/fra/ros2_master_ws/build/cobot_gazebo': CMAKE_PREFIX_PATH=${CMAKE_PREFIX_PATH}:/opt/ros/humble /usr/bin/cmake --build /home/fra/ros2_master_ws/build/cobot_gazebo -- -j12 -l12
[0.055s] [ 50%] [32mBuilding CXX object CMakeFiles/joint_publisher.dir/src/joint_publisher.cpp.o[0m
[4.403s] [100%] [32m[1mLinking CXX executable joint_publisher[0m
[4.603s] [100%] Built target joint_publisher
[4.613s] Invoked command in '/home/fra/ros2_master_ws/build/cobot_gazebo' returned '0': CMAKE_PREFIX_PATH=${CMAKE_PREFIX_PATH}:/opt/ros/humble /usr/bin/cmake --build /home/fra/ros2_master_ws/build/cobot_gazebo -- -j12 -l12
[4.615s] Invoking command in '/home/fra/ros2_master_ws/build/cobot_gazebo': CMAKE_PREFIX_PATH=${CMAKE_PREFIX_PATH}:/opt/ros/humble /usr/bin/cmake --install /home/fra/ros2_master_ws/build/cobot_gazebo
[4.622s] -- Install configuration: ""
[4.622s] -- Installing: /home/fra/ros2_master_ws/install/cobot_gazebo/lib/cobot_gazebo/joint_publisher
[4.623s] -- Set runtime path of "/home/fra/ros2_master_ws/install/cobot_gazebo/lib/cobot_gazebo/joint_publisher" to ""
[4.623s] -- Up-to-date: /home/fra/ros2_master_ws/install/cobot_gazebo/share/cobot_gazebo/launch
[4.623s] -- Up-to-date: /home/fra/ros2_master_ws/install/cobot_gazebo/share/cobot_gazebo/launch/spawn_robot_gripper_controllers.launch.py
[4.623s] -- Up-to-date: /home/fra/ros2_master_ws/install/cobot_gazebo/share/cobot_gazebo/launch/spawn_robot_traj_controllers.launch.py
[4.623s] -- Up-to-date: /home/fra/ros2_master_ws/install/cobot_gazebo/share/cobot_gazebo/launch/spawn_robot_controllers.launch.py
[4.623s] -- Up-to-date: /home/fra/ros2_master_ws/install/cobot_gazebo/share/cobot_gazebo/launch/spawn_robot_camera.launch.py
[4.624s] -- Up-to-date: /home/fra/ros2_master_ws/install/cobot_gazebo/share/cobot_gazebo/config
[4.624s] -- Up-to-date: /home/fra/ros2_master_ws/install/cobot_gazebo/share/cobot_gazebo/config/controllers.yaml
[4.624s] -- Up-to-date: /home/fra/ros2_master_ws/install/cobot_gazebo/share/cobot_gazebo/config/controllers_gripper.yaml
[4.624s] -- Up-to-date: /home/fra/ros2_master_ws/install/cobot_gazebo/share/cobot_gazebo/config/controllers_trajectory.yaml
[4.624s] -- Up-to-date: /home/fra/ros2_master_ws/install/cobot_gazebo/share/ament_index/resource_index/package_run_dependencies/cobot_gazebo
[4.624s] -- Up-to-date: /home/fra/ros2_master_ws/install/cobot_gazebo/share/ament_index/resource_index/parent_prefix_path/cobot_gazebo
[4.624s] -- Up-to-date: /home/fra/ros2_master_ws/install/cobot_gazebo/share/cobot_gazebo/environment/ament_prefix_path.sh
[4.624s] -- Up-to-date: /home/fra/ros2_master_ws/install/cobot_gazebo/share/cobot_gazebo/environment/ament_prefix_path.dsv
[4.624s] -- Up-to-date: /home/fra/ros2_master_ws/install/cobot_gazebo/share/cobot_gazebo/environment/path.sh
[4.624s] -- Up-to-date: /home/fra/ros2_master_ws/install/cobot_gazebo/share/cobot_gazebo/environment/path.dsv
[4.624s] -- Up-to-date: /home/fra/ros2_master_ws/install/cobot_gazebo/share/cobot_gazebo/local_setup.bash
[4.625s] -- Up-to-date: /home/fra/ros2_master_ws/install/cobot_gazebo/share/cobot_gazebo/local_setup.sh
[4.625s] -- Up-to-date: /home/fra/ros2_master_ws/install/cobot_gazebo/share/cobot_gazebo/local_setup.zsh
[4.625s] -- Up-to-date: /home/fra/ros2_master_ws/install/cobot_gazebo/share/cobot_gazebo/local_setup.dsv
[4.625s] -- Installing: /home/fra/ros2_master_ws/install/cobot_gazebo/share/cobot_gazebo/package.dsv
[4.625s] -- Up-to-date: /home/fra/ros2_master_ws/install/cobot_gazebo/share/ament_index/resource_index/packages/cobot_gazebo
[4.625s] -- Up-to-date: /home/fra/ros2_master_ws/install/cobot_gazebo/share/cobot_gazebo/cmake/cobot_gazeboConfig.cmake
[4.625s] -- Up-to-date: /home/fra/ros2_master_ws/install/cobot_gazebo/share/cobot_gazebo/cmake/cobot_gazeboConfig-version.cmake
[4.625s] -- Up-to-date: /home/fra/ros2_master_ws/install/cobot_gazebo/share/cobot_gazebo/package.xml
[4.626s] Invoked command in '/home/fra/ros2_master_ws/build/cobot_gazebo' returned '0': CMAKE_PREFIX_PATH=${CMAKE_PREFIX_PATH}:/opt/ros/humble /usr/bin/cmake --install /home/fra/ros2_master_ws/build/cobot_gazebo
