[0.007s] Invoking command in '/home/fra/ros2_master_ws/build/custom_robot_moveit_config': CMAKE_PREFIX_PATH=/home/fra/ros2_master_ws/install/cobot_description:/home/fra/ros2_master_ws/install/ind_environment:/home/fra/ros2_master_ws/install/custom_robot_moveit_config:/home/fra/ros2_master_ws/install/custom_robot_ik:/home/fra/ros2_master_ws/install/cobot_gazebo:/opt/ros/humble /usr/bin/cmake /home/fra/ros2_master_ws/src/custom_robot_moveit_config -DAMENT_CMAKE_SYMLINK_INSTALL=1 -DCMAKE_INSTALL_PREFIX=/home/fra/ros2_master_ws/install/custom_robot_moveit_config
[0.050s] -- The C compiler identification is GNU 11.4.0
[0.095s] -- The CXX compiler identification is GNU 11.4.0
[0.101s] -- Detecting C compiler ABI info
[0.155s] -- Detecting C compiler ABI info - done
[0.162s] -- Check for working C compiler: /usr/bin/cc - skipped
[0.162s] -- Detecting C compile features
[0.162s] -- Detecting C compile features - done
[0.165s] -- Detecting CXX compiler ABI info
[0.228s] -- Detecting CXX compiler ABI info - done
[0.235s] -- Check for working CXX compiler: /usr/bin/c++ - skipped
[0.235s] -- Detecting CXX compile features
[0.235s] -- Detecting CXX compile features - done
[0.238s] -- Found ament_cmake: 1.3.11 (/opt/ros/humble/share/ament_cmake/cmake)
[0.562s] -- Found Python3: /usr/bin/python3 (found version "3.10.12") found components: Interpreter 
[0.619s] -- Override CMake install command with custom implementation using symlinks instead of copying resources
[0.722s] -- Configuring done
[0.724s] -- Generating done
[0.725s] -- Build files have been written to: /home/fra/ros2_master_ws/build/custom_robot_moveit_config
[0.728s] Invoked command in '/home/fra/ros2_master_ws/build/custom_robot_moveit_config' returned '0': CMAKE_PREFIX_PATH=/home/fra/ros2_master_ws/install/cobot_description:/home/fra/ros2_master_ws/install/ind_environment:/home/fra/ros2_master_ws/install/custom_robot_moveit_config:/home/fra/ros2_master_ws/install/custom_robot_ik:/home/fra/ros2_master_ws/install/cobot_gazebo:/opt/ros/humble /usr/bin/cmake /home/fra/ros2_master_ws/src/custom_robot_moveit_config -DAMENT_CMAKE_SYMLINK_INSTALL=1 -DCMAKE_INSTALL_PREFIX=/home/fra/ros2_master_ws/install/custom_robot_moveit_config
[0.730s] Invoking command in '/home/fra/ros2_master_ws/build/custom_robot_moveit_config': CMAKE_PREFIX_PATH=/home/fra/ros2_master_ws/install/cobot_description:/home/fra/ros2_master_ws/install/ind_environment:/home/fra/ros2_master_ws/install/custom_robot_moveit_config:/home/fra/ros2_master_ws/install/custom_robot_ik:/home/fra/ros2_master_ws/install/cobot_gazebo:/opt/ros/humble /usr/bin/cmake --build /home/fra/ros2_master_ws/build/custom_robot_moveit_config -- -j12 -l12
[0.759s] Invoked command in '/home/fra/ros2_master_ws/build/custom_robot_moveit_config' returned '0': CMAKE_PREFIX_PATH=/home/fra/ros2_master_ws/install/cobot_description:/home/fra/ros2_master_ws/install/ind_environment:/home/fra/ros2_master_ws/install/custom_robot_moveit_config:/home/fra/ros2_master_ws/install/custom_robot_ik:/home/fra/ros2_master_ws/install/cobot_gazebo:/opt/ros/humble /usr/bin/cmake --build /home/fra/ros2_master_ws/build/custom_robot_moveit_config -- -j12 -l12
[0.761s] Invoking command in '/home/fra/ros2_master_ws/build/custom_robot_moveit_config': CMAKE_PREFIX_PATH=/home/fra/ros2_master_ws/install/cobot_description:/home/fra/ros2_master_ws/install/ind_environment:/home/fra/ros2_master_ws/install/custom_robot_moveit_config:/home/fra/ros2_master_ws/install/custom_robot_ik:/home/fra/ros2_master_ws/install/cobot_gazebo:/opt/ros/humble /usr/bin/cmake --install /home/fra/ros2_master_ws/build/custom_robot_moveit_config
[0.767s] -- Install configuration: ""
[0.767s] -- Execute custom install script
[0.767s] -- Symlinking: /home/fra/ros2_master_ws/install/custom_robot_moveit_config/share/ament_index/resource_index/package_run_dependencies/custom_robot_moveit_config
[0.774s] -- Symlinking: /home/fra/ros2_master_ws/install/custom_robot_moveit_config/share/ament_index/resource_index/parent_prefix_path/custom_robot_moveit_config
[0.781s] -- Symlinking: /home/fra/ros2_master_ws/install/custom_robot_moveit_config/share/custom_robot_moveit_config/environment/ament_prefix_path.sh
[0.789s] -- Symlinking: /home/fra/ros2_master_ws/install/custom_robot_moveit_config/share/custom_robot_moveit_config/environment/ament_prefix_path.dsv
[0.796s] -- Symlinking: /home/fra/ros2_master_ws/install/custom_robot_moveit_config/share/custom_robot_moveit_config/environment/path.sh
[0.803s] -- Symlinking: /home/fra/ros2_master_ws/install/custom_robot_moveit_config/share/custom_robot_moveit_config/environment/path.dsv
[0.809s] -- Symlinking: /home/fra/ros2_master_ws/install/custom_robot_moveit_config/share/custom_robot_moveit_config/local_setup.bash
[0.816s] -- Symlinking: /home/fra/ros2_master_ws/install/custom_robot_moveit_config/share/custom_robot_moveit_config/local_setup.sh
[0.823s] -- Symlinking: /home/fra/ros2_master_ws/install/custom_robot_moveit_config/share/custom_robot_moveit_config/local_setup.zsh
[0.830s] -- Symlinking: /home/fra/ros2_master_ws/install/custom_robot_moveit_config/share/custom_robot_moveit_config/local_setup.dsv
[0.839s] -- Symlinking: /home/fra/ros2_master_ws/install/custom_robot_moveit_config/share/custom_robot_moveit_config/package.dsv
[0.846s] -- Symlinking: /home/fra/ros2_master_ws/install/custom_robot_moveit_config/share/ament_index/resource_index/packages/custom_robot_moveit_config
[0.853s] -- Symlinking: /home/fra/ros2_master_ws/install/custom_robot_moveit_config/share/custom_robot_moveit_config/cmake/custom_robot_moveit_configConfig.cmake
[0.860s] -- Symlinking: /home/fra/ros2_master_ws/install/custom_robot_moveit_config/share/custom_robot_moveit_config/cmake/custom_robot_moveit_configConfig-version.cmake
[0.867s] -- Symlinking: /home/fra/ros2_master_ws/install/custom_robot_moveit_config/share/custom_robot_moveit_config/package.xml
[0.874s] -- Symlinking: /home/fra/ros2_master_ws/install/custom_robot_moveit_config/share/custom_robot_moveit_config/launch/demo.launch.py
[0.881s] -- Symlinking: /home/fra/ros2_master_ws/install/custom_robot_moveit_config/share/custom_robot_moveit_config/launch/demo_with_controllers.launch.py
[0.888s] -- Symlinking: /home/fra/ros2_master_ws/install/custom_robot_moveit_config/share/custom_robot_moveit_config/launch/move_group.launch.py
[0.895s] -- Symlinking: /home/fra/ros2_master_ws/install/custom_robot_moveit_config/share/custom_robot_moveit_config/launch/moveit_rviz.launch.py
[0.902s] -- Symlinking: /home/fra/ros2_master_ws/install/custom_robot_moveit_config/share/custom_robot_moveit_config/launch/rsp.launch.py
[0.909s] -- Symlinking: /home/fra/ros2_master_ws/install/custom_robot_moveit_config/share/custom_robot_moveit_config/launch/setup_assistant.launch.py
[0.916s] -- Symlinking: /home/fra/ros2_master_ws/install/custom_robot_moveit_config/share/custom_robot_moveit_config/launch/spawn_controllers.launch.py
[0.923s] -- Symlinking: /home/fra/ros2_master_ws/install/custom_robot_moveit_config/share/custom_robot_moveit_config/launch/static_virtual_joint_tfs.launch.py
[0.930s] -- Symlinking: /home/fra/ros2_master_ws/install/custom_robot_moveit_config/share/custom_robot_moveit_config/launch/warehouse_db.launch.py
[0.937s] -- Symlinking: /home/fra/ros2_master_ws/install/custom_robot_moveit_config/share/custom_robot_moveit_config/config/chomp_planning.yaml
[0.944s] -- Symlinking: /home/fra/ros2_master_ws/install/custom_robot_moveit_config/share/custom_robot_moveit_config/config/custom_robot.ros2_control.xacro
[0.951s] -- Symlinking: /home/fra/ros2_master_ws/install/custom_robot_moveit_config/share/custom_robot_moveit_config/config/custom_robot.srdf
[0.958s] -- Symlinking: /home/fra/ros2_master_ws/install/custom_robot_moveit_config/share/custom_robot_moveit_config/config/custom_robot.urdf.xacro
[0.965s] -- Symlinking: /home/fra/ros2_master_ws/install/custom_robot_moveit_config/share/custom_robot_moveit_config/config/initial_positions.yaml
[0.972s] -- Symlinking: /home/fra/ros2_master_ws/install/custom_robot_moveit_config/share/custom_robot_moveit_config/config/joint_limits.yaml
[0.978s] -- Symlinking: /home/fra/ros2_master_ws/install/custom_robot_moveit_config/share/custom_robot_moveit_config/config/kinematics.yaml
[0.985s] -- Symlinking: /home/fra/ros2_master_ws/install/custom_robot_moveit_config/share/custom_robot_moveit_config/config/lerp_planning.yaml
[0.992s] -- Symlinking: /home/fra/ros2_master_ws/install/custom_robot_moveit_config/share/custom_robot_moveit_config/config/moveit.rviz
[0.999s] -- Symlinking: /home/fra/ros2_master_ws/install/custom_robot_moveit_config/share/custom_robot_moveit_config/config/moveit_controllers.yaml
[1.006s] -- Symlinking: /home/fra/ros2_master_ws/install/custom_robot_moveit_config/share/custom_robot_moveit_config/config/ompl_planning.yaml
[1.013s] -- Symlinking: /home/fra/ros2_master_ws/install/custom_robot_moveit_config/share/custom_robot_moveit_config/config/pilz_cartesian_limits.yaml
[1.020s] -- Symlinking: /home/fra/ros2_master_ws/install/custom_robot_moveit_config/share/custom_robot_moveit_config/config/pilz_industrial_motion_planner_planning.yaml
[1.027s] -- Symlinking: /home/fra/ros2_master_ws/install/custom_robot_moveit_config/share/custom_robot_moveit_config/config/ros2_controllers.yaml
[1.034s] -- Symlinking: /home/fra/ros2_master_ws/install/custom_robot_moveit_config/share/custom_robot_moveit_config/config/trajopt_planning.yaml
[1.041s] -- Symlinking: /home/fra/ros2_master_ws/install/custom_robot_moveit_config/share/custom_robot_moveit_config/.setup_assistant
[1.050s] Invoked command in '/home/fra/ros2_master_ws/build/custom_robot_moveit_config' returned '0': CMAKE_PREFIX_PATH=/home/fra/ros2_master_ws/install/cobot_description:/home/fra/ros2_master_ws/install/ind_environment:/home/fra/ros2_master_ws/install/custom_robot_moveit_config:/home/fra/ros2_master_ws/install/custom_robot_ik:/home/fra/ros2_master_ws/install/cobot_gazebo:/opt/ros/humble /usr/bin/cmake --install /home/fra/ros2_master_ws/build/custom_robot_moveit_config
