[0.015s] Invoking command in '/home/fra/ros2_master_ws/build/custom_robot_ik': CMAKE_PREFIX_PATH=${CMAKE_PREFIX_PATH}:/opt/ros/humble /usr/bin/cmake /home/fra/ros2_master_ws/src/custom_robot_ik -DCMAKE_INSTALL_PREFIX=/home/fra/ros2_master_ws/install/custom_robot_ik
[0.038s] -- Found ament_cmake: 1.3.11 (/opt/ros/humble/share/ament_cmake/cmake)
[0.156s] -- Override CMake install command with custom implementation using symlinks instead of copying resources
[0.172s] -- Found rclcpp: 16.0.12 (/opt/ros/humble/share/rclcpp/cmake)
[0.205s] -- Found rosidl_generator_c: 3.1.6 (/opt/ros/humble/share/rosidl_generator_c/cmake)
[0.208s] -- Found rosidl_adapter: 3.1.6 (/opt/ros/humble/share/rosidl_adapter/cmake)
[0.216s] -- Found rosidl_generator_cpp: 3.1.6 (/opt/ros/humble/share/rosidl_generator_cpp/cmake)
[0.228s] -- Using all available rosidl_typesupport_c: rosidl_typesupport_fastrtps_c;rosidl_typesupport_introspection_c
[0.242s] -- Using all available rosidl_typesupport_cpp: rosidl_typesupport_fastrtps_cpp;rosidl_typesupport_introspection_cpp
[0.284s] -- Found rmw_implementation_cmake: 6.1.2 (/opt/ros/humble/share/rmw_implementation_cmake/cmake)
[0.286s] -- Found rmw_fastrtps_cpp: 6.2.7 (/opt/ros/humble/share/rmw_fastrtps_cpp/cmake)
[0.391s] -- Using RMW implementation 'rmw_fastrtps_cpp' as default
[0.452s] -- Found moveit_ros_planning_interface: 2.5.8 (/opt/ros/humble/share/moveit_ros_planning_interface/cmake)
[0.466s] -- Found Boost: /usr/lib/x86_64-linux-gnu/cmake/Boost-1.74.0/BoostConfig.cmake (found version "1.74.0") found components: date_time filesystem program_options system thread 
[0.655s] -- Found Boost: /usr/lib/x86_64-linux-gnu/cmake/Boost-1.74.0/BoostConfig.cmake (found version "1.74.0") found components: chrono date_time filesystem iostreams program_options regex serialization system thread 
[0.684s] -- Found parameter_traits: 0.4.0 (/opt/ros/humble/share/parameter_traits/cmake)
[0.694s] -- Found rclcpp_lifecycle: 16.0.12 (/opt/ros/humble/share/rclcpp_lifecycle/cmake)
[0.720s] -- Found Boost: /usr/lib/x86_64-linux-gnu/cmake/Boost-1.74.0/BoostConfig.cmake (found version "1.74.0") found components: filesystem 
[0.752s] -- library: /usr/lib/x86_64-linux-gnu/libcurl.so
[0.783s] -- Ensuring Eigen3 include directory is part of orocos-kdl CMake target
[0.906s] -- Found Boost: /usr/lib/x86_64-linux-gnu/cmake/Boost-1.74.0/BoostConfig.cmake (found version "1.74.0") found components: system filesystem date_time program_options thread chrono 
[0.936s] -- Found Boost: /usr/lib/x86_64-linux-gnu/cmake/Boost-1.74.0/BoostConfig.cmake (found version "1.74.0") found components: thread system filesystem regex date_time program_options 
[0.957s] -- Found Boost: /usr/lib/x86_64-linux-gnu/cmake/Boost-1.74.0/BoostConfig.cmake (found version "1.74.0") found components: system filesystem date_time program_options thread 
[0.987s] -- Found ament_lint_auto: 0.12.12 (/opt/ros/humble/share/ament_lint_auto/cmake)
[1.067s] -- Added test 'cppcheck' to perform static code analysis on C / C++ code
[1.067s] -- Configured cppcheck include dirs: 
[1.067s] -- Configured cppcheck exclude dirs and/or files: 
[1.068s] -- Added test 'lint_cmake' to check CMake code style
[1.069s] -- Added test 'uncrustify' to check C / C++ code style
[1.069s] -- Configured uncrustify additional arguments: 
[1.069s] -- Added test 'xmllint' to check XML markup files
[1.070s] -- Configuring done
[1.102s] -- Generating done
[1.108s] -- Build files have been written to: /home/fra/ros2_master_ws/build/custom_robot_ik
[1.117s] Invoked command in '/home/fra/ros2_master_ws/build/custom_robot_ik' returned '0': CMAKE_PREFIX_PATH=${CMAKE_PREFIX_PATH}:/opt/ros/humble /usr/bin/cmake /home/fra/ros2_master_ws/src/custom_robot_ik -DCMAKE_INSTALL_PREFIX=/home/fra/ros2_master_ws/install/custom_robot_ik
[1.119s] Invoking command in '/home/fra/ros2_master_ws/build/custom_robot_ik': CMAKE_PREFIX_PATH=${CMAKE_PREFIX_PATH}:/opt/ros/humble /usr/bin/cmake --build /home/fra/ros2_master_ws/build/custom_robot_ik -- -j12 -l12
[1.153s] [35m[1mConsolidate compiler generated dependencies of target test_ik[0m
[1.172s] [100%] Built target test_ik
[1.180s] Invoked command in '/home/fra/ros2_master_ws/build/custom_robot_ik' returned '0': CMAKE_PREFIX_PATH=${CMAKE_PREFIX_PATH}:/opt/ros/humble /usr/bin/cmake --build /home/fra/ros2_master_ws/build/custom_robot_ik -- -j12 -l12
[1.181s] Invoking command in '/home/fra/ros2_master_ws/build/custom_robot_ik': CMAKE_PREFIX_PATH=${CMAKE_PREFIX_PATH}:/opt/ros/humble /usr/bin/cmake --install /home/fra/ros2_master_ws/build/custom_robot_ik
[1.187s] -- Install configuration: ""
[1.187s] -- Execute custom install script
[1.188s] -- Up-to-date symlink: /home/fra/ros2_master_ws/install/custom_robot_ik/lib/custom_robot_ik//test_ik
[1.188s] -- Up-to-date symlink: /home/fra/ros2_master_ws/install/custom_robot_ik/share/ament_index/resource_index/package_run_dependencies/custom_robot_ik
[1.188s] -- Up-to-date symlink: /home/fra/ros2_master_ws/install/custom_robot_ik/share/ament_index/resource_index/parent_prefix_path/custom_robot_ik
[1.188s] -- Up-to-date symlink: /home/fra/ros2_master_ws/install/custom_robot_ik/share/custom_robot_ik/environment/ament_prefix_path.sh
[1.188s] -- Up-to-date symlink: /home/fra/ros2_master_ws/install/custom_robot_ik/share/custom_robot_ik/environment/ament_prefix_path.dsv
[1.188s] -- Up-to-date symlink: /home/fra/ros2_master_ws/install/custom_robot_ik/share/custom_robot_ik/environment/path.sh
[1.188s] -- Up-to-date symlink: /home/fra/ros2_master_ws/install/custom_robot_ik/share/custom_robot_ik/environment/path.dsv
[1.189s] -- Up-to-date symlink: /home/fra/ros2_master_ws/install/custom_robot_ik/share/custom_robot_ik/local_setup.bash
[1.189s] -- Up-to-date symlink: /home/fra/ros2_master_ws/install/custom_robot_ik/share/custom_robot_ik/local_setup.sh
[1.189s] -- Up-to-date symlink: /home/fra/ros2_master_ws/install/custom_robot_ik/share/custom_robot_ik/local_setup.zsh
[1.189s] -- Up-to-date symlink: /home/fra/ros2_master_ws/install/custom_robot_ik/share/custom_robot_ik/local_setup.dsv
[1.189s] -- Symlinking: /home/fra/ros2_master_ws/install/custom_robot_ik/share/custom_robot_ik/package.dsv
[1.196s] -- Up-to-date symlink: /home/fra/ros2_master_ws/install/custom_robot_ik/share/ament_index/resource_index/packages/custom_robot_ik
[1.196s] -- Up-to-date symlink: /home/fra/ros2_master_ws/install/custom_robot_ik/share/custom_robot_ik/cmake/custom_robot_ikConfig.cmake
[1.196s] -- Up-to-date symlink: /home/fra/ros2_master_ws/install/custom_robot_ik/share/custom_robot_ik/cmake/custom_robot_ikConfig-version.cmake
[1.196s] -- Up-to-date symlink: /home/fra/ros2_master_ws/install/custom_robot_ik/share/custom_robot_ik/package.xml
[1.198s] Invoked command in '/home/fra/ros2_master_ws/build/custom_robot_ik' returned '0': CMAKE_PREFIX_PATH=${CMAKE_PREFIX_PATH}:/opt/ros/humble /usr/bin/cmake --install /home/fra/ros2_master_ws/build/custom_robot_ik
